0001_0055_0034_0030_0030.jpg 1 55 34 30 30
0002_0066_0028_0025_0025.jpg 1 66 28 25 25
0003_0031_0021_0025_0025.jpg 1 31 21 25 25
0004_0010_0029_0066_0066.jpg 1 10 29 66 66
0005_0035_0052_0035_0035.jpg 1 35 52 35 35
0006_0015_0016_0048_0048.jpg 1 15 16 48 48
0007_0019_0012_0038_0038.jpg 1 19 12 38 38
0008_0008_0025_0045_0045.jpg 1 8 25 45 45
0009_0058_0013_0032_0032.jpg 1 58 13 32 32
0010_0032_0015_0061_0061.jpg 1 32 15 61 61
0011_0012_0008_0035_0035.jpg 1 12 8 35 35
0012_0035_0035_0051_0051.jpg 1 35 35 51 51
0013_0052_0012_0036_0036.jpg 1 52 12 36 36
0014_0003_0015_0068_0068.jpg 1 3 15 68 68
0015_0033_0023_0058_0058.jpg 1 33 23 58 58
0016_0008_0025_0062_0062.jpg 1 8 25 62 62
0017_0025_0024_0068_0068.jpg 1 25 24 68 68
0018_0052_0028_0038_0038.jpg 1 52 28 38 38
0019_0007_0029_0052_0052.jpg 1 7 29 52 52
0020_0013_0011_0052_0052.jpg 1 13 11 52 52
0021_0058_0042_0033_0033.jpg 1 58 42 33 33
0022_0014_0015_0058_0058.jpg 1 14 15 58 58
0023_0025_0026_0062_0062.jpg 1 25 26 62 62
0024_0010_0022_0054_0054.jpg 1 10 22 54 54
0025_0019_0030_0061_0061.jpg 1 19 30 61 61
0026_0055_0056_0031_0031.jpg 1 55 56 31 31
0027_0006_0017_0063_0063.jpg 1 6 17 63 63
0028_0016_0050_0039_0039.jpg 1 16 50 39 39
0029_0010_0029_0062_0062.jpg 1 10 29 62 62
0030_0016_0035_0057_0057.jpg 1 16 35 57 57
0031_0045_0046_0031_0031.jpg 1 45 46 31 31
0032_0043_0060_0024_0024.jpg 1 43 60 24 24
0033_0028_0020_0067_0067.jpg 1 28 20 67 67
0034_0021_0033_0042_0042.jpg 1 21 33 42 42
0035_0012_0011_0046_0046.jpg 1 12 11 46 46
0036_0014_0024_0047_0047.jpg 1 14 24 47 47
0037_0018_0010_0060_0060.jpg 1 18 10 60 60
0038_0016_0059_0030_0030.jpg 1 16 59 30 30
0039_0007_0036_0037_0037.jpg 1 7 36 37 37
0040_0042_0037_0041_0041.jpg 1 42 37 41 41
0041_0029_0040_0044_0044.jpg 1 29 40 44 44
0042_0038_0010_0045_0045.jpg 1 38 10 45 45
0043_0048_0031_0024_0024.jpg 1 48 31 24 24
0044_0027_0050_0039_0039.jpg 1 27 50 39 39
0045_0028_0017_0055_0055.jpg 1 28 17 55 55
0046_0023_0034_0054_0054.jpg 1 23 34 54 54
0047_0011_0033_0051_0051.jpg 1 11 33 51 51
0048_0035_0015_0053_0053.jpg 1 35 15 53 53
0049_0006_0052_0041_0041.jpg 1 6 52 41 41
0050_0020_0041_0035_0035.jpg 1 20 41 35 35
0051_0010_0006_0060_0060.jpg 1 10 6 60 60
0052_0045_0006_0042_0042.jpg 1 45 6 42 42
0053_0008_0006_0068_0068.jpg 1 8 6 68 68
0054_0054_0034_0039_0039.jpg 1 54 34 39 39
0055_0045_0031_0045_0045.jpg 1 45 31 45 45
0056_0044_0056_0026_0026.jpg 1 44 56 26 26
0057_0014_0009_0055_0055.jpg 1 14 9 55 55
0058_0058_0016_0024_0024.jpg 1 58 16 24 24
0059_0047_0025_0028_0028.jpg 1 47 25 28 28
0060_0014_0013_0055_0055.jpg 1 14 13 55 55
0061_0043_0038_0025_0025.jpg 1 43 38 25 25
0062_0038_0041_0053_0053.jpg 1 38 41 53 53
0063_0021_0053_0028_0028.jpg 1 21 53 28 28
0064_0046_0008_0040_0040.jpg 1 46 8 40 40
0065_0039_0024_0031_0031.jpg 1 39 24 31 31
0066_0015_0010_0042_0042.jpg 1 15 10 42 42
0067_0023_0022_0030_0030.jpg 1 23 22 30 30
0068_0013_0030_0050_0050.jpg 1 13 30 50 50
0069_0048_0039_0032_0032.jpg 1 48 39 32 32
0070_0024_0021_0044_0044.jpg 1 24 21 44 44
0071_0024_0010_0053_0053.jpg 1 24 10 53 53
0072_0040_0017_0052_0052.jpg 1 40 17 52 52
0073_0023_0033_0050_0050.jpg 1 23 33 50 50
0074_0043_0035_0046_0046.jpg 1 43 35 46 46
0075_0035_0028_0024_0024.jpg 1 35 28 24 24
0076_0005_0028_0065_0065.jpg 1 5 28 65 65
0077_0038_0032_0051_0051.jpg 1 38 32 51 51
0078_0033_0050_0025_0025.jpg 1 33 50 25 25
0079_0025_0041_0030_0030.jpg 1 25 41 30 30
0080_0011_0042_0040_0040.jpg 1 11 42 40 40
0081_0032_0031_0051_0051.jpg 1 32 31 51 51
0082_0010_0029_0060_0060.jpg 1 10 29 60 60
0083_0037_0005_0056_0056.jpg 1 37 5 56 56
0084_0031_0018_0062_0062.jpg 1 31 18 62 62
0085_0020_0016_0042_0042.jpg 1 20 16 42 42
0086_0043_0050_0028_0028.jpg 1 43 50 28 28
0087_0027_0016_0050_0050.jpg 1 27 16 50 50
0088_0022_0007_0046_0046.jpg 1 22 7 46 46
0089_0016_0028_0058_0058.jpg 1 16 28 58 58
0090_0018_0057_0032_0032.jpg 1 18 57 32 32
0091_0050_0009_0030_0030.jpg 1 50 9 30 30
0092_0045_0029_0026_0026.jpg 1 45 29 26 26
0093_0038_0036_0050_0050.jpg 1 38 36 50 50
0094_0021_0032_0056_0056.jpg 1 21 32 56 56
0095_0016_0016_0060_0060.jpg 1 16 16 60 60
0096_0035_0033_0038_0038.jpg 1 35 33 38 38
0097_0040_0028_0047_0047.jpg 1 40 28 47 47
0098_0023_0008_0068_0068.jpg 1 23 8 68 68
0099_0021_0017_0030_0030.jpg 1 21 17 30 30
0100_0046_0017_0047_0047.jpg 1 46 17 47 47
0101_0033_0014_0027_0027.jpg 1 33 14 27 27
0102_0018_0045_0040_0040.jpg 1 18 45 40 40
0103_0014_0020_0049_0049.jpg 1 14 20 49 49
0104_0014_0016_0051_0051.jpg 1 14 16 51 51
0105_0044_0056_0035_0035.jpg 1 44 56 35 35
0106_0021_0018_0061_0061.jpg 1 21 18 61 61
0107_0050_0027_0042_0042.jpg 1 50 27 42 42
0108_0017_0026_0055_0055.jpg 1 17 26 55 55
0109_0019_0010_0055_0055.jpg 1 19 10 55 55
0110_0066_0037_0024_0024.jpg 1 66 37 24 24
0111_0039_0038_0048_0048.jpg 1 39 38 48 48
0112_0039_0050_0043_0043.jpg 1 39 50 43 43
0113_0057_0056_0034_0034.jpg 1 57 56 34 34
0114_0033_0009_0063_0063.jpg 1 33 9 63 63
0115_0035_0006_0050_0050.jpg 1 35 6 50 50
0116_0008_0020_0041_0041.jpg 1 8 20 41 41
0117_0024_0059_0031_0031.jpg 1 24 59 31 31
0118_0016_0006_0065_0065.jpg 1 16 6 65 65
0119_0015_0025_0039_0039.jpg 1 15 25 39 39
0120_0015_0051_0040_0040.jpg 1 15 51 40 40
0121_0033_0028_0054_0054.jpg 1 33 28 54 54
0122_0014_0023_0052_0052.jpg 1 14 23 52 52
0123_0051_0016_0032_0032.jpg 1 51 16 32 32
0124_0006_0006_0063_0063.jpg 1 6 6 63 63
0125_0061_0047_0030_0030.jpg 1 61 47 30 30
0126_0013_0023_0060_0060.jpg 1 13 23 60 60
0127_0032_0007_0043_0043.jpg 1 32 7 43 43
0128_0032_0014_0040_0040.jpg 1 32 14 40 40
0129_0028_0019_0052_0052.jpg 1 28 19 52 52
0130_0011_0007_0069_0069.jpg 1 11 7 69 69
0131_0024_0018_0054_0054.jpg 1 24 18 54 54
0132_0012_0012_0058_0058.jpg 1 12 12 58 58
0133_0035_0053_0030_0030.jpg 1 35 53 30 30
0134_0031_0024_0061_0061.jpg 1 31 24 61 61
0135_0040_0048_0033_0033.jpg 1 40 48 33 33
0136_0020_0015_0058_0058.jpg 1 20 15 58 58
0137_0023_0040_0028_0028.jpg 1 23 40 28 28
0138_0008_0039_0039_0039.jpg 1 8 39 39 39
0139_0036_0018_0041_0041.jpg 1 36 18 41 41
0140_0013_0051_0029_0029.jpg 1 13 51 29 29
0141_0017_0035_0053_0053.jpg 1 17 35 53 53
0142_0022_0025_0045_0045.jpg 1 22 25 45 45
0143_0006_0023_0068_0068.jpg 1 6 23 68 68
0144_0030_0043_0036_0036.jpg 1 30 43 36 36
0145_0055_0059_0024_0024.jpg 1 55 59 24 24
0146_0048_0010_0040_0040.jpg 1 48 10 40 40
0147_0011_0029_0049_0049.jpg 1 11 29 49 49
0148_0009_0020_0044_0044.jpg 1 9 20 44 44
0149_0007_0013_0068_0068.jpg 1 7 13 68 68
0150_0029_0038_0056_0056.jpg 1 29 38 56 56
0151_0009_0016_0066_0066.jpg 1 9 16 66 66
0152_0050_0024_0030_0030.jpg 1 50 24 30 30
0153_0033_0061_0030_0030.jpg 1 33 61 30 30
0154_0017_0015_0033_0033.jpg 1 17 15 33 33
0155_0019_0019_0041_0041.jpg 1 19 19 41 41
0156_0018_0012_0049_0049.jpg 1 18 12 49 49
0157_0050_0022_0041_0041.jpg 1 50 22 41 41
0158_0021_0026_0064_0064.jpg 1 21 26 64 64
0159_0026_0022_0032_0032.jpg 1 26 22 32 32
0160_0016_0024_0064_0064.jpg 1 16 24 64 64
0161_0058_0052_0033_0033.jpg 1 58 52 33 33
0162_0010_0020_0044_0044.jpg 1 10 20 44 44
0163_0021_0016_0065_0065.jpg 1 21 16 65 65
0164_0029_0014_0057_0057.jpg 1 29 14 57 57
0165_0061_0051_0027_0027.jpg 1 61 51 27 27
0166_0024_0008_0056_0056.jpg 1 24 8 56 56
0167_0010_0034_0059_0059.jpg 1 10 34 59 59
0168_0020_0015_0045_0045.jpg 1 20 15 45 45
0169_0007_0022_0062_0062.jpg 1 7 22 62 62
0170_0015_0018_0069_0069.jpg 1 15 18 69 69
0171_0008_0026_0028_0028.jpg 1 8 26 28 28
0172_0005_0013_0054_0054.jpg 1 5 13 54 54
0173_0043_0048_0028_0028.jpg 1 43 48 28 28
0174_0048_0047_0041_0041.jpg 1 48 47 41 41
0175_0033_0012_0051_0051.jpg 1 33 12 51 51
0176_0006_0044_0038_0038.jpg 1 6 44 38 38
0177_0010_0022_0049_0049.jpg 1 10 22 49 49
0178_0010_0049_0034_0034.jpg 1 10 49 34 34
0179_0021_0012_0062_0062.jpg 1 21 12 62 62
0180_0038_0021_0043_0043.jpg 1 38 21 43 43
0181_0045_0031_0043_0043.jpg 1 45 31 43 43
0182_0034_0033_0044_0044.jpg 1 34 33 44 44
0183_0014_0008_0047_0047.jpg 1 14 8 47 47
0184_0052_0057_0033_0033.jpg 1 52 57 33 33
0185_0018_0027_0060_0060.jpg 1 18 27 60 60
0186_0010_0010_0065_0065.jpg 1 10 10 65 65
0187_0022_0029_0065_0065.jpg 1 22 29 65 65
0188_0009_0024_0047_0047.jpg 1 9 24 47 47
0189_0022_0022_0068_0068.jpg 1 22 22 68 68
0190_0022_0020_0063_0063.jpg 1 22 20 63 63
0191_0016_0043_0034_0034.jpg 1 16 43 34 34
0192_0009_0055_0037_0037.jpg 1 9 55 37 37
0193_0026_0004_0065_0065.jpg 1 26 4 65 65
0194_0023_0057_0033_0033.jpg 1 23 57 33 33
0195_0003_0026_0069_0069.jpg 1 3 26 69 69
0196_0009_0010_0062_0062.jpg 1 9 10 62 62
0197_0033_0045_0047_0047.jpg 1 33 45 47 47
0198_0016_0016_0069_0069.jpg 1 16 16 69 69
0199_0026_0022_0042_0042.jpg 1 26 22 42 42
0200_0036_0048_0034_0034.jpg 1 36 48 34 34
0201_0020_0012_0029_0029.jpg 1 20 12 29 29
0202_0012_0026_0056_0056.jpg 1 12 26 56 56
0203_0024_0010_0056_0056.jpg 1 24 10 56 56
0204_0034_0033_0055_0055.jpg 1 34 33 55 55
0205_0012_0033_0058_0058.jpg 1 12 33 58 58
0206_0032_0007_0053_0053.jpg 1 32 7 53 53
0207_0010_0024_0051_0051.jpg 1 10 24 51 51
0208_0005_0026_0069_0069.jpg 1 5 26 69 69
0209_0005_0034_0050_0050.jpg 1 5 34 50 50
0210_0045_0036_0041_0041.jpg 1 45 36 41 41
0211_0027_0033_0049_0049.jpg 1 27 33 49 49
0212_0026_0008_0059_0059.jpg 1 26 8 59 59
0213_0027_0033_0036_0036.jpg 1 27 33 36 36
0214_0014_0012_0069_0069.jpg 1 14 12 69 69
0215_0037_0044_0035_0035.jpg 1 37 44 35 35
0216_0007_0019_0069_0069.jpg 1 7 19 69 69
0217_0040_0052_0040_0040.jpg 1 40 52 40 40
0218_0031_0043_0052_0052.jpg 1 31 43 52 52
0219_0016_0020_0066_0066.jpg 1 16 20 66 66
0220_0013_0045_0033_0033.jpg 1 13 45 33 33
0221_0021_0042_0051_0051.jpg 1 21 42 51 51
0222_0028_0014_0053_0053.jpg 1 28 14 53 53
0223_0022_0031_0057_0057.jpg 1 22 31 57 57
0224_0012_0052_0026_0026.jpg 1 12 52 26 26
0225_0014_0051_0042_0042.jpg 1 14 51 42 42
0226_0016_0024_0033_0033.jpg 1 16 24 33 33
0227_0017_0027_0030_0030.jpg 1 17 27 30 30
0228_0019_0039_0047_0047.jpg 1 19 39 47 47
0229_0047_0031_0031_0031.jpg 1 47 31 31 31
0230_0005_0012_0050_0050.jpg 1 5 12 50 50
0231_0049_0037_0037_0037.jpg 1 49 37 37 37
0232_0047_0044_0042_0042.jpg 1 47 44 42 42
0233_0029_0008_0051_0051.jpg 1 29 8 51 51
0234_0026_0052_0041_0041.jpg 1 26 52 41 41
0235_0039_0022_0043_0043.jpg 1 39 22 43 43
0236_0015_0012_0053_0053.jpg 1 15 12 53 53
0237_0015_0026_0035_0035.jpg 1 15 26 35 35
0238_0016_0026_0032_0032.jpg 1 16 26 32 32
0239_0051_0022_0030_0030.jpg 1 51 22 30 30
0240_0021_0005_0055_0055.jpg 1 21 5 55 55
0241_0017_0031_0057_0057.jpg 1 17 31 57 57
0242_0017_0035_0057_0057.jpg 1 17 35 57 57
0243_0018_0011_0065_0065.jpg 1 18 11 65 65
0244_0023_0016_0065_0065.jpg 1 23 16 65 65
0245_0049_0025_0030_0030.jpg 1 49 25 30 30
0246_0025_0032_0038_0038.jpg 1 25 32 38 38
0247_0049_0054_0039_0039.jpg 1 49 54 39 39
0248_0016_0009_0066_0066.jpg 1 16 9 66 66
0249_0014_0038_0044_0044.jpg 1 14 38 44 44
0250_0043_0045_0035_0035.jpg 1 43 45 35 35
0251_0011_0041_0052_0052.jpg 1 11 41 52 52
0252_0018_0052_0025_0025.jpg 1 18 52 25 25
0253_0027_0003_0066_0066.jpg 1 27 3 66 66
0254_0050_0016_0031_0031.jpg 1 50 16 31 31
0255_0029_0007_0063_0063.jpg 1 29 7 63 63
0256_0015_0040_0049_0049.jpg 1 15 40 49 49
0257_0009_0039_0041_0041.jpg 1 9 39 41 41
0258_0050_0043_0041_0041.jpg 1 50 43 41 41
0259_0031_0018_0046_0046.jpg 1 31 18 46 46
0260_0058_0054_0032_0032.jpg 1 58 54 32 32
0261_0008_0016_0054_0054.jpg 1 8 16 54 54
0262_0017_0025_0040_0040.jpg 1 17 25 40 40
0263_0038_0015_0052_0052.jpg 1 38 15 52 52
0264_0009_0011_0044_0044.jpg 1 9 11 44 44
0265_0008_0019_0069_0069.jpg 1 8 19 69 69
0266_0011_0027_0068_0068.jpg 1 11 27 68 68
0267_0008_0026_0042_0042.jpg 1 8 26 42 42
0268_0006_0011_0066_0066.jpg 1 6 11 66 66
0269_0026_0018_0037_0037.jpg 1 26 18 37 37
0270_0014_0030_0066_0066.jpg 1 14 30 66 66
0271_0015_0009_0042_0042.jpg 1 15 9 42 42
0272_0030_0029_0062_0062.jpg 1 30 29 62 62
0273_0013_0029_0055_0055.jpg 1 13 29 55 55
0274_0056_0053_0033_0033.jpg 1 56 53 33 33
0275_0007_0047_0026_0026.jpg 1 7 47 26 26
0276_0036_0017_0034_0034.jpg 1 36 17 34 34
0277_0036_0005_0056_0056.jpg 1 36 5 56 56
0278_0041_0023_0038_0038.jpg 1 41 23 38 38
0279_0017_0014_0066_0066.jpg 1 17 14 66 66
0280_0027_0025_0042_0042.jpg 1 27 25 42 42
0281_0034_0006_0060_0060.jpg 1 34 6 60 60
0282_0023_0030_0058_0058.jpg 1 23 30 58 58
0283_0019_0030_0031_0031.jpg 1 19 30 31 31
0284_0050_0022_0042_0042.jpg 1 50 22 42 42
0285_0009_0041_0052_0052.jpg 1 9 41 52 52
0286_0024_0034_0040_0040.jpg 1 24 34 40 40
0287_0027_0012_0060_0060.jpg 1 27 12 60 60
0288_0024_0009_0034_0034.jpg 1 24 9 34 34
0289_0023_0017_0046_0046.jpg 1 23 17 46 46
0290_0036_0026_0054_0054.jpg 1 36 26 54 54
0291_0046_0020_0035_0035.jpg 1 46 20 35 35
0292_0042_0017_0036_0036.jpg 1 42 17 36 36
0293_0031_0025_0056_0056.jpg 1 31 25 56 56
0294_0028_0028_0037_0037.jpg 1 28 28 37 37
0295_0006_0040_0048_0048.jpg 1 6 40 48 48
0296_0032_0020_0058_0058.jpg 1 32 20 58 58
0297_0005_0025_0066_0066.jpg 1 5 25 66 66
0298_0015_0048_0040_0040.jpg 1 15 48 40 40
0299_0035_0034_0060_0060.jpg 1 35 34 60 60
0300_0009_0060_0024_0024.jpg 1 9 60 24 24
0301_0042_0027_0049_0049.jpg 1 42 27 49 49
0302_0025_0012_0060_0060.jpg 1 25 12 60 60
0303_0040_0022_0049_0049.jpg 1 40 22 49 49
0304_0005_0007_0064_0064.jpg 1 5 7 64 64
0305_0040_0032_0029_0029.jpg 1 40 32 29 29
0306_0030_0033_0057_0057.jpg 1 30 33 57 57
0307_0032_0027_0032_0032.jpg 1 32 27 32 32
0308_0059_0012_0031_0031.jpg 1 59 12 31 31
0309_0036_0028_0053_0053.jpg 1 36 28 53 53
0310_0020_0008_0066_0066.jpg 1 20 8 66 66
0311_0009_0034_0033_0033.jpg 1 9 34 33 33
0312_0028_0006_0065_0065.jpg 1 28 6 65 65
0313_0061_0011_0024_0024.jpg 1 61 11 24 24
0314_0037_0032_0025_0025.jpg 1 37 32 25 25
0315_0009_0025_0056_0056.jpg 1 9 25 56 56
0316_0010_0014_0059_0059.jpg 1 10 14 59 59
0317_0013_0048_0039_0039.jpg 1 13 48 39 39
0318_0043_0054_0029_0029.jpg 1 43 54 29 29
0319_0024_0030_0056_0056.jpg 1 24 30 56 56
0320_0006_0012_0046_0046.jpg 1 6 12 46 46
0321_0016_0038_0043_0043.jpg 1 16 38 43 43
0322_0007_0005_0066_0066.jpg 1 7 5 66 66
0323_0012_0039_0049_0049.jpg 1 12 39 49 49
0324_0027_0040_0032_0032.jpg 1 27 40 32 32
0325_0021_0011_0068_0068.jpg 1 21 11 68 68
0326_0050_0036_0037_0037.jpg 1 50 36 37 37
0327_0047_0053_0034_0034.jpg 1 47 53 34 34
0328_0033_0026_0059_0059.jpg 1 33 26 59 59
0329_0014_0042_0028_0028.jpg 1 14 42 28 28
0330_0015_0006_0047_0047.jpg 1 15 6 47 47
0331_0004_0018_0060_0060.jpg 1 4 18 60 60
0332_0048_0042_0035_0035.jpg 1 48 42 35 35
0333_0030_0015_0055_0055.jpg 1 30 15 55 55
0334_0011_0022_0056_0056.jpg 1 11 22 56 56
0335_0012_0033_0059_0059.jpg 1 12 33 59 59
0336_0044_0045_0034_0034.jpg 1 44 45 34 34
0337_0017_0008_0056_0056.jpg 1 17 8 56 56
0338_0010_0014_0034_0034.jpg 1 10 14 34 34
0339_0024_0047_0045_0045.jpg 1 24 47 45 45
0340_0039_0060_0031_0031.jpg 1 39 60 31 31
0341_0025_0014_0052_0052.jpg 1 25 14 52 52
0342_0029_0023_0025_0025.jpg 1 29 23 25 25
0343_0050_0049_0039_0039.jpg 1 50 49 39 39
0344_0020_0005_0060_0060.jpg 1 20 5 60 60
0345_0005_0026_0060_0060.jpg 1 5 26 60 60
0346_0051_0063_0024_0024.jpg 1 51 63 24 24
0347_0023_0007_0044_0044.jpg 1 23 7 44 44
0348_0032_0024_0048_0048.jpg 1 32 24 48 48
0349_0034_0027_0060_0060.jpg 1 34 27 60 60
0350_0042_0013_0042_0042.jpg 1 42 13 42 42
0351_0032_0007_0059_0059.jpg 1 32 7 59 59
0352_0007_0035_0059_0059.jpg 1 7 35 59 59
0353_0018_0007_0062_0062.jpg 1 18 7 62 62
0354_0009_0035_0030_0030.jpg 1 9 35 30 30
0355_0016_0026_0050_0050.jpg 1 16 26 50 50
0356_0038_0048_0040_0040.jpg 1 38 48 40 40
0357_0060_0039_0028_0028.jpg 1 60 39 28 28
0358_0044_0016_0036_0036.jpg 1 44 16 36 36
0359_0022_0032_0062_0062.jpg 1 22 32 62 62
0360_0031_0018_0065_0065.jpg 1 31 18 65 65
0361_0027_0013_0032_0032.jpg 1 27 13 32 32
0362_0041_0041_0038_0038.jpg 1 41 41 38 38
0363_0030_0023_0050_0050.jpg 1 30 23 50 50
0364_0014_0040_0029_0029.jpg 1 14 40 29 29
0365_0041_0032_0041_0041.jpg 1 41 32 41 41
0366_0015_0006_0050_0050.jpg 1 15 6 50 50
0367_0051_0008_0034_0034.jpg 1 51 8 34 34
0368_0036_0028_0037_0037.jpg 1 36 28 37 37
0369_0041_0048_0029_0029.jpg 1 41 48 29 29
0370_0008_0006_0053_0053.jpg 1 8 6 53 53
0371_0026_0062_0026_0026.jpg 1 26 62 26 26
0372_0014_0027_0052_0052.jpg 1 14 27 52 52
0373_0054_0048_0039_0039.jpg 1 54 48 39 39
0374_0011_0041_0052_0052.jpg 1 11 41 52 52
0375_0030_0007_0046_0046.jpg 1 30 7 46 46
0376_0007_0006_0047_0047.jpg 1 7 6 47 47
0377_0015_0006_0062_0062.jpg 1 15 6 62 62
0378_0023_0027_0052_0052.jpg 1 23 27 52 52
0379_0025_0016_0049_0049.jpg 1 25 16 49 49
0380_0010_0039_0028_0028.jpg 1 10 39 28 28
0381_0023_0030_0052_0052.jpg 1 23 30 52 52
0382_0010_0059_0028_0028.jpg 1 10 59 28 28
0383_0013_0056_0030_0030.jpg 1 13 56 30 30
0384_0015_0017_0046_0046.jpg 1 15 17 46 46
0385_0014_0028_0042_0042.jpg 1 14 28 42 42
0386_0049_0016_0033_0033.jpg 1 49 16 33 33
0387_0030_0045_0047_0047.jpg 1 30 45 47 47
0388_0026_0049_0034_0034.jpg 1 26 49 34 34
0389_0015_0014_0060_0060.jpg 1 15 14 60 60
0390_0023_0036_0031_0031.jpg 1 23 36 31 31
0391_0005_0028_0050_0050.jpg 1 5 28 50 50
0392_0040_0038_0050_0050.jpg 1 40 38 50 50
0393_0028_0014_0062_0062.jpg 1 28 14 62 62
0394_0033_0012_0056_0056.jpg 1 33 12 56 56
0395_0022_0033_0037_0037.jpg 1 22 33 37 37
0396_0054_0028_0024_0024.jpg 1 54 28 24 24
0397_0008_0027_0036_0036.jpg 1 8 27 36 36
0398_0009_0010_0039_0039.jpg 1 9 10 39 39
0399_0014_0028_0027_0027.jpg 1 14 28 27 27
0400_0024_0007_0048_0048.jpg 1 24 7 48 48
0401_0023_0029_0024_0024.jpg 1 23 29 24 24
0402_0007_0029_0062_0062.jpg 1 7 29 62 62
0403_0044_0056_0029_0029.jpg 1 44 56 29 29
0404_0019_0023_0068_0068.jpg 1 19 23 68 68
0405_0014_0031_0043_0043.jpg 1 14 31 43 43
0406_0016_0025_0049_0049.jpg 1 16 25 49 49
0407_0021_0019_0063_0063.jpg 1 21 19 63 63
0408_0014_0041_0047_0047.jpg 1 14 41 47 47
0409_0033_0011_0059_0059.jpg 1 33 11 59 59
0410_0004_0028_0059_0059.jpg 1 4 28 59 59
0411_0055_0053_0032_0032.jpg 1 55 53 32 32
0412_0006_0014_0066_0066.jpg 1 6 14 66 66
0413_0037_0033_0047_0047.jpg 1 37 33 47 47
0414_0044_0026_0031_0031.jpg 1 44 26 31 31
0415_0056_0047_0024_0024.jpg 1 56 47 24 24
0416_0020_0058_0027_0027.jpg 1 20 58 27 27
0417_0013_0032_0060_0060.jpg 1 13 32 60 60
0418_0043_0031_0026_0026.jpg 1 43 31 26 26
0419_0029_0028_0048_0048.jpg 1 29 28 48 48
0420_0015_0018_0031_0031.jpg 1 15 18 31 31
0421_0006_0029_0056_0056.jpg 1 6 29 56 56
0422_0025_0028_0064_0064.jpg 1 25 28 64 64
0423_0023_0018_0051_0051.jpg 1 23 18 51 51
0424_0021_0027_0034_0034.jpg 1 21 27 34 34
0425_0018_0018_0057_0057.jpg 1 18 18 57 57
0426_0036_0038_0051_0051.jpg 1 36 38 51 51
0427_0038_0021_0030_0030.jpg 1 38 21 30 30
0428_0027_0041_0041_0041.jpg 1 27 41 41 41
0429_0039_0056_0027_0027.jpg 1 39 56 27 27
0430_0026_0031_0065_0065.jpg 1 26 31 65 65
0431_0030_0024_0047_0047.jpg 1 30 24 47 47
0432_0055_0023_0038_0038.jpg 1 55 23 38 38
0433_0026_0009_0027_0027.jpg 1 26 9 27 27
0434_0013_0030_0060_0060.jpg 1 13 30 60 60
0435_0031_0013_0063_0063.jpg 1 31 13 63 63
0436_0024_0017_0052_0052.jpg 1 24 17 52 52
0437_0008_0020_0051_0051.jpg 1 8 20 51 51
0438_0033_0010_0060_0060.jpg 1 33 10 60 60
0439_0020_0042_0050_0050.jpg 1 20 42 50 50
0440_0049_0024_0031_0031.jpg 1 49 24 31 31
0441_0034_0014_0037_0037.jpg 1 34 14 37 37
0442_0030_0037_0042_0042.jpg 1 30 37 42 42
0443_0009_0018_0048_0048.jpg 1 9 18 48 48
0444_0033_0043_0043_0043.jpg 1 33 43 43 43
0445_0049_0052_0030_0030.jpg 1 49 52 30 30
0446_0045_0039_0045_0045.jpg 1 45 39 45 45
0447_0021_0043_0049_0049.jpg 1 21 43 49 49
0448_0024_0018_0066_0066.jpg 1 24 18 66 66
0449_0033_0016_0056_0056.jpg 1 33 16 56 56
0450_0034_0024_0050_0050.jpg 1 34 24 50 50
0451_0027_0035_0060_0060.jpg 1 27 35 60 60
0452_0034_0036_0053_0053.jpg 1 34 36 53 53
0453_0044_0035_0048_0048.jpg 1 44 35 48 48
0454_0025_0032_0040_0040.jpg 1 25 32 40 40
0455_0035_0051_0027_0027.jpg 1 35 51 27 27
0456_0054_0058_0035_0035.jpg 1 54 58 35 35
0457_0010_0016_0049_0049.jpg 1 10 16 49 49
0458_0028_0028_0066_0066.jpg 1 28 28 66 66
0459_0048_0013_0036_0036.jpg 1 48 13 36 36
0460_0040_0029_0051_0051.jpg 1 40 29 51 51
0461_0017_0048_0044_0044.jpg 1 17 48 44 44
0462_0050_0008_0033_0033.jpg 1 50 8 33 33
0463_0029_0034_0055_0055.jpg 1 29 34 55 55
0464_0063_0015_0028_0028.jpg 1 63 15 28 28
0465_0022_0023_0069_0069.jpg 1 22 23 69 69
0466_0048_0019_0042_0042.jpg 1 48 19 42 42
0467_0032_0042_0044_0044.jpg 1 32 42 44 44
0468_0043_0009_0024_0024.jpg 1 43 9 24 24
0469_0035_0021_0046_0046.jpg 1 35 21 46 46
0470_0025_0028_0034_0034.jpg 1 25 28 34 34
0471_0017_0026_0062_0062.jpg 1 17 26 62 62
0472_0015_0010_0065_0065.jpg 1 15 10 65 65
0473_0029_0064_0027_0027.jpg 1 29 64 27 27
0474_0019_0037_0042_0042.jpg 1 19 37 42 42
0475_0023_0012_0057_0057.jpg 1 23 12 57 57
0476_0008_0018_0069_0069.jpg 1 8 18 69 69
0477_0031_0014_0031_0031.jpg 1 31 14 31 31
0478_0027_0015_0069_0069.jpg 1 27 15 69 69
0479_0014_0011_0066_0066.jpg 1 14 11 66 66
0480_0031_0012_0046_0046.jpg 1 31 12 46 46
0481_0028_0034_0059_0059.jpg 1 28 34 59 59
0482_0018_0027_0058_0058.jpg 1 18 27 58 58
0483_0029_0036_0045_0045.jpg 1 29 36 45 45
0484_0066_0040_0026_0026.jpg 1 66 40 26 26
0485_0003_0015_0066_0066.jpg 1 3 15 66 66
0486_0023_0040_0047_0047.jpg 1 23 40 47 47
0487_0034_0028_0031_0031.jpg 1 34 28 31 31
0488_0038_0031_0027_0027.jpg 1 38 31 27 27
0489_0003_0004_0068_0068.jpg 1 3 4 68 68
0490_0020_0031_0051_0051.jpg 1 20 31 51 51
0491_0022_0025_0063_0063.jpg 1 22 25 63 63
0492_0056_0048_0030_0030.jpg 1 56 48 30 30
0493_0018_0052_0025_0025.jpg 1 18 52 25 25
0494_0020_0035_0031_0031.jpg 1 20 35 31 31
0495_0035_0006_0059_0059.jpg 1 35 6 59 59
0496_0011_0017_0037_0037.jpg 1 11 17 37 37
0497_0035_0039_0042_0042.jpg 1 35 39 42 42
0498_0013_0027_0051_0051.jpg 1 13 27 51 51
0499_0017_0064_0024_0024.jpg 1 17 64 24 24
0500_0030_0032_0049_0049.jpg 1 30 32 49 49
0501_0004_0023_0059_0059.jpg 1 4 23 59 59
0502_0028_0015_0060_0060.jpg 1 28 15 60 60
0503_0013_0021_0061_0061.jpg 1 13 21 61 61
0504_0058_0028_0032_0032.jpg 1 58 28 32 32
0505_0013_0026_0060_0060.jpg 1 13 26 60 60
0506_0022_0005_0057_0057.jpg 1 22 5 57 57
0507_0023_0006_0069_0069.jpg 1 23 6 69 69
0508_0049_0037_0027_0027.jpg 1 49 37 27 27
0509_0048_0040_0036_0036.jpg 1 48 40 36 36
0510_0008_0036_0052_0052.jpg 1 8 36 52 52
0511_0021_0020_0037_0037.jpg 1 21 20 37 37
0512_0032_0030_0032_0032.jpg 1 32 30 32 32
0513_0004_0029_0056_0056.jpg 1 4 29 56 56
0514_0044_0021_0044_0044.jpg 1 44 21 44 44
0515_0021_0015_0057_0057.jpg 1 21 15 57 57
0516_0019_0006_0062_0062.jpg 1 19 6 62 62
0517_0016_0042_0048_0048.jpg 1 16 42 48 48
0518_0009_0008_0035_0035.jpg 1 9 8 35 35
0519_0009_0051_0027_0027.jpg 1 9 51 27 27
0520_0055_0034_0030_0030.jpg 1 55 34 30 30
0521_0004_0031_0053_0053.jpg 1 4 31 53 53
0522_0024_0023_0049_0049.jpg 1 24 23 49 49
0523_0032_0041_0027_0027.jpg 1 32 41 27 27
0524_0010_0048_0041_0041.jpg 1 10 48 41 41
0525_0016_0017_0049_0049.jpg 1 16 17 49 49
0526_0017_0030_0056_0056.jpg 1 17 30 56 56
0527_0025_0020_0068_0068.jpg 1 25 20 68 68
0528_0013_0024_0039_0039.jpg 1 13 24 39 39
0529_0023_0024_0069_0069.jpg 1 23 24 69 69
0530_0026_0054_0036_0036.jpg 1 26 54 36 36
0531_0007_0010_0059_0059.jpg 1 7 10 59 59
0532_0015_0006_0055_0055.jpg 1 15 6 55 55
0533_0060_0009_0031_0031.jpg 1 60 9 31 31
0534_0025_0023_0043_0043.jpg 1 25 23 43 43
0535_0018_0037_0055_0055.jpg 1 18 37 55 55
0536_0007_0032_0042_0042.jpg 1 7 32 42 42
0537_0027_0028_0028_0028.jpg 1 27 28 28 28
0538_0030_0009_0037_0037.jpg 1 30 9 37 37
0539_0018_0031_0045_0045.jpg 1 18 31 45 45
0540_0055_0029_0028_0028.jpg 1 55 29 28 28
0541_0057_0035_0028_0028.jpg 1 57 35 28 28
0542_0031_0008_0037_0037.jpg 1 31 8 37 37
0543_0021_0017_0062_0062.jpg 1 21 17 62 62
0544_0010_0014_0043_0043.jpg 1 10 14 43 43
0545_0042_0045_0030_0030.jpg 1 42 45 30 30
0546_0018_0034_0051_0051.jpg 1 18 34 51 51
0547_0006_0015_0059_0059.jpg 1 6 15 59 59
0548_0009_0019_0042_0042.jpg 1 9 19 42 42
0549_0049_0015_0027_0027.jpg 1 49 15 27 27
0550_0029_0024_0046_0046.jpg 1 29 24 46 46
0551_0018_0014_0067_0067.jpg 1 18 14 67 67
0552_0023_0033_0063_0063.jpg 1 23 33 63 63
0553_0011_0026_0035_0035.jpg 1 11 26 35 35
0554_0017_0024_0055_0055.jpg 1 17 24 55 55
0555_0049_0021_0028_0028.jpg 1 49 21 28 28
0556_0013_0034_0059_0059.jpg 1 13 34 59 59
0557_0024_0028_0053_0053.jpg 1 24 28 53 53
0558_0017_0004_0057_0057.jpg 1 17 4 57 57
0559_0045_0016_0043_0043.jpg 1 45 16 43 43
0560_0036_0021_0052_0052.jpg 1 36 21 52 52
0561_0023_0014_0044_0044.jpg 1 23 14 44 44
0562_0038_0037_0042_0042.jpg 1 38 37 42 42
0563_0030_0007_0063_0063.jpg 1 30 7 63 63
0564_0017_0004_0060_0060.jpg 1 17 4 60 60
0565_0037_0047_0036_0036.jpg 1 37 47 36 36
0566_0042_0053_0025_0025.jpg 1 42 53 25 25
0567_0014_0017_0051_0051.jpg 1 14 17 51 51
0568_0014_0017_0069_0069.jpg 1 14 17 69 69
0569_0022_0005_0054_0054.jpg 1 22 5 54 54
0570_0012_0004_0069_0069.jpg 1 12 4 69 69
0571_0031_0011_0039_0039.jpg 1 31 11 39 39
0572_0018_0048_0045_0045.jpg 1 18 48 45 45
0573_0033_0035_0040_0040.jpg 1 33 35 40 40
0574_0016_0015_0065_0065.jpg 1 16 15 65 65
0575_0028_0014_0057_0057.jpg 1 28 14 57 57
0576_0014_0013_0052_0052.jpg 1 14 13 52 52
0577_0024_0035_0058_0058.jpg 1 24 35 58 58
0578_0010_0016_0030_0030.jpg 1 10 16 30 30
0579_0029_0016_0057_0057.jpg 1 29 16 57 57
0580_0029_0057_0032_0032.jpg 1 29 57 32 32
0581_0022_0017_0033_0033.jpg 1 22 17 33 33
0582_0014_0026_0032_0032.jpg 1 14 26 32 32
0583_0018_0028_0067_0067.jpg 1 18 28 67 67
0584_0027_0031_0054_0054.jpg 1 27 31 54 54
0585_0017_0008_0045_0045.jpg 1 17 8 45 45
0586_0011_0009_0067_0067.jpg 1 11 9 67 67
0587_0064_0022_0028_0028.jpg 1 64 22 28 28
0588_0010_0023_0057_0057.jpg 1 10 23 57 57
0589_0025_0023_0069_0069.jpg 1 25 23 69 69
0590_0038_0039_0032_0032.jpg 1 38 39 32 32
0591_0029_0020_0038_0038.jpg 1 29 20 38 38
0592_0038_0010_0051_0051.jpg 1 38 10 51 51
0593_0018_0043_0043_0043.jpg 1 18 43 43 43
0594_0015_0007_0063_0063.jpg 1 15 7 63 63
0595_0008_0019_0046_0046.jpg 1 8 19 46 46
0596_0039_0020_0039_0039.jpg 1 39 20 39 39
0597_0031_0033_0061_0061.jpg 1 31 33 61 61
0598_0022_0037_0049_0049.jpg 1 22 37 49 49
0599_0013_0015_0058_0058.jpg 1 13 15 58 58
0600_0050_0017_0039_0039.jpg 1 50 17 39 39
0601_0044_0047_0032_0032.jpg 1 44 47 32 32
0602_0018_0013_0059_0059.jpg 1 18 13 59 59
0603_0035_0012_0059_0059.jpg 1 35 12 59 59
0604_0036_0009_0052_0052.jpg 1 36 9 52 52
0605_0035_0008_0057_0057.jpg 1 35 8 57 57
0606_0013_0019_0042_0042.jpg 1 13 19 42 42
0607_0015_0029_0031_0031.jpg 1 15 29 31 31
0608_0038_0024_0034_0034.jpg 1 38 24 34 34
0609_0053_0030_0035_0035.jpg 1 53 30 35 35
0610_0023_0064_0024_0024.jpg 1 23 64 24 24
0611_0035_0032_0060_0060.jpg 1 35 32 60 60
0612_0016_0036_0051_0051.jpg 1 16 36 51 51
0613_0005_0010_0051_0051.jpg 1 5 10 51 51
0614_0009_0011_0035_0035.jpg 1 9 11 35 35
0615_0033_0051_0037_0037.jpg 1 33 51 37 37
0616_0016_0015_0067_0067.jpg 1 16 15 67 67
0617_0016_0025_0067_0067.jpg 1 16 25 67 67
0618_0034_0050_0035_0035.jpg 1 34 50 35 35
0619_0044_0016_0035_0035.jpg 1 44 16 35 35
0620_0023_0028_0055_0055.jpg 1 23 28 55 55
0621_0029_0052_0036_0036.jpg 1 29 52 36 36
0622_0006_0024_0068_0068.jpg 1 6 24 68 68
0623_0009_0015_0061_0061.jpg 1 9 15 61 61
0624_0040_0017_0054_0054.jpg 1 40 17 54 54
0625_0024_0037_0050_0050.jpg 1 24 37 50 50
0626_0031_0025_0051_0051.jpg 1 31 25 51 51
0627_0005_0014_0060_0060.jpg 1 5 14 60 60
0628_0032_0028_0057_0057.jpg 1 32 28 57 57
0629_0040_0025_0045_0045.jpg 1 40 25 45 45
0630_0009_0026_0064_0064.jpg 1 9 26 64 64
0631_0008_0033_0038_0038.jpg 1 8 33 38 38
0632_0007_0011_0066_0066.jpg 1 7 11 66 66
0633_0054_0033_0038_0038.jpg 1 54 33 38 38
0634_0041_0008_0050_0050.jpg 1 41 8 50 50
0635_0006_0018_0067_0067.jpg 1 6 18 67 67
0636_0007_0018_0068_0068.jpg 1 7 18 68 68
0637_0030_0004_0062_0062.jpg 1 30 4 62 62
0638_0035_0037_0056_0056.jpg 1 35 37 56 56
0639_0029_0023_0036_0036.jpg 1 29 23 36 36
0640_0041_0017_0052_0052.jpg 1 41 17 52 52
0641_0032_0025_0036_0036.jpg 1 32 25 36 36
0642_0017_0025_0028_0028.jpg 1 17 25 28 28
0643_0024_0032_0030_0030.jpg 1 24 32 30 30
0644_0030_0049_0026_0026.jpg 1 30 49 26 26
0645_0027_0003_0065_0065.jpg 1 27 3 65 65
0646_0026_0041_0050_0050.jpg 1 26 41 50 50
0647_0062_0051_0028_0028.jpg 1 62 51 28 28
0648_0010_0010_0031_0031.jpg 1 10 10 31 31
0649_0043_0038_0042_0042.jpg 1 43 38 42 42
0650_0018_0033_0046_0046.jpg 1 18 33 46 46
0651_0018_0023_0057_0057.jpg 1 18 23 57 57
0652_0011_0066_0025_0025.jpg 1 11 66 25 25
0653_0012_0058_0030_0030.jpg 1 12 58 30 30
0654_0027_0066_0024_0024.jpg 1 27 66 24 24
0655_0032_0008_0027_0027.jpg 1 32 8 27 27
0656_0055_0048_0036_0036.jpg 1 55 48 36 36
0657_0042_0010_0052_0052.jpg 1 42 10 52 52
0658_0039_0014_0047_0047.jpg 1 39 14 47 47
0659_0012_0019_0068_0068.jpg 1 12 19 68 68
0660_0033_0008_0040_0040.jpg 1 33 8 40 40
0661_0012_0016_0063_0063.jpg 1 12 16 63 63
0662_0008_0004_0067_0067.jpg 1 8 4 67 67
0663_0050_0027_0043_0043.jpg 1 50 27 43 43
0664_0059_0040_0029_0029.jpg 1 59 40 29 29
0665_0014_0021_0058_0058.jpg 1 14 21 58 58
0666_0007_0043_0036_0036.jpg 1 7 43 36 36
0667_0034_0046_0024_0024.jpg 1 34 46 24 24
0668_0005_0009_0066_0066.jpg 1 5 9 66 66
0669_0027_0025_0041_0041.jpg 1 27 25 41 41
0670_0033_0027_0057_0057.jpg 1 33 27 57 57
0671_0008_0038_0035_0035.jpg 1 8 38 35 35
0672_0057_0056_0036_0036.jpg 1 57 56 36 36
0673_0022_0034_0046_0046.jpg 1 22 34 46 46
0674_0008_0036_0039_0039.jpg 1 8 36 39 39
0675_0008_0020_0067_0067.jpg 1 8 20 67 67
0676_0014_0014_0069_0069.jpg 1 14 14 69 69
0677_0028_0030_0061_0061.jpg 1 28 30 61 61
0678_0052_0015_0029_0029.jpg 1 52 15 29 29
0679_0016_0009_0050_0050.jpg 1 16 9 50 50
0680_0039_0013_0056_0056.jpg 1 39 13 56 56
0681_0012_0038_0045_0045.jpg 1 12 38 45 45
0682_0035_0040_0053_0053.jpg 1 35 40 53 53
0683_0022_0036_0056_0056.jpg 1 22 36 56 56
0684_0034_0024_0033_0033.jpg 1 34 24 33 33
0685_0049_0052_0036_0036.jpg 1 49 52 36 36
0686_0024_0024_0035_0035.jpg 1 24 24 35 35
0687_0042_0046_0038_0038.jpg 1 42 46 38 38
0688_0019_0015_0061_0061.jpg 1 19 15 61 61
0689_0047_0056_0033_0033.jpg 1 47 56 33 33
0690_0045_0024_0049_0049.jpg 1 45 24 49 49
0691_0031_0052_0032_0032.jpg 1 31 52 32 32
0692_0028_0009_0056_0056.jpg 1 28 9 56 56
0693_0018_0035_0056_0056.jpg 1 18 35 56 56
0694_0024_0033_0055_0055.jpg 1 24 33 55 55
0695_0036_0039_0037_0037.jpg 1 36 39 37 37
0696_0051_0049_0040_0040.jpg 1 51 49 40 40
0697_0044_0044_0029_0029.jpg 1 44 44 29 29
0698_0004_0020_0061_0061.jpg 1 4 20 61 61
0699_0030_0058_0032_0032.jpg 1 30 58 32 32
0700_0010_0024_0066_0066.jpg 1 10 24 66 66
0701_0044_0024_0025_0025.jpg 1 44 24 25 25
0702_0018_0041_0042_0042.jpg 1 18 41 42 42
0703_0028_0047_0036_0036.jpg 1 28 47 36 36
0704_0024_0009_0049_0049.jpg 1 24 9 49 49
0705_0027_0022_0050_0050.jpg 1 27 22 50 50
0706_0009_0010_0053_0053.jpg 1 9 10 53 53
0707_0012_0053_0040_0040.jpg 1 12 53 40 40
0708_0012_0029_0061_0061.jpg 1 12 29 61 61
0709_0056_0050_0024_0024.jpg 1 56 50 24 24
0710_0007_0006_0060_0060.jpg 1 7 6 60 60
0711_0005_0018_0064_0064.jpg 1 5 18 64 64
0712_0009_0060_0024_0024.jpg 1 9 60 24 24
0713_0020_0034_0061_0061.jpg 1 20 34 61 61
0714_0018_0007_0050_0050.jpg 1 18 7 50 50
0715_0031_0046_0039_0039.jpg 1 31 46 39 39
0716_0027_0024_0053_0053.jpg 1 27 24 53 53
0717_0038_0051_0039_0039.jpg 1 38 51 39 39
0718_0023_0014_0051_0051.jpg 1 23 14 51 51
0719_0025_0014_0054_0054.jpg 1 25 14 54 54
0720_0017_0031_0056_0056.jpg 1 17 31 56 56
0721_0023_0007_0069_0069.jpg 1 23 7 69 69
0722_0023_0027_0052_0052.jpg 1 23 27 52 52
0723_0037_0022_0051_0051.jpg 1 37 22 51 51
0724_0055_0049_0030_0030.jpg 1 55 49 30 30
0725_0008_0037_0054_0054.jpg 1 8 37 54 54
0726_0042_0034_0024_0024.jpg 1 42 34 24 24
0727_0028_0045_0027_0027.jpg 1 28 45 27 27
0728_0063_0009_0027_0027.jpg 1 63 9 27 27
0729_0008_0008_0030_0030.jpg 1 8 8 30 30
0730_0013_0049_0030_0030.jpg 1 13 49 30 30
0731_0028_0008_0050_0050.jpg 1 28 8 50 50
0732_0026_0008_0042_0042.jpg 1 26 8 42 42
0733_0021_0037_0044_0044.jpg 1 21 37 44 44
0734_0019_0024_0053_0053.jpg 1 19 24 53 53
0735_0009_0023_0047_0047.jpg 1 9 23 47 47
0736_0006_0016_0067_0067.jpg 1 6 16 67 67
0737_0006_0043_0034_0034.jpg 1 6 43 34 34
0738_0019_0008_0067_0067.jpg 1 19 8 67 67
0739_0028_0006_0050_0050.jpg 1 28 6 50 50
0740_0017_0019_0068_0068.jpg 1 17 19 68 68
0741_0057_0041_0030_0030.jpg 1 57 41 30 30
0742_0033_0047_0046_0046.jpg 1 33 47 46 46
0743_0045_0033_0032_0032.jpg 1 45 33 32 32
0744_0045_0035_0047_0047.jpg 1 45 35 47 47
0745_0057_0035_0030_0030.jpg 1 57 35 30 30
0746_0011_0019_0035_0035.jpg 1 11 19 35 35
0747_0033_0030_0060_0060.jpg 1 33 30 60 60
0748_0007_0015_0058_0058.jpg 1 7 15 58 58
0749_0040_0009_0025_0025.jpg 1 40 9 25 25
0750_0026_0027_0068_0068.jpg 1 26 27 68 68
0751_0028_0053_0038_0038.jpg 1 28 53 38 38
0752_0017_0044_0043_0043.jpg 1 17 44 43 43
0753_0009_0039_0054_0054.jpg 1 9 39 54 54
0754_0023_0037_0053_0053.jpg 1 23 37 53 53
0755_0051_0008_0042_0042.jpg 1 51 8 42 42
0756_0058_0046_0028_0028.jpg 1 58 46 28 28
0757_0022_0029_0041_0041.jpg 1 22 29 41 41
0758_0018_0010_0062_0062.jpg 1 18 10 62 62
0759_0023_0029_0067_0067.jpg 1 23 29 67 67
0760_0028_0031_0056_0056.jpg 1 28 31 56 56
0761_0023_0036_0044_0044.jpg 1 23 36 44 44
0762_0038_0047_0030_0030.jpg 1 38 47 30 30
0763_0023_0032_0042_0042.jpg 1 23 32 42 42
0764_0017_0032_0058_0058.jpg 1 17 32 58 58
0765_0038_0043_0038_0038.jpg 1 38 43 38 38
0766_0027_0018_0041_0041.jpg 1 27 18 41 41
0767_0037_0009_0029_0029.jpg 1 37 9 29 29
0768_0025_0033_0061_0061.jpg 1 25 33 61 61
0769_0046_0035_0028_0028.jpg 1 46 35 28 28
0770_0047_0010_0031_0031.jpg 1 47 10 31 31
0771_0006_0015_0058_0058.jpg 1 6 15 58 58
0772_0032_0023_0063_0063.jpg 1 32 23 63 63
0773_0005_0022_0064_0064.jpg 1 5 22 64 64
0774_0045_0016_0032_0032.jpg 1 45 16 32 32
0775_0032_0026_0054_0054.jpg 1 32 26 54 54
0776_0021_0026_0051_0051.jpg 1 21 26 51 51
0777_0021_0025_0029_0029.jpg 1 21 25 29 29
0778_0017_0039_0049_0049.jpg 1 17 39 49 49
0779_0018_0029_0036_0036.jpg 1 18 29 36 36
0780_0021_0018_0067_0067.jpg 1 21 18 67 67
0781_0038_0023_0024_0024.jpg 1 38 23 24 24
0782_0053_0045_0036_0036.jpg 1 53 45 36 36
0783_0042_0023_0043_0043.jpg 1 42 23 43 43
0784_0051_0025_0038_0038.jpg 1 51 25 38 38
0785_0022_0011_0065_0065.jpg 1 22 11 65 65
0786_0018_0031_0048_0048.jpg 1 18 31 48 48
0787_0017_0010_0058_0058.jpg 1 17 10 58 58
0788_0034_0053_0024_0024.jpg 1 34 53 24 24
0789_0011_0034_0050_0050.jpg 1 11 34 50 50
0790_0035_0031_0029_0029.jpg 1 35 31 29 29
0791_0025_0021_0028_0028.jpg 1 25 21 28 28
0792_0037_0039_0053_0053.jpg 1 37 39 53 53
0793_0029_0027_0057_0057.jpg 1 29 27 57 57
0794_0024_0028_0058_0058.jpg 1 24 28 58 58
0795_0013_0034_0061_0061.jpg 1 13 34 61 61
0796_0045_0051_0042_0042.jpg 1 45 51 42 42
0797_0030_0027_0038_0038.jpg 1 30 27 38 38
0798_0034_0015_0047_0047.jpg 1 34 15 47 47
0799_0017_0016_0036_0036.jpg 1 17 16 36 36
0800_0038_0014_0052_0052.jpg 1 38 14 52 52
0801_0021_0029_0063_0063.jpg 1 21 29 63 63
0802_0047_0008_0034_0034.jpg 1 47 8 34 34
0803_0008_0033_0026_0026.jpg 1 8 33 26 26
0804_0013_0023_0065_0065.jpg 1 13 23 65 65
0805_0010_0026_0066_0066.jpg 1 10 26 66 66
0806_0021_0036_0058_0058.jpg 1 21 36 58 58
0807_0034_0022_0046_0046.jpg 1 34 22 46 46
0808_0013_0011_0057_0057.jpg 1 13 11 57 57
0809_0033_0028_0042_0042.jpg 1 33 28 42 42
0810_0015_0010_0044_0044.jpg 1 15 10 44 44
0811_0027_0010_0066_0066.jpg 1 27 10 66 66
0812_0010_0005_0055_0055.jpg 1 10 5 55 55
0813_0016_0020_0067_0067.jpg 1 16 20 67 67
0814_0036_0049_0045_0045.jpg 1 36 49 45 45
0815_0015_0015_0032_0032.jpg 1 15 15 32 32
0816_0006_0008_0063_0063.jpg 1 6 8 63 63
0817_0027_0017_0040_0040.jpg 1 27 17 40 40
0818_0013_0014_0034_0034.jpg 1 13 14 34 34
0819_0020_0016_0061_0061.jpg 1 20 16 61 61
0820_0020_0042_0038_0038.jpg 1 20 42 38 38
0821_0017_0022_0064_0064.jpg 1 17 22 64 64
0822_0034_0016_0057_0057.jpg 1 34 16 57 57
0823_0021_0039_0054_0054.jpg 1 21 39 54 54
0824_0019_0019_0038_0038.jpg 1 19 19 38 38
0825_0007_0005_0054_0054.jpg 1 7 5 54 54
0826_0016_0005_0064_0064.jpg 1 16 5 64 64
0827_0057_0059_0024_0024.jpg 1 57 59 24 24
0828_0020_0010_0060_0060.jpg 1 20 10 60 60
0829_0056_0053_0028_0028.jpg 1 56 53 28 28
0830_0011_0022_0069_0069.jpg 1 11 22 69 69
0831_0040_0031_0031_0031.jpg 1 40 31 31 31
0832_0019_0011_0058_0058.jpg 1 19 11 58 58
0833_0045_0056_0032_0032.jpg 1 45 56 32 32
0834_0061_0031_0026_0026.jpg 1 61 31 26 26
0835_0039_0035_0055_0055.jpg 1 39 35 55 55
0836_0020_0028_0048_0048.jpg 1 20 28 48 48
0837_0016_0010_0066_0066.jpg 1 16 10 66 66
0838_0021_0043_0030_0030.jpg 1 21 43 30 30
0839_0031_0016_0062_0062.jpg 1 31 16 62 62
0840_0012_0029_0037_0037.jpg 1 12 29 37 37
0841_0038_0006_0053_0053.jpg 1 38 6 53 53
0842_0005_0014_0061_0061.jpg 1 5 14 61 61
0843_0013_0024_0067_0067.jpg 1 13 24 67 67
0844_0016_0030_0039_0039.jpg 1 16 30 39 39
0845_0026_0016_0047_0047.jpg 1 26 16 47 47
0846_0028_0047_0044_0044.jpg 1 28 47 44 44
0847_0037_0030_0058_0058.jpg 1 37 30 58 58
0848_0027_0006_0045_0045.jpg 1 27 6 45 45
0849_0019_0034_0056_0056.jpg 1 19 34 56 56
0850_0011_0031_0054_0054.jpg 1 11 31 54 54
0851_0032_0010_0060_0060.jpg 1 32 10 60 60
0852_0013_0025_0042_0042.jpg 1 13 25 42 42
0853_0011_0010_0069_0069.jpg 1 11 10 69 69
0854_0036_0017_0052_0052.jpg 1 36 17 52 52
0855_0026_0024_0061_0061.jpg 1 26 24 61 61
0856_0039_0041_0030_0030.jpg 1 39 41 30 30
0857_0012_0025_0066_0066.jpg 1 12 25 66 66
0858_0020_0008_0045_0045.jpg 1 20 8 45 45
0859_0031_0047_0030_0030.jpg 1 31 47 30 30
0860_0012_0024_0039_0039.jpg 1 12 24 39 39
0861_0041_0050_0040_0040.jpg 1 41 50 40 40
0862_0026_0011_0057_0057.jpg 1 26 11 57 57
0863_0009_0011_0067_0067.jpg 1 9 11 67 67
0864_0010_0028_0054_0054.jpg 1 10 28 54 54
0865_0005_0024_0058_0058.jpg 1 5 24 58 58
0866_0022_0025_0049_0049.jpg 1 22 25 49 49
0867_0015_0010_0060_0060.jpg 1 15 10 60 60
0868_0048_0008_0032_0032.jpg 1 48 8 32 32
0869_0034_0042_0048_0048.jpg 1 34 42 48 48
0870_0017_0031_0036_0036.jpg 1 17 31 36 36
0871_0004_0008_0064_0064.jpg 1 4 8 64 64
0872_0031_0008_0058_0058.jpg 1 31 8 58 58
0873_0010_0008_0049_0049.jpg 1 10 8 49 49
0874_0007_0039_0051_0051.jpg 1 7 39 51 51
0875_0016_0033_0045_0045.jpg 1 16 33 45 45
0876_0033_0043_0040_0040.jpg 1 33 43 40 40
0877_0030_0012_0040_0040.jpg 1 30 12 40 40
0878_0039_0055_0031_0031.jpg 1 39 55 31 31
0879_0045_0046_0037_0037.jpg 1 45 46 37 37
0880_0042_0034_0048_0048.jpg 1 42 34 48 48
0881_0026_0011_0053_0053.jpg 1 26 11 53 53
0882_0028_0026_0057_0057.jpg 1 28 26 57 57
0883_0033_0009_0061_0061.jpg 1 33 9 61 61
0884_0032_0026_0056_0056.jpg 1 32 26 56 56
0885_0033_0034_0049_0049.jpg 1 33 34 49 49
0886_0025_0027_0056_0056.jpg 1 25 27 56 56
0887_0021_0033_0059_0059.jpg 1 21 33 59 59
0888_0027_0036_0049_0049.jpg 1 27 36 49 49
0889_0037_0011_0031_0031.jpg 1 37 11 31 31
0890_0029_0048_0044_0044.jpg 1 29 48 44 44
0891_0036_0012_0040_0040.jpg 1 36 12 40 40
0892_0024_0016_0044_0044.jpg 1 24 16 44 44
0893_0008_0031_0058_0058.jpg 1 8 31 58 58
0894_0035_0033_0052_0052.jpg 1 35 33 52 52
0895_0022_0016_0060_0060.jpg 1 22 16 60 60
0896_0027_0014_0058_0058.jpg 1 27 14 58 58
0897_0035_0009_0033_0033.jpg 1 35 9 33 33
0898_0024_0026_0054_0054.jpg 1 24 26 54 54
0899_0035_0045_0048_0048.jpg 1 35 45 48 48
0900_0022_0054_0035_0035.jpg 1 22 54 35 35
0901_0046_0042_0045_0045.jpg 1 46 42 45 45
0902_0043_0056_0026_0026.jpg 1 43 56 26 26
0903_0018_0013_0059_0059.jpg 1 18 13 59 59
0904_0005_0047_0046_0046.jpg 1 5 47 46 46
0905_0014_0022_0060_0060.jpg 1 14 22 60 60
0906_0021_0037_0057_0057.jpg 1 21 37 57 57
0907_0036_0014_0056_0056.jpg 1 36 14 56 56
0908_0007_0044_0031_0031.jpg 1 7 44 31 31
0909_0033_0024_0033_0033.jpg 1 33 24 33 33
0910_0012_0010_0046_0046.jpg 1 12 10 46 46
0911_0003_0022_0069_0069.jpg 1 3 22 69 69
0912_0047_0007_0047_0047.jpg 1 47 7 47 47
0913_0032_0011_0061_0061.jpg 1 32 11 61 61
0914_0051_0016_0040_0040.jpg 1 51 16 40 40
0915_0019_0057_0028_0028.jpg 1 19 57 28 28
0916_0038_0010_0053_0053.jpg 1 38 10 53 53
0917_0033_0055_0036_0036.jpg 1 33 55 36 36
0918_0014_0019_0065_0065.jpg 1 14 19 65 65
0919_0020_0013_0054_0054.jpg 1 20 13 54 54
0920_0026_0016_0068_0068.jpg 1 26 16 68 68
0921_0048_0057_0026_0026.jpg 1 48 57 26 26
0922_0012_0007_0056_0056.jpg 1 12 7 56 56
0923_0029_0022_0064_0064.jpg 1 29 22 64 64
0924_0011_0030_0049_0049.jpg 1 11 30 49 49
0925_0029_0017_0067_0067.jpg 1 29 17 67 67
0926_0007_0033_0052_0052.jpg 1 7 33 52 52
0927_0005_0008_0064_0064.jpg 1 5 8 64 64
0928_0040_0006_0044_0044.jpg 1 40 6 44 44
0929_0017_0020_0036_0036.jpg 1 17 20 36 36
0930_0029_0055_0037_0037.jpg 1 29 55 37 37
0931_0035_0047_0029_0029.jpg 1 35 47 29 29
0932_0045_0008_0031_0031.jpg 1 45 8 31 31
0933_0012_0012_0041_0041.jpg 1 12 12 41 41
0934_0036_0048_0042_0042.jpg 1 36 48 42 42
0935_0027_0013_0056_0056.jpg 1 27 13 56 56
0936_0015_0024_0067_0067.jpg 1 15 24 67 67
0937_0031_0045_0025_0025.jpg 1 31 45 25 25
0938_0038_0062_0028_0028.jpg 1 38 62 28 28
0939_0032_0013_0060_0060.jpg 1 32 13 60 60
0940_0019_0061_0031_0031.jpg 1 19 61 31 31
0941_0021_0036_0055_0055.jpg 1 21 36 55 55
0942_0026_0050_0042_0042.jpg 1 26 50 42 42
0943_0018_0024_0024_0024.jpg 1 18 24 24 24
0944_0021_0030_0060_0060.jpg 1 21 30 60 60
0945_0015_0007_0065_0065.jpg 1 15 7 65 65
0946_0011_0038_0045_0045.jpg 1 11 38 45 45
0947_0008_0030_0059_0059.jpg 1 8 30 59 59
0948_0014_0033_0053_0053.jpg 1 14 33 53 53
0949_0031_0006_0060_0060.jpg 1 31 6 60 60
0950_0035_0030_0030_0030.jpg 1 35 30 30 30
0951_0036_0012_0054_0054.jpg 1 36 12 54 54
0952_0016_0025_0061_0061.jpg 1 16 25 61 61
0953_0042_0015_0037_0037.jpg 1 42 15 37 37
0954_0044_0047_0032_0032.jpg 1 44 47 32 32
0955_0024_0027_0063_0063.jpg 1 24 27 63 63
0956_0010_0024_0027_0027.jpg 1 10 24 27 27
0957_0017_0011_0052_0052.jpg 1 17 11 52 52
0958_0030_0023_0053_0053.jpg 1 30 23 53 53
0959_0017_0017_0042_0042.jpg 1 17 17 42 42
0960_0018_0038_0032_0032.jpg 1 18 38 32 32
0961_0006_0018_0049_0049.jpg 1 6 18 49 49
0962_0027_0051_0041_0041.jpg 1 27 51 41 41
0963_0011_0039_0056_0056.jpg 1 11 39 56 56
0964_0038_0012_0040_0040.jpg 1 38 12 40 40
0965_0011_0025_0067_0067.jpg 1 11 25 67 67
0966_0038_0011_0036_0036.jpg 1 38 11 36 36
0967_0009_0022_0062_0062.jpg 1 9 22 62 62
0968_0043_0024_0048_0048.jpg 1 43 24 48 48
0969_0013_0010_0067_0067.jpg 1 13 10 67 67
0970_0021_0008_0054_0054.jpg 1 21 8 54 54
0971_0020_0009_0066_0066.jpg 1 20 9 66 66
0972_0034_0019_0060_0060.jpg 1 34 19 60 60
0973_0023_0041_0045_0045.jpg 1 23 41 45 45
0974_0027_0026_0059_0059.jpg 1 27 26 59 59
0975_0035_0037_0049_0049.jpg 1 35 37 49 49
0976_0012_0030_0061_0061.jpg 1 12 30 61 61
0977_0007_0039_0050_0050.jpg 1 7 39 50 50
0978_0037_0039_0024_0024.jpg 1 37 39 24 24
0979_0021_0041_0025_0025.jpg 1 21 41 25 25
0980_0038_0024_0029_0029.jpg 1 38 24 29 29
0981_0023_0006_0060_0060.jpg 1 23 6 60 60
0982_0012_0029_0040_0040.jpg 1 12 29 40 40
0983_0011_0013_0068_0068.jpg 1 11 13 68 68
0984_0037_0006_0047_0047.jpg 1 37 6 47 47
0985_0032_0010_0048_0048.jpg 1 32 10 48 48
0986_0008_0010_0060_0060.jpg 1 8 10 60 60
0987_0029_0012_0044_0044.jpg 1 29 12 44 44
0988_0043_0009_0043_0043.jpg 1 43 9 43 43
0989_0010_0037_0044_0044.jpg 1 10 37 44 44
0990_0039_0016_0052_0052.jpg 1 39 16 52 52
0991_0030_0011_0046_0046.jpg 1 30 11 46 46
0992_0037_0042_0041_0041.jpg 1 37 42 41 41
0993_0004_0011_0059_0059.jpg 1 4 11 59 59
0994_0026_0029_0062_0062.jpg 1 26 29 62 62
0995_0019_0021_0044_0044.jpg 1 19 21 44 44
0996_0058_0008_0034_0034.jpg 1 58 8 34 34
0997_0016_0033_0061_0061.jpg 1 16 33 61 61
0998_0034_0031_0049_0049.jpg 1 34 31 49 49
0999_0028_0052_0040_0040.jpg 1 28 52 40 40
1000_0008_0030_0054_0054.jpg 1 8 30 54 54
1001_0021_0035_0032_0032.jpg 1 21 35 32 32
1002_0030_0041_0038_0038.jpg 1 30 41 38 38
1003_0040_0039_0036_0036.jpg 1 40 39 36 36
1004_0047_0005_0046_0046.jpg 1 47 5 46 46
1005_0021_0018_0035_0035.jpg 1 21 18 35 35
1006_0011_0030_0049_0049.jpg 1 11 30 49 49
1007_0011_0035_0058_0058.jpg 1 11 35 58 58
1008_0062_0064_0024_0024.jpg 1 62 64 24 24
1009_0041_0025_0047_0047.jpg 1 41 25 47 47
1010_0011_0028_0063_0063.jpg 1 11 28 63 63
1011_0065_0046_0026_0026.jpg 1 65 46 26 26
1012_0028_0027_0047_0047.jpg 1 28 27 47 47
1013_0024_0005_0068_0068.jpg 1 24 5 68 68
1014_0029_0008_0044_0044.jpg 1 29 8 44 44
1015_0014_0013_0058_0058.jpg 1 14 13 58 58
1016_0036_0020_0045_0045.jpg 1 36 20 45 45
1017_0026_0037_0044_0044.jpg 1 26 37 44 44
1018_0040_0040_0045_0045.jpg 1 40 40 45 45
1019_0030_0011_0062_0062.jpg 1 30 11 62 62
1020_0021_0053_0025_0025.jpg 1 21 53 25 25
1021_0026_0021_0028_0028.jpg 1 26 21 28 28
1022_0046_0025_0044_0044.jpg 1 46 25 44 44
1023_0033_0025_0039_0039.jpg 1 33 25 39 39
1024_0047_0024_0044_0044.jpg 1 47 24 44 44
1025_0008_0007_0051_0051.jpg 1 8 7 51 51
1026_0027_0041_0050_0050.jpg 1 27 41 50 50
1027_0017_0019_0048_0048.jpg 1 17 19 48 48
1028_0024_0034_0034_0034.jpg 1 24 34 34 34
1029_0020_0025_0055_0055.jpg 1 20 25 55 55
1030_0017_0052_0032_0032.jpg 1 17 52 32 32
1031_0006_0042_0043_0043.jpg 1 6 42 43 43
1032_0028_0013_0060_0060.jpg 1 28 13 60 60
1033_0005_0026_0044_0044.jpg 1 5 26 44 44
1034_0059_0013_0024_0024.jpg 1 59 13 24 24
1035_0035_0010_0024_0024.jpg 1 35 10 24 24
1036_0041_0016_0053_0053.jpg 1 41 16 53 53
1037_0007_0009_0055_0055.jpg 1 7 9 55 55
1038_0006_0006_0054_0054.jpg 1 6 6 54 54
1039_0005_0010_0059_0059.jpg 1 5 10 59 59
1040_0010_0030_0060_0060.jpg 1 10 30 60 60
1041_0040_0007_0041_0041.jpg 1 40 7 41 41
1042_0020_0028_0068_0068.jpg 1 20 28 68 68
1043_0058_0048_0024_0024.jpg 1 58 48 24 24
1044_0057_0020_0034_0034.jpg 1 57 20 34 34
1045_0015_0005_0067_0067.jpg 1 15 5 67 67
1046_0049_0029_0039_0039.jpg 1 49 29 39 39
1047_0023_0032_0030_0030.jpg 1 23 32 30 30
1048_0063_0032_0029_0029.jpg 1 63 32 29 29
1049_0008_0005_0057_0057.jpg 1 8 5 57 57
1050_0058_0051_0030_0030.jpg 1 58 51 30 30
1051_0018_0040_0032_0032.jpg 1 18 40 32 32
1052_0006_0013_0039_0039.jpg 1 6 13 39 39
1053_0057_0048_0034_0034.jpg 1 57 48 34 34
1054_0064_0019_0026_0026.jpg 1 64 19 26 26
1055_0044_0039_0028_0028.jpg 1 44 39 28 28
1056_0026_0013_0060_0060.jpg 1 26 13 60 60
1057_0014_0035_0055_0055.jpg 1 14 35 55 55
1058_0011_0024_0048_0048.jpg 1 11 24 48 48
1059_0043_0034_0030_0030.jpg 1 43 34 30 30
1060_0020_0018_0059_0059.jpg 1 20 18 59 59
1061_0028_0045_0033_0033.jpg 1 28 45 33 33
1062_0023_0007_0027_0027.jpg 1 23 7 27 27
1063_0023_0044_0033_0033.jpg 1 23 44 33 33
1064_0036_0011_0039_0039.jpg 1 36 11 39 39
1065_0033_0012_0041_0041.jpg 1 33 12 41 41
1066_0034_0025_0052_0052.jpg 1 34 25 52 52
1067_0030_0007_0037_0037.jpg 1 30 7 37 37
1068_0029_0012_0055_0055.jpg 1 29 12 55 55
1069_0041_0031_0045_0045.jpg 1 41 31 45 45
1070_0043_0022_0024_0024.jpg 1 43 22 24 24
1071_0026_0008_0062_0062.jpg 1 26 8 62 62
1072_0039_0019_0051_0051.jpg 1 39 19 51 51
1073_0025_0021_0062_0062.jpg 1 25 21 62 62
1074_0057_0019_0035_0035.jpg 1 57 19 35 35
1075_0025_0014_0026_0026.jpg 1 25 14 26 26
1076_0024_0014_0055_0055.jpg 1 24 14 55 55
1077_0027_0012_0044_0044.jpg 1 27 12 44 44
1078_0015_0028_0068_0068.jpg 1 15 28 68 68
1079_0042_0027_0040_0040.jpg 1 42 27 40 40
1080_0013_0007_0064_0064.jpg 1 13 7 64 64
1081_0046_0012_0024_0024.jpg 1 46 12 24 24
1082_0030_0021_0056_0056.jpg 1 30 21 56 56
1083_0006_0033_0056_0056.jpg 1 6 33 56 56
1084_0033_0004_0058_0058.jpg 1 33 4 58 58
1085_0005_0021_0049_0049.jpg 1 5 21 49 49
1086_0020_0049_0041_0041.jpg 1 20 49 41 41
1087_0011_0008_0069_0069.jpg 1 11 8 69 69
1088_0023_0008_0064_0064.jpg 1 23 8 64 64
1089_0024_0028_0056_0056.jpg 1 24 28 56 56
1090_0032_0034_0053_0053.jpg 1 32 34 53 53
1091_0045_0022_0043_0043.jpg 1 45 22 43 43
1092_0016_0033_0036_0036.jpg 1 16 33 36 36
1093_0023_0034_0027_0027.jpg 1 23 34 27 27
1094_0018_0030_0030_0030.jpg 1 18 30 30 30
1095_0027_0009_0064_0064.jpg 1 27 9 64 64
1096_0018_0036_0055_0055.jpg 1 18 36 55 55
1097_0004_0025_0055_0055.jpg 1 4 25 55 55
1098_0037_0025_0029_0029.jpg 1 37 25 29 29
1099_0018_0011_0037_0037.jpg 1 18 11 37 37
1100_0059_0037_0026_0026.jpg 1 59 37 26 26
1101_0029_0039_0034_0034.jpg 1 29 39 34 34
1102_0006_0027_0048_0048.jpg 1 6 27 48 48
1103_0054_0028_0027_0027.jpg 1 54 28 27 27
1104_0024_0014_0061_0061.jpg 1 24 14 61 61
1105_0035_0011_0051_0051.jpg 1 35 11 51 51
1106_0020_0041_0053_0053.jpg 1 20 41 53 53
1107_0048_0032_0040_0040.jpg 1 48 32 40 40
1108_0008_0025_0038_0038.jpg 1 8 25 38 38
1109_0059_0025_0028_0028.jpg 1 59 25 28 28
1110_0035_0053_0034_0034.jpg 1 35 53 34 34
1111_0013_0039_0048_0048.jpg 1 13 39 48 48
1112_0033_0018_0032_0032.jpg 1 33 18 32 32
1113_0027_0026_0069_0069.jpg 1 27 26 69 69
1114_0033_0018_0028_0028.jpg 1 33 18 28 28
1115_0041_0022_0047_0047.jpg 1 41 22 47 47
1116_0025_0011_0054_0054.jpg 1 25 11 54 54
1117_0019_0008_0056_0056.jpg 1 19 8 56 56
1118_0014_0047_0039_0039.jpg 1 14 47 39 39
1119_0014_0055_0029_0029.jpg 1 14 55 29 29
1120_0047_0059_0028_0028.jpg 1 47 59 28 28
1121_0050_0033_0039_0039.jpg 1 50 33 39 39
1122_0021_0010_0060_0060.jpg 1 21 10 60 60
1123_0022_0025_0049_0049.jpg 1 22 25 49 49
1124_0015_0040_0030_0030.jpg 1 15 40 30 30
1125_0003_0024_0068_0068.jpg 1 3 24 68 68
1126_0015_0025_0039_0039.jpg 1 15 25 39 39
1127_0006_0036_0052_0052.jpg 1 6 36 52 52
1128_0049_0028_0037_0037.jpg 1 49 28 37 37
1129_0023_0059_0024_0024.jpg 1 23 59 24 24
1130_0020_0042_0042_0042.jpg 1 20 42 42 42
1131_0017_0050_0033_0033.jpg 1 17 50 33 33
1132_0022_0062_0030_0030.jpg 1 22 62 30 30
1133_0037_0015_0055_0055.jpg 1 37 15 55 55
1134_0041_0017_0031_0031.jpg 1 41 17 31 31
1135_0030_0017_0054_0054.jpg 1 30 17 54 54
1136_0012_0018_0064_0064.jpg 1 12 18 64 64
1137_0053_0049_0036_0036.jpg 1 53 49 36 36
1138_0018_0031_0026_0026.jpg 1 18 31 26 26
1139_0009_0036_0029_0029.jpg 1 9 36 29 29
1140_0011_0021_0048_0048.jpg 1 11 21 48 48
1141_0032_0029_0051_0051.jpg 1 32 29 51 51
1142_0024_0036_0027_0027.jpg 1 24 36 27 27
1143_0006_0007_0064_0064.jpg 1 6 7 64 64
1144_0014_0026_0043_0043.jpg 1 14 26 43 43
1145_0011_0036_0039_0039.jpg 1 11 36 39 39
1146_0025_0017_0035_0035.jpg 1 25 17 35 35
1147_0006_0032_0061_0061.jpg 1 6 32 61 61
1148_0038_0022_0049_0049.jpg 1 38 22 49 49
1149_0017_0006_0041_0041.jpg 1 17 6 41 41
1150_0027_0013_0062_0062.jpg 1 27 13 62 62
1151_0021_0005_0057_0057.jpg 1 21 5 57 57
1152_0015_0010_0064_0064.jpg 1 15 10 64 64
1153_0023_0034_0035_0035.jpg 1 23 34 35 35
1154_0026_0030_0066_0066.jpg 1 26 30 66 66
1155_0031_0019_0057_0057.jpg 1 31 19 57 57
1156_0007_0018_0061_0061.jpg 1 7 18 61 61
1157_0031_0041_0047_0047.jpg 1 31 41 47 47
1158_0024_0014_0050_0050.jpg 1 24 14 50 50
1159_0023_0011_0051_0051.jpg 1 23 11 51 51
1160_0034_0028_0049_0049.jpg 1 34 28 49 49
1161_0025_0067_0025_0025.jpg 1 25 67 25 25
1162_0023_0014_0041_0041.jpg 1 23 14 41 41
1163_0053_0047_0032_0032.jpg 1 53 47 32 32
1164_0033_0027_0042_0042.jpg 1 33 27 42 42
1165_0017_0034_0046_0046.jpg 1 17 34 46 46
1166_0023_0021_0059_0059.jpg 1 23 21 59 59
1167_0033_0024_0060_0060.jpg 1 33 24 60 60
1168_0034_0044_0034_0034.jpg 1 34 44 34 34
1169_0009_0029_0051_0051.jpg 1 9 29 51 51
1170_0031_0047_0041_0041.jpg 1 31 47 41 41
1171_0016_0030_0046_0046.jpg 1 16 30 46 46
1172_0024_0006_0059_0059.jpg 1 24 6 59 59
1173_0038_0010_0052_0052.jpg 1 38 10 52 52
1174_0049_0011_0043_0043.jpg 1 49 11 43 43
1175_0043_0041_0048_0048.jpg 1 43 41 48 48
1176_0015_0046_0027_0027.jpg 1 15 46 27 27
1177_0006_0012_0056_0056.jpg 1 6 12 56 56
1178_0046_0056_0026_0026.jpg 1 46 56 26 26
1179_0013_0033_0059_0059.jpg 1 13 33 59 59
1180_0016_0022_0060_0060.jpg 1 16 22 60 60
1181_0028_0013_0033_0033.jpg 1 28 13 33 33
1182_0016_0022_0061_0061.jpg 1 16 22 61 61
1183_0028_0012_0066_0066.jpg 1 28 12 66 66
1184_0027_0005_0053_0053.jpg 1 27 5 53 53
1185_0051_0044_0029_0029.jpg 1 51 44 29 29
1186_0025_0015_0067_0067.jpg 1 25 15 67 67
1187_0035_0051_0027_0027.jpg 1 35 51 27 27
1188_0031_0035_0057_0057.jpg 1 31 35 57 57
1189_0009_0033_0043_0043.jpg 1 9 33 43 43
1190_0015_0011_0058_0058.jpg 1 15 11 58 58
1191_0017_0021_0069_0069.jpg 1 17 21 69 69
1192_0023_0005_0065_0065.jpg 1 23 5 65 65
1193_0011_0007_0044_0044.jpg 1 11 7 44 44
1194_0065_0058_0024_0024.jpg 1 65 58 24 24
1195_0036_0024_0043_0043.jpg 1 36 24 43 43
1196_0036_0043_0035_0035.jpg 1 36 43 35 35
1197_0030_0044_0037_0037.jpg 1 30 44 37 37
1198_0012_0047_0039_0039.jpg 1 12 47 39 39
1199_0040_0037_0052_0052.jpg 1 40 37 52 52
1200_0010_0045_0036_0036.jpg 1 10 45 36 36
1201_0024_0040_0032_0032.jpg 1 24 40 32 32
1202_0033_0031_0051_0051.jpg 1 33 31 51 51
1203_0005_0015_0053_0053.jpg 1 5 15 53 53
1204_0015_0016_0044_0044.jpg 1 15 16 44 44
1205_0015_0031_0062_0062.jpg 1 15 31 62 62
1206_0051_0008_0031_0031.jpg 1 51 8 31 31
1207_0010_0028_0055_0055.jpg 1 10 28 55 55
1208_0009_0033_0047_0047.jpg 1 9 33 47 47
1209_0029_0027_0060_0060.jpg 1 29 27 60 60
1210_0030_0020_0045_0045.jpg 1 30 20 45 45
1211_0041_0041_0049_0049.jpg 1 41 41 49 49
1212_0034_0015_0061_0061.jpg 1 34 15 61 61
1213_0027_0016_0066_0066.jpg 1 27 16 66 66
1214_0017_0007_0033_0033.jpg 1 17 7 33 33
1215_0027_0011_0066_0066.jpg 1 27 11 66 66
1216_0033_0004_0061_0061.jpg 1 33 4 61 61
1217_0014_0042_0052_0052.jpg 1 14 42 52 52
1218_0028_0032_0060_0060.jpg 1 28 32 60 60
1219_0033_0034_0061_0061.jpg 1 33 34 61 61
1220_0055_0044_0036_0036.jpg 1 55 44 36 36
1221_0025_0012_0039_0039.jpg 1 25 12 39 39
1222_0035_0024_0060_0060.jpg 1 35 24 60 60
1223_0025_0005_0067_0067.jpg 1 25 5 67 67
1224_0022_0028_0059_0059.jpg 1 22 28 59 59
1225_0025_0005_0064_0064.jpg 1 25 5 64 64
1226_0021_0008_0032_0032.jpg 1 21 8 32 32
1227_0018_0029_0026_0026.jpg 1 18 29 26 26
1228_0063_0039_0027_0027.jpg 1 63 39 27 27
1229_0020_0024_0060_0060.jpg 1 20 24 60 60
1230_0021_0018_0058_0058.jpg 1 21 18 58 58
1231_0016_0027_0039_0039.jpg 1 16 27 39 39
1232_0037_0024_0043_0043.jpg 1 37 24 43 43
1233_0023_0031_0058_0058.jpg 1 23 31 58 58
1234_0042_0008_0050_0050.jpg 1 42 8 50 50
1235_0031_0009_0058_0058.jpg 1 31 9 58 58
1236_0019_0020_0068_0068.jpg 1 19 20 68 68
1237_0010_0029_0065_0065.jpg 1 10 29 65 65
1238_0008_0034_0035_0035.jpg 1 8 34 35 35
1239_0019_0047_0047_0047.jpg 1 19 47 47 47
1240_0051_0018_0031_0031.jpg 1 51 18 31 31
1241_0020_0019_0036_0036.jpg 1 20 19 36 36
1242_0022_0008_0041_0041.jpg 1 22 8 41 41
1243_0025_0028_0039_0039.jpg 1 25 28 39 39
1244_0027_0046_0027_0027.jpg 1 27 46 27 27
1245_0047_0014_0030_0030.jpg 1 47 14 30 30
1246_0017_0027_0064_0064.jpg 1 17 27 64 64
1247_0028_0016_0064_0064.jpg 1 28 16 64 64
1248_0011_0004_0061_0061.jpg 1 11 4 61 61
1249_0039_0031_0043_0043.jpg 1 39 31 43 43
1250_0045_0033_0042_0042.jpg 1 45 33 42 42
1251_0047_0043_0028_0028.jpg 1 47 43 28 28
1252_0012_0025_0064_0064.jpg 1 12 25 64 64
1253_0016_0015_0068_0068.jpg 1 16 15 68 68
1254_0027_0034_0054_0054.jpg 1 27 34 54 54
1255_0033_0033_0054_0054.jpg 1 33 33 54 54
1256_0006_0020_0050_0050.jpg 1 6 20 50 50
1257_0014_0012_0026_0026.jpg 1 14 12 26 26
1258_0021_0005_0062_0062.jpg 1 21 5 62 62
1259_0048_0015_0036_0036.jpg 1 48 15 36 36
1260_0029_0042_0039_0039.jpg 1 29 42 39 39
1261_0018_0017_0054_0054.jpg 1 18 17 54 54
1262_0029_0018_0067_0067.jpg 1 29 18 67 67
1263_0023_0008_0027_0027.jpg 1 23 8 27 27
1264_0011_0033_0029_0029.jpg 1 11 33 29 29
1265_0024_0010_0067_0067.jpg 1 24 10 67 67
1266_0030_0026_0036_0036.jpg 1 30 26 36 36
1267_0006_0021_0069_0069.jpg 1 6 21 69 69
1268_0023_0010_0060_0060.jpg 1 23 10 60 60
1269_0022_0019_0046_0046.jpg 1 22 19 46 46
1270_0039_0041_0051_0051.jpg 1 39 41 51 51
1271_0054_0029_0032_0032.jpg 1 54 29 32 32
1272_0048_0010_0045_0045.jpg 1 48 10 45 45
1273_0020_0029_0060_0060.jpg 1 20 29 60 60
1274_0011_0012_0058_0058.jpg 1 11 12 58 58
1275_0020_0013_0037_0037.jpg 1 20 13 37 37
1276_0008_0009_0067_0067.jpg 1 8 9 67 67
1277_0039_0010_0050_0050.jpg 1 39 10 50 50
1278_0017_0015_0061_0061.jpg 1 17 15 61 61
1279_0012_0012_0068_0068.jpg 1 12 12 68 68
1280_0017_0056_0026_0026.jpg 1 17 56 26 26
1281_0019_0030_0032_0032.jpg 1 19 30 32 32
1282_0017_0036_0054_0054.jpg 1 17 36 54 54
1283_0019_0024_0028_0028.jpg 1 19 24 28 28
1284_0018_0021_0069_0069.jpg 1 18 21 69 69
1285_0015_0020_0067_0067.jpg 1 15 20 67 67
1286_0033_0006_0034_0034.jpg 1 33 6 34 34
1287_0047_0023_0038_0038.jpg 1 47 23 38 38
1288_0032_0030_0058_0058.jpg 1 32 30 58 58
1289_0013_0011_0051_0051.jpg 1 13 11 51 51
1290_0006_0010_0064_0064.jpg 1 6 10 64 64
1291_0011_0025_0036_0036.jpg 1 11 25 36 36
1292_0044_0011_0044_0044.jpg 1 44 11 44 44
1293_0006_0042_0050_0050.jpg 1 6 42 50 50
1294_0026_0020_0063_0063.jpg 1 26 20 63 63
1295_0043_0014_0025_0025.jpg 1 43 14 25 25
1296_0036_0028_0059_0059.jpg 1 36 28 59 59
1297_0007_0008_0044_0044.jpg 1 7 8 44 44
1298_0024_0041_0051_0051.jpg 1 24 41 51 51
1299_0024_0031_0048_0048.jpg 1 24 31 48 48
1300_0051_0035_0037_0037.jpg 1 51 35 37 37
1301_0048_0011_0037_0037.jpg 1 48 11 37 37
1302_0041_0036_0030_0030.jpg 1 41 36 30 30
1303_0013_0019_0062_0062.jpg 1 13 19 62 62
1304_0015_0009_0062_0062.jpg 1 15 9 62 62
1305_0037_0032_0025_0025.jpg 1 37 32 25 25
1306_0024_0015_0045_0045.jpg 1 24 15 45 45
1307_0007_0023_0051_0051.jpg 1 7 23 51 51
1308_0012_0029_0064_0064.jpg 1 12 29 64 64
1309_0012_0019_0064_0064.jpg 1 12 19 64 64
1310_0012_0028_0066_0066.jpg 1 12 28 66 66
1311_0048_0032_0039_0039.jpg 1 48 32 39 39
1312_0016_0009_0068_0068.jpg 1 16 9 68 68
1313_0032_0030_0051_0051.jpg 1 32 30 51 51
1314_0025_0005_0048_0048.jpg 1 25 5 48 48
1315_0026_0015_0069_0069.jpg 1 26 15 69 69
1316_0041_0036_0024_0024.jpg 1 41 36 24 24
1317_0007_0022_0069_0069.jpg 1 7 22 69 69
1318_0044_0030_0044_0044.jpg 1 44 30 44 44
1319_0036_0028_0026_0026.jpg 1 36 28 26 26
1320_0031_0030_0055_0055.jpg 1 31 30 55 55
1321_0010_0024_0033_0033.jpg 1 10 24 33 33
1322_0009_0050_0035_0035.jpg 1 9 50 35 35
1323_0033_0033_0032_0032.jpg 1 33 33 32 32
1324_0030_0018_0061_0061.jpg 1 30 18 61 61
1325_0033_0029_0032_0032.jpg 1 33 29 32 32
1326_0008_0041_0041_0041.jpg 1 8 41 41 41
1327_0036_0019_0042_0042.jpg 1 36 19 42 42
1328_0009_0004_0061_0061.jpg 1 9 4 61 61
1329_0009_0009_0066_0066.jpg 1 9 9 66 66
1330_0019_0048_0045_0045.jpg 1 19 48 45 45
1331_0016_0017_0049_0049.jpg 1 16 17 49 49
1332_0009_0020_0066_0066.jpg 1 9 20 66 66
1333_0018_0011_0068_0068.jpg 1 18 11 68 68
1334_0018_0023_0059_0059.jpg 1 18 23 59 59
1335_0007_0032_0056_0056.jpg 1 7 32 56 56
1336_0029_0012_0055_0055.jpg 1 29 12 55 55
1337_0011_0010_0055_0055.jpg 1 11 10 55 55
1338_0014_0018_0045_0045.jpg 1 14 18 45 45
1339_0014_0006_0042_0042.jpg 1 14 6 42 42
1340_0025_0025_0038_0038.jpg 1 25 25 38 38
1341_0004_0018_0056_0056.jpg 1 4 18 56 56
1342_0028_0053_0028_0028.jpg 1 28 53 28 28
1343_0052_0036_0033_0033.jpg 1 52 36 33 33
1344_0027_0005_0069_0069.jpg 1 27 5 69 69
1345_0013_0018_0038_0038.jpg 1 13 18 38 38
1346_0017_0011_0065_0065.jpg 1 17 11 65 65
1347_0015_0025_0066_0066.jpg 1 15 25 66 66
1348_0050_0044_0040_0040.jpg 1 50 44 40 40
1349_0028_0034_0056_0056.jpg 1 28 34 56 56
1350_0058_0045_0033_0033.jpg 1 58 45 33 33
1351_0023_0026_0026_0026.jpg 1 23 26 26 26
1352_0017_0004_0061_0061.jpg 1 17 4 61 61
1353_0030_0032_0049_0049.jpg 1 30 32 49 49
1354_0024_0009_0063_0063.jpg 1 24 9 63 63
1355_0033_0012_0032_0032.jpg 1 33 12 32 32
1356_0009_0020_0064_0064.jpg 1 9 20 64 64
1357_0046_0056_0031_0031.jpg 1 46 56 31 31
1358_0012_0022_0043_0043.jpg 1 12 22 43 43
1359_0052_0009_0038_0038.jpg 1 52 9 38 38
1360_0017_0007_0054_0054.jpg 1 17 7 54 54
1361_0031_0053_0026_0026.jpg 1 31 53 26 26
1362_0007_0030_0061_0061.jpg 1 7 30 61 61
1363_0009_0026_0034_0034.jpg 1 9 26 34 34
1364_0024_0017_0028_0028.jpg 1 24 17 28 28
1365_0038_0061_0032_0032.jpg 1 38 61 32 32
1366_0033_0026_0043_0043.jpg 1 33 26 43 43
1367_0023_0027_0065_0065.jpg 1 23 27 65 65
1368_0035_0049_0045_0045.jpg 1 35 49 45 45
1369_0032_0009_0042_0042.jpg 1 32 9 42 42
1370_0033_0031_0054_0054.jpg 1 33 31 54 54
1371_0008_0012_0066_0066.jpg 1 8 12 66 66
1372_0010_0026_0052_0052.jpg 1 10 26 52 52
1373_0036_0028_0059_0059.jpg 1 36 28 59 59
1374_0047_0020_0036_0036.jpg 1 47 20 36 36
1375_0032_0038_0056_0056.jpg 1 32 38 56 56
1376_0017_0010_0047_0047.jpg 1 17 10 47 47
1377_0039_0024_0024_0024.jpg 1 39 24 24 24
1378_0027_0005_0055_0055.jpg 1 27 5 55 55
1379_0015_0051_0028_0028.jpg 1 15 51 28 28
1380_0024_0026_0045_0045.jpg 1 24 26 45 45
1381_0032_0031_0062_0062.jpg 1 32 31 62 62
1382_0005_0041_0046_0046.jpg 1 5 41 46 46
1383_0032_0040_0047_0047.jpg 1 32 40 47 47
1384_0032_0024_0050_0050.jpg 1 32 24 50 50
1385_0049_0015_0037_0037.jpg 1 49 15 37 37
1386_0014_0026_0052_0052.jpg 1 14 26 52 52
1387_0030_0037_0045_0045.jpg 1 30 37 45 45
1388_0043_0023_0026_0026.jpg 1 43 23 26 26
1389_0043_0026_0033_0033.jpg 1 43 26 33 33
1390_0009_0022_0068_0068.jpg 1 9 22 68 68
1391_0027_0029_0067_0067.jpg 1 27 29 67 67
1392_0012_0030_0057_0057.jpg 1 12 30 57 57
1393_0026_0038_0047_0047.jpg 1 26 38 47 47
1394_0009_0037_0049_0049.jpg 1 9 37 49 49
1395_0014_0016_0055_0055.jpg 1 14 16 55 55
1396_0053_0056_0035_0035.jpg 1 53 56 35 35
1397_0037_0012_0052_0052.jpg 1 37 12 52 52
1398_0027_0030_0024_0024.jpg 1 27 30 24 24
1399_0030_0011_0053_0053.jpg 1 30 11 53 53
1400_0009_0018_0049_0049.jpg 1 9 18 49 49
1401_0024_0010_0062_0062.jpg 1 24 10 62 62
1402_0013_0024_0069_0069.jpg 1 13 24 69 69
1403_0030_0053_0036_0036.jpg 1 30 53 36 36
1404_0025_0016_0036_0036.jpg 1 25 16 36 36
1405_0011_0026_0056_0056.jpg 1 11 26 56 56
1406_0046_0036_0041_0041.jpg 1 46 36 41 41
1407_0019_0025_0026_0026.jpg 1 19 25 26 26
1408_0007_0006_0069_0069.jpg 1 7 6 69 69
1409_0045_0043_0041_0041.jpg 1 45 43 41 41
1410_0006_0019_0063_0063.jpg 1 6 19 63 63
1411_0024_0037_0054_0054.jpg 1 24 37 54 54
1412_0031_0015_0058_0058.jpg 1 31 15 58 58
1413_0064_0009_0024_0024.jpg 1 64 9 24 24
1414_0019_0015_0030_0030.jpg 1 19 15 30 30
1415_0007_0020_0050_0050.jpg 1 7 20 50 50
1416_0015_0048_0040_0040.jpg 1 15 48 40 40
1417_0051_0061_0029_0029.jpg 1 51 61 29 29
1418_0048_0017_0045_0045.jpg 1 48 17 45 45
1419_0017_0056_0033_0033.jpg 1 17 56 33 33
1420_0030_0014_0059_0059.jpg 1 30 14 59 59
1421_0013_0026_0068_0068.jpg 1 13 26 68 68
1422_0020_0009_0064_0064.jpg 1 20 9 64 64
1423_0009_0031_0047_0047.jpg 1 9 31 47 47
1424_0032_0043_0044_0044.jpg 1 32 43 44 44
1425_0016_0011_0068_0068.jpg 1 16 11 68 68
1426_0028_0011_0051_0051.jpg 1 28 11 51 51
1427_0032_0049_0031_0031.jpg 1 32 49 31 31
1428_0027_0029_0060_0060.jpg 1 27 29 60 60
1429_0012_0029_0067_0067.jpg 1 12 29 67 67
1430_0042_0035_0046_0046.jpg 1 42 35 46 46
1431_0034_0028_0027_0027.jpg 1 34 28 27 27
1432_0035_0005_0043_0043.jpg 1 35 5 43 43
1433_0019_0026_0056_0056.jpg 1 19 26 56 56
1434_0019_0052_0040_0040.jpg 1 19 52 40 40
1435_0025_0017_0055_0055.jpg 1 25 17 55 55
1436_0033_0008_0053_0053.jpg 1 33 8 53 53
1437_0042_0012_0033_0033.jpg 1 42 12 33 33
1438_0044_0016_0039_0039.jpg 1 44 16 39 39
1439_0032_0012_0040_0040.jpg 1 32 12 40 40
1440_0017_0034_0061_0061.jpg 1 17 34 61 61
1441_0011_0056_0027_0027.jpg 1 11 56 27 27
1442_0013_0010_0036_0036.jpg 1 13 10 36 36
1443_0007_0028_0061_0061.jpg 1 7 28 61 61
1444_0034_0009_0053_0053.jpg 1 34 9 53 53
1445_0022_0010_0065_0065.jpg 1 22 10 65 65
1446_0055_0007_0030_0030.jpg 1 55 7 30 30
1447_0008_0032_0042_0042.jpg 1 8 32 42 42
1448_0032_0006_0052_0052.jpg 1 32 6 52 52
1449_0017_0004_0055_0055.jpg 1 17 4 55 55
1450_0009_0035_0039_0039.jpg 1 9 35 39 39
1451_0042_0015_0049_0049.jpg 1 42 15 49 49
1452_0030_0028_0044_0044.jpg 1 30 28 44 44
1453_0055_0039_0029_0029.jpg 1 55 39 29 29
1454_0029_0063_0028_0028.jpg 1 29 63 28 28
1455_0060_0035_0030_0030.jpg 1 60 35 30 30
1456_0014_0012_0035_0035.jpg 1 14 12 35 35
1457_0034_0029_0027_0027.jpg 1 34 29 27 27
1458_0025_0009_0064_0064.jpg 1 25 9 64 64
1459_0006_0010_0060_0060.jpg 1 6 10 60 60
1460_0039_0036_0029_0029.jpg 1 39 36 29 29
1461_0005_0015_0062_0062.jpg 1 5 15 62 62
1462_0018_0026_0058_0058.jpg 1 18 26 58 58
1463_0031_0050_0040_0040.jpg 1 31 50 40 40
1464_0009_0042_0044_0044.jpg 1 9 42 44 44
1465_0036_0017_0053_0053.jpg 1 36 17 53 53
1466_0028_0016_0055_0055.jpg 1 28 16 55 55
1467_0057_0016_0036_0036.jpg 1 57 16 36 36
1468_0010_0009_0033_0033.jpg 1 10 9 33 33
1469_0012_0008_0067_0067.jpg 1 12 8 67 67
1470_0054_0023_0026_0026.jpg 1 54 23 26 26
1471_0012_0033_0062_0062.jpg 1 12 33 62 62
1472_0038_0023_0043_0043.jpg 1 38 23 43 43
1473_0010_0019_0059_0059.jpg 1 10 19 59 59
1474_0031_0030_0065_0065.jpg 1 31 30 65 65
1475_0017_0036_0056_0056.jpg 1 17 36 56 56
1476_0010_0033_0049_0049.jpg 1 10 33 49 49
1477_0012_0038_0033_0033.jpg 1 12 38 33 33
1478_0013_0037_0042_0042.jpg 1 13 37 42 42
1479_0010_0055_0033_0033.jpg 1 10 55 33 33
1480_0036_0027_0059_0059.jpg 1 36 27 59 59
1481_0025_0019_0055_0055.jpg 1 25 19 55 55
1482_0052_0054_0029_0029.jpg 1 52 54 29 29
1483_0009_0013_0056_0056.jpg 1 9 13 56 56
1484_0031_0034_0045_0045.jpg 1 31 34 45 45
1485_0006_0024_0039_0039.jpg 1 6 24 39 39
1486_0042_0021_0049_0049.jpg 1 42 21 49 49
1487_0067_0019_0024_0024.jpg 1 67 19 24 24
1488_0031_0021_0048_0048.jpg 1 31 21 48 48
1489_0017_0007_0047_0047.jpg 1 17 7 47 47
1490_0048_0019_0039_0039.jpg 1 48 19 39 39
1491_0023_0011_0058_0058.jpg 1 23 11 58 58
1492_0007_0035_0056_0056.jpg 1 7 35 56 56
1493_0027_0015_0068_0068.jpg 1 27 15 68 68
1494_0013_0025_0056_0056.jpg 1 13 25 56 56
1495_0017_0019_0056_0056.jpg 1 17 19 56 56
1496_0015_0041_0027_0027.jpg 1 15 41 27 27
1497_0048_0026_0040_0040.jpg 1 48 26 40 40
1498_0025_0011_0065_0065.jpg 1 25 11 65 65
1499_0015_0057_0035_0035.jpg 1 15 57 35 35
1500_0006_0047_0039_0039.jpg 1 6 47 39 39
1501_0013_0043_0050_0050.jpg 1 13 43 50 50
1502_0011_0011_0045_0045.jpg 1 11 11 45 45
1503_0039_0018_0054_0054.jpg 1 39 18 54 54
1504_0050_0017_0034_0034.jpg 1 50 17 34 34
1505_0019_0045_0030_0030.jpg 1 19 45 30 30
1506_0037_0023_0054_0054.jpg 1 37 23 54 54
1507_0036_0042_0048_0048.jpg 1 36 42 48 48
1508_0018_0025_0065_0065.jpg 1 18 25 65 65
1509_0014_0010_0050_0050.jpg 1 14 10 50 50
1510_0014_0018_0061_0061.jpg 1 14 18 61 61
1511_0042_0060_0030_0030.jpg 1 42 60 30 30
1512_0046_0046_0034_0034.jpg 1 46 46 34 34
1513_0019_0010_0058_0058.jpg 1 19 10 58 58
1514_0016_0013_0059_0059.jpg 1 16 13 59 59
1515_0016_0018_0061_0061.jpg 1 16 18 61 61
1516_0037_0034_0038_0038.jpg 1 37 34 38 38
1517_0048_0025_0038_0038.jpg 1 48 25 38 38
1518_0028_0049_0031_0031.jpg 1 28 49 31 31
1519_0038_0017_0038_0038.jpg 1 38 17 38 38
1520_0030_0019_0057_0057.jpg 1 30 19 57 57
1521_0003_0012_0068_0068.jpg 1 3 12 68 68
1522_0007_0021_0063_0063.jpg 1 7 21 63 63
1523_0032_0023_0033_0033.jpg 1 32 23 33 33
1524_0004_0021_0066_0066.jpg 1 4 21 66 66
1525_0004_0009_0069_0069.jpg 1 4 9 69 69
1526_0035_0046_0038_0038.jpg 1 35 46 38 38
1527_0032_0027_0036_0036.jpg 1 32 27 36 36
1528_0023_0007_0056_0056.jpg 1 23 7 56 56
1529_0030_0045_0045_0045.jpg 1 30 45 45 45
1530_0026_0005_0067_0067.jpg 1 26 5 67 67
1531_0024_0012_0059_0059.jpg 1 24 12 59 59
1532_0019_0018_0046_0046.jpg 1 19 18 46 46
1533_0012_0019_0059_0059.jpg 1 12 19 59 59
1534_0007_0009_0047_0047.jpg 1 7 9 47 47
1535_0027_0025_0069_0069.jpg 1 27 25 69 69
1536_0021_0011_0054_0054.jpg 1 21 11 54 54
1537_0007_0021_0063_0063.jpg 1 7 21 63 63
1538_0009_0049_0044_0044.jpg 1 9 49 44 44
1539_0041_0016_0044_0044.jpg 1 41 16 44 44
1540_0049_0021_0029_0029.jpg 1 49 21 29 29
1541_0006_0037_0055_0055.jpg 1 6 37 55 55
1542_0037_0039_0039_0039.jpg 1 37 39 39 39
1543_0015_0018_0040_0040.jpg 1 15 18 40 40
1544_0038_0047_0043_0043.jpg 1 38 47 43 43
1545_0041_0020_0051_0051.jpg 1 41 20 51 51
1546_0009_0021_0032_0032.jpg 1 9 21 32 32
1547_0017_0033_0025_0025.jpg 1 17 33 25 25
1548_0025_0006_0041_0041.jpg 1 25 6 41 41
1549_0018_0027_0054_0054.jpg 1 18 27 54 54
1550_0004_0014_0063_0063.jpg 1 4 14 63 63
1551_0030_0014_0033_0033.jpg 1 30 14 33 33
1552_0023_0010_0035_0035.jpg 1 23 10 35 35
1553_0039_0028_0029_0029.jpg 1 39 28 29 29
1554_0042_0030_0042_0042.jpg 1 42 30 42 42
1555_0018_0008_0040_0040.jpg 1 18 8 40 40
1556_0017_0045_0034_0034.jpg 1 17 45 34 34
1557_0018_0036_0051_0051.jpg 1 18 36 51 51
1558_0034_0031_0046_0046.jpg 1 34 31 46 46
1559_0026_0029_0033_0033.jpg 1 26 29 33 33
1560_0004_0007_0060_0060.jpg 1 4 7 60 60
1561_0034_0034_0056_0056.jpg 1 34 34 56 56
1562_0010_0005_0057_0057.jpg 1 10 5 57 57
1563_0058_0041_0024_0024.jpg 1 58 41 24 24
1564_0052_0019_0026_0026.jpg 1 52 19 26 26
1565_0032_0045_0034_0034.jpg 1 32 45 34 34
1566_0051_0032_0027_0027.jpg 1 51 32 27 27
1567_0025_0005_0069_0069.jpg 1 25 5 69 69
1568_0026_0016_0030_0030.jpg 1 26 16 30 30
1569_0039_0013_0050_0050.jpg 1 39 13 50 50
1570_0048_0043_0033_0033.jpg 1 48 43 33 33
1571_0041_0025_0051_0051.jpg 1 41 25 51 51
1572_0024_0037_0052_0052.jpg 1 24 37 52 52
1573_0036_0059_0033_0033.jpg 1 36 59 33 33
1574_0012_0021_0063_0063.jpg 1 12 21 63 63
1575_0021_0029_0026_0026.jpg 1 21 29 26 26
1576_0025_0004_0059_0059.jpg 1 25 4 59 59
1577_0004_0005_0064_0064.jpg 1 4 5 64 64
1578_0007_0009_0037_0037.jpg 1 7 9 37 37
1579_0042_0033_0050_0050.jpg 1 42 33 50 50
1580_0046_0054_0027_0027.jpg 1 46 54 27 27
1581_0038_0017_0029_0029.jpg 1 38 17 29 29
1582_0009_0026_0048_0048.jpg 1 9 26 48 48
1583_0028_0018_0063_0063.jpg 1 28 18 63 63
1584_0046_0009_0048_0048.jpg 1 46 9 48 48
1585_0044_0010_0051_0051.jpg 1 44 10 51 51
1586_0006_0014_0063_0063.jpg 1 6 14 63 63
1587_0025_0054_0039_0039.jpg 1 25 54 39 39
1588_0023_0057_0025_0025.jpg 1 23 57 25 25
1589_0041_0012_0044_0044.jpg 1 41 12 44 44
1590_0048_0020_0029_0029.jpg 1 48 20 29 29
1591_0021_0004_0056_0056.jpg 1 21 4 56 56
1592_0014_0020_0058_0058.jpg 1 14 20 58 58
1593_0030_0014_0056_0056.jpg 1 30 14 56 56
1594_0057_0033_0030_0030.jpg 1 57 33 30 30
1595_0021_0031_0030_0030.jpg 1 21 31 30 30
1596_0006_0020_0046_0046.jpg 1 6 20 46 46
1597_0039_0037_0051_0051.jpg 1 39 37 51 51
1598_0035_0032_0028_0028.jpg 1 35 32 28 28
1599_0009_0019_0062_0062.jpg 1 9 19 62 62
1600_0021_0061_0028_0028.jpg 1 21 61 28 28
1601_0035_0044_0024_0024.jpg 1 35 44 24 24
1602_0010_0032_0062_0062.jpg 1 10 32 62 62
1603_0044_0021_0033_0033.jpg 1 44 21 33 33
1604_0021_0016_0061_0061.jpg 1 21 16 61 61
1605_0025_0016_0061_0061.jpg 1 25 16 61 61
1606_0033_0031_0039_0039.jpg 1 33 31 39 39
1607_0018_0043_0042_0042.jpg 1 18 43 42 42
1608_0013_0035_0055_0055.jpg 1 13 35 55 55
1609_0042_0021_0035_0035.jpg 1 42 21 35 35
1610_0042_0065_0024_0024.jpg 1 42 65 24 24
1611_0011_0037_0051_0051.jpg 1 11 37 51 51
1612_0008_0026_0062_0062.jpg 1 8 26 62 62
1613_0024_0010_0038_0038.jpg 1 24 10 38 38
1614_0054_0035_0029_0029.jpg 1 54 35 29 29
1615_0021_0043_0044_0044.jpg 1 21 43 44 44
1616_0040_0025_0024_0024.jpg 1 40 25 24 24
1617_0021_0044_0029_0029.jpg 1 21 44 29 29
1618_0020_0026_0031_0031.jpg 1 20 26 31 31
1619_0025_0039_0039_0039.jpg 1 25 39 39 39
1620_0035_0029_0059_0059.jpg 1 35 29 59 59
1621_0026_0025_0034_0034.jpg 1 26 25 34 34
1622_0061_0008_0031_0031.jpg 1 61 8 31 31
1623_0011_0023_0066_0066.jpg 1 11 23 66 66
1624_0006_0027_0069_0069.jpg 1 6 27 69 69
1625_0017_0022_0030_0030.jpg 1 17 22 30 30
1626_0024_0043_0030_0030.jpg 1 24 43 30 30
1627_0026_0028_0039_0039.jpg 1 26 28 39 39
1628_0054_0034_0033_0033.jpg 1 54 34 33 33
1629_0021_0037_0049_0049.jpg 1 21 37 49 49
1630_0026_0024_0047_0047.jpg 1 26 24 47 47
1631_0014_0028_0056_0056.jpg 1 14 28 56 56
1632_0026_0010_0067_0067.jpg 1 26 10 67 67
1633_0032_0030_0059_0059.jpg 1 32 30 59 59
1634_0039_0006_0037_0037.jpg 1 39 6 37 37
1635_0031_0007_0042_0042.jpg 1 31 7 42 42
1636_0040_0044_0031_0031.jpg 1 40 44 31 31
1637_0031_0015_0032_0032.jpg 1 31 15 32 32
1638_0028_0032_0054_0054.jpg 1 28 32 54 54
1639_0036_0012_0049_0049.jpg 1 36 12 49 49
1640_0015_0012_0051_0051.jpg 1 15 12 51 51
1641_0048_0008_0043_0043.jpg 1 48 8 43 43
1642_0053_0018_0036_0036.jpg 1 53 18 36 36
1643_0024_0025_0036_0036.jpg 1 24 25 36 36
1644_0040_0043_0028_0028.jpg 1 40 43 28 28
1645_0025_0012_0067_0067.jpg 1 25 12 67 67
1646_0022_0028_0050_0050.jpg 1 22 28 50 50
1647_0031_0048_0030_0030.jpg 1 31 48 30 30
1648_0047_0034_0027_0027.jpg 1 47 34 27 27
1649_0021_0007_0039_0039.jpg 1 21 7 39 39
1650_0033_0050_0034_0034.jpg 1 33 50 34 34
1651_0034_0031_0049_0049.jpg 1 34 31 49 49
1652_0005_0014_0062_0062.jpg 1 5 14 62 62
1653_0008_0022_0051_0051.jpg 1 8 22 51 51
1654_0034_0016_0047_0047.jpg 1 34 16 47 47
1655_0027_0013_0026_0026.jpg 1 27 13 26 26
1656_0011_0014_0066_0066.jpg 1 11 14 66 66
1657_0011_0035_0055_0055.jpg 1 11 35 55 55
1658_0028_0038_0053_0053.jpg 1 28 38 53 53
1659_0029_0008_0059_0059.jpg 1 29 8 59 59
1660_0007_0026_0051_0051.jpg 1 7 26 51 51
1661_0005_0025_0059_0059.jpg 1 5 25 59 59
1662_0007_0045_0033_0033.jpg 1 7 45 33 33
1663_0027_0009_0059_0059.jpg 1 27 9 59 59
1664_0063_0063_0028_0028.jpg 1 63 63 28 28
1665_0008_0038_0051_0051.jpg 1 8 38 51 51
1666_0019_0014_0045_0045.jpg 1 19 14 45 45
1667_0050_0021_0042_0042.jpg 1 50 21 42 42
1668_0031_0037_0026_0026.jpg 1 31 37 26 26
1669_0025_0012_0068_0068.jpg 1 25 12 68 68
1670_0029_0022_0060_0060.jpg 1 29 22 60 60
1671_0011_0039_0055_0055.jpg 1 11 39 55 55
1672_0015_0027_0066_0066.jpg 1 15 27 66 66
1673_0051_0034_0025_0025.jpg 1 51 34 25 25
1674_0010_0009_0069_0069.jpg 1 10 9 69 69
1675_0037_0032_0058_0058.jpg 1 37 32 58 58
1676_0041_0018_0035_0035.jpg 1 41 18 35 35
1677_0037_0007_0055_0055.jpg 1 37 7 55 55
1678_0009_0008_0059_0059.jpg 1 9 8 59 59
1679_0040_0046_0029_0029.jpg 1 40 46 29 29
1680_0016_0029_0031_0031.jpg 1 16 29 31 31
1681_0008_0011_0065_0065.jpg 1 8 11 65 65
1682_0005_0005_0069_0069.jpg 1 5 5 69 69
1683_0056_0033_0028_0028.jpg 1 56 33 28 28
1684_0013_0018_0054_0054.jpg 1 13 18 54 54
1685_0054_0033_0034_0034.jpg 1 54 33 34 34
1686_0011_0021_0029_0029.jpg 1 11 21 29 29
1687_0009_0043_0035_0035.jpg 1 9 43 35 35
1688_0034_0040_0024_0024.jpg 1 34 40 24 24
1689_0053_0012_0025_0025.jpg 1 53 12 25 25
1690_0009_0023_0050_0050.jpg 1 9 23 50 50
1691_0036_0007_0052_0052.jpg 1 36 7 52 52
1692_0023_0018_0029_0029.jpg 1 23 18 29 29
1693_0025_0017_0065_0065.jpg 1 25 17 65 65
1694_0021_0039_0030_0030.jpg 1 21 39 30 30
1695_0058_0033_0033_0033.jpg 1 58 33 33 33
1696_0009_0024_0069_0069.jpg 1 9 24 69 69
1697_0012_0052_0029_0029.jpg 1 12 52 29 29
1698_0027_0048_0037_0037.jpg 1 27 48 37 37
1699_0027_0043_0039_0039.jpg 1 27 43 39 39
1700_0022_0021_0066_0066.jpg 1 22 21 66 66
1701_0028_0004_0063_0063.jpg 1 28 4 63 63
1702_0013_0017_0051_0051.jpg 1 13 17 51 51
1703_0004_0021_0069_0069.jpg 1 4 21 69 69
1704_0035_0046_0028_0028.jpg 1 35 46 28 28
1705_0006_0021_0059_0059.jpg 1 6 21 59 59
1706_0059_0021_0028_0028.jpg 1 59 21 28 28
1707_0035_0050_0034_0034.jpg 1 35 50 34 34
1708_0010_0017_0058_0058.jpg 1 10 17 58 58
1709_0039_0022_0031_0031.jpg 1 39 22 31 31
1710_0012_0018_0054_0054.jpg 1 12 18 54 54
1711_0017_0016_0049_0049.jpg 1 17 16 49 49
1712_0030_0037_0056_0056.jpg 1 30 37 56 56
1713_0040_0023_0048_0048.jpg 1 40 23 48 48
1714_0018_0025_0040_0040.jpg 1 18 25 40 40
1715_0021_0040_0033_0033.jpg 1 21 40 33 33
1716_0015_0026_0055_0055.jpg 1 15 26 55 55
1717_0029_0021_0061_0061.jpg 1 29 21 61 61
1718_0014_0012_0064_0064.jpg 1 14 12 64 64
1719_0038_0006_0055_0055.jpg 1 38 6 55 55
1720_0017_0012_0052_0052.jpg 1 17 12 52 52
1721_0030_0034_0062_0062.jpg 1 30 34 62 62
1722_0032_0025_0062_0062.jpg 1 32 25 62 62
1723_0008_0052_0025_0025.jpg 1 8 52 25 25
1724_0022_0021_0032_0032.jpg 1 22 21 32 32
1725_0028_0016_0054_0054.jpg 1 28 16 54 54
1726_0031_0022_0033_0033.jpg 1 31 22 33 33
1727_0035_0019_0031_0031.jpg 1 35 19 31 31
1728_0038_0050_0025_0025.jpg 1 38 50 25 25
1729_0061_0050_0024_0024.jpg 1 61 50 24 24
1730_0011_0011_0055_0055.jpg 1 11 11 55 55
1731_0027_0046_0041_0041.jpg 1 27 46 41 41
1732_0017_0058_0032_0032.jpg 1 17 58 32 32
1733_0022_0014_0048_0048.jpg 1 22 14 48 48
1734_0017_0021_0026_0026.jpg 1 17 21 26 26
1735_0037_0007_0052_0052.jpg 1 37 7 52 52
1736_0012_0021_0048_0048.jpg 1 12 21 48 48
1737_0052_0020_0037_0037.jpg 1 52 20 37 37
1738_0006_0027_0047_0047.jpg 1 6 27 47 47
1739_0018_0028_0064_0064.jpg 1 18 28 64 64
1740_0024_0024_0069_0069.jpg 1 24 24 69 69
1741_0055_0008_0028_0028.jpg 1 55 8 28 28
1742_0055_0042_0031_0031.jpg 1 55 42 31 31
1743_0006_0006_0051_0051.jpg 1 6 6 51 51
1744_0012_0053_0029_0029.jpg 1 12 53 29 29
1745_0011_0021_0063_0063.jpg 1 11 21 63 63
1746_0018_0011_0036_0036.jpg 1 18 11 36 36
1747_0038_0053_0024_0024.jpg 1 38 53 24 24
1748_0053_0051_0037_0037.jpg 1 53 51 37 37
1749_0023_0019_0069_0069.jpg 1 23 19 69 69
1750_0031_0027_0057_0057.jpg 1 31 27 57 57
1751_0024_0035_0049_0049.jpg 1 24 35 49 49
1752_0045_0015_0034_0034.jpg 1 45 15 34 34
1753_0019_0025_0059_0059.jpg 1 19 25 59 59
1754_0025_0048_0040_0040.jpg 1 25 48 40 40
1755_0055_0047_0032_0032.jpg 1 55 47 32 32
1756_0049_0038_0033_0033.jpg 1 49 38 33 33
1757_0023_0012_0056_0056.jpg 1 23 12 56 56
1758_0048_0015_0040_0040.jpg 1 48 15 40 40
1759_0029_0031_0062_0062.jpg 1 29 31 62 62
1760_0020_0017_0053_0053.jpg 1 20 17 53 53
1761_0015_0019_0067_0067.jpg 1 15 19 67 67
1762_0040_0026_0051_0051.jpg 1 40 26 51 51
1763_0021_0009_0057_0057.jpg 1 21 9 57 57
1764_0039_0014_0036_0036.jpg 1 39 14 36 36
1765_0026_0041_0053_0053.jpg 1 26 41 53 53
1766_0061_0047_0025_0025.jpg 1 61 47 25 25
1767_0005_0020_0058_0058.jpg 1 5 20 58 58
1768_0012_0035_0053_0053.jpg 1 12 35 53 53
1769_0020_0047_0037_0037.jpg 1 20 47 37 37
1770_0056_0030_0030_0030.jpg 1 56 30 30 30
1771_0015_0017_0063_0063.jpg 1 15 17 63 63
1772_0025_0026_0042_0042.jpg 1 25 26 42 42
1773_0043_0024_0031_0031.jpg 1 43 24 31 31
1774_0027_0019_0032_0032.jpg 1 27 19 32 32
1775_0019_0029_0044_0044.jpg 1 19 29 44 44
1776_0034_0030_0061_0061.jpg 1 34 30 61 61
1777_0022_0035_0050_0050.jpg 1 22 35 50 50
1778_0014_0021_0053_0053.jpg 1 14 21 53 53
1779_0039_0016_0056_0056.jpg 1 39 16 56 56
1780_0027_0029_0067_0067.jpg 1 27 29 67 67
1781_0044_0042_0044_0044.jpg 1 44 42 44 44
1782_0029_0032_0051_0051.jpg 1 29 32 51 51
1783_0007_0009_0069_0069.jpg 1 7 9 69 69
1784_0025_0020_0033_0033.jpg 1 25 20 33 33
1785_0031_0008_0046_0046.jpg 1 31 8 46 46
1786_0049_0024_0027_0027.jpg 1 49 24 27 27
1787_0052_0037_0036_0036.jpg 1 52 37 36 36
1788_0027_0040_0052_0052.jpg 1 27 40 52 52
1789_0023_0012_0055_0055.jpg 1 23 12 55 55
1790_0037_0029_0046_0046.jpg 1 37 29 46 46
1791_0024_0009_0042_0042.jpg 1 24 9 42 42
1792_0044_0032_0036_0036.jpg 1 44 32 36 36
1793_0033_0026_0052_0052.jpg 1 33 26 52 52
1794_0025_0009_0065_0065.jpg 1 25 9 65 65
1795_0007_0012_0049_0049.jpg 1 7 12 49 49
1796_0035_0008_0051_0051.jpg 1 35 8 51 51
1797_0011_0013_0064_0064.jpg 1 11 13 64 64
1798_0032_0042_0046_0046.jpg 1 32 42 46 46
1799_0009_0026_0049_0049.jpg 1 9 26 49 49
1800_0014_0026_0063_0063.jpg 1 14 26 63 63
1801_0012_0012_0043_0043.jpg 1 12 12 43 43
1802_0022_0008_0066_0066.jpg 1 22 8 66 66
1803_0037_0016_0040_0040.jpg 1 37 16 40 40
1804_0033_0050_0043_0043.jpg 1 33 50 43 43
1805_0004_0009_0069_0069.jpg 1 4 9 69 69
1806_0038_0021_0053_0053.jpg 1 38 21 53 53
1807_0036_0020_0035_0035.jpg 1 36 20 35 35
1808_0015_0053_0033_0033.jpg 1 15 53 33 33
1809_0022_0053_0040_0040.jpg 1 22 53 40 40
1810_0030_0042_0041_0041.jpg 1 30 42 41 41
1811_0016_0049_0043_0043.jpg 1 16 49 43 43
1812_0061_0049_0026_0026.jpg 1 61 49 26 26
1813_0032_0008_0063_0063.jpg 1 32 8 63 63
1814_0008_0037_0041_0041.jpg 1 8 37 41 41
1815_0032_0017_0033_0033.jpg 1 32 17 33 33
1816_0063_0022_0024_0024.jpg 1 63 22 24 24
1817_0011_0016_0056_0056.jpg 1 11 16 56 56
1818_0006_0010_0065_0065.jpg 1 6 10 65 65
1819_0028_0043_0045_0045.jpg 1 28 43 45 45
1820_0014_0006_0062_0062.jpg 1 14 6 62 62
1821_0034_0024_0036_0036.jpg 1 34 24 36 36
1822_0016_0033_0048_0048.jpg 1 16 33 48 48
1823_0052_0025_0024_0024.jpg 1 52 25 24 24
1824_0016_0008_0038_0038.jpg 1 16 8 38 38
1825_0032_0026_0054_0054.jpg 1 32 26 54 54
1826_0006_0026_0049_0049.jpg 1 6 26 49 49
1827_0044_0038_0024_0024.jpg 1 44 38 24 24
1828_0018_0026_0051_0051.jpg 1 18 26 51 51
1829_0018_0013_0065_0065.jpg 1 18 13 65 65
1830_0033_0013_0040_0040.jpg 1 33 13 40 40
1831_0035_0045_0033_0033.jpg 1 35 45 33 33
1832_0016_0005_0051_0051.jpg 1 16 5 51 51
1833_0028_0022_0041_0041.jpg 1 28 22 41 41
1834_0027_0008_0059_0059.jpg 1 27 8 59 59
1835_0038_0032_0047_0047.jpg 1 38 32 47 47
1836_0011_0015_0044_0044.jpg 1 11 15 44 44
1837_0055_0050_0036_0036.jpg 1 55 50 36 36
1838_0037_0028_0046_0046.jpg 1 37 28 46 46
1839_0024_0051_0033_0033.jpg 1 24 51 33 33
1840_0015_0025_0058_0058.jpg 1 15 25 58 58
1841_0033_0013_0063_0063.jpg 1 33 13 63 63
1842_0020_0022_0043_0043.jpg 1 20 22 43 43
1843_0038_0012_0042_0042.jpg 1 38 12 42 42
1844_0049_0058_0025_0025.jpg 1 49 58 25 25
1845_0006_0021_0065_0065.jpg 1 6 21 65 65
1846_0027_0059_0025_0025.jpg 1 27 59 25 25
1847_0050_0009_0039_0039.jpg 1 50 9 39 39
1848_0018_0063_0026_0026.jpg 1 18 63 26 26
1849_0022_0034_0026_0026.jpg 1 22 34 26 26
1850_0030_0005_0059_0059.jpg 1 30 5 59 59
1851_0010_0006_0065_0065.jpg 1 10 6 65 65
1852_0047_0049_0037_0037.jpg 1 47 49 37 37
1853_0040_0043_0032_0032.jpg 1 40 43 32 32
1854_0038_0045_0042_0042.jpg 1 38 45 42 42
1855_0012_0006_0063_0063.jpg 1 12 6 63 63
1856_0035_0045_0033_0033.jpg 1 35 45 33 33
1857_0020_0028_0060_0060.jpg 1 20 28 60 60
1858_0045_0036_0045_0045.jpg 1 45 36 45 45
1859_0039_0042_0035_0035.jpg 1 39 42 35 35
1860_0006_0016_0054_0054.jpg 1 6 16 54 54
1861_0020_0010_0041_0041.jpg 1 20 10 41 41
1862_0047_0040_0047_0047.jpg 1 47 40 47 47
1863_0027_0022_0064_0064.jpg 1 27 22 64 64
1864_0047_0025_0037_0037.jpg 1 47 25 37 37
1865_0012_0017_0060_0060.jpg 1 12 17 60 60
1866_0010_0027_0052_0052.jpg 1 10 27 52 52
1867_0016_0017_0048_0048.jpg 1 16 17 48 48
1868_0023_0029_0066_0066.jpg 1 23 29 66 66
1869_0018_0011_0055_0055.jpg 1 18 11 55 55
1870_0008_0037_0053_0053.jpg 1 8 37 53 53
1871_0008_0038_0045_0045.jpg 1 8 38 45 45
1872_0011_0032_0062_0062.jpg 1 11 32 62 62
1873_0015_0031_0059_0059.jpg 1 15 31 59 59
1874_0034_0022_0055_0055.jpg 1 34 22 55 55
1875_0034_0019_0058_0058.jpg 1 34 19 58 58
1876_0007_0016_0037_0037.jpg 1 7 16 37 37
1877_0020_0025_0035_0035.jpg 1 20 25 35 35
1878_0037_0032_0044_0044.jpg 1 37 32 44 44
1879_0041_0022_0051_0051.jpg 1 41 22 51 51
1880_0033_0009_0058_0058.jpg 1 33 9 58 58
1881_0047_0033_0034_0034.jpg 1 47 33 34 34
1882_0007_0043_0050_0050.jpg 1 7 43 50 50
1883_0022_0030_0060_0060.jpg 1 22 30 60 60
1884_0041_0008_0041_0041.jpg 1 41 8 41 41
1885_0048_0022_0025_0025.jpg 1 48 22 25 25
1886_0024_0030_0025_0025.jpg 1 24 30 25 25
1887_0040_0008_0028_0028.jpg 1 40 8 28 28
1888_0029_0023_0040_0040.jpg 1 29 23 40 40
1889_0040_0009_0053_0053.jpg 1 40 9 53 53
1890_0031_0009_0049_0049.jpg 1 31 9 49 49
1891_0031_0016_0047_0047.jpg 1 31 16 47 47
1892_0041_0017_0034_0034.jpg 1 41 17 34 34
1893_0018_0017_0069_0069.jpg 1 18 17 69 69
1894_0006_0008_0066_0066.jpg 1 6 8 66 66
1895_0018_0033_0058_0058.jpg 1 18 33 58 58
1896_0035_0036_0040_0040.jpg 1 35 36 40 40
1897_0030_0028_0041_0041.jpg 1 30 28 41 41
1898_0019_0044_0040_0040.jpg 1 19 44 40 40
1899_0027_0034_0050_0050.jpg 1 27 34 50 50
1900_0016_0009_0035_0035.jpg 1 16 9 35 35
1901_0012_0011_0065_0065.jpg 1 12 11 65 65
1902_0008_0020_0069_0069.jpg 1 8 20 69 69
1903_0019_0037_0034_0034.jpg 1 19 37 34 34
1904_0021_0020_0066_0066.jpg 1 21 20 66 66
1905_0017_0023_0057_0057.jpg 1 17 23 57 57
1906_0027_0035_0028_0028.jpg 1 27 35 28 28
1907_0016_0020_0054_0054.jpg 1 16 20 54 54
1908_0036_0035_0036_0036.jpg 1 36 35 36 36
1909_0022_0020_0049_0049.jpg 1 22 20 49 49
1910_0020_0011_0049_0049.jpg 1 20 11 49 49
1911_0008_0057_0029_0029.jpg 1 8 57 29 29
1912_0035_0031_0049_0049.jpg 1 35 31 49 49
1913_0024_0019_0064_0064.jpg 1 24 19 64 64
1914_0011_0022_0035_0035.jpg 1 11 22 35 35
1915_0006_0036_0037_0037.jpg 1 6 36 37 37
1916_0041_0023_0049_0049.jpg 1 41 23 49 49
1917_0035_0009_0048_0048.jpg 1 35 9 48 48
1918_0017_0033_0040_0040.jpg 1 17 33 40 40
1919_0004_0021_0065_0065.jpg 1 4 21 65 65
1920_0047_0047_0033_0033.jpg 1 47 47 33 33
1921_0005_0023_0065_0065.jpg 1 5 23 65 65
1922_0019_0004_0059_0059.jpg 1 19 4 59 59
1923_0005_0024_0065_0065.jpg 1 5 24 65 65
1924_0034_0004_0057_0057.jpg 1 34 4 57 57
1925_0023_0046_0042_0042.jpg 1 23 46 42 42
1926_0012_0028_0046_0046.jpg 1 12 28 46 46
1927_0025_0026_0068_0068.jpg 1 25 26 68 68
1928_0030_0037_0034_0034.jpg 1 30 37 34 34
1929_0009_0019_0060_0060.jpg 1 9 19 60 60
1930_0010_0006_0067_0067.jpg 1 10 6 67 67
1931_0010_0019_0061_0061.jpg 1 10 19 61 61
1932_0009_0010_0063_0063.jpg 1 9 10 63 63
1933_0034_0011_0051_0051.jpg 1 34 11 51 51
1934_0018_0018_0046_0046.jpg 1 18 18 46 46
1935_0019_0038_0052_0052.jpg 1 19 38 52 52
1936_0018_0026_0041_0041.jpg 1 18 26 41 41
1937_0009_0029_0044_0044.jpg 1 9 29 44 44
1938_0007_0030_0049_0049.jpg 1 7 30 49 49
1939_0026_0035_0039_0039.jpg 1 26 35 39 39
1940_0013_0040_0042_0042.jpg 1 13 40 42 42
1941_0030_0035_0046_0046.jpg 1 30 35 46 46
1942_0037_0048_0037_0037.jpg 1 37 48 37 37
1943_0047_0059_0027_0027.jpg 1 47 59 27 27
1944_0018_0011_0062_0062.jpg 1 18 11 62 62
1945_0008_0024_0056_0056.jpg 1 8 24 56 56
1946_0009_0017_0057_0057.jpg 1 9 17 57 57
1947_0043_0044_0050_0050.jpg 1 43 44 50 50
1948_0056_0052_0034_0034.jpg 1 56 52 34 34
1949_0044_0021_0039_0039.jpg 1 44 21 39 39
1950_0048_0043_0035_0035.jpg 1 48 43 35 35
