0001_0021_0035_0051_0051.jpg 1 21 35 51 51
0002_0059_0030_0032_0032.jpg 1 59 30 32 32
0003_0021_0021_0058_0058.jpg 1 21 21 58 58
0004_0007_0007_0043_0043.jpg 1 7 7 43 43
0005_0046_0014_0048_0048.jpg 1 46 14 48 48
0006_0026_0017_0055_0055.jpg 1 26 17 55 55
0007_0043_0043_0046_0046.jpg 1 43 43 46 46
0008_0024_0004_0059_0059.jpg 1 24 4 59 59
0009_0027_0029_0058_0058.jpg 1 27 29 58 58
0010_0020_0017_0039_0039.jpg 1 20 17 39 39
0011_0036_0018_0057_0057.jpg 1 36 18 57 57
0012_0013_0007_0042_0042.jpg 1 13 7 42 42
0013_0042_0058_0029_0029.jpg 1 42 58 29 29
0014_0029_0017_0054_0054.jpg 1 29 17 54 54
0015_0003_0028_0065_0065.jpg 1 3 28 65 65
0016_0029_0021_0031_0031.jpg 1 29 21 31 31
0017_0017_0013_0043_0043.jpg 1 17 13 43 43
0018_0063_0044_0024_0024.jpg 1 63 44 24 24
0019_0020_0036_0059_0059.jpg 1 20 36 59 59
0020_0019_0027_0031_0031.jpg 1 19 27 31 31
0021_0050_0050_0030_0030.jpg 1 50 50 30 30
0022_0048_0025_0045_0045.jpg 1 48 25 45 45
0023_0019_0052_0038_0038.jpg 1 19 52 38 38
0024_0006_0021_0054_0054.jpg 1 6 21 54 54
0025_0029_0034_0042_0042.jpg 1 29 34 42 42
0026_0006_0026_0056_0056.jpg 1 6 26 56 56
0027_0044_0034_0049_0049.jpg 1 44 34 49 49
0028_0008_0025_0069_0069.jpg 1 8 25 69 69
0029_0012_0005_0063_0063.jpg 1 12 5 63 63
0030_0030_0007_0064_0064.jpg 1 30 7 64 64
0031_0023_0034_0043_0043.jpg 1 23 34 43 43
0032_0018_0021_0037_0037.jpg 1 18 21 37 37
0033_0038_0043_0047_0047.jpg 1 38 43 47 47
0034_0022_0009_0044_0044.jpg 1 22 9 44 44
0035_0035_0017_0058_0058.jpg 1 35 17 58 58
0036_0021_0015_0052_0052.jpg 1 21 15 52 52
0037_0040_0012_0052_0052.jpg 1 40 12 52 52
0038_0030_0039_0031_0031.jpg 1 30 39 31 31
0039_0028_0026_0067_0067.jpg 1 28 26 67 67
0040_0005_0019_0052_0052.jpg 1 5 19 52 52
0041_0016_0011_0050_0050.jpg 1 16 11 50 50
0042_0031_0022_0062_0062.jpg 1 31 22 62 62
0043_0008_0011_0028_0028.jpg 1 8 11 28 28
0044_0037_0048_0044_0044.jpg 1 37 48 44 44
0045_0015_0035_0060_0060.jpg 1 15 35 60 60
0046_0042_0052_0033_0033.jpg 1 42 52 33 33
0047_0022_0037_0053_0053.jpg 1 22 37 53 53
0048_0035_0004_0056_0056.jpg 1 35 4 56 56
0049_0010_0038_0046_0046.jpg 1 10 38 46 46
0050_0005_0019_0067_0067.jpg 1 5 19 67 67
0051_0038_0009_0040_0040.jpg 1 38 9 40 40
0052_0016_0012_0036_0036.jpg 1 16 12 36 36
0053_0009_0017_0058_0058.jpg 1 9 17 58 58
0054_0022_0040_0040_0040.jpg 1 22 40 40 40
0055_0028_0012_0035_0035.jpg 1 28 12 35 35
0056_0045_0022_0032_0032.jpg 1 45 22 32 32
0057_0023_0028_0031_0031.jpg 1 23 28 31 31
0058_0043_0018_0042_0042.jpg 1 43 18 42 42
0059_0020_0008_0039_0039.jpg 1 20 8 39 39
0060_0024_0038_0048_0048.jpg 1 24 38 48 48
0061_0025_0024_0066_0066.jpg 1 25 24 66 66
0062_0026_0036_0046_0046.jpg 1 26 36 46 46
0063_0008_0018_0051_0051.jpg 1 8 18 51 51
0064_0047_0011_0034_0034.jpg 1 47 11 34 34
0065_0038_0046_0048_0048.jpg 1 38 46 48 48
0066_0020_0031_0041_0041.jpg 1 20 31 41 41
0067_0008_0029_0062_0062.jpg 1 8 29 62 62
0068_0039_0049_0028_0028.jpg 1 39 49 28 28
0069_0026_0027_0059_0059.jpg 1 26 27 59 59
0070_0041_0020_0026_0026.jpg 1 41 20 26 26
0071_0035_0031_0047_0047.jpg 1 35 31 47 47
0072_0037_0010_0048_0048.jpg 1 37 10 48 48
0073_0022_0036_0050_0050.jpg 1 22 36 50 50
0074_0015_0010_0050_0050.jpg 1 15 10 50 50
0075_0018_0029_0056_0056.jpg 1 18 29 56 56
0076_0041_0027_0045_0045.jpg 1 41 27 45 45
0077_0006_0006_0060_0060.jpg 1 6 6 60 60
0078_0037_0028_0024_0024.jpg 1 37 28 24 24
0079_0017_0009_0064_0064.jpg 1 17 9 64 64
0080_0048_0047_0036_0036.jpg 1 48 47 36 36
0081_0055_0023_0035_0035.jpg 1 55 23 35 35
0082_0047_0037_0033_0033.jpg 1 47 37 33 33
0083_0010_0005_0062_0062.jpg 1 10 5 62 62
0084_0008_0023_0050_0050.jpg 1 8 23 50 50
0085_0013_0006_0046_0046.jpg 1 13 6 46 46
0086_0019_0004_0061_0061.jpg 1 19 4 61 61
0087_0020_0036_0050_0050.jpg 1 20 36 50 50
0088_0029_0026_0033_0033.jpg 1 29 26 33 33
0089_0041_0018_0054_0054.jpg 1 41 18 54 54
0090_0024_0018_0025_0025.jpg 1 24 18 25 25
0091_0036_0040_0031_0031.jpg 1 36 40 31 31
0092_0017_0021_0068_0068.jpg 1 17 21 68 68
0093_0010_0006_0042_0042.jpg 1 10 6 42 42
0094_0017_0042_0048_0048.jpg 1 17 42 48 48
0095_0020_0011_0050_0050.jpg 1 20 11 50 50
0096_0022_0035_0053_0053.jpg 1 22 35 53 53
0097_0007_0004_0061_0061.jpg 1 7 4 61 61
0098_0040_0007_0039_0039.jpg 1 40 7 39 39
0099_0015_0021_0051_0051.jpg 1 15 21 51 51
0100_0033_0009_0056_0056.jpg 1 33 9 56 56
0101_0056_0048_0030_0030.jpg 1 56 48 30 30
0102_0039_0021_0055_0055.jpg 1 39 21 55 55
0103_0016_0021_0060_0060.jpg 1 16 21 60 60
0104_0020_0052_0040_0040.jpg 1 20 52 40 40
0105_0029_0023_0061_0061.jpg 1 29 23 61 61
0106_0011_0029_0067_0067.jpg 1 11 29 67 67
0107_0022_0051_0031_0031.jpg 1 22 51 31 31
0108_0053_0028_0038_0038.jpg 1 53 28 38 38
0109_0026_0016_0036_0036.jpg 1 26 16 36 36
0110_0007_0007_0041_0041.jpg 1 7 7 41 41
0111_0014_0027_0034_0034.jpg 1 14 27 34 34
0112_0026_0018_0056_0056.jpg 1 26 18 56 56
0113_0017_0029_0061_0061.jpg 1 17 29 61 61
0114_0053_0044_0032_0032.jpg 1 53 44 32 32
0115_0011_0014_0061_0061.jpg 1 11 14 61 61
0116_0012_0006_0067_0067.jpg 1 12 6 67 67
0117_0026_0034_0046_0046.jpg 1 26 34 46 46
0118_0026_0036_0034_0034.jpg 1 26 36 34 34
0119_0011_0013_0067_0067.jpg 1 11 13 67 67
0120_0029_0021_0050_0050.jpg 1 29 21 50 50
0121_0009_0017_0067_0067.jpg 1 9 17 67 67
0122_0013_0017_0068_0068.jpg 1 13 17 68 68
0123_0035_0037_0053_0053.jpg 1 35 37 53 53
0124_0051_0026_0033_0033.jpg 1 51 26 33 33
0125_0046_0040_0043_0043.jpg 1 46 40 43 43
0126_0020_0048_0040_0040.jpg 1 20 48 40 40
0127_0016_0018_0067_0067.jpg 1 16 18 67 67
0128_0042_0016_0039_0039.jpg 1 42 16 39 39
0129_0026_0051_0043_0043.jpg 1 26 51 43 43
0130_0021_0034_0055_0055.jpg 1 21 34 55 55
0131_0023_0024_0055_0055.jpg 1 23 24 55 55
0132_0040_0018_0036_0036.jpg 1 40 18 36 36
0133_0011_0012_0060_0060.jpg 1 11 12 60 60
0134_0030_0033_0044_0044.jpg 1 30 33 44 44
0135_0012_0015_0041_0041.jpg 1 12 15 41 41
0136_0003_0020_0068_0068.jpg 1 3 20 68 68
0137_0010_0034_0044_0044.jpg 1 10 34 44 44
0138_0056_0029_0036_0036.jpg 1 56 29 36 36
0139_0054_0057_0027_0027.jpg 1 54 57 27 27
0140_0018_0018_0064_0064.jpg 1 18 18 64 64
0141_0007_0021_0039_0039.jpg 1 7 21 39 39
0142_0012_0009_0057_0057.jpg 1 12 9 57 57
0143_0040_0049_0038_0038.jpg 1 40 49 38 38
0144_0023_0017_0065_0065.jpg 1 23 17 65 65
0145_0019_0019_0036_0036.jpg 1 19 19 36 36
0146_0021_0017_0034_0034.jpg 1 21 17 34 34
0147_0003_0015_0066_0066.jpg 1 3 15 66 66
0148_0027_0051_0033_0033.jpg 1 27 51 33 33
0149_0028_0013_0061_0061.jpg 1 28 13 61 61
0150_0027_0019_0066_0066.jpg 1 27 19 66 66
0151_0014_0015_0066_0066.jpg 1 14 15 66 66
0152_0045_0017_0030_0030.jpg 1 45 17 30 30
0153_0047_0055_0032_0032.jpg 1 47 55 32 32
0154_0008_0031_0049_0049.jpg 1 8 31 49 49
0155_0022_0020_0042_0042.jpg 1 22 20 42 42
0156_0052_0038_0026_0026.jpg 1 52 38 26 26
0157_0055_0065_0026_0026.jpg 1 55 65 26 26
0158_0027_0052_0038_0038.jpg 1 27 52 38 38
0159_0030_0006_0041_0041.jpg 1 30 6 41 41
0160_0007_0058_0034_0034.jpg 1 7 58 34 34
0161_0023_0043_0046_0046.jpg 1 23 43 46 46
0162_0021_0008_0059_0059.jpg 1 21 8 59 59
0163_0006_0031_0056_0056.jpg 1 6 31 56 56
0164_0022_0031_0056_0056.jpg 1 22 31 56 56
0165_0015_0011_0062_0062.jpg 1 15 11 62 62
0166_0012_0036_0055_0055.jpg 1 12 36 55 55
0167_0007_0004_0065_0065.jpg 1 7 4 65 65
0168_0023_0056_0034_0034.jpg 1 23 56 34 34
0169_0045_0038_0049_0049.jpg 1 45 38 49 49
0170_0007_0022_0067_0067.jpg 1 7 22 67 67
0171_0016_0027_0026_0026.jpg 1 16 27 26 26
0172_0025_0014_0069_0069.jpg 1 25 14 69 69
0173_0045_0030_0027_0027.jpg 1 45 30 27 27
0174_0006_0049_0042_0042.jpg 1 6 49 42 42
0175_0013_0010_0057_0057.jpg 1 13 10 57 57
0176_0023_0035_0056_0056.jpg 1 23 35 56 56
0177_0006_0025_0057_0057.jpg 1 6 25 57 57
0178_0037_0017_0056_0056.jpg 1 37 17 56 56
0179_0025_0033_0057_0057.jpg 1 25 33 57 57
0180_0038_0023_0036_0036.jpg 1 38 23 36 36
0181_0032_0040_0052_0052.jpg 1 32 40 52 52
0182_0054_0025_0037_0037.jpg 1 54 25 37 37
0183_0053_0030_0030_0030.jpg 1 53 30 30 30
0184_0006_0016_0060_0060.jpg 1 6 16 60 60
0185_0013_0024_0044_0044.jpg 1 13 24 44 44
0186_0020_0045_0030_0030.jpg 1 20 45 30 30
0187_0027_0035_0024_0024.jpg 1 27 35 24 24
0188_0040_0048_0042_0042.jpg 1 40 48 42 42
0189_0030_0036_0043_0043.jpg 1 30 36 43 43
0190_0023_0013_0059_0059.jpg 1 23 13 59 59
0191_0036_0006_0043_0043.jpg 1 36 6 43 43
0192_0047_0056_0031_0031.jpg 1 47 56 31 31
0193_0048_0045_0030_0030.jpg 1 48 45 30 30
0194_0023_0008_0068_0068.jpg 1 23 8 68 68
0195_0009_0034_0034_0034.jpg 1 9 34 34 34
0196_0026_0016_0063_0063.jpg 1 26 16 63 63
0197_0005_0038_0043_0043.jpg 1 5 38 43 43
0198_0034_0019_0059_0059.jpg 1 34 19 59 59
0199_0017_0017_0067_0067.jpg 1 17 17 67 67
0200_0020_0016_0068_0068.jpg 1 20 16 68 68
0201_0012_0015_0035_0035.jpg 1 12 15 35 35
0202_0045_0010_0038_0038.jpg 1 45 10 38 38
0203_0021_0029_0057_0057.jpg 1 21 29 57 57
0204_0029_0045_0048_0048.jpg 1 29 45 48 48
0205_0039_0021_0052_0052.jpg 1 39 21 52 52
0206_0014_0025_0057_0057.jpg 1 14 25 57 57
0207_0009_0051_0027_0027.jpg 1 9 51 27 27
0208_0015_0009_0068_0068.jpg 1 15 9 68 68
0209_0033_0048_0038_0038.jpg 1 33 48 38 38
0210_0024_0013_0067_0067.jpg 1 24 13 67 67
0211_0011_0005_0064_0064.jpg 1 11 5 64 64
0212_0016_0013_0067_0067.jpg 1 16 13 67 67
0213_0065_0037_0024_0024.jpg 1 65 37 24 24
0214_0023_0008_0054_0054.jpg 1 23 8 54 54
0215_0047_0050_0032_0032.jpg 1 47 50 32 32
0216_0017_0044_0040_0040.jpg 1 17 44 40 40
0217_0008_0005_0063_0063.jpg 1 8 5 63 63
0218_0053_0058_0029_0029.jpg 1 53 58 29 29
0219_0055_0049_0029_0029.jpg 1 55 49 29 29
0220_0019_0021_0028_0028.jpg 1 19 21 28 28
0221_0032_0035_0053_0053.jpg 1 32 35 53 53
0222_0050_0015_0027_0027.jpg 1 50 15 27 27
0223_0008_0006_0057_0057.jpg 1 8 6 57 57
0224_0010_0020_0068_0068.jpg 1 10 20 68 68
0225_0008_0022_0044_0044.jpg 1 8 22 44 44
0226_0013_0013_0052_0052.jpg 1 13 13 52 52
0227_0022_0011_0065_0065.jpg 1 22 11 65 65
0228_0040_0005_0049_0049.jpg 1 40 5 49 49
0229_0034_0029_0052_0052.jpg 1 34 29 52 52
0230_0041_0047_0025_0025.jpg 1 41 47 25 25
0231_0035_0017_0031_0031.jpg 1 35 17 31 31
0232_0034_0016_0027_0027.jpg 1 34 16 27 27
0233_0011_0028_0054_0054.jpg 1 11 28 54 54
0234_0031_0029_0057_0057.jpg 1 31 29 57 57
0235_0005_0024_0054_0054.jpg 1 5 24 54 54
0236_0051_0045_0040_0040.jpg 1 51 45 40 40
0237_0036_0033_0026_0026.jpg 1 36 33 26 26
0238_0007_0033_0028_0028.jpg 1 7 33 28 28
0239_0007_0006_0069_0069.jpg 1 7 6 69 69
0240_0005_0019_0049_0049.jpg 1 5 19 49 49
0241_0028_0062_0030_0030.jpg 1 28 62 30 30
0242_0042_0030_0040_0040.jpg 1 42 30 40 40
0243_0006_0017_0068_0068.jpg 1 6 17 68 68
0244_0030_0045_0029_0029.jpg 1 30 45 29 29
0245_0018_0007_0026_0026.jpg 1 18 7 26 26
0246_0027_0007_0043_0043.jpg 1 27 7 43 43
0247_0016_0007_0056_0056.jpg 1 16 7 56 56
0248_0022_0007_0057_0057.jpg 1 22 7 57 57
0249_0023_0040_0048_0048.jpg 1 23 40 48 48
0250_0025_0020_0062_0062.jpg 1 25 20 62 62
0251_0013_0039_0038_0038.jpg 1 13 39 38 38
0252_0043_0025_0024_0024.jpg 1 43 25 24 24
0253_0007_0016_0062_0062.jpg 1 7 16 62 62
0254_0034_0034_0051_0051.jpg 1 34 34 51 51
0255_0004_0020_0065_0065.jpg 1 4 20 65 65
0256_0009_0006_0048_0048.jpg 1 9 6 48 48
0257_0007_0043_0049_0049.jpg 1 7 43 49 49
0258_0047_0036_0028_0028.jpg 1 47 36 28 28
0259_0009_0035_0038_0038.jpg 1 9 35 38 38
0260_0012_0012_0054_0054.jpg 1 12 12 54 54
0261_0021_0045_0049_0049.jpg 1 21 45 49 49
0262_0005_0023_0063_0063.jpg 1 5 23 63 63
0263_0021_0033_0030_0030.jpg 1 21 33 30 30
0264_0011_0032_0043_0043.jpg 1 11 32 43 43
0265_0027_0010_0064_0064.jpg 1 27 10 64 64
0266_0008_0040_0050_0050.jpg 1 8 40 50 50
0267_0042_0014_0047_0047.jpg 1 42 14 47 47
0268_0027_0042_0038_0038.jpg 1 27 42 38 38
0269_0008_0020_0047_0047.jpg 1 8 20 47 47
0270_0005_0022_0064_0064.jpg 1 5 22 64 64
0271_0060_0051_0026_0026.jpg 1 60 51 26 26
0272_0030_0052_0038_0038.jpg 1 30 52 38 38
0273_0017_0055_0037_0037.jpg 1 17 55 37 37
0274_0045_0057_0035_0035.jpg 1 45 57 35 35
0275_0019_0035_0051_0051.jpg 1 19 35 51 51
0276_0034_0039_0054_0054.jpg 1 34 39 54 54
0277_0005_0016_0065_0065.jpg 1 5 16 65 65
0278_0024_0014_0065_0065.jpg 1 24 14 65 65
0279_0045_0045_0036_0036.jpg 1 45 45 36 36
0280_0018_0006_0058_0058.jpg 1 18 6 58 58
0281_0030_0035_0050_0050.jpg 1 30 35 50 50
0282_0038_0036_0052_0052.jpg 1 38 36 52 52
0283_0025_0045_0034_0034.jpg 1 25 45 34 34
0284_0010_0021_0069_0069.jpg 1 10 21 69 69
0285_0025_0032_0027_0027.jpg 1 25 32 27 27
0286_0024_0016_0056_0056.jpg 1 24 16 56 56
0287_0029_0012_0047_0047.jpg 1 29 12 47 47
0288_0025_0029_0057_0057.jpg 1 25 29 57 57
0289_0022_0020_0048_0048.jpg 1 22 20 48 48
0290_0009_0011_0058_0058.jpg 1 9 11 58 58
0291_0033_0059_0027_0027.jpg 1 33 59 27 27
0292_0022_0052_0027_0027.jpg 1 22 52 27 27
0293_0029_0042_0040_0040.jpg 1 29 42 40 40
0294_0019_0032_0051_0051.jpg 1 19 32 51 51
0295_0045_0044_0045_0045.jpg 1 45 44 45 45
0296_0007_0019_0061_0061.jpg 1 7 19 61 61
0297_0052_0064_0024_0024.jpg 1 52 64 24 24
0298_0039_0052_0032_0032.jpg 1 39 52 32 32
0299_0010_0011_0064_0064.jpg 1 10 11 64 64
0300_0029_0028_0036_0036.jpg 1 29 28 36 36
0301_0025_0019_0027_0027.jpg 1 25 19 27 27
0302_0023_0027_0042_0042.jpg 1 23 27 42 42
0303_0013_0006_0064_0064.jpg 1 13 6 64 64
0304_0028_0045_0030_0030.jpg 1 28 45 30 30
0305_0024_0026_0065_0065.jpg 1 24 26 65 65
0306_0048_0008_0024_0024.jpg 1 48 8 24 24
0307_0014_0017_0042_0042.jpg 1 14 17 42 42
0308_0010_0051_0042_0042.jpg 1 10 51 42 42
0309_0016_0034_0054_0054.jpg 1 16 34 54 54
0310_0017_0024_0046_0046.jpg 1 17 24 46 46
0311_0014_0017_0048_0048.jpg 1 14 17 48 48
0312_0023_0026_0036_0036.jpg 1 23 26 36 36
0313_0032_0050_0028_0028.jpg 1 32 50 28 28
0314_0010_0031_0064_0064.jpg 1 10 31 64 64
0315_0035_0024_0043_0043.jpg 1 35 24 43 43
0316_0024_0014_0064_0064.jpg 1 24 14 64 64
0317_0005_0041_0047_0047.jpg 1 5 41 47 47
0318_0008_0009_0058_0058.jpg 1 8 9 58 58
0319_0056_0018_0033_0033.jpg 1 56 18 33 33
0320_0017_0029_0041_0041.jpg 1 17 29 41 41
0321_0037_0031_0048_0048.jpg 1 37 31 48 48
0322_0017_0020_0067_0067.jpg 1 17 20 67 67
0323_0035_0025_0060_0060.jpg 1 35 25 60 60
0324_0019_0020_0053_0053.jpg 1 19 20 53 53
0325_0051_0061_0028_0028.jpg 1 51 61 28 28
0326_0018_0005_0052_0052.jpg 1 18 5 52 52
0327_0026_0033_0059_0059.jpg 1 26 33 59 59
0328_0050_0045_0031_0031.jpg 1 50 45 31 31
0329_0038_0045_0032_0032.jpg 1 38 45 32 32
0330_0010_0024_0066_0066.jpg 1 10 24 66 66
0331_0020_0015_0039_0039.jpg 1 20 15 39 39
0332_0033_0046_0027_0027.jpg 1 33 46 27 27
0333_0028_0031_0064_0064.jpg 1 28 31 64 64
0334_0060_0014_0025_0025.jpg 1 60 14 25 25
0335_0044_0047_0028_0028.jpg 1 44 47 28 28
0336_0006_0015_0062_0062.jpg 1 6 15 62 62
0337_0043_0037_0027_0027.jpg 1 43 37 27 27
0338_0014_0024_0069_0069.jpg 1 14 24 69 69
0339_0021_0014_0068_0068.jpg 1 21 14 68 68
0340_0043_0030_0034_0034.jpg 1 43 30 34 34
0341_0031_0008_0042_0042.jpg 1 31 8 42 42
0342_0046_0020_0047_0047.jpg 1 46 20 47 47
0343_0057_0017_0026_0026.jpg 1 57 17 26 26
0344_0043_0054_0031_0031.jpg 1 43 54 31 31
0345_0034_0051_0033_0033.jpg 1 34 51 33 33
0346_0020_0009_0067_0067.jpg 1 20 9 67 67
0347_0015_0012_0049_0049.jpg 1 15 12 49 49
0348_0019_0041_0050_0050.jpg 1 19 41 50 50
0349_0052_0041_0034_0034.jpg 1 52 41 34 34
0350_0025_0033_0027_0027.jpg 1 25 33 27 27
0351_0014_0013_0051_0051.jpg 1 14 13 51 51
0352_0024_0009_0041_0041.jpg 1 24 9 41 41
0353_0036_0032_0053_0053.jpg 1 36 32 53 53
0354_0049_0065_0026_0026.jpg 1 49 65 26 26
0355_0053_0030_0028_0028.jpg 1 53 30 28 28
0356_0009_0056_0032_0032.jpg 1 9 56 32 32
0357_0028_0018_0064_0064.jpg 1 28 18 64 64
0358_0057_0051_0035_0035.jpg 1 57 51 35 35
0359_0030_0005_0055_0055.jpg 1 30 5 55 55
0360_0037_0048_0038_0038.jpg 1 37 48 38 38
0361_0007_0029_0047_0047.jpg 1 7 29 47 47
0362_0059_0059_0030_0030.jpg 1 59 59 30 30
0363_0013_0023_0048_0048.jpg 1 13 23 48 48
0364_0035_0011_0052_0052.jpg 1 35 11 52 52
0365_0034_0042_0025_0025.jpg 1 34 42 25 25
0366_0035_0053_0030_0030.jpg 1 35 53 30 30
0367_0007_0056_0037_0037.jpg 1 7 56 37 37
0368_0009_0044_0038_0038.jpg 1 9 44 38 38
0369_0018_0004_0065_0065.jpg 1 18 4 65 65
0370_0006_0036_0049_0049.jpg 1 6 36 49 49
0371_0007_0027_0065_0065.jpg 1 7 27 65 65
0372_0003_0006_0069_0069.jpg 1 3 6 69 69
0373_0028_0015_0037_0037.jpg 1 28 15 37 37
0374_0042_0026_0040_0040.jpg 1 42 26 40 40
0375_0041_0043_0046_0046.jpg 1 41 43 46 46
0376_0049_0014_0036_0036.jpg 1 49 14 36 36
0377_0016_0027_0069_0069.jpg 1 16 27 69 69
0378_0012_0054_0032_0032.jpg 1 12 54 32 32
0379_0020_0034_0034_0034.jpg 1 20 34 34 34
0380_0018_0004_0066_0066.jpg 1 18 4 66 66
0381_0034_0047_0039_0039.jpg 1 34 47 39 39
0382_0012_0032_0026_0026.jpg 1 12 32 26 26
0383_0044_0041_0036_0036.jpg 1 44 41 36 36
0384_0026_0012_0049_0049.jpg 1 26 12 49 49
0385_0009_0019_0068_0068.jpg 1 9 19 68 68
0386_0035_0027_0043_0043.jpg 1 35 27 43 43
0387_0009_0029_0050_0050.jpg 1 9 29 50 50
0388_0030_0042_0051_0051.jpg 1 30 42 51 51
0389_0018_0016_0063_0063.jpg 1 18 16 63 63
0390_0008_0016_0065_0065.jpg 1 8 16 65 65
0391_0010_0027_0059_0059.jpg 1 10 27 59 59
0392_0007_0049_0029_0029.jpg 1 7 49 29 29
0393_0054_0037_0026_0026.jpg 1 54 37 26 26
0394_0039_0037_0034_0034.jpg 1 39 37 34 34
0395_0014_0037_0027_0027.jpg 1 14 37 27 27
0396_0037_0027_0057_0057.jpg 1 37 27 57 57
0397_0032_0007_0052_0052.jpg 1 32 7 52 52
0398_0015_0057_0028_0028.jpg 1 15 57 28 28
0399_0044_0035_0028_0028.jpg 1 44 35 28 28
0400_0037_0030_0043_0043.jpg 1 37 30 43 43
0401_0010_0019_0047_0047.jpg 1 10 19 47 47
0402_0026_0062_0026_0026.jpg 1 26 62 26 26
0403_0023_0032_0062_0062.jpg 1 23 32 62 62
0404_0027_0036_0047_0047.jpg 1 27 36 47 47
0405_0038_0013_0041_0041.jpg 1 38 13 41 41
0406_0031_0045_0042_0042.jpg 1 31 45 42 42
0407_0022_0048_0042_0042.jpg 1 22 48 42 42
0408_0018_0008_0045_0045.jpg 1 18 8 45 45
0409_0011_0011_0051_0051.jpg 1 11 11 51 51
0410_0016_0005_0067_0067.jpg 1 16 5 67 67
0411_0061_0064_0025_0025.jpg 1 61 64 25 25
0412_0030_0023_0058_0058.jpg 1 30 23 58 58
0413_0024_0013_0067_0067.jpg 1 24 13 67 67
0414_0027_0026_0026_0026.jpg 1 27 26 26 26
0415_0019_0006_0063_0063.jpg 1 19 6 63 63
0416_0004_0021_0060_0060.jpg 1 4 21 60 60
0417_0031_0017_0053_0053.jpg 1 31 17 53 53
0418_0018_0023_0042_0042.jpg 1 18 23 42 42
0419_0006_0025_0063_0063.jpg 1 6 25 63 63
0420_0026_0015_0057_0057.jpg 1 26 15 57 57
0421_0023_0048_0029_0029.jpg 1 23 48 29 29
0422_0026_0004_0065_0065.jpg 1 26 4 65 65
0423_0015_0020_0055_0055.jpg 1 15 20 55 55
0424_0023_0009_0043_0043.jpg 1 23 9 43 43
0425_0015_0014_0069_0069.jpg 1 15 14 69 69
0426_0014_0044_0047_0047.jpg 1 14 44 47 47
0427_0015_0042_0048_0048.jpg 1 15 42 48 48
0428_0024_0052_0036_0036.jpg 1 24 52 36 36
0429_0014_0017_0060_0060.jpg 1 14 17 60 60
0430_0046_0030_0034_0034.jpg 1 46 30 34 34
0431_0045_0045_0029_0029.jpg 1 45 45 29 29
0432_0032_0035_0024_0024.jpg 1 32 35 24 24
0433_0014_0033_0024_0024.jpg 1 14 33 24 24
0434_0010_0021_0063_0063.jpg 1 10 21 63 63
0435_0024_0017_0040_0040.jpg 1 24 17 40 40
0436_0025_0005_0056_0056.jpg 1 25 5 56 56
0437_0033_0004_0062_0062.jpg 1 33 4 62 62
0438_0011_0026_0067_0067.jpg 1 11 26 67 67
0439_0032_0039_0043_0043.jpg 1 32 39 43 43
0440_0022_0015_0052_0052.jpg 1 22 15 52 52
0441_0012_0029_0029_0029.jpg 1 12 29 29 29
0442_0034_0009_0051_0051.jpg 1 34 9 51 51
0443_0018_0041_0050_0050.jpg 1 18 41 50 50
0444_0014_0008_0068_0068.jpg 1 14 8 68 68
0445_0018_0022_0032_0032.jpg 1 18 22 32 32
0446_0006_0023_0043_0043.jpg 1 6 23 43 43
0447_0025_0027_0067_0067.jpg 1 25 27 67 67
0448_0011_0028_0066_0066.jpg 1 11 28 66 66
0449_0034_0031_0058_0058.jpg 1 34 31 58 58
0450_0028_0048_0041_0041.jpg 1 28 48 41 41
0451_0042_0017_0048_0048.jpg 1 42 17 48 48
0452_0024_0037_0044_0044.jpg 1 24 37 44 44
0453_0035_0016_0059_0059.jpg 1 35 16 59 59
0454_0038_0037_0051_0051.jpg 1 38 37 51 51
0455_0007_0021_0069_0069.jpg 1 7 21 69 69
0456_0016_0041_0029_0029.jpg 1 16 41 29 29
0457_0045_0027_0040_0040.jpg 1 45 27 40 40
0458_0034_0015_0041_0041.jpg 1 34 15 41 41
0459_0035_0007_0050_0050.jpg 1 35 7 50 50
0460_0029_0041_0028_0028.jpg 1 29 41 28 28
0461_0041_0028_0052_0052.jpg 1 41 28 52 52
0462_0009_0025_0066_0066.jpg 1 9 25 66 66
0463_0010_0003_0067_0067.jpg 1 10 3 67 67
0464_0020_0009_0066_0066.jpg 1 20 9 66 66
0465_0011_0018_0046_0046.jpg 1 11 18 46 46
0466_0041_0007_0039_0039.jpg 1 41 7 39 39
0467_0038_0018_0027_0027.jpg 1 38 18 27 27
0468_0036_0037_0043_0043.jpg 1 36 37 43 43
0469_0036_0028_0057_0057.jpg 1 36 28 57 57
0470_0047_0040_0042_0042.jpg 1 47 40 42 42
0471_0043_0053_0032_0032.jpg 1 43 53 32 32
0472_0033_0026_0050_0050.jpg 1 33 26 50 50
0473_0042_0028_0053_0053.jpg 1 42 28 53 53
0474_0038_0013_0047_0047.jpg 1 38 13 47 47
0475_0035_0044_0046_0046.jpg 1 35 44 46 46
0476_0050_0036_0042_0042.jpg 1 50 36 42 42
0477_0034_0036_0029_0029.jpg 1 34 36 29 29
0478_0006_0040_0048_0048.jpg 1 6 40 48 48
0479_0051_0042_0031_0031.jpg 1 51 42 31 31
0480_0029_0005_0062_0062.jpg 1 29 5 62 62
0481_0026_0009_0042_0042.jpg 1 26 9 42 42
0482_0011_0015_0054_0054.jpg 1 11 15 54 54
0483_0043_0046_0033_0033.jpg 1 43 46 33 33
0484_0020_0038_0051_0051.jpg 1 20 38 51 51
0485_0007_0012_0066_0066.jpg 1 7 12 66 66
0486_0016_0009_0041_0041.jpg 1 16 9 41 41
0487_0008_0008_0039_0039.jpg 1 8 8 39 39
0488_0053_0010_0026_0026.jpg 1 53 10 26 26
0489_0028_0028_0039_0039.jpg 1 28 28 39 39
0490_0048_0042_0031_0031.jpg 1 48 42 31 31
0491_0031_0021_0058_0058.jpg 1 31 21 58 58
0492_0035_0035_0028_0028.jpg 1 35 35 28 28
0493_0021_0039_0034_0034.jpg 1 21 39 34 34
0494_0026_0012_0048_0048.jpg 1 26 12 48 48
0495_0042_0007_0032_0032.jpg 1 42 7 32 32
0496_0055_0044_0025_0025.jpg 1 55 44 25 25
0497_0058_0060_0028_0028.jpg 1 58 60 28 28
0498_0024_0017_0061_0061.jpg 1 24 17 61 61
0499_0015_0015_0052_0052.jpg 1 15 15 52 52
0500_0012_0027_0046_0046.jpg 1 12 27 46 46
0501_0021_0017_0031_0031.jpg 1 21 17 31 31
0502_0022_0047_0028_0028.jpg 1 22 47 28 28
0503_0048_0045_0035_0035.jpg 1 48 45 35 35
0504_0035_0039_0032_0032.jpg 1 35 39 32 32
0505_0032_0050_0038_0038.jpg 1 32 50 38 38
0506_0039_0042_0024_0024.jpg 1 39 42 24 24
0507_0016_0026_0040_0040.jpg 1 16 26 40 40
0508_0024_0021_0066_0066.jpg 1 24 21 66 66
0509_0011_0005_0066_0066.jpg 1 11 5 66 66
0510_0014_0036_0057_0057.jpg 1 14 36 57 57
0511_0042_0051_0028_0028.jpg 1 42 51 28 28
0512_0052_0036_0041_0041.jpg 1 52 36 41 41
0513_0006_0007_0056_0056.jpg 1 6 7 56 56
0514_0017_0032_0055_0055.jpg 1 17 32 55 55
0515_0033_0030_0047_0047.jpg 1 33 30 47 47
0516_0008_0037_0026_0026.jpg 1 8 37 26 26
0517_0023_0026_0055_0055.jpg 1 23 26 55 55
0518_0038_0005_0050_0050.jpg 1 38 5 50 50
0519_0007_0050_0037_0037.jpg 1 7 50 37 37
0520_0044_0016_0027_0027.jpg 1 44 16 27 27
0521_0004_0014_0069_0069.jpg 1 4 14 69 69
0522_0037_0033_0034_0034.jpg 1 37 33 34 34
0523_0024_0028_0057_0057.jpg 1 24 28 57 57
0524_0011_0025_0028_0028.jpg 1 11 25 28 28
0525_0037_0019_0057_0057.jpg 1 37 19 57 57
0526_0029_0042_0042_0042.jpg 1 29 42 42 42
0527_0046_0011_0045_0045.jpg 1 46 11 45 45
0528_0024_0025_0033_0033.jpg 1 24 25 33 33
0529_0003_0011_0065_0065.jpg 1 3 11 65 65
0530_0004_0006_0055_0055.jpg 1 4 6 55 55
0531_0035_0044_0051_0051.jpg 1 35 44 51 51
0532_0020_0010_0060_0060.jpg 1 20 10 60 60
0533_0037_0031_0036_0036.jpg 1 37 31 36 36
0534_0021_0049_0042_0042.jpg 1 21 49 42 42
0535_0015_0051_0036_0036.jpg 1 15 51 36 36
0536_0020_0015_0038_0038.jpg 1 20 15 38 38
0537_0025_0013_0034_0034.jpg 1 25 13 34 34
0538_0044_0025_0046_0046.jpg 1 44 25 46 46
0539_0004_0033_0061_0061.jpg 1 4 33 61 61
0540_0018_0005_0041_0041.jpg 1 18 5 41 41
0541_0015_0038_0053_0053.jpg 1 15 38 53 53
0542_0041_0048_0040_0040.jpg 1 41 48 40 40
0543_0025_0042_0041_0041.jpg 1 25 42 41 41
0544_0016_0026_0042_0042.jpg 1 16 26 42 42
0545_0015_0030_0060_0060.jpg 1 15 30 60 60
0546_0034_0024_0057_0057.jpg 1 34 24 57 57
0547_0065_0025_0026_0026.jpg 1 65 25 26 26
0548_0030_0019_0054_0054.jpg 1 30 19 54 54
0549_0048_0016_0032_0032.jpg 1 48 16 32 32
0550_0029_0040_0050_0050.jpg 1 29 40 50 50
0551_0017_0035_0047_0047.jpg 1 17 35 47 47
0552_0017_0047_0025_0025.jpg 1 17 47 25 25
0553_0018_0025_0043_0043.jpg 1 18 25 43 43
0554_0028_0028_0068_0068.jpg 1 28 28 68 68
0555_0020_0017_0026_0026.jpg 1 20 17 26 26
0556_0018_0024_0068_0068.jpg 1 18 24 68 68
0557_0044_0009_0033_0033.jpg 1 44 9 33 33
0558_0007_0028_0065_0065.jpg 1 7 28 65 65
0559_0020_0046_0042_0042.jpg 1 20 46 42 42
0560_0037_0013_0038_0038.jpg 1 37 13 38 38
0561_0019_0030_0025_0025.jpg 1 19 30 25 25
0562_0041_0012_0036_0036.jpg 1 41 12 36 36
0563_0012_0037_0051_0051.jpg 1 12 37 51 51
0564_0013_0033_0031_0031.jpg 1 13 33 31 31
0565_0044_0038_0031_0031.jpg 1 44 38 31 31
0566_0005_0030_0055_0055.jpg 1 5 30 55 55
0567_0031_0027_0062_0062.jpg 1 31 27 62 62
0568_0017_0004_0062_0062.jpg 1 17 4 62 62
0569_0012_0020_0046_0046.jpg 1 12 20 46 46
0570_0047_0012_0037_0037.jpg 1 47 12 37 37
0571_0019_0048_0044_0044.jpg 1 19 48 44 44
0572_0037_0018_0053_0053.jpg 1 37 18 53 53
0573_0013_0006_0043_0043.jpg 1 13 6 43 43
0574_0013_0033_0061_0061.jpg 1 13 33 61 61
0575_0020_0009_0052_0052.jpg 1 20 9 52 52
0576_0034_0009_0060_0060.jpg 1 34 9 60 60
0577_0007_0013_0058_0058.jpg 1 7 13 58 58
0578_0042_0058_0033_0033.jpg 1 42 58 33 33
0579_0043_0023_0043_0043.jpg 1 43 23 43 43
0580_0048_0019_0037_0037.jpg 1 48 19 37 37
0581_0029_0006_0046_0046.jpg 1 29 6 46 46
0582_0019_0035_0057_0057.jpg 1 19 35 57 57
0583_0007_0005_0050_0050.jpg 1 7 5 50 50
0584_0028_0012_0061_0061.jpg 1 28 12 61 61
0585_0030_0016_0060_0060.jpg 1 30 16 60 60
0586_0036_0017_0055_0055.jpg 1 36 17 55 55
0587_0049_0021_0042_0042.jpg 1 49 21 42 42
0588_0022_0034_0050_0050.jpg 1 22 34 50 50
0589_0008_0017_0061_0061.jpg 1 8 17 61 61
0590_0022_0039_0041_0041.jpg 1 22 39 41 41
0591_0043_0033_0051_0051.jpg 1 43 33 51 51
0592_0013_0048_0032_0032.jpg 1 13 48 32 32
0593_0009_0012_0051_0051.jpg 1 9 12 51 51
0594_0018_0025_0068_0068.jpg 1 18 25 68 68
0595_0044_0020_0035_0035.jpg 1 44 20 35 35
0596_0023_0009_0047_0047.jpg 1 23 9 47 47
0597_0006_0014_0066_0066.jpg 1 6 14 66 66
0598_0019_0020_0037_0037.jpg 1 19 20 37 37
0599_0014_0040_0049_0049.jpg 1 14 40 49 49
0600_0020_0038_0051_0051.jpg 1 20 38 51 51
0601_0040_0034_0033_0033.jpg 1 40 34 33 33
0602_0010_0028_0060_0060.jpg 1 10 28 60 60
0603_0010_0030_0064_0064.jpg 1 10 30 64 64
0604_0006_0025_0049_0049.jpg 1 6 25 49 49
0605_0034_0025_0041_0041.jpg 1 34 25 41 41
0606_0045_0020_0043_0043.jpg 1 45 20 43 43
0607_0040_0020_0043_0043.jpg 1 40 20 43 43
0608_0033_0034_0040_0040.jpg 1 33 34 40 40
0609_0035_0019_0056_0056.jpg 1 35 19 56 56
0610_0034_0011_0045_0045.jpg 1 34 11 45 45
0611_0024_0022_0035_0035.jpg 1 24 22 35 35
0612_0032_0030_0060_0060.jpg 1 32 30 60 60
0613_0023_0008_0058_0058.jpg 1 23 8 58 58
0614_0020_0020_0041_0041.jpg 1 20 20 41 41
0615_0032_0022_0029_0029.jpg 1 32 22 29 29
0616_0054_0045_0036_0036.jpg 1 54 45 36 36
0617_0027_0021_0031_0031.jpg 1 27 21 31 31
0618_0011_0031_0060_0060.jpg 1 11 31 60 60
0619_0048_0042_0039_0039.jpg 1 48 42 39 39
0620_0004_0028_0060_0060.jpg 1 4 28 60 60
0621_0042_0027_0052_0052.jpg 1 42 27 52 52
0622_0008_0031_0034_0034.jpg 1 8 31 34 34
0623_0007_0010_0053_0053.jpg 1 7 10 53 53
0624_0012_0037_0055_0055.jpg 1 12 37 55 55
0625_0020_0028_0056_0056.jpg 1 20 28 56 56
0626_0044_0037_0029_0029.jpg 1 44 37 29 29
0627_0037_0051_0030_0030.jpg 1 37 51 30 30
0628_0036_0034_0053_0053.jpg 1 36 34 53 53
0629_0026_0005_0055_0055.jpg 1 26 5 55 55
0630_0043_0039_0050_0050.jpg 1 43 39 50 50
0631_0023_0047_0026_0026.jpg 1 23 47 26 26
0632_0031_0024_0045_0045.jpg 1 31 24 45 45
0633_0022_0031_0047_0047.jpg 1 22 31 47 47
0634_0054_0037_0039_0039.jpg 1 54 37 39 39
0635_0039_0016_0056_0056.jpg 1 39 16 56 56
0636_0017_0016_0024_0024.jpg 1 17 16 24 24
0637_0014_0007_0051_0051.jpg 1 14 7 51 51
0638_0021_0016_0050_0050.jpg 1 21 16 50 50
0639_0036_0046_0041_0041.jpg 1 36 46 41 41
0640_0040_0033_0024_0024.jpg 1 40 33 24 24
0641_0018_0013_0058_0058.jpg 1 18 13 58 58
0642_0027_0014_0063_0063.jpg 1 27 14 63 63
0643_0048_0038_0029_0029.jpg 1 48 38 29 29
0644_0023_0057_0025_0025.jpg 1 23 57 25 25
0645_0035_0036_0025_0025.jpg 1 35 36 25 25
0646_0005_0013_0065_0065.jpg 1 5 13 65 65
0647_0028_0004_0056_0056.jpg 1 28 4 56 56
0648_0007_0049_0036_0036.jpg 1 7 49 36 36
0649_0025_0008_0053_0053.jpg 1 25 8 53 53
0650_0041_0030_0052_0052.jpg 1 41 30 52 52
0651_0014_0042_0045_0045.jpg 1 14 42 45 45
0652_0041_0036_0044_0044.jpg 1 41 36 44 44
0653_0032_0019_0059_0059.jpg 1 32 19 59 59
0654_0008_0018_0059_0059.jpg 1 8 18 59 59
0655_0049_0043_0031_0031.jpg 1 49 43 31 31
0656_0018_0016_0056_0056.jpg 1 18 16 56 56
0657_0043_0044_0045_0045.jpg 1 43 44 45 45
0658_0054_0028_0027_0027.jpg 1 54 28 27 27
0659_0025_0028_0065_0065.jpg 1 25 28 65 65
0660_0040_0018_0044_0044.jpg 1 40 18 44 44
0661_0039_0020_0049_0049.jpg 1 39 20 49 49
0662_0004_0021_0066_0066.jpg 1 4 21 66 66
0663_0009_0021_0066_0066.jpg 1 9 21 66 66
0664_0027_0029_0037_0037.jpg 1 27 29 37 37
0665_0013_0034_0046_0046.jpg 1 13 34 46 46
0666_0011_0055_0036_0036.jpg 1 11 55 36 36
0667_0034_0034_0049_0049.jpg 1 34 34 49 49
0668_0024_0004_0062_0062.jpg 1 24 4 62 62
0669_0048_0057_0032_0032.jpg 1 48 57 32 32
0670_0035_0006_0052_0052.jpg 1 35 6 52 52
0671_0019_0019_0029_0029.jpg 1 19 19 29 29
0672_0014_0020_0051_0051.jpg 1 14 20 51 51
0673_0029_0055_0024_0024.jpg 1 29 55 24 24
0674_0037_0032_0057_0057.jpg 1 37 32 57 57
0675_0009_0027_0054_0054.jpg 1 9 27 54 54
0676_0014_0004_0064_0064.jpg 1 14 4 64 64
0677_0045_0008_0046_0046.jpg 1 45 8 46 46
0678_0030_0013_0054_0054.jpg 1 30 13 54 54
0679_0025_0019_0069_0069.jpg 1 25 19 69 69
0680_0021_0013_0053_0053.jpg 1 21 13 53 53
0681_0010_0045_0041_0041.jpg 1 10 45 41 41
0682_0044_0008_0047_0047.jpg 1 44 8 47 47
0683_0011_0010_0043_0043.jpg 1 11 10 43 43
0684_0013_0016_0042_0042.jpg 1 13 16 42 42
0685_0027_0009_0040_0040.jpg 1 27 9 40 40
0686_0031_0042_0042_0042.jpg 1 31 42 42 42
0687_0012_0027_0059_0059.jpg 1 12 27 59 59
0688_0008_0054_0026_0026.jpg 1 8 54 26 26
0689_0003_0021_0069_0069.jpg 1 3 21 69 69
0690_0057_0036_0034_0034.jpg 1 57 36 34 34
0691_0044_0009_0029_0029.jpg 1 44 9 29 29
0692_0025_0014_0060_0060.jpg 1 25 14 60 60
0693_0021_0021_0053_0053.jpg 1 21 21 53 53
0694_0021_0040_0054_0054.jpg 1 21 40 54 54
0695_0011_0015_0059_0059.jpg 1 11 15 59 59
0696_0011_0020_0067_0067.jpg 1 11 20 67 67
0697_0038_0038_0035_0035.jpg 1 38 38 35 35
0698_0013_0027_0069_0069.jpg 1 13 27 69 69
0699_0044_0039_0025_0025.jpg 1 44 39 25 25
0700_0004_0028_0065_0065.jpg 1 4 28 65 65
0701_0050_0007_0036_0036.jpg 1 50 7 36 36
0702_0030_0026_0065_0065.jpg 1 30 26 65 65
0703_0040_0050_0035_0035.jpg 1 40 50 35 35
0704_0006_0009_0067_0067.jpg 1 6 9 67 67
0705_0020_0043_0050_0050.jpg 1 20 43 50 50
0706_0009_0041_0045_0045.jpg 1 9 41 45 45
0707_0038_0047_0046_0046.jpg 1 38 47 46 46
0708_0044_0012_0031_0031.jpg 1 44 12 31 31
0709_0038_0053_0034_0034.jpg 1 38 53 34 34
0710_0014_0022_0024_0024.jpg 1 14 22 24 24
0711_0015_0034_0049_0049.jpg 1 15 34 49 49
0712_0041_0042_0036_0036.jpg 1 41 42 36 36
0713_0033_0027_0044_0044.jpg 1 33 27 44 44
0714_0006_0011_0063_0063.jpg 1 6 11 63 63
0715_0028_0005_0061_0061.jpg 1 28 5 61 61
0716_0028_0008_0048_0048.jpg 1 28 8 48 48
0717_0025_0023_0045_0045.jpg 1 25 23 45 45
0718_0015_0043_0043_0043.jpg 1 15 43 43 43
0719_0047_0054_0027_0027.jpg 1 47 54 27 27
0720_0024_0041_0053_0053.jpg 1 24 41 53 53
0721_0032_0016_0041_0041.jpg 1 32 16 41 41
0722_0005_0014_0065_0065.jpg 1 5 14 65 65
0723_0020_0038_0044_0044.jpg 1 20 38 44 44
0724_0045_0033_0047_0047.jpg 1 45 33 47 47
0725_0014_0022_0025_0025.jpg 1 14 22 25 25
0726_0010_0059_0032_0032.jpg 1 10 59 32 32
0727_0033_0017_0033_0033.jpg 1 33 17 33 33
0728_0042_0048_0036_0036.jpg 1 42 48 36 36
0729_0014_0016_0065_0065.jpg 1 14 16 65 65
0730_0032_0033_0061_0061.jpg 1 32 33 61 61
0731_0032_0012_0058_0058.jpg 1 32 12 58 58
0732_0041_0033_0027_0027.jpg 1 41 33 27 27
0733_0008_0011_0068_0068.jpg 1 8 11 68 68
0734_0031_0032_0060_0060.jpg 1 31 32 60 60
0735_0012_0019_0040_0040.jpg 1 12 19 40 40
0736_0019_0021_0068_0068.jpg 1 19 21 68 68
0737_0011_0036_0049_0049.jpg 1 11 36 49 49
0738_0010_0030_0043_0043.jpg 1 10 30 43 43
0739_0047_0012_0032_0032.jpg 1 47 12 32 32
0740_0022_0031_0059_0059.jpg 1 22 31 59 59
0741_0015_0050_0038_0038.jpg 1 15 50 38 38
0742_0016_0034_0037_0037.jpg 1 16 34 37 37
0743_0065_0050_0025_0025.jpg 1 65 50 25 25
0744_0013_0066_0024_0024.jpg 1 13 66 24 24
0745_0024_0003_0068_0068.jpg 1 24 3 68 68
0746_0031_0039_0025_0025.jpg 1 31 39 25 25
0747_0026_0014_0035_0035.jpg 1 26 14 35 35
0748_0018_0005_0056_0056.jpg 1 18 5 56 56
0749_0034_0028_0035_0035.jpg 1 34 28 35 35
0750_0009_0043_0036_0036.jpg 1 9 43 36 36
0751_0013_0020_0055_0055.jpg 1 13 20 55 55
0752_0024_0039_0036_0036.jpg 1 24 39 36 36
0753_0011_0015_0058_0058.jpg 1 11 15 58 58
0754_0049_0008_0045_0045.jpg 1 49 8 45 45
0755_0047_0025_0044_0044.jpg 1 47 25 44 44
0756_0006_0049_0045_0045.jpg 1 6 49 45 45
0757_0019_0025_0063_0063.jpg 1 19 25 63 63
0758_0029_0031_0062_0062.jpg 1 29 31 62 62
0759_0009_0024_0063_0063.jpg 1 9 24 63 63
0760_0007_0042_0030_0030.jpg 1 7 42 30 30
0761_0012_0011_0050_0050.jpg 1 12 11 50 50
0762_0035_0010_0030_0030.jpg 1 35 10 30 30
0763_0034_0023_0037_0037.jpg 1 34 23 37 37
0764_0050_0031_0032_0032.jpg 1 50 31 32 32
0765_0026_0045_0040_0040.jpg 1 26 45 40 40
0766_0019_0022_0053_0053.jpg 1 19 22 53 53
0767_0055_0063_0028_0028.jpg 1 55 63 28 28
0768_0011_0028_0045_0045.jpg 1 11 28 45 45
0769_0028_0018_0028_0028.jpg 1 28 18 28 28
0770_0028_0009_0067_0067.jpg 1 28 9 67 67
0771_0019_0029_0041_0041.jpg 1 19 29 41 41
0772_0022_0043_0049_0049.jpg 1 22 43 49 49
0773_0012_0005_0066_0066.jpg 1 12 5 66 66
0774_0029_0016_0064_0064.jpg 1 29 16 64 64
0775_0018_0012_0024_0024.jpg 1 18 12 24 24
0776_0009_0030_0057_0057.jpg 1 9 30 57 57
0777_0028_0032_0026_0026.jpg 1 28 32 26 26
0778_0042_0009_0039_0039.jpg 1 42 9 39 39
0779_0008_0048_0039_0039.jpg 1 8 48 39 39
0780_0007_0030_0058_0058.jpg 1 7 30 58 58
0781_0015_0008_0060_0060.jpg 1 15 8 60 60
0782_0006_0046_0034_0034.jpg 1 6 46 34 34
0783_0013_0010_0032_0032.jpg 1 13 10 32 32
0784_0030_0019_0063_0063.jpg 1 30 19 63 63
0785_0041_0011_0034_0034.jpg 1 41 11 34 34
0786_0042_0048_0037_0037.jpg 1 42 48 37 37
0787_0027_0025_0058_0058.jpg 1 27 25 58 58
0788_0018_0007_0048_0048.jpg 1 18 7 48 48
0789_0025_0052_0034_0034.jpg 1 25 52 34 34
0790_0021_0004_0068_0068.jpg 1 21 4 68 68
0791_0029_0021_0038_0038.jpg 1 29 21 38 38
0792_0036_0044_0042_0042.jpg 1 36 44 42 42
0793_0037_0042_0040_0040.jpg 1 37 42 40 40
0794_0010_0035_0037_0037.jpg 1 10 35 37 37
0795_0055_0022_0037_0037.jpg 1 55 22 37 37
0796_0012_0042_0030_0030.jpg 1 12 42 30 30
0797_0014_0025_0049_0049.jpg 1 14 25 49 49
0798_0019_0028_0061_0061.jpg 1 19 28 61 61
0799_0062_0032_0025_0025.jpg 1 62 32 25 25
0800_0010_0026_0039_0039.jpg 1 10 26 39 39
0801_0040_0019_0036_0036.jpg 1 40 19 36 36
0802_0029_0012_0042_0042.jpg 1 29 12 42 42
0803_0024_0028_0055_0055.jpg 1 24 28 55 55
0804_0041_0014_0041_0041.jpg 1 41 14 41 41
0805_0050_0033_0028_0028.jpg 1 50 33 28 28
0806_0015_0014_0030_0030.jpg 1 15 14 30 30
0807_0011_0025_0028_0028.jpg 1 11 25 28 28
0808_0018_0049_0035_0035.jpg 1 18 49 35 35
0809_0032_0024_0061_0061.jpg 1 32 24 61 61
0810_0009_0013_0032_0032.jpg 1 9 13 32 32
0811_0040_0031_0054_0054.jpg 1 40 31 54 54
0812_0008_0008_0049_0049.jpg 1 8 8 49 49
0813_0037_0033_0033_0033.jpg 1 37 33 33 33
0814_0038_0009_0056_0056.jpg 1 38 9 56 56
0815_0031_0016_0034_0034.jpg 1 31 16 34 34
0816_0037_0026_0035_0035.jpg 1 37 26 35 35
0817_0018_0015_0064_0064.jpg 1 18 15 64 64
0818_0008_0036_0057_0057.jpg 1 8 36 57 57
0819_0023_0025_0067_0067.jpg 1 23 25 67 67
0820_0015_0030_0049_0049.jpg 1 15 30 49 49
0821_0020_0042_0035_0035.jpg 1 20 42 35 35
0822_0018_0019_0066_0066.jpg 1 18 19 66 66
0823_0034_0035_0032_0032.jpg 1 34 35 32 32
0824_0005_0008_0066_0066.jpg 1 5 8 66 66
0825_0028_0014_0040_0040.jpg 1 28 14 40 40
0826_0026_0031_0054_0054.jpg 1 26 31 54 54
0827_0017_0037_0040_0040.jpg 1 17 37 40 40
0828_0033_0029_0058_0058.jpg 1 33 29 58 58
0829_0014_0015_0056_0056.jpg 1 14 15 56 56
0830_0006_0006_0055_0055.jpg 1 6 6 55 55
0831_0021_0006_0061_0061.jpg 1 21 6 61 61
0832_0046_0011_0043_0043.jpg 1 46 11 43 43
0833_0047_0054_0032_0032.jpg 1 47 54 32 32
0834_0047_0033_0031_0031.jpg 1 47 33 31 31
0835_0029_0005_0056_0056.jpg 1 29 5 56 56
0836_0061_0021_0027_0027.jpg 1 61 21 27 27
0837_0005_0027_0069_0069.jpg 1 5 27 69 69
0838_0045_0045_0042_0042.jpg 1 45 45 42 42
0839_0025_0028_0066_0066.jpg 1 25 28 66 66
0840_0039_0043_0046_0046.jpg 1 39 43 46 46
0841_0014_0043_0040_0040.jpg 1 14 43 40 40
0842_0010_0029_0065_0065.jpg 1 10 29 65 65
0843_0014_0008_0063_0063.jpg 1 14 8 63 63
0844_0023_0020_0068_0068.jpg 1 23 20 68 68
0845_0039_0025_0051_0051.jpg 1 39 25 51 51
0846_0058_0015_0026_0026.jpg 1 58 15 26 26
0847_0027_0019_0041_0041.jpg 1 27 19 41 41
0848_0051_0052_0036_0036.jpg 1 51 52 36 36
0849_0018_0014_0062_0062.jpg 1 18 14 62 62
0850_0015_0039_0029_0029.jpg 1 15 39 29 29
0851_0014_0023_0055_0055.jpg 1 14 23 55 55
0852_0018_0023_0042_0042.jpg 1 18 23 42 42
0853_0062_0016_0025_0025.jpg 1 62 16 25 25
0854_0026_0052_0029_0029.jpg 1 26 52 29 29
0855_0035_0056_0028_0028.jpg 1 35 56 28 28
0856_0031_0021_0049_0049.jpg 1 31 21 49 49
0857_0015_0020_0056_0056.jpg 1 15 20 56 56
0858_0042_0034_0050_0050.jpg 1 42 34 50 50
0859_0036_0055_0028_0028.jpg 1 36 55 28 28
0860_0019_0016_0066_0066.jpg 1 19 16 66 66
0861_0011_0011_0064_0064.jpg 1 11 11 64 64
0862_0005_0026_0051_0051.jpg 1 5 26 51 51
0863_0063_0037_0024_0024.jpg 1 63 37 24 24
0864_0042_0019_0052_0052.jpg 1 42 19 52 52
0865_0009_0005_0069_0069.jpg 1 9 5 69 69
0866_0027_0025_0049_0049.jpg 1 27 25 49 49
0867_0061_0015_0026_0026.jpg 1 61 15 26 26
0868_0020_0042_0048_0048.jpg 1 20 42 48 48
0869_0040_0026_0055_0055.jpg 1 40 26 55 55
0870_0061_0056_0027_0027.jpg 1 61 56 27 27
0871_0041_0027_0027_0027.jpg 1 41 27 27 27
0872_0019_0041_0035_0035.jpg 1 19 41 35 35
0873_0028_0026_0060_0060.jpg 1 28 26 60 60
0874_0010_0024_0063_0063.jpg 1 10 24 63 63
0875_0018_0035_0048_0048.jpg 1 18 35 48 48
0876_0022_0012_0062_0062.jpg 1 22 12 62 62
0877_0063_0018_0027_0027.jpg 1 63 18 27 27
0878_0028_0041_0052_0052.jpg 1 28 41 52 52
0879_0018_0050_0036_0036.jpg 1 18 50 36 36
0880_0008_0029_0061_0061.jpg 1 8 29 61 61
0881_0018_0052_0034_0034.jpg 1 18 52 34 34
0882_0024_0004_0063_0063.jpg 1 24 4 63 63
0883_0024_0012_0048_0048.jpg 1 24 12 48 48
0884_0023_0005_0067_0067.jpg 1 23 5 67 67
0885_0004_0013_0055_0055.jpg 1 4 13 55 55
0886_0032_0029_0063_0063.jpg 1 32 29 63 63
0887_0026_0033_0054_0054.jpg 1 26 33 54 54
0888_0052_0018_0031_0031.jpg 1 52 18 31 31
0889_0042_0027_0046_0046.jpg 1 42 27 46 46
0890_0008_0044_0043_0043.jpg 1 8 44 43 43
0891_0063_0028_0028_0028.jpg 1 63 28 28 28
0892_0033_0032_0045_0045.jpg 1 33 32 45 45
0893_0052_0026_0033_0033.jpg 1 52 26 33 33
0894_0011_0016_0066_0066.jpg 1 11 16 66 66
0895_0016_0011_0036_0036.jpg 1 16 11 36 36
0896_0031_0036_0057_0057.jpg 1 31 36 57 57
0897_0034_0033_0058_0058.jpg 1 34 33 58 58
0898_0024_0014_0068_0068.jpg 1 24 14 68 68
0899_0024_0028_0038_0038.jpg 1 24 28 38 38
0900_0024_0038_0051_0051.jpg 1 24 38 51 51
0901_0014_0026_0038_0038.jpg 1 14 26 38 38
0902_0018_0019_0046_0046.jpg 1 18 19 46 46
0903_0036_0012_0032_0032.jpg 1 36 12 32 32
0904_0006_0048_0043_0043.jpg 1 6 48 43 43
0905_0029_0029_0033_0033.jpg 1 29 29 33 33
0906_0049_0038_0043_0043.jpg 1 49 38 43 43
0907_0010_0048_0037_0037.jpg 1 10 48 37 37
0908_0066_0044_0025_0025.jpg 1 66 44 25 25
0909_0019_0019_0058_0058.jpg 1 19 19 58 58
0910_0009_0030_0059_0059.jpg 1 9 30 59 59
0911_0006_0020_0048_0048.jpg 1 6 20 48 48
0912_0033_0036_0057_0057.jpg 1 33 36 57 57
0913_0030_0058_0030_0030.jpg 1 30 58 30 30
0914_0042_0030_0037_0037.jpg 1 42 30 37 37
0915_0034_0021_0029_0029.jpg 1 34 21 29 29
0916_0017_0037_0024_0024.jpg 1 17 37 24 24
0917_0015_0053_0038_0038.jpg 1 15 53 38 38
0918_0019_0008_0047_0047.jpg 1 19 8 47 47
0919_0047_0038_0045_0045.jpg 1 47 38 45 45
0920_0005_0018_0052_0052.jpg 1 5 18 52 52
0921_0027_0015_0062_0062.jpg 1 27 15 62 62
0922_0040_0017_0049_0049.jpg 1 40 17 49 49
0923_0056_0049_0024_0024.jpg 1 56 49 24 24
0924_0029_0049_0037_0037.jpg 1 29 49 37 37
0925_0027_0023_0059_0059.jpg 1 27 23 59 59
0926_0023_0005_0069_0069.jpg 1 23 5 69 69
0927_0036_0027_0031_0031.jpg 1 36 27 31 31
0928_0032_0023_0053_0053.jpg 1 32 23 53 53
0929_0017_0013_0050_0050.jpg 1 17 13 50 50
0930_0023_0020_0058_0058.jpg 1 23 20 58 58
0931_0019_0030_0030_0030.jpg 1 19 30 30 30
0932_0049_0055_0030_0030.jpg 1 49 55 30 30
0933_0010_0010_0068_0068.jpg 1 10 10 68 68
0934_0025_0016_0069_0069.jpg 1 25 16 69 69
0935_0030_0024_0062_0062.jpg 1 30 24 62 62
0936_0019_0015_0063_0063.jpg 1 19 15 63 63
0937_0029_0036_0058_0058.jpg 1 29 36 58 58
0938_0011_0007_0068_0068.jpg 1 11 7 68 68
0939_0031_0004_0057_0057.jpg 1 31 4 57 57
0940_0021_0025_0043_0043.jpg 1 21 25 43 43
0941_0006_0015_0058_0058.jpg 1 6 15 58 58
0942_0015_0032_0063_0063.jpg 1 15 32 63 63
0943_0037_0014_0057_0057.jpg 1 37 14 57 57
0944_0014_0030_0063_0063.jpg 1 14 30 63 63
0945_0029_0022_0056_0056.jpg 1 29 22 56 56
0946_0008_0011_0059_0059.jpg 1 8 11 59 59
0947_0035_0023_0026_0026.jpg 1 35 23 26 26
0948_0043_0018_0046_0046.jpg 1 43 18 46 46
0949_0015_0023_0025_0025.jpg 1 15 23 25 25
0950_0023_0033_0045_0045.jpg 1 23 33 45 45
0951_0051_0023_0029_0029.jpg 1 51 23 29 29
0952_0026_0023_0059_0059.jpg 1 26 23 59 59
0953_0025_0005_0062_0062.jpg 1 25 5 62 62
0954_0021_0022_0038_0038.jpg 1 21 22 38 38
0955_0013_0021_0042_0042.jpg 1 13 21 42 42
0956_0031_0057_0033_0033.jpg 1 31 57 33 33
0957_0021_0035_0056_0056.jpg 1 21 35 56 56
0958_0034_0040_0032_0032.jpg 1 34 40 32 32
0959_0012_0047_0038_0038.jpg 1 12 47 38 38
0960_0017_0050_0034_0034.jpg 1 17 50 34 34
0961_0012_0007_0052_0052.jpg 1 12 7 52 52
0962_0038_0054_0036_0036.jpg 1 38 54 36 36
0963_0044_0040_0028_0028.jpg 1 44 40 28 28
0964_0041_0047_0024_0024.jpg 1 41 47 24 24
0965_0036_0012_0059_0059.jpg 1 36 12 59 59
0966_0020_0022_0068_0068.jpg 1 20 22 68 68
0967_0031_0024_0054_0054.jpg 1 31 24 54 54
0968_0013_0043_0043_0043.jpg 1 13 43 43 43
0969_0026_0015_0047_0047.jpg 1 26 15 47 47
0970_0013_0013_0060_0060.jpg 1 13 13 60 60
0971_0031_0036_0046_0046.jpg 1 31 36 46 46
0972_0006_0018_0063_0063.jpg 1 6 18 63 63
0973_0030_0051_0031_0031.jpg 1 30 51 31 31
0974_0019_0040_0035_0035.jpg 1 19 40 35 35
0975_0015_0012_0047_0047.jpg 1 15 12 47 47
0976_0016_0036_0028_0028.jpg 1 16 36 28 28
0977_0023_0018_0069_0069.jpg 1 23 18 69 69
0978_0035_0020_0054_0054.jpg 1 35 20 54 54
0979_0020_0021_0067_0067.jpg 1 20 21 67 67
0980_0025_0020_0034_0034.jpg 1 25 20 34 34
0981_0017_0007_0067_0067.jpg 1 17 7 67 67
0982_0011_0053_0026_0026.jpg 1 11 53 26 26
0983_0017_0049_0036_0036.jpg 1 17 49 36 36
0984_0013_0032_0045_0045.jpg 1 13 32 45 45
0985_0019_0023_0052_0052.jpg 1 19 23 52 52
0986_0022_0015_0027_0027.jpg 1 22 15 27 27
0987_0010_0023_0066_0066.jpg 1 10 23 66 66
0988_0010_0042_0029_0029.jpg 1 10 42 29 29
0989_0055_0021_0030_0030.jpg 1 55 21 30 30
0990_0011_0011_0063_0063.jpg 1 11 11 63 63
0991_0011_0052_0040_0040.jpg 1 11 52 40 40
0992_0038_0037_0039_0039.jpg 1 38 37 39 39
0993_0008_0014_0067_0067.jpg 1 8 14 67 67
0994_0032_0003_0063_0063.jpg 1 32 3 63 63
0995_0029_0016_0061_0061.jpg 1 29 16 61 61
0996_0026_0064_0027_0027.jpg 1 26 64 27 27
0997_0034_0013_0061_0061.jpg 1 34 13 61 61
0998_0020_0008_0058_0058.jpg 1 20 8 58 58
0999_0021_0015_0035_0035.jpg 1 21 15 35 35
1000_0013_0025_0069_0069.jpg 1 13 25 69 69
1001_0015_0017_0050_0050.jpg 1 15 17 50 50
1002_0042_0024_0038_0038.jpg 1 42 24 38 38
1003_0046_0032_0031_0031.jpg 1 46 32 31 31
1004_0042_0032_0033_0033.jpg 1 42 32 33 33
1005_0020_0055_0029_0029.jpg 1 20 55 29 29
1006_0039_0011_0038_0038.jpg 1 39 11 38 38
1007_0006_0024_0044_0044.jpg 1 6 24 44 44
1008_0039_0029_0036_0036.jpg 1 39 29 36 36
1009_0030_0020_0030_0030.jpg 1 30 20 30 30
1010_0043_0025_0038_0038.jpg 1 43 25 38 38
1011_0011_0006_0043_0043.jpg 1 11 6 43 43
1012_0008_0013_0027_0027.jpg 1 8 13 27 27
1013_0008_0040_0031_0031.jpg 1 8 40 31 31
1014_0014_0032_0053_0053.jpg 1 14 32 53 53
1015_0025_0046_0045_0045.jpg 1 25 46 45 45
1016_0044_0011_0050_0050.jpg 1 44 11 50 50
1017_0028_0040_0037_0037.jpg 1 28 40 37 37
1018_0042_0007_0033_0033.jpg 1 42 7 33 33
1019_0017_0031_0030_0030.jpg 1 17 31 30 30
1020_0025_0022_0062_0062.jpg 1 25 22 62 62
1021_0036_0046_0030_0030.jpg 1 36 46 30 30
1022_0008_0021_0041_0041.jpg 1 8 21 41 41
1023_0024_0009_0064_0064.jpg 1 24 9 64 64
1024_0020_0024_0061_0061.jpg 1 20 24 61 61
1025_0005_0015_0056_0056.jpg 1 5 15 56 56
1026_0016_0028_0066_0066.jpg 1 16 28 66 66
1027_0028_0012_0066_0066.jpg 1 28 12 66 66
1028_0032_0035_0032_0032.jpg 1 32 35 32 32
1029_0054_0029_0034_0034.jpg 1 54 29 34 34
1030_0014_0037_0057_0057.jpg 1 14 37 57 57
1031_0046_0010_0034_0034.jpg 1 46 10 34 34
1032_0036_0023_0041_0041.jpg 1 36 23 41 41
1033_0050_0013_0028_0028.jpg 1 50 13 28 28
1034_0020_0020_0064_0064.jpg 1 20 20 64 64
1035_0021_0040_0039_0039.jpg 1 21 40 39 39
1036_0030_0014_0037_0037.jpg 1 30 14 37 37
1037_0010_0019_0056_0056.jpg 1 10 19 56 56
1038_0032_0032_0041_0041.jpg 1 32 32 41 41
1039_0032_0037_0032_0032.jpg 1 32 37 32 32
1040_0017_0031_0036_0036.jpg 1 17 31 36 36
1041_0013_0025_0035_0035.jpg 1 13 25 35 35
1042_0055_0025_0028_0028.jpg 1 55 25 28 28
1043_0015_0049_0026_0026.jpg 1 15 49 26 26
1044_0010_0019_0065_0065.jpg 1 10 19 65 65
1045_0013_0024_0060_0060.jpg 1 13 24 60 60
1046_0040_0034_0051_0051.jpg 1 40 34 51 51
1047_0037_0006_0041_0041.jpg 1 37 6 41 41
1048_0016_0003_0068_0068.jpg 1 16 3 68 68
1049_0017_0019_0067_0067.jpg 1 17 19 67 67
1050_0035_0016_0025_0025.jpg 1 35 16 25 25
1051_0011_0034_0056_0056.jpg 1 11 34 56 56
1052_0046_0040_0036_0036.jpg 1 46 40 36 36
1053_0008_0009_0061_0061.jpg 1 8 9 61 61
1054_0052_0063_0028_0028.jpg 1 52 63 28 28
1055_0008_0010_0045_0045.jpg 1 8 10 45 45
1056_0012_0032_0048_0048.jpg 1 12 32 48 48
1057_0011_0020_0068_0068.jpg 1 11 20 68 68
1058_0007_0033_0059_0059.jpg 1 7 33 59 59
1059_0006_0026_0069_0069.jpg 1 6 26 69 69
1060_0029_0011_0033_0033.jpg 1 29 11 33 33
1061_0033_0040_0029_0029.jpg 1 33 40 29 29
1062_0006_0031_0035_0035.jpg 1 6 31 35 35
1063_0020_0045_0033_0033.jpg 1 20 45 33 33
1064_0018_0005_0045_0045.jpg 1 18 5 45 45
1065_0042_0042_0031_0031.jpg 1 42 42 31 31
1066_0027_0009_0062_0062.jpg 1 27 9 62 62
1067_0023_0039_0054_0054.jpg 1 23 39 54 54
1068_0065_0023_0024_0024.jpg 1 65 23 24 24
1069_0061_0041_0025_0025.jpg 1 61 41 25 25
1070_0029_0011_0062_0062.jpg 1 29 11 62 62
1071_0044_0009_0038_0038.jpg 1 44 9 38 38
1072_0012_0013_0066_0066.jpg 1 12 13 66 66
1073_0034_0048_0044_0044.jpg 1 34 48 44 44
1074_0053_0026_0040_0040.jpg 1 53 26 40 40
1075_0041_0018_0045_0045.jpg 1 41 18 45 45
1076_0026_0021_0050_0050.jpg 1 26 21 50 50
1077_0004_0008_0067_0067.jpg 1 4 8 67 67
1078_0054_0009_0035_0035.jpg 1 54 9 35 35
1079_0005_0029_0050_0050.jpg 1 5 29 50 50
1080_0012_0042_0046_0046.jpg 1 12 42 46 46
1081_0018_0013_0055_0055.jpg 1 18 13 55 55
1082_0017_0023_0068_0068.jpg 1 17 23 68 68
1083_0030_0036_0032_0032.jpg 1 30 36 32 32
1084_0045_0033_0035_0035.jpg 1 45 33 35 35
1085_0025_0041_0038_0038.jpg 1 25 41 38 38
1086_0022_0029_0041_0041.jpg 1 22 29 41 41
1087_0015_0007_0060_0060.jpg 1 15 7 60 60
1088_0010_0022_0039_0039.jpg 1 10 22 39 39
1089_0025_0018_0063_0063.jpg 1 25 18 63 63
1090_0028_0010_0060_0060.jpg 1 28 10 60 60
1091_0026_0027_0054_0054.jpg 1 26 27 54 54
1092_0018_0012_0069_0069.jpg 1 18 12 69 69
1093_0017_0036_0050_0050.jpg 1 17 36 50 50
1094_0024_0037_0054_0054.jpg 1 24 37 54 54
1095_0035_0023_0060_0060.jpg 1 35 23 60 60
1096_0051_0035_0030_0030.jpg 1 51 35 30 30
1097_0019_0028_0065_0065.jpg 1 19 28 65 65
1098_0015_0022_0049_0049.jpg 1 15 22 49 49
1099_0023_0027_0057_0057.jpg 1 23 27 57 57
1100_0033_0033_0034_0034.jpg 1 33 33 34 34
1101_0011_0019_0033_0033.jpg 1 11 19 33 33
1102_0033_0031_0025_0025.jpg 1 33 31 25 25
1103_0009_0024_0044_0044.jpg 1 9 24 44 44
1104_0029_0052_0029_0029.jpg 1 29 52 29 29
1105_0024_0004_0061_0061.jpg 1 24 4 61 61
1106_0010_0047_0046_0046.jpg 1 10 47 46 46
1107_0025_0017_0036_0036.jpg 1 25 17 36 36
1108_0009_0011_0067_0067.jpg 1 9 11 67 67
1109_0035_0012_0058_0058.jpg 1 35 12 58 58
1110_0022_0061_0024_0024.jpg 1 22 61 24 24
1111_0028_0010_0055_0055.jpg 1 28 10 55 55
1112_0029_0034_0024_0024.jpg 1 29 34 24 24
1113_0026_0026_0054_0054.jpg 1 26 26 54 54
1114_0049_0014_0038_0038.jpg 1 49 14 38 38
1115_0009_0056_0034_0034.jpg 1 9 56 34 34
1116_0005_0037_0053_0053.jpg 1 5 37 53 53
1117_0036_0013_0057_0057.jpg 1 36 13 57 57
1118_0032_0008_0050_0050.jpg 1 32 8 50 50
1119_0039_0038_0042_0042.jpg 1 39 38 42 42
1120_0044_0033_0028_0028.jpg 1 44 33 28 28
1121_0048_0038_0046_0046.jpg 1 48 38 46 46
1122_0023_0008_0039_0039.jpg 1 23 8 39 39
1123_0026_0043_0047_0047.jpg 1 26 43 47 47
1124_0026_0009_0042_0042.jpg 1 26 9 42 42
1125_0008_0037_0057_0057.jpg 1 8 37 57 57
1126_0048_0028_0039_0039.jpg 1 48 28 39 39
1127_0009_0012_0050_0050.jpg 1 9 12 50 50
1128_0036_0039_0034_0034.jpg 1 36 39 34 34
1129_0018_0046_0041_0041.jpg 1 18 46 41 41
1130_0048_0030_0041_0041.jpg 1 48 30 41 41
1131_0038_0027_0030_0030.jpg 1 38 27 30 30
1132_0022_0025_0059_0059.jpg 1 22 25 59 59
1133_0025_0025_0040_0040.jpg 1 25 25 40 40
1134_0018_0017_0039_0039.jpg 1 18 17 39 39
1135_0037_0012_0033_0033.jpg 1 37 12 33 33
1136_0033_0023_0055_0055.jpg 1 33 23 55 55
1137_0040_0027_0046_0046.jpg 1 40 27 46 46
1138_0009_0010_0060_0060.jpg 1 9 10 60 60
1139_0061_0063_0027_0027.jpg 1 61 63 27 27
1140_0027_0004_0063_0063.jpg 1 27 4 63 63
1141_0036_0048_0036_0036.jpg 1 36 48 36 36
1142_0048_0033_0032_0032.jpg 1 48 33 32 32
1143_0047_0014_0037_0037.jpg 1 47 14 37 37
1144_0031_0029_0041_0041.jpg 1 31 29 41 41
1145_0027_0020_0067_0067.jpg 1 27 20 67 67
1146_0019_0028_0045_0045.jpg 1 19 28 45 45
1147_0016_0030_0042_0042.jpg 1 16 30 42 42
1148_0054_0030_0038_0038.jpg 1 54 30 38 38
1149_0031_0051_0030_0030.jpg 1 31 51 30 30
1150_0050_0007_0026_0026.jpg 1 50 7 26 26
1151_0014_0013_0066_0066.jpg 1 14 13 66 66
1152_0015_0030_0055_0055.jpg 1 15 30 55 55
1153_0021_0015_0068_0068.jpg 1 21 15 68 68
1154_0031_0027_0059_0059.jpg 1 31 27 59 59
1155_0008_0020_0032_0032.jpg 1 8 20 32 32
1156_0024_0006_0037_0037.jpg 1 24 6 37 37
1157_0024_0010_0055_0055.jpg 1 24 10 55 55
1158_0037_0019_0052_0052.jpg 1 37 19 52 52
1159_0050_0060_0032_0032.jpg 1 50 60 32 32
1160_0005_0007_0050_0050.jpg 1 5 7 50 50
1161_0016_0020_0058_0058.jpg 1 16 20 58 58
1162_0027_0029_0056_0056.jpg 1 27 29 56 56
1163_0036_0026_0047_0047.jpg 1 36 26 47 47
1164_0028_0023_0047_0047.jpg 1 28 23 47 47
1165_0025_0007_0051_0051.jpg 1 25 7 51 51
1166_0020_0008_0027_0027.jpg 1 20 8 27 27
1167_0031_0041_0031_0031.jpg 1 31 41 31 31
1168_0006_0016_0047_0047.jpg 1 6 16 47 47
1169_0037_0022_0049_0049.jpg 1 37 22 49 49
1170_0006_0016_0055_0055.jpg 1 6 16 55 55
1171_0034_0006_0047_0047.jpg 1 34 6 47 47
1172_0041_0024_0033_0033.jpg 1 41 24 33 33
1173_0031_0037_0054_0054.jpg 1 31 37 54 54
1174_0030_0010_0032_0032.jpg 1 30 10 32 32
1175_0043_0014_0026_0026.jpg 1 43 14 26 26
1176_0011_0040_0044_0044.jpg 1 11 40 44 44
1177_0039_0018_0054_0054.jpg 1 39 18 54 54
1178_0031_0007_0059_0059.jpg 1 31 7 59 59
1179_0013_0045_0040_0040.jpg 1 13 45 40 40
1180_0012_0012_0029_0029.jpg 1 12 12 29 29
1181_0025_0016_0056_0056.jpg 1 25 16 56 56
1182_0027_0032_0032_0032.jpg 1 27 32 32 32
1183_0015_0017_0069_0069.jpg 1 15 17 69 69
1184_0014_0025_0068_0068.jpg 1 14 25 68 68
1185_0035_0035_0041_0041.jpg 1 35 35 41 41
1186_0010_0021_0045_0045.jpg 1 10 21 45 45
1187_0022_0014_0036_0036.jpg 1 22 14 36 36
1188_0035_0039_0049_0049.jpg 1 35 39 49 49
1189_0018_0019_0048_0048.jpg 1 18 19 48 48
1190_0015_0030_0064_0064.jpg 1 15 30 64 64
1191_0019_0031_0034_0034.jpg 1 19 31 34 34
1192_0040_0042_0027_0027.jpg 1 40 42 27 27
1193_0037_0052_0028_0028.jpg 1 37 52 28 28
1194_0016_0010_0062_0062.jpg 1 16 10 62 62
1195_0015_0031_0044_0044.jpg 1 15 31 44 44
1196_0049_0033_0039_0039.jpg 1 49 33 39 39
1197_0014_0020_0024_0024.jpg 1 14 20 24 24
1198_0015_0041_0053_0053.jpg 1 15 41 53 53
1199_0024_0014_0068_0068.jpg 1 24 14 68 68
1200_0027_0041_0043_0043.jpg 1 27 41 43 43
1201_0023_0051_0029_0029.jpg 1 23 51 29 29
1202_0035_0029_0047_0047.jpg 1 35 29 47 47
1203_0051_0057_0031_0031.jpg 1 51 57 31 31
1204_0010_0032_0061_0061.jpg 1 10 32 61 61
1205_0009_0033_0025_0025.jpg 1 9 33 25 25
1206_0014_0049_0038_0038.jpg 1 14 49 38 38
1207_0014_0025_0048_0048.jpg 1 14 25 48 48
1208_0037_0007_0028_0028.jpg 1 37 7 28 28
1209_0014_0023_0066_0066.jpg 1 14 23 66 66
1210_0019_0009_0050_0050.jpg 1 19 9 50 50
1211_0004_0015_0055_0055.jpg 1 4 15 55 55
1212_0024_0015_0065_0065.jpg 1 24 15 65 65
1213_0007_0040_0047_0047.jpg 1 7 40 47 47
1214_0035_0042_0037_0037.jpg 1 35 42 37 37
1215_0019_0054_0032_0032.jpg 1 19 54 32 32
1216_0021_0026_0058_0058.jpg 1 21 26 58 58
1217_0014_0008_0064_0064.jpg 1 14 8 64 64
1218_0007_0013_0058_0058.jpg 1 7 13 58 58
1219_0032_0011_0041_0041.jpg 1 32 11 41 41
1220_0004_0011_0069_0069.jpg 1 4 11 69 69
1221_0008_0029_0042_0042.jpg 1 8 29 42 42
1222_0027_0019_0046_0046.jpg 1 27 19 46 46
1223_0036_0012_0037_0037.jpg 1 36 12 37 37
1224_0031_0042_0051_0051.jpg 1 31 42 51 51
1225_0024_0036_0048_0048.jpg 1 24 36 48 48
1226_0014_0022_0032_0032.jpg 1 14 22 32 32
1227_0012_0007_0049_0049.jpg 1 12 7 49 49
1228_0007_0052_0026_0026.jpg 1 7 52 26 26
1229_0034_0033_0056_0056.jpg 1 34 33 56 56
1230_0022_0021_0042_0042.jpg 1 22 21 42 42
1231_0057_0010_0033_0033.jpg 1 57 10 33 33
1232_0033_0045_0038_0038.jpg 1 33 45 38 38
1233_0052_0031_0038_0038.jpg 1 52 31 38 38
1234_0006_0012_0051_0051.jpg 1 6 12 51 51
1235_0023_0007_0052_0052.jpg 1 23 7 52 52
1236_0041_0026_0049_0049.jpg 1 41 26 49 49
1237_0011_0025_0044_0044.jpg 1 11 25 44 44
1238_0025_0007_0068_0068.jpg 1 25 7 68 68
1239_0046_0043_0040_0040.jpg 1 46 43 40 40
1240_0016_0056_0031_0031.jpg 1 16 56 31 31
1241_0034_0028_0061_0061.jpg 1 34 28 61 61
1242_0045_0047_0036_0036.jpg 1 45 47 36 36
1243_0026_0013_0069_0069.jpg 1 26 13 69 69
1244_0022_0013_0048_0048.jpg 1 22 13 48 48
1245_0023_0015_0053_0053.jpg 1 23 15 53 53
1246_0012_0037_0058_0058.jpg 1 12 37 58 58
1247_0049_0045_0030_0030.jpg 1 49 45 30 30
1248_0028_0025_0067_0067.jpg 1 28 25 67 67
1249_0029_0009_0049_0049.jpg 1 29 9 49 49
1250_0021_0019_0069_0069.jpg 1 21 19 69 69
1251_0060_0041_0029_0029.jpg 1 60 41 29 29
1252_0035_0015_0047_0047.jpg 1 35 15 47 47
1253_0026_0033_0042_0042.jpg 1 26 33 42 42
1254_0006_0029_0060_0060.jpg 1 6 29 60 60
1255_0009_0033_0024_0024.jpg 1 9 33 24 24
1256_0022_0025_0067_0067.jpg 1 22 25 67 67
1257_0051_0025_0031_0031.jpg 1 51 25 31 31
1258_0050_0016_0027_0027.jpg 1 50 16 27 27
1259_0042_0025_0045_0045.jpg 1 42 25 45 45
1260_0017_0038_0049_0049.jpg 1 17 38 49 49
1261_0016_0030_0062_0062.jpg 1 16 30 62 62
1262_0016_0016_0055_0055.jpg 1 16 16 55 55
1263_0044_0045_0047_0047.jpg 1 44 45 47 47
1264_0047_0008_0025_0025.jpg 1 47 8 25 25
1265_0029_0039_0035_0035.jpg 1 29 39 35 35
1266_0052_0027_0039_0039.jpg 1 52 27 39 39
1267_0039_0005_0049_0049.jpg 1 39 5 49 49
1268_0012_0049_0038_0038.jpg 1 12 49 38 38
1269_0050_0059_0026_0026.jpg 1 50 59 26 26
1270_0025_0010_0047_0047.jpg 1 25 10 47 47
1271_0043_0034_0029_0029.jpg 1 43 34 29 29
1272_0024_0014_0048_0048.jpg 1 24 14 48 48
1273_0017_0024_0045_0045.jpg 1 17 24 45 45
1274_0007_0028_0033_0033.jpg 1 7 28 33 33
1275_0006_0022_0065_0065.jpg 1 6 22 65 65
1276_0017_0009_0064_0064.jpg 1 17 9 64 64
1277_0037_0042_0035_0035.jpg 1 37 42 35 35
1278_0010_0016_0067_0067.jpg 1 10 16 67 67
1279_0016_0029_0043_0043.jpg 1 16 29 43 43
1280_0012_0009_0042_0042.jpg 1 12 9 42 42
1281_0006_0022_0048_0048.jpg 1 6 22 48 48
1282_0042_0036_0050_0050.jpg 1 42 36 50 50
1283_0042_0014_0028_0028.jpg 1 42 14 28 28
1284_0006_0010_0067_0067.jpg 1 6 10 67 67
1285_0010_0028_0053_0053.jpg 1 10 28 53 53
1286_0060_0038_0031_0031.jpg 1 60 38 31 31
1287_0050_0060_0024_0024.jpg 1 50 60 24 24
1288_0015_0008_0025_0025.jpg 1 15 8 25 25
1289_0020_0038_0029_0029.jpg 1 20 38 29 29
1290_0006_0005_0064_0064.jpg 1 6 5 64 64
1291_0015_0011_0059_0059.jpg 1 15 11 59 59
1292_0012_0019_0056_0056.jpg 1 12 19 56 56
1293_0026_0021_0044_0044.jpg 1 26 21 44 44
1294_0008_0009_0063_0063.jpg 1 8 9 63 63
1295_0047_0031_0045_0045.jpg 1 47 31 45 45
1296_0018_0015_0043_0043.jpg 1 18 15 43 43
1297_0034_0015_0024_0024.jpg 1 34 15 24 24
1298_0030_0036_0028_0028.jpg 1 30 36 28 28
1299_0010_0014_0047_0047.jpg 1 10 14 47 47
1300_0012_0024_0065_0065.jpg 1 12 24 65 65
1301_0015_0022_0067_0067.jpg 1 15 22 67 67
1302_0053_0007_0036_0036.jpg 1 53 7 36 36
1303_0039_0007_0045_0045.jpg 1 39 7 45 45
1304_0058_0048_0026_0026.jpg 1 58 48 26 26
1305_0003_0020_0069_0069.jpg 1 3 20 69 69
1306_0004_0009_0057_0057.jpg 1 4 9 57 57
1307_0050_0043_0024_0024.jpg 1 50 43 24 24
1308_0015_0007_0060_0060.jpg 1 15 7 60 60
1309_0006_0005_0043_0043.jpg 1 6 5 43 43
1310_0040_0034_0033_0033.jpg 1 40 34 33 33
1311_0034_0034_0056_0056.jpg 1 34 34 56 56
1312_0016_0007_0068_0068.jpg 1 16 7 68 68
1313_0011_0005_0064_0064.jpg 1 11 5 64 64
1314_0022_0030_0061_0061.jpg 1 22 30 61 61
1315_0023_0006_0067_0067.jpg 1 23 6 67 67
1316_0047_0015_0031_0031.jpg 1 47 15 31 31
1317_0052_0037_0034_0034.jpg 1 52 37 34 34
1318_0007_0028_0066_0066.jpg 1 7 28 66 66
1319_0028_0031_0063_0063.jpg 1 28 31 63 63
1320_0016_0011_0056_0056.jpg 1 16 11 56 56
1321_0024_0021_0046_0046.jpg 1 24 21 46 46
1322_0008_0009_0067_0067.jpg 1 8 9 67 67
1323_0056_0057_0027_0027.jpg 1 56 57 27 27
1324_0014_0021_0040_0040.jpg 1 14 21 40 40
1325_0028_0013_0056_0056.jpg 1 28 13 56 56
1326_0044_0014_0037_0037.jpg 1 44 14 37 37
1327_0012_0021_0055_0055.jpg 1 12 21 55 55
1328_0044_0012_0040_0040.jpg 1 44 12 40 40
1329_0026_0037_0057_0057.jpg 1 26 37 57 57
1330_0022_0042_0032_0032.jpg 1 22 42 32 32
1331_0031_0015_0030_0030.jpg 1 31 15 30 30
1332_0055_0051_0033_0033.jpg 1 55 51 33 33
1333_0009_0007_0035_0035.jpg 1 9 7 35 35
1334_0008_0008_0053_0053.jpg 1 8 8 53 53
1335_0013_0027_0069_0069.jpg 1 13 27 69 69
1336_0035_0006_0050_0050.jpg 1 35 6 50 50
1337_0041_0029_0047_0047.jpg 1 41 29 47 47
1338_0043_0022_0033_0033.jpg 1 43 22 33 33
1339_0027_0019_0066_0066.jpg 1 27 19 66 66
1340_0034_0044_0030_0030.jpg 1 34 44 30 30
1341_0029_0018_0036_0036.jpg 1 29 18 36 36
1342_0009_0010_0065_0065.jpg 1 9 10 65 65
1343_0037_0011_0048_0048.jpg 1 37 11 48 48
1344_0028_0040_0046_0046.jpg 1 28 40 46 46
1345_0006_0007_0057_0057.jpg 1 6 7 57 57
1346_0046_0014_0029_0029.jpg 1 46 14 29 29
1347_0034_0012_0035_0035.jpg 1 34 12 35 35
1348_0063_0045_0025_0025.jpg 1 63 45 25 25
1349_0019_0029_0036_0036.jpg 1 19 29 36 36
1350_0030_0006_0045_0045.jpg 1 30 6 45 45
1351_0036_0012_0032_0032.jpg 1 36 12 32 32
1352_0029_0008_0060_0060.jpg 1 29 8 60 60
1353_0010_0041_0042_0042.jpg 1 10 41 42 42
1354_0039_0037_0054_0054.jpg 1 39 37 54 54
1355_0016_0024_0069_0069.jpg 1 16 24 69 69
1356_0034_0017_0040_0040.jpg 1 34 17 40 40
1357_0031_0024_0055_0055.jpg 1 31 24 55 55
1358_0008_0029_0039_0039.jpg 1 8 29 39 39
1359_0031_0006_0060_0060.jpg 1 31 6 60 60
1360_0026_0020_0056_0056.jpg 1 26 20 56 56
1361_0034_0011_0047_0047.jpg 1 34 11 47 47
1362_0040_0013_0025_0025.jpg 1 40 13 25 25
1363_0065_0026_0025_0025.jpg 1 65 26 25 25
1364_0025_0057_0028_0028.jpg 1 25 57 28 28
1365_0015_0049_0026_0026.jpg 1 15 49 26 26
1366_0027_0017_0068_0068.jpg 1 27 17 68 68
1367_0044_0043_0037_0037.jpg 1 44 43 37 37
1368_0018_0003_0068_0068.jpg 1 18 3 68 68
1369_0034_0007_0028_0028.jpg 1 34 7 28 28
1370_0027_0004_0069_0069.jpg 1 27 4 69 69
1371_0051_0017_0035_0035.jpg 1 51 17 35 35
1372_0013_0025_0059_0059.jpg 1 13 25 59 59
1373_0018_0012_0066_0066.jpg 1 18 12 66 66
1374_0049_0051_0041_0041.jpg 1 49 51 41 41
1375_0012_0043_0049_0049.jpg 1 12 43 49 49
1376_0020_0026_0063_0063.jpg 1 20 26 63 63
1377_0009_0029_0033_0033.jpg 1 9 29 33 33
1378_0007_0029_0061_0061.jpg 1 7 29 61 61
1379_0009_0025_0053_0053.jpg 1 9 25 53 53
1380_0012_0025_0042_0042.jpg 1 12 25 42 42
1381_0032_0009_0063_0063.jpg 1 32 9 63 63
1382_0012_0015_0031_0031.jpg 1 12 15 31 31
1383_0006_0038_0051_0051.jpg 1 6 38 51 51
1384_0053_0037_0032_0032.jpg 1 53 37 32 32
1385_0025_0023_0067_0067.jpg 1 25 23 67 67
1386_0017_0020_0040_0040.jpg 1 17 20 40 40
1387_0038_0045_0030_0030.jpg 1 38 45 30 30
1388_0040_0042_0050_0050.jpg 1 40 42 50 50
1389_0018_0015_0047_0047.jpg 1 18 15 47 47
1390_0051_0023_0040_0040.jpg 1 51 23 40 40
1391_0008_0048_0042_0042.jpg 1 8 48 42 42
1392_0017_0054_0038_0038.jpg 1 17 54 38 38
1393_0017_0034_0044_0044.jpg 1 17 34 44 44
1394_0005_0005_0066_0066.jpg 1 5 5 66 66
1395_0033_0009_0060_0060.jpg 1 33 9 60 60
1396_0050_0034_0042_0042.jpg 1 50 34 42 42
1397_0023_0039_0045_0045.jpg 1 23 39 45 45
1398_0020_0031_0051_0051.jpg 1 20 31 51 51
1399_0027_0025_0068_0068.jpg 1 27 25 68 68
1400_0052_0026_0027_0027.jpg 1 52 26 27 27
1401_0019_0004_0064_0064.jpg 1 19 4 64 64
1402_0039_0034_0044_0044.jpg 1 39 34 44 44
1403_0034_0039_0052_0052.jpg 1 34 39 52 52
1404_0013_0036_0048_0048.jpg 1 13 36 48 48
1405_0049_0020_0044_0044.jpg 1 49 20 44 44
1406_0050_0058_0025_0025.jpg 1 50 58 25 25
1407_0017_0038_0041_0041.jpg 1 17 38 41 41
1408_0004_0024_0065_0065.jpg 1 4 24 65 65
1409_0047_0009_0042_0042.jpg 1 47 9 42 42
1410_0045_0015_0036_0036.jpg 1 45 15 36 36
1411_0029_0038_0056_0056.jpg 1 29 38 56 56
1412_0053_0024_0029_0029.jpg 1 53 24 29 29
1413_0045_0052_0030_0030.jpg 1 45 52 30 30
1414_0039_0031_0039_0039.jpg 1 39 31 39 39
1415_0020_0028_0056_0056.jpg 1 20 28 56 56
1416_0037_0011_0058_0058.jpg 1 37 11 58 58
1417_0027_0021_0035_0035.jpg 1 27 21 35 35
1418_0006_0036_0042_0042.jpg 1 6 36 42 42
1419_0015_0055_0029_0029.jpg 1 15 55 29 29
1420_0017_0007_0064_0064.jpg 1 17 7 64 64
1421_0008_0021_0036_0036.jpg 1 8 21 36 36
1422_0017_0006_0056_0056.jpg 1 17 6 56 56
1423_0007_0032_0028_0028.jpg 1 7 32 28 28
1424_0065_0030_0025_0025.jpg 1 65 30 25 25
1425_0006_0021_0054_0054.jpg 1 6 21 54 54
1426_0049_0050_0036_0036.jpg 1 49 50 36 36
1427_0032_0022_0026_0026.jpg 1 32 22 26 26
1428_0023_0056_0024_0024.jpg 1 23 56 24 24
1429_0024_0012_0052_0052.jpg 1 24 12 52 52
1430_0013_0021_0065_0065.jpg 1 13 21 65 65
1431_0010_0033_0054_0054.jpg 1 10 33 54 54
1432_0027_0027_0059_0059.jpg 1 27 27 59 59
1433_0022_0018_0067_0067.jpg 1 22 18 67 67
1434_0030_0012_0066_0066.jpg 1 30 12 66 66
1435_0035_0010_0052_0052.jpg 1 35 10 52 52
1436_0035_0041_0038_0038.jpg 1 35 41 38 38
1437_0014_0008_0069_0069.jpg 1 14 8 69 69
1438_0034_0016_0032_0032.jpg 1 34 16 32 32
1439_0009_0038_0051_0051.jpg 1 9 38 51 51
1440_0023_0027_0047_0047.jpg 1 23 27 47 47
1441_0018_0006_0043_0043.jpg 1 18 6 43 43
1442_0021_0016_0063_0063.jpg 1 21 16 63 63
1443_0033_0055_0026_0026.jpg 1 33 55 26 26
1444_0028_0064_0027_0027.jpg 1 28 64 27 27
1445_0011_0022_0032_0032.jpg 1 11 22 32 32
1446_0017_0024_0040_0040.jpg 1 17 24 40 40
1447_0008_0011_0030_0030.jpg 1 8 11 30 30
1448_0037_0046_0038_0038.jpg 1 37 46 38 38
1449_0023_0023_0042_0042.jpg 1 23 23 42 42
1450_0017_0019_0031_0031.jpg 1 17 19 31 31
1451_0021_0038_0049_0049.jpg 1 21 38 49 49
1452_0054_0039_0028_0028.jpg 1 54 39 28 28
1453_0043_0047_0028_0028.jpg 1 43 47 28 28
1454_0012_0031_0058_0058.jpg 1 12 31 58 58
1455_0042_0011_0046_0046.jpg 1 42 11 46 46
1456_0015_0018_0057_0057.jpg 1 15 18 57 57
1457_0041_0033_0036_0036.jpg 1 41 33 36 36
1458_0038_0035_0043_0043.jpg 1 38 35 43 43
1459_0037_0051_0042_0042.jpg 1 37 51 42 42
1460_0025_0009_0059_0059.jpg 1 25 9 59 59
1461_0010_0041_0052_0052.jpg 1 10 41 52 52
1462_0045_0044_0034_0034.jpg 1 45 44 34 34
1463_0018_0003_0068_0068.jpg 1 18 3 68 68
1464_0027_0029_0066_0066.jpg 1 27 29 66 66
1465_0037_0035_0044_0044.jpg 1 37 35 44 44
1466_0022_0015_0060_0060.jpg 1 22 15 60 60
1467_0006_0016_0064_0064.jpg 1 6 16 64 64
1468_0027_0010_0068_0068.jpg 1 27 10 68 68
1469_0026_0038_0053_0053.jpg 1 26 38 53 53
1470_0018_0014_0033_0033.jpg 1 18 14 33 33
1471_0034_0033_0062_0062.jpg 1 34 33 62 62
1472_0008_0037_0048_0048.jpg 1 8 37 48 48
1473_0046_0017_0041_0041.jpg 1 46 17 41 41
1474_0017_0025_0066_0066.jpg 1 17 25 66 66
1475_0031_0034_0038_0038.jpg 1 31 34 38 38
1476_0018_0017_0028_0028.jpg 1 18 17 28 28
1477_0055_0040_0030_0030.jpg 1 55 40 30 30
1478_0031_0043_0051_0051.jpg 1 31 43 51 51
1479_0043_0028_0045_0045.jpg 1 43 28 45 45
1480_0009_0007_0058_0058.jpg 1 9 7 58 58
1481_0026_0047_0047_0047.jpg 1 26 47 47 47
1482_0019_0008_0069_0069.jpg 1 19 8 69 69
1483_0040_0012_0025_0025.jpg 1 40 12 25 25
1484_0023_0061_0029_0029.jpg 1 23 61 29 29
1485_0050_0032_0028_0028.jpg 1 50 32 28 28
1486_0019_0029_0062_0062.jpg 1 19 29 62 62
1487_0049_0033_0033_0033.jpg 1 49 33 33 33
1488_0040_0049_0036_0036.jpg 1 40 49 36 36
1489_0047_0048_0041_0041.jpg 1 47 48 41 41
1490_0027_0027_0057_0057.jpg 1 27 27 57 57
1491_0042_0044_0045_0045.jpg 1 42 44 45 45
1492_0027_0022_0048_0048.jpg 1 27 22 48 48
1493_0044_0007_0049_0049.jpg 1 44 7 49 49
1494_0015_0006_0068_0068.jpg 1 15 6 68 68
1495_0021_0006_0045_0045.jpg 1 21 6 45 45
1496_0036_0040_0041_0041.jpg 1 36 40 41 41
1497_0011_0018_0046_0046.jpg 1 11 18 46 46
1498_0026_0047_0043_0043.jpg 1 26 47 43 43
1499_0024_0010_0069_0069.jpg 1 24 10 69 69
1500_0037_0014_0039_0039.jpg 1 37 14 39 39
1501_0009_0023_0047_0047.jpg 1 9 23 47 47
1502_0038_0006_0045_0045.jpg 1 38 6 45 45
1503_0005_0021_0055_0055.jpg 1 5 21 55 55
1504_0018_0012_0061_0061.jpg 1 18 12 61 61
1505_0021_0040_0042_0042.jpg 1 21 40 42 42
1506_0017_0020_0061_0061.jpg 1 17 20 61 61
1507_0011_0051_0027_0027.jpg 1 11 51 27 27
1508_0050_0045_0027_0027.jpg 1 50 45 27 27
1509_0044_0050_0028_0028.jpg 1 44 50 28 28
1510_0050_0030_0042_0042.jpg 1 50 30 42 42
1511_0013_0030_0038_0038.jpg 1 13 30 38 38
1512_0003_0025_0066_0066.jpg 1 3 25 66 66
1513_0019_0007_0057_0057.jpg 1 19 7 57 57
1514_0028_0053_0035_0035.jpg 1 28 53 35 35
1515_0047_0012_0032_0032.jpg 1 47 12 32 32
1516_0013_0005_0061_0061.jpg 1 13 5 61 61
1517_0008_0029_0041_0041.jpg 1 8 29 41 41
1518_0009_0023_0040_0040.jpg 1 9 23 40 40
1519_0032_0004_0063_0063.jpg 1 32 4 63 63
1520_0024_0020_0048_0048.jpg 1 24 20 48 48
1521_0024_0037_0027_0027.jpg 1 24 37 27 27
1522_0028_0012_0050_0050.jpg 1 28 12 50 50
1523_0006_0017_0062_0062.jpg 1 6 17 62 62
1524_0025_0022_0031_0031.jpg 1 25 22 31 31
1525_0031_0025_0048_0048.jpg 1 31 25 48 48
1526_0027_0010_0044_0044.jpg 1 27 10 44 44
1527_0026_0013_0061_0061.jpg 1 26 13 61 61
1528_0014_0022_0069_0069.jpg 1 14 22 69 69
1529_0046_0030_0030_0030.jpg 1 46 30 30 30
1530_0037_0021_0030_0030.jpg 1 37 21 30 30
1531_0016_0010_0050_0050.jpg 1 16 10 50 50
1532_0012_0013_0037_0037.jpg 1 12 13 37 37
1533_0025_0031_0057_0057.jpg 1 25 31 57 57
1534_0008_0007_0038_0038.jpg 1 8 7 38 38
1535_0017_0032_0059_0059.jpg 1 17 32 59 59
1536_0007_0046_0035_0035.jpg 1 7 46 35 35
1537_0019_0024_0050_0050.jpg 1 19 24 50 50
1538_0012_0027_0065_0065.jpg 1 12 27 65 65
1539_0011_0024_0067_0067.jpg 1 11 24 67 67
1540_0016_0007_0062_0062.jpg 1 16 7 62 62
1541_0014_0045_0031_0031.jpg 1 14 45 31 31
1542_0060_0021_0030_0030.jpg 1 60 21 30 30
1543_0010_0029_0038_0038.jpg 1 10 29 38 38
1544_0026_0027_0056_0056.jpg 1 26 27 56 56
1545_0054_0048_0028_0028.jpg 1 54 48 28 28
1546_0022_0031_0037_0037.jpg 1 22 31 37 37
1547_0010_0020_0051_0051.jpg 1 10 20 51 51
1548_0028_0042_0024_0024.jpg 1 28 42 24 24
1549_0021_0059_0026_0026.jpg 1 21 59 26 26
1550_0036_0029_0053_0053.jpg 1 36 29 53 53
1551_0043_0017_0025_0025.jpg 1 43 17 25 25
1552_0010_0041_0039_0039.jpg 1 10 41 39 39
1553_0030_0021_0047_0047.jpg 1 30 21 47 47
1554_0026_0026_0036_0036.jpg 1 26 26 36 36
1555_0041_0014_0030_0030.jpg 1 41 14 30 30
1556_0025_0027_0048_0048.jpg 1 25 27 48 48
1557_0034_0012_0056_0056.jpg 1 34 12 56 56
1558_0050_0060_0025_0025.jpg 1 50 60 25 25
1559_0035_0018_0051_0051.jpg 1 35 18 51 51
1560_0031_0038_0053_0053.jpg 1 31 38 53 53
1561_0008_0006_0048_0048.jpg 1 8 6 48 48
1562_0042_0036_0040_0040.jpg 1 42 36 40 40
1563_0031_0032_0034_0034.jpg 1 31 32 34 34
1564_0033_0037_0055_0055.jpg 1 33 37 55 55
1565_0046_0049_0041_0041.jpg 1 46 49 41 41
1566_0009_0029_0029_0029.jpg 1 9 29 29 29
1567_0015_0026_0056_0056.jpg 1 15 26 56 56
1568_0009_0040_0053_0053.jpg 1 9 40 53 53
1569_0044_0035_0024_0024.jpg 1 44 35 24 24
1570_0007_0006_0049_0049.jpg 1 7 6 49 49
1571_0020_0014_0050_0050.jpg 1 20 14 50 50
1572_0039_0024_0035_0035.jpg 1 39 24 35 35
1573_0050_0025_0044_0044.jpg 1 50 25 44 44
1574_0041_0029_0031_0031.jpg 1 41 29 31 31
1575_0056_0063_0025_0025.jpg 1 56 63 25 25
1576_0014_0014_0066_0066.jpg 1 14 14 66 66
1577_0015_0030_0060_0060.jpg 1 15 30 60 60
1578_0019_0014_0046_0046.jpg 1 19 14 46 46
1579_0029_0015_0065_0065.jpg 1 29 15 65 65
1580_0036_0015_0050_0050.jpg 1 36 15 50 50
1581_0056_0035_0034_0034.jpg 1 56 35 34 34
1582_0052_0062_0025_0025.jpg 1 52 62 25 25
1583_0044_0027_0040_0040.jpg 1 44 27 40 40
1584_0005_0031_0049_0049.jpg 1 5 31 49 49
1585_0019_0020_0058_0058.jpg 1 19 20 58 58
1586_0008_0037_0033_0033.jpg 1 8 37 33 33
1587_0017_0014_0068_0068.jpg 1 17 14 68 68
1588_0023_0044_0046_0046.jpg 1 23 44 46 46
1589_0022_0020_0030_0030.jpg 1 22 20 30 30
1590_0010_0048_0028_0028.jpg 1 10 48 28 28
1591_0038_0034_0043_0043.jpg 1 38 34 43 43
1592_0054_0047_0031_0031.jpg 1 54 47 31 31
1593_0034_0007_0059_0059.jpg 1 34 7 59 59
1594_0006_0018_0041_0041.jpg 1 6 18 41 41
1595_0031_0039_0049_0049.jpg 1 31 39 49 49
1596_0010_0016_0041_0041.jpg 1 10 16 41 41
1597_0023_0038_0051_0051.jpg 1 23 38 51 51
1598_0039_0025_0034_0034.jpg 1 39 25 34 34
1599_0058_0023_0027_0027.jpg 1 58 23 27 27
1600_0009_0019_0065_0065.jpg 1 9 19 65 65
1601_0026_0023_0062_0062.jpg 1 26 23 62 62
1602_0038_0022_0030_0030.jpg 1 38 22 30 30
1603_0026_0027_0047_0047.jpg 1 26 27 47 47
1604_0052_0008_0033_0033.jpg 1 52 8 33 33
1605_0060_0065_0026_0026.jpg 1 60 65 26 26
1606_0029_0010_0063_0063.jpg 1 29 10 63 63
1607_0036_0029_0029_0029.jpg 1 36 29 29 29
1608_0039_0041_0044_0044.jpg 1 39 41 44 44
1609_0023_0014_0064_0064.jpg 1 23 14 64 64
1610_0024_0023_0032_0032.jpg 1 24 23 32 32
1611_0014_0030_0055_0055.jpg 1 14 30 55 55
1612_0008_0047_0040_0040.jpg 1 8 47 40 40
1613_0024_0014_0069_0069.jpg 1 24 14 69 69
1614_0022_0013_0067_0067.jpg 1 22 13 67 67
1615_0040_0019_0044_0044.jpg 1 40 19 44 44
1616_0044_0060_0026_0026.jpg 1 44 60 26 26
1617_0018_0024_0066_0066.jpg 1 18 24 66 66
1618_0017_0035_0058_0058.jpg 1 17 35 58 58
1619_0005_0025_0067_0067.jpg 1 5 25 67 67
1620_0018_0006_0064_0064.jpg 1 18 6 64 64
1621_0018_0017_0067_0067.jpg 1 18 17 67 67
1622_0014_0023_0069_0069.jpg 1 14 23 69 69
1623_0023_0020_0066_0066.jpg 1 23 20 66 66
1624_0019_0009_0043_0043.jpg 1 19 9 43 43
1625_0026_0018_0069_0069.jpg 1 26 18 69 69
1626_0014_0020_0051_0051.jpg 1 14 20 51 51
1627_0058_0041_0033_0033.jpg 1 58 41 33 33
1628_0030_0048_0035_0035.jpg 1 30 48 35 35
1629_0011_0030_0044_0044.jpg 1 11 30 44 44
1630_0021_0007_0069_0069.jpg 1 21 7 69 69
1631_0017_0015_0047_0047.jpg 1 17 15 47 47
1632_0024_0014_0063_0063.jpg 1 24 14 63 63
1633_0032_0010_0030_0030.jpg 1 32 10 30 30
1634_0022_0022_0069_0069.jpg 1 22 22 69 69
1635_0041_0013_0043_0043.jpg 1 41 13 43 43
1636_0025_0044_0047_0047.jpg 1 25 44 47 47
1637_0036_0022_0028_0028.jpg 1 36 22 28 28
1638_0031_0043_0048_0048.jpg 1 31 43 48 48
1639_0027_0024_0031_0031.jpg 1 27 24 31 31
1640_0015_0036_0031_0031.jpg 1 15 36 31 31
1641_0028_0022_0046_0046.jpg 1 28 22 46 46
1642_0013_0004_0058_0058.jpg 1 13 4 58 58
1643_0019_0032_0050_0050.jpg 1 19 32 50 50
1644_0037_0012_0035_0035.jpg 1 37 12 35 35
1645_0034_0034_0046_0046.jpg 1 34 34 46 46
1646_0029_0016_0055_0055.jpg 1 29 16 55 55
1647_0023_0011_0064_0064.jpg 1 23 11 64 64
1648_0017_0011_0055_0055.jpg 1 17 11 55 55
1649_0037_0022_0030_0030.jpg 1 37 22 30 30
1650_0029_0042_0035_0035.jpg 1 29 42 35 35
1651_0019_0034_0054_0054.jpg 1 19 34 54 54
1652_0014_0039_0050_0050.jpg 1 14 39 50 50
1653_0028_0009_0035_0035.jpg 1 28 9 35 35
1654_0055_0032_0026_0026.jpg 1 55 32 26 26
1655_0039_0035_0055_0055.jpg 1 39 35 55 55
1656_0030_0039_0037_0037.jpg 1 30 39 37 37
1657_0045_0038_0036_0036.jpg 1 45 38 36 36
1658_0024_0017_0040_0040.jpg 1 24 17 40 40
1659_0024_0018_0058_0058.jpg 1 24 18 58 58
1660_0022_0029_0030_0030.jpg 1 22 29 30 30
1661_0035_0064_0028_0028.jpg 1 35 64 28 28
1662_0012_0005_0060_0060.jpg 1 12 5 60 60
1663_0033_0006_0052_0052.jpg 1 33 6 52 52
1664_0007_0009_0041_0041.jpg 1 7 9 41 41
1665_0030_0045_0026_0026.jpg 1 30 45 26 26
1666_0032_0043_0045_0045.jpg 1 32 43 45 45
1667_0015_0021_0064_0064.jpg 1 15 21 64 64
1668_0060_0051_0027_0027.jpg 1 60 51 27 27
1669_0023_0015_0055_0055.jpg 1 23 15 55 55
1670_0037_0034_0051_0051.jpg 1 37 34 51 51
1671_0021_0010_0059_0059.jpg 1 21 10 59 59
1672_0030_0014_0065_0065.jpg 1 30 14 65 65
1673_0022_0033_0056_0056.jpg 1 22 33 56 56
1674_0007_0028_0049_0049.jpg 1 7 28 49 49
1675_0025_0055_0031_0031.jpg 1 25 55 31 31
1676_0053_0049_0028_0028.jpg 1 53 49 28 28
1677_0005_0007_0060_0060.jpg 1 5 7 60 60
1678_0026_0040_0053_0053.jpg 1 26 40 53 53
1679_0042_0046_0037_0037.jpg 1 42 46 37 37
1680_0038_0018_0038_0038.jpg 1 38 18 38 38
1681_0009_0045_0047_0047.jpg 1 9 45 47 47
1682_0010_0013_0026_0026.jpg 1 10 13 26 26
1683_0027_0033_0058_0058.jpg 1 27 33 58 58
1684_0005_0046_0045_0045.jpg 1 5 46 45 45
1685_0034_0053_0031_0031.jpg 1 34 53 31 31
1686_0006_0032_0055_0055.jpg 1 6 32 55 55
1687_0036_0043_0038_0038.jpg 1 36 43 38 38
1688_0036_0011_0052_0052.jpg 1 36 11 52 52
1689_0007_0005_0057_0057.jpg 1 7 5 57 57
1690_0026_0010_0024_0024.jpg 1 26 10 24 24
1691_0026_0024_0060_0060.jpg 1 26 24 60 60
1692_0030_0023_0065_0065.jpg 1 30 23 65 65
1693_0014_0011_0052_0052.jpg 1 14 11 52 52
1694_0007_0008_0069_0069.jpg 1 7 8 69 69
1695_0012_0007_0069_0069.jpg 1 12 7 69 69
1696_0036_0027_0039_0039.jpg 1 36 27 39 39
1697_0014_0019_0054_0054.jpg 1 14 19 54 54
1698_0029_0021_0067_0067.jpg 1 29 21 67 67
1699_0031_0022_0046_0046.jpg 1 31 22 46 46
1700_0024_0012_0057_0057.jpg 1 24 12 57 57
1701_0018_0005_0067_0067.jpg 1 18 5 67 67
1702_0022_0050_0041_0041.jpg 1 22 50 41 41
1703_0012_0024_0050_0050.jpg 1 12 24 50 50
1704_0032_0006_0048_0048.jpg 1 32 6 48 48
1705_0016_0029_0055_0055.jpg 1 16 29 55 55
1706_0020_0008_0066_0066.jpg 1 20 8 66 66
1707_0030_0050_0027_0027.jpg 1 30 50 27 27
1708_0007_0019_0058_0058.jpg 1 7 19 58 58
1709_0044_0054_0026_0026.jpg 1 44 54 26 26
1710_0021_0033_0031_0031.jpg 1 21 33 31 31
1711_0008_0025_0037_0037.jpg 1 8 25 37 37
1712_0032_0030_0060_0060.jpg 1 32 30 60 60
1713_0058_0050_0030_0030.jpg 1 58 50 30 30
1714_0012_0022_0049_0049.jpg 1 12 22 49 49
1715_0005_0019_0061_0061.jpg 1 5 19 61 61
1716_0016_0008_0040_0040.jpg 1 16 8 40 40
1717_0018_0031_0060_0060.jpg 1 18 31 60 60
1718_0011_0012_0034_0034.jpg 1 11 12 34 34
1719_0043_0043_0043_0043.jpg 1 43 43 43 43
1720_0042_0027_0036_0036.jpg 1 42 27 36 36
1721_0030_0042_0045_0045.jpg 1 30 42 45 45
1722_0029_0004_0067_0067.jpg 1 29 4 67 67
1723_0015_0022_0068_0068.jpg 1 15 22 68 68
1724_0051_0030_0042_0042.jpg 1 51 30 42 42
1725_0011_0011_0029_0029.jpg 1 11 11 29 29
1726_0014_0027_0067_0067.jpg 1 14 27 67 67
1727_0027_0011_0036_0036.jpg 1 27 11 36 36
1728_0040_0011_0050_0050.jpg 1 40 11 50 50
1729_0047_0025_0028_0028.jpg 1 47 25 28 28
1730_0031_0021_0059_0059.jpg 1 31 21 59 59
1731_0016_0030_0065_0065.jpg 1 16 30 65 65
1732_0051_0014_0039_0039.jpg 1 51 14 39 39
1733_0012_0017_0068_0068.jpg 1 12 17 68 68
1734_0014_0044_0035_0035.jpg 1 14 44 35 35
1735_0035_0046_0031_0031.jpg 1 35 46 31 31
1736_0021_0010_0065_0065.jpg 1 21 10 65 65
1737_0033_0046_0046_0046.jpg 1 33 46 46 46
1738_0053_0013_0035_0035.jpg 1 53 13 35 35
1739_0022_0024_0066_0066.jpg 1 22 24 66 66
1740_0061_0008_0027_0027.jpg 1 61 8 27 27
1741_0011_0038_0039_0039.jpg 1 11 38 39 39
1742_0032_0011_0052_0052.jpg 1 32 11 52 52
1743_0040_0027_0046_0046.jpg 1 40 27 46 46
1744_0040_0047_0024_0024.jpg 1 40 47 24 24
1745_0044_0049_0030_0030.jpg 1 44 49 30 30
1746_0050_0057_0026_0026.jpg 1 50 57 26 26
1747_0038_0011_0044_0044.jpg 1 38 11 44 44
1748_0023_0059_0030_0030.jpg 1 23 59 30 30
1749_0058_0010_0035_0035.jpg 1 58 10 35 35
1750_0061_0047_0024_0024.jpg 1 61 47 24 24
1751_0035_0026_0052_0052.jpg 1 35 26 52 52
1752_0041_0011_0028_0028.jpg 1 41 11 28 28
1753_0039_0006_0052_0052.jpg 1 39 6 52 52
1754_0019_0026_0046_0046.jpg 1 19 26 46 46
1755_0006_0012_0064_0064.jpg 1 6 12 64 64
1756_0036_0028_0047_0047.jpg 1 36 28 47 47
1757_0026_0027_0057_0057.jpg 1 26 27 57 57
1758_0023_0012_0069_0069.jpg 1 23 12 69 69
1759_0065_0025_0025_0025.jpg 1 65 25 25 25
1760_0009_0003_0067_0067.jpg 1 9 3 67 67
1761_0023_0022_0044_0044.jpg 1 23 22 44 44
1762_0010_0036_0038_0038.jpg 1 10 36 38 38
1763_0012_0033_0055_0055.jpg 1 12 33 55 55
1764_0016_0011_0058_0058.jpg 1 16 11 58 58
1765_0019_0025_0064_0064.jpg 1 19 25 64 64
1766_0011_0018_0050_0050.jpg 1 11 18 50 50
1767_0045_0026_0030_0030.jpg 1 45 26 30 30
1768_0011_0025_0065_0065.jpg 1 11 25 65 65
1769_0013_0038_0035_0035.jpg 1 13 38 35 35
1770_0027_0021_0063_0063.jpg 1 27 21 63 63
1771_0026_0028_0038_0038.jpg 1 26 28 38 38
1772_0022_0007_0066_0066.jpg 1 22 7 66 66
1773_0009_0028_0060_0060.jpg 1 9 28 60 60
1774_0046_0017_0040_0040.jpg 1 46 17 40 40
1775_0014_0034_0045_0045.jpg 1 14 34 45 45
1776_0036_0019_0059_0059.jpg 1 36 19 59 59
1777_0042_0038_0052_0052.jpg 1 42 38 52 52
1778_0019_0019_0068_0068.jpg 1 19 19 68 68
1779_0050_0021_0036_0036.jpg 1 50 21 36 36
1780_0029_0017_0054_0054.jpg 1 29 17 54 54
1781_0034_0023_0052_0052.jpg 1 34 23 52 52
1782_0020_0034_0044_0044.jpg 1 20 34 44 44
1783_0033_0024_0048_0048.jpg 1 33 24 48 48
1784_0027_0026_0067_0067.jpg 1 27 26 67 67
1785_0043_0038_0036_0036.jpg 1 43 38 36 36
1786_0022_0041_0025_0025.jpg 1 22 41 25 25
1787_0047_0048_0030_0030.jpg 1 47 48 30 30
1788_0044_0036_0027_0027.jpg 1 44 36 27 27
1789_0030_0045_0049_0049.jpg 1 30 45 49 49
1790_0022_0043_0046_0046.jpg 1 22 43 46 46
1791_0010_0010_0065_0065.jpg 1 10 10 65 65
1792_0012_0040_0039_0039.jpg 1 12 40 39 39
1793_0004_0020_0062_0062.jpg 1 4 20 62 62
1794_0020_0007_0067_0067.jpg 1 20 7 67 67
1795_0007_0024_0045_0045.jpg 1 7 24 45 45
1796_0013_0008_0062_0062.jpg 1 13 8 62 62
1797_0031_0025_0058_0058.jpg 1 31 25 58 58
1798_0013_0005_0055_0055.jpg 1 13 5 55 55
1799_0054_0054_0030_0030.jpg 1 54 54 30 30
1800_0010_0022_0040_0040.jpg 1 10 22 40 40
1801_0035_0044_0026_0026.jpg 1 35 44 26 26
1802_0018_0055_0031_0031.jpg 1 18 55 31 31
1803_0025_0011_0062_0062.jpg 1 25 11 62 62
1804_0053_0040_0031_0031.jpg 1 53 40 31 31
1805_0024_0005_0047_0047.jpg 1 24 5 47 47
1806_0023_0036_0057_0057.jpg 1 23 36 57 57
1807_0014_0012_0064_0064.jpg 1 14 12 64 64
1808_0019_0027_0069_0069.jpg 1 19 27 69 69
1809_0024_0008_0056_0056.jpg 1 24 8 56 56
1810_0035_0042_0053_0053.jpg 1 35 42 53 53
1811_0021_0016_0065_0065.jpg 1 21 16 65 65
1812_0029_0035_0060_0060.jpg 1 29 35 60 60
1813_0033_0011_0026_0026.jpg 1 33 11 26 26
1814_0013_0013_0063_0063.jpg 1 13 13 63 63
1815_0026_0035_0059_0059.jpg 1 26 35 59 59
1816_0005_0025_0057_0057.jpg 1 5 25 57 57
1817_0035_0029_0048_0048.jpg 1 35 29 48 48
1818_0022_0019_0065_0065.jpg 1 22 19 65 65
1819_0031_0033_0039_0039.jpg 1 31 33 39 39
1820_0006_0006_0067_0067.jpg 1 6 6 67 67
1821_0028_0038_0055_0055.jpg 1 28 38 55 55
1822_0034_0022_0062_0062.jpg 1 34 22 62 62
1823_0022_0026_0046_0046.jpg 1 22 26 46 46
1824_0043_0044_0050_0050.jpg 1 43 44 50 50
1825_0018_0046_0040_0040.jpg 1 18 46 40 40
1826_0013_0013_0069_0069.jpg 1 13 13 69 69
1827_0005_0012_0062_0062.jpg 1 5 12 62 62
1828_0013_0035_0045_0045.jpg 1 13 35 45 45
1829_0032_0009_0058_0058.jpg 1 32 9 58 58
1830_0013_0027_0069_0069.jpg 1 13 27 69 69
1831_0010_0029_0058_0058.jpg 1 10 29 58 58
1832_0031_0043_0030_0030.jpg 1 31 43 30 30
1833_0027_0007_0026_0026.jpg 1 27 7 26 26
1834_0010_0012_0045_0045.jpg 1 10 12 45 45
1835_0052_0046_0029_0029.jpg 1 52 46 29 29
1836_0032_0008_0054_0054.jpg 1 32 8 54 54
1837_0030_0022_0051_0051.jpg 1 30 22 51 51
1838_0052_0035_0029_0029.jpg 1 52 35 29 29
1839_0034_0054_0037_0037.jpg 1 34 54 37 37
1840_0047_0046_0046_0046.jpg 1 47 46 46 46
1841_0010_0025_0045_0045.jpg 1 10 25 45 45
1842_0014_0014_0043_0043.jpg 1 14 14 43 43
1843_0008_0007_0067_0067.jpg 1 8 7 67 67
1844_0007_0034_0041_0041.jpg 1 7 34 41 41
1845_0031_0035_0052_0052.jpg 1 31 35 52 52
1846_0037_0039_0052_0052.jpg 1 37 39 52 52
1847_0028_0019_0066_0066.jpg 1 28 19 66 66
1848_0029_0056_0035_0035.jpg 1 29 56 35 35
1849_0030_0041_0048_0048.jpg 1 30 41 48 48
1850_0027_0035_0046_0046.jpg 1 27 35 46 46
1851_0045_0020_0029_0029.jpg 1 45 20 29 29
1852_0043_0018_0024_0024.jpg 1 43 18 24 24
1853_0029_0037_0035_0035.jpg 1 29 37 35 35
1854_0034_0044_0040_0040.jpg 1 34 44 40 40
1855_0034_0025_0042_0042.jpg 1 34 25 42 42
1856_0010_0028_0049_0049.jpg 1 10 28 49 49
1857_0048_0019_0031_0031.jpg 1 48 19 31 31
1858_0014_0022_0062_0062.jpg 1 14 22 62 62
1859_0026_0044_0044_0044.jpg 1 26 44 44 44
1860_0022_0030_0046_0046.jpg 1 22 30 46 46
1861_0010_0013_0066_0066.jpg 1 10 13 66 66
1862_0020_0019_0060_0060.jpg 1 20 19 60 60
1863_0039_0023_0051_0051.jpg 1 39 23 51 51
1864_0049_0034_0029_0029.jpg 1 49 34 29 29
1865_0024_0041_0039_0039.jpg 1 24 41 39 39
1866_0028_0044_0031_0031.jpg 1 28 44 31 31
1867_0030_0011_0059_0059.jpg 1 30 11 59 59
1868_0052_0026_0035_0035.jpg 1 52 26 35 35
1869_0032_0007_0031_0031.jpg 1 32 7 31 31
1870_0017_0008_0063_0063.jpg 1 17 8 63 63
1871_0047_0009_0040_0040.jpg 1 47 9 40 40
1872_0027_0012_0030_0030.jpg 1 27 12 30 30
1873_0021_0059_0026_0026.jpg 1 21 59 26 26
1874_0029_0020_0054_0054.jpg 1 29 20 54 54
1875_0053_0055_0024_0024.jpg 1 53 55 24 24
1876_0049_0054_0037_0037.jpg 1 49 54 37 37
1877_0015_0037_0044_0044.jpg 1 15 37 44 44
1878_0052_0045_0027_0027.jpg 1 52 45 27 27
1879_0028_0037_0051_0051.jpg 1 28 37 51 51
1880_0030_0038_0041_0041.jpg 1 30 38 41 41
1881_0053_0030_0040_0040.jpg 1 53 30 40 40
1882_0046_0017_0030_0030.jpg 1 46 17 30 30
1883_0027_0022_0026_0026.jpg 1 27 22 26 26
1884_0034_0027_0029_0029.jpg 1 34 27 29 29
1885_0038_0048_0039_0039.jpg 1 38 48 39 39
1886_0009_0037_0043_0043.jpg 1 9 37 43 43
1887_0009_0037_0035_0035.jpg 1 9 37 35 35
1888_0013_0020_0028_0028.jpg 1 13 20 28 28
1889_0015_0040_0038_0038.jpg 1 15 40 38 38
1890_0015_0033_0062_0062.jpg 1 15 33 62 62
1891_0016_0024_0063_0063.jpg 1 16 24 63 63
1892_0017_0022_0059_0059.jpg 1 17 22 59 59
1893_0041_0014_0043_0043.jpg 1 41 14 43 43
1894_0026_0038_0046_0046.jpg 1 26 38 46 46
1895_0011_0035_0036_0036.jpg 1 11 35 36 36
1896_0031_0036_0030_0030.jpg 1 31 36 30 30
1897_0010_0021_0069_0069.jpg 1 10 21 69 69
1898_0043_0032_0051_0051.jpg 1 43 32 51 51
1899_0048_0022_0042_0042.jpg 1 48 22 42 42
1900_0024_0009_0061_0061.jpg 1 24 9 61 61
1901_0031_0042_0038_0038.jpg 1 31 42 38 38
1902_0030_0011_0039_0039.jpg 1 30 11 39 39
1903_0022_0011_0053_0053.jpg 1 22 11 53 53
1904_0012_0009_0061_0061.jpg 1 12 9 61 61
1905_0031_0020_0049_0049.jpg 1 31 20 49 49
1906_0011_0037_0058_0058.jpg 1 11 37 58 58
1907_0020_0036_0055_0055.jpg 1 20 36 55 55
1908_0036_0040_0041_0041.jpg 1 36 40 41 41
1909_0029_0032_0053_0053.jpg 1 29 32 53 53
1910_0006_0035_0051_0051.jpg 1 6 35 51 51
1911_0046_0012_0043_0043.jpg 1 46 12 43 43
1912_0020_0015_0069_0069.jpg 1 20 15 69 69
1913_0039_0032_0030_0030.jpg 1 39 32 30 30
1914_0016_0021_0033_0033.jpg 1 16 21 33 33
1915_0026_0007_0059_0059.jpg 1 26 7 59 59
1916_0019_0032_0028_0028.jpg 1 19 32 28 28
1917_0063_0051_0027_0027.jpg 1 63 51 27 27
1918_0023_0031_0042_0042.jpg 1 23 31 42 42
1919_0038_0022_0053_0053.jpg 1 38 22 53 53
1920_0023_0045_0028_0028.jpg 1 23 45 28 28
1921_0009_0009_0066_0066.jpg 1 9 9 66 66
1922_0025_0043_0039_0039.jpg 1 25 43 39 39
1923_0009_0011_0056_0056.jpg 1 9 11 56 56
1924_0041_0025_0030_0030.jpg 1 41 25 30 30
1925_0009_0037_0040_0040.jpg 1 9 37 40 40
1926_0018_0007_0043_0043.jpg 1 18 7 43 43
1927_0006_0028_0041_0041.jpg 1 6 28 41 41
1928_0064_0040_0026_0026.jpg 1 64 40 26 26
1929_0046_0012_0031_0031.jpg 1 46 12 31 31
1930_0052_0031_0029_0029.jpg 1 52 31 29 29
1931_0016_0026_0052_0052.jpg 1 16 26 52 52
1932_0031_0018_0033_0033.jpg 1 31 18 33 33
1933_0033_0037_0031_0031.jpg 1 33 37 31 31
1934_0026_0021_0065_0065.jpg 1 26 21 65 65
1935_0022_0026_0060_0060.jpg 1 22 26 60 60
1936_0009_0049_0039_0039.jpg 1 9 49 39 39
1937_0008_0061_0027_0027.jpg 1 8 61 27 27
1938_0049_0011_0025_0025.jpg 1 49 11 25 25
1939_0022_0040_0052_0052.jpg 1 22 40 52 52
1940_0040_0034_0048_0048.jpg 1 40 34 48 48
1941_0040_0049_0038_0038.jpg 1 40 49 38 38
1942_0028_0026_0048_0048.jpg 1 28 26 48 48
1943_0026_0003_0069_0069.jpg 1 26 3 69 69
1944_0013_0007_0067_0067.jpg 1 13 7 67 67
1945_0004_0021_0068_0068.jpg 1 4 21 68 68
1946_0056_0019_0026_0026.jpg 1 56 19 26 26
1947_0029_0011_0064_0064.jpg 1 29 11 64 64
1948_0010_0007_0063_0063.jpg 1 10 7 63 63
1949_0006_0015_0050_0050.jpg 1 6 15 50 50
1950_0021_0026_0052_0052.jpg 1 21 26 52 52
