0001_0024_0050_0028_0028.jpg 1 24 50 28 28
0002_0008_0028_0067_0067.jpg 1 8 28 67 67
0003_0032_0013_0048_0048.jpg 1 32 13 48 48
0004_0046_0046_0030_0030.jpg 1 46 46 30 30
0005_0028_0042_0043_0043.jpg 1 28 42 43 43
0006_0023_0043_0031_0031.jpg 1 23 43 31 31
0007_0023_0018_0069_0069.jpg 1 23 18 69 69
0008_0036_0007_0039_0039.jpg 1 36 7 39 39
0009_0024_0022_0034_0034.jpg 1 24 22 34 34
0010_0017_0047_0028_0028.jpg 1 17 47 28 28
0011_0010_0035_0056_0056.jpg 1 10 35 56 56
0012_0007_0024_0057_0057.jpg 1 7 24 57 57
0013_0015_0031_0046_0046.jpg 1 15 31 46 46
0014_0013_0010_0038_0038.jpg 1 13 10 38 38
0015_0025_0059_0024_0024.jpg 1 25 59 24 24
0016_0029_0017_0059_0059.jpg 1 29 17 59 59
0017_0033_0020_0036_0036.jpg 1 33 20 36 36
0018_0029_0036_0028_0028.jpg 1 29 36 28 28
0019_0057_0007_0029_0029.jpg 1 57 7 29 29
0020_0021_0028_0050_0050.jpg 1 21 28 50 50
0021_0042_0044_0048_0048.jpg 1 42 44 48 48
0022_0014_0014_0037_0037.jpg 1 14 14 37 37
0023_0017_0023_0031_0031.jpg 1 17 23 31 31
0024_0038_0006_0057_0057.jpg 1 38 6 57 57
0025_0021_0006_0067_0067.jpg 1 21 6 67 67
0026_0023_0034_0039_0039.jpg 1 23 34 39 39
0027_0011_0004_0064_0064.jpg 1 11 4 64 64
0028_0019_0040_0040_0040.jpg 1 19 40 40 40
0029_0013_0005_0064_0064.jpg 1 13 5 64 64
0030_0022_0020_0065_0065.jpg 1 22 20 65 65
0031_0024_0028_0055_0055.jpg 1 24 28 55 55
0032_0007_0005_0061_0061.jpg 1 7 5 61 61
0033_0046_0047_0031_0031.jpg 1 46 47 31 31
0034_0009_0007_0069_0069.jpg 1 9 7 69 69
0035_0050_0045_0041_0041.jpg 1 50 45 41 41
0036_0037_0009_0053_0053.jpg 1 37 9 53 53
0037_0039_0043_0027_0027.jpg 1 39 43 27 27
0038_0030_0010_0055_0055.jpg 1 30 10 55 55
0039_0037_0014_0029_0029.jpg 1 37 14 29 29
0040_0038_0028_0043_0043.jpg 1 38 28 43 43
0041_0048_0040_0030_0030.jpg 1 48 40 30 30
0042_0060_0035_0027_0027.jpg 1 60 35 27 27
0043_0039_0055_0036_0036.jpg 1 39 55 36 36
0044_0007_0039_0055_0055.jpg 1 7 39 55 55
0045_0052_0059_0024_0024.jpg 1 52 59 24 24
0046_0064_0044_0026_0026.jpg 1 64 44 26 26
0047_0031_0031_0035_0035.jpg 1 31 31 35 35
0048_0037_0022_0058_0058.jpg 1 37 22 58 58
0049_0052_0039_0041_0041.jpg 1 52 39 41 41
0050_0047_0046_0038_0038.jpg 1 47 46 38 38
0051_0018_0022_0046_0046.jpg 1 18 22 46 46
0052_0022_0018_0050_0050.jpg 1 22 18 50 50
0053_0011_0021_0060_0060.jpg 1 11 21 60 60
0054_0045_0049_0029_0029.jpg 1 45 49 29 29
0055_0056_0058_0031_0031.jpg 1 56 58 31 31
0056_0030_0017_0057_0057.jpg 1 30 17 57 57
0057_0037_0027_0053_0053.jpg 1 37 27 53 53
0058_0014_0032_0034_0034.jpg 1 14 32 34 34
0059_0055_0040_0035_0035.jpg 1 55 40 35 35
0060_0012_0034_0031_0031.jpg 1 12 34 31 31
0061_0017_0031_0064_0064.jpg 1 17 31 64 64
0062_0031_0016_0060_0060.jpg 1 31 16 60 60
0063_0028_0023_0035_0035.jpg 1 28 23 35 35
0064_0040_0019_0030_0030.jpg 1 40 19 30 30
0065_0065_0028_0025_0025.jpg 1 65 28 25 25
0066_0043_0053_0032_0032.jpg 1 43 53 32 32
0067_0055_0053_0029_0029.jpg 1 55 53 29 29
0068_0060_0044_0028_0028.jpg 1 60 44 28 28
0069_0007_0028_0068_0068.jpg 1 7 28 68 68
0070_0008_0015_0062_0062.jpg 1 8 15 62 62
0071_0054_0061_0030_0030.jpg 1 54 61 30 30
0072_0031_0018_0047_0047.jpg 1 31 18 47 47
0073_0032_0018_0063_0063.jpg 1 32 18 63 63
0074_0052_0021_0034_0034.jpg 1 52 21 34 34
0075_0015_0019_0061_0061.jpg 1 15 19 61 61
0076_0017_0005_0060_0060.jpg 1 17 5 60 60
0077_0009_0061_0024_0024.jpg 1 9 61 24 24
0078_0034_0027_0055_0055.jpg 1 34 27 55 55
0079_0009_0029_0058_0058.jpg 1 9 29 58 58
0080_0043_0057_0030_0030.jpg 1 43 57 30 30
0081_0030_0011_0059_0059.jpg 1 30 11 59 59
0082_0048_0014_0036_0036.jpg 1 48 14 36 36
0083_0008_0040_0045_0045.jpg 1 8 40 45 45
0084_0037_0050_0043_0043.jpg 1 37 50 43 43
0085_0011_0037_0038_0038.jpg 1 11 37 38 38
0086_0035_0007_0053_0053.jpg 1 35 7 53 53
0087_0029_0009_0038_0038.jpg 1 29 9 38 38
0088_0019_0026_0028_0028.jpg 1 19 26 28 28
0089_0021_0010_0053_0053.jpg 1 21 10 53 53
0090_0012_0028_0067_0067.jpg 1 12 28 67 67
0091_0035_0024_0041_0041.jpg 1 35 24 41 41
0092_0045_0055_0024_0024.jpg 1 45 55 24 24
0093_0026_0033_0042_0042.jpg 1 26 33 42 42
0094_0030_0026_0057_0057.jpg 1 30 26 57 57
0095_0008_0046_0038_0038.jpg 1 8 46 38 38
0096_0027_0052_0037_0037.jpg 1 27 52 37 37
0097_0008_0021_0055_0055.jpg 1 8 21 55 55
0098_0031_0009_0057_0057.jpg 1 31 9 57 57
0099_0054_0031_0034_0034.jpg 1 54 31 34 34
0100_0038_0048_0036_0036.jpg 1 38 48 36 36
0101_0025_0050_0028_0028.jpg 1 25 50 28 28
0102_0031_0015_0060_0060.jpg 1 31 15 60 60
0103_0019_0025_0048_0048.jpg 1 19 25 48 48
0104_0009_0008_0039_0039.jpg 1 9 8 39 39
0105_0012_0047_0041_0041.jpg 1 12 47 41 41
0106_0014_0009_0061_0061.jpg 1 14 9 61 61
0107_0029_0026_0064_0064.jpg 1 29 26 64 64
0108_0030_0018_0060_0060.jpg 1 30 18 60 60
0109_0012_0029_0047_0047.jpg 1 12 29 47 47
0110_0007_0015_0045_0045.jpg 1 7 15 45 45
0111_0062_0010_0024_0024.jpg 1 62 10 24 24
0112_0025_0008_0056_0056.jpg 1 25 8 56 56
0113_0006_0035_0044_0044.jpg 1 6 35 44 44
0114_0041_0042_0033_0033.jpg 1 41 42 33 33
0115_0037_0027_0049_0049.jpg 1 37 27 49 49
0116_0004_0006_0063_0063.jpg 1 4 6 63 63
0117_0041_0011_0026_0026.jpg 1 41 11 26 26
0118_0059_0021_0028_0028.jpg 1 59 21 28 28
0119_0036_0009_0027_0027.jpg 1 36 9 27 27
0120_0010_0026_0050_0050.jpg 1 10 26 50 50
0121_0015_0018_0066_0066.jpg 1 15 18 66 66
0122_0010_0008_0056_0056.jpg 1 10 8 56 56
0123_0033_0024_0058_0058.jpg 1 33 24 58 58
0124_0030_0013_0051_0051.jpg 1 30 13 51 51
0125_0018_0042_0041_0041.jpg 1 18 42 41 41
0126_0021_0019_0065_0065.jpg 1 21 19 65 65
0127_0006_0030_0040_0040.jpg 1 6 30 40 40
0128_0014_0023_0068_0068.jpg 1 14 23 68 68
0129_0017_0059_0030_0030.jpg 1 17 59 30 30
0130_0029_0007_0064_0064.jpg 1 29 7 64 64
0131_0042_0017_0032_0032.jpg 1 42 17 32 32
0132_0026_0012_0064_0064.jpg 1 26 12 64 64
0133_0011_0042_0043_0043.jpg 1 11 42 43 43
0134_0008_0011_0062_0062.jpg 1 8 11 62 62
0135_0021_0005_0059_0059.jpg 1 21 5 59 59
0136_0038_0017_0053_0053.jpg 1 38 17 53 53
0137_0012_0025_0055_0055.jpg 1 12 25 55 55
0138_0043_0027_0026_0026.jpg 1 43 27 26 26
0139_0023_0009_0066_0066.jpg 1 23 9 66 66
0140_0013_0043_0042_0042.jpg 1 13 43 42 42
0141_0014_0037_0045_0045.jpg 1 14 37 45 45
0142_0041_0023_0052_0052.jpg 1 41 23 52 52
0143_0015_0036_0046_0046.jpg 1 15 36 46 46
0144_0040_0048_0031_0031.jpg 1 40 48 31 31
0145_0038_0046_0042_0042.jpg 1 38 46 42 42
0146_0035_0025_0040_0040.jpg 1 35 25 40 40
0147_0055_0009_0036_0036.jpg 1 55 9 36 36
0148_0013_0017_0051_0051.jpg 1 13 17 51 51
0149_0020_0020_0069_0069.jpg 1 20 20 69 69
0150_0011_0017_0059_0059.jpg 1 11 17 59 59
0151_0016_0009_0067_0067.jpg 1 16 9 67 67
0152_0012_0020_0064_0064.jpg 1 12 20 64 64
0153_0043_0038_0046_0046.jpg 1 43 38 46 46
0154_0037_0005_0057_0057.jpg 1 37 5 57 57
0155_0010_0022_0062_0062.jpg 1 10 22 62 62
0156_0040_0019_0055_0055.jpg 1 40 19 55 55
0157_0035_0016_0061_0061.jpg 1 35 16 61 61
0158_0039_0013_0050_0050.jpg 1 39 13 50 50
0159_0027_0024_0065_0065.jpg 1 27 24 65 65
0160_0014_0014_0065_0065.jpg 1 14 14 65 65
0161_0016_0036_0040_0040.jpg 1 16 36 40 40
0162_0012_0031_0063_0063.jpg 1 12 31 63 63
0163_0033_0019_0046_0046.jpg 1 33 19 46 46
0164_0011_0028_0055_0055.jpg 1 11 28 55 55
0165_0017_0027_0069_0069.jpg 1 17 27 69 69
0166_0024_0016_0031_0031.jpg 1 24 16 31 31
0167_0052_0052_0040_0040.jpg 1 52 52 40 40
0168_0056_0051_0030_0030.jpg 1 56 51 30 30
0169_0014_0019_0058_0058.jpg 1 14 19 58 58
0170_0060_0051_0032_0032.jpg 1 60 51 32 32
0171_0028_0013_0043_0043.jpg 1 28 13 43 43
0172_0015_0039_0041_0041.jpg 1 15 39 41 41
0173_0008_0010_0064_0064.jpg 1 8 10 64 64
0174_0043_0031_0040_0040.jpg 1 43 31 40 40
0175_0030_0009_0054_0054.jpg 1 30 9 54 54
0176_0031_0030_0036_0036.jpg 1 31 30 36 36
0177_0038_0033_0052_0052.jpg 1 38 33 52 52
0178_0003_0016_0068_0068.jpg 1 3 16 68 68
0179_0017_0046_0026_0026.jpg 1 17 46 26 26
0180_0008_0017_0040_0040.jpg 1 8 17 40 40
0181_0036_0030_0030_0030.jpg 1 36 30 30 30
0182_0006_0022_0062_0062.jpg 1 6 22 62 62
0183_0006_0006_0041_0041.jpg 1 6 6 41 41
0184_0022_0007_0059_0059.jpg 1 22 7 59 59
0185_0049_0034_0037_0037.jpg 1 49 34 37 37
0186_0057_0050_0036_0036.jpg 1 57 50 36 36
0187_0020_0054_0029_0029.jpg 1 20 54 29 29
0188_0013_0026_0069_0069.jpg 1 13 26 69 69
0189_0029_0014_0055_0055.jpg 1 29 14 55 55
0190_0019_0020_0069_0069.jpg 1 19 20 69 69
0191_0010_0049_0041_0041.jpg 1 10 49 41 41
0192_0007_0014_0063_0063.jpg 1 7 14 63 63
0193_0020_0025_0039_0039.jpg 1 20 25 39 39
0194_0010_0021_0065_0065.jpg 1 10 21 65 65
0195_0021_0013_0053_0053.jpg 1 21 13 53 53
0196_0036_0030_0041_0041.jpg 1 36 30 41 41
0197_0032_0011_0056_0056.jpg 1 32 11 56 56
0198_0047_0019_0025_0025.jpg 1 47 19 25 25
0199_0010_0025_0060_0060.jpg 1 10 25 60 60
0200_0037_0006_0051_0051.jpg 1 37 6 51 51
0201_0022_0020_0049_0049.jpg 1 22 20 49 49
0202_0040_0040_0043_0043.jpg 1 40 40 43 43
0203_0022_0032_0064_0064.jpg 1 22 32 64 64
0204_0038_0039_0045_0045.jpg 1 38 39 45 45
0205_0007_0038_0056_0056.jpg 1 7 38 56 56
0206_0025_0015_0068_0068.jpg 1 25 15 68 68
0207_0057_0045_0026_0026.jpg 1 57 45 26 26
0208_0005_0033_0058_0058.jpg 1 5 33 58 58
0209_0042_0015_0028_0028.jpg 1 42 15 28 28
0210_0012_0013_0036_0036.jpg 1 12 13 36 36
0211_0048_0038_0043_0043.jpg 1 48 38 43 43
0212_0012_0016_0066_0066.jpg 1 12 16 66 66
0213_0010_0008_0044_0044.jpg 1 10 8 44 44
0214_0035_0045_0049_0049.jpg 1 35 45 49 49
0215_0020_0024_0065_0065.jpg 1 20 24 65 65
0216_0021_0021_0067_0067.jpg 1 21 21 67 67
0217_0024_0045_0040_0040.jpg 1 24 45 40 40
0218_0029_0033_0049_0049.jpg 1 29 33 49 49
0219_0033_0040_0029_0029.jpg 1 33 40 29 29
0220_0045_0028_0035_0035.jpg 1 45 28 35 35
0221_0012_0011_0069_0069.jpg 1 12 11 69 69
0222_0024_0013_0039_0039.jpg 1 24 13 39 39
0223_0021_0024_0037_0037.jpg 1 21 24 37 37
0224_0022_0018_0049_0049.jpg 1 22 18 49 49
0225_0034_0013_0025_0025.jpg 1 34 13 25 25
0226_0012_0026_0035_0035.jpg 1 12 26 35 35
0227_0040_0022_0028_0028.jpg 1 40 22 28 28
0228_0037_0022_0057_0057.jpg 1 37 22 57 57
0229_0033_0014_0052_0052.jpg 1 33 14 52 52
0230_0022_0021_0055_0055.jpg 1 22 21 55 55
0231_0039_0026_0047_0047.jpg 1 39 26 47 47
0232_0023_0026_0056_0056.jpg 1 23 26 56 56
0233_0043_0019_0028_0028.jpg 1 43 19 28 28
0234_0022_0022_0026_0026.jpg 1 22 22 26 26
0235_0030_0004_0059_0059.jpg 1 30 4 59 59
0236_0033_0035_0040_0040.jpg 1 33 35 40 40
0237_0005_0023_0068_0068.jpg 1 5 23 68 68
0238_0024_0021_0053_0053.jpg 1 24 21 53 53
0239_0020_0041_0029_0029.jpg 1 20 41 29 29
0240_0007_0032_0039_0039.jpg 1 7 32 39 39
0241_0034_0032_0060_0060.jpg 1 34 32 60 60
0242_0016_0018_0046_0046.jpg 1 16 18 46 46
0243_0028_0021_0062_0062.jpg 1 28 21 62 62
0244_0024_0018_0069_0069.jpg 1 24 18 69 69
0245_0015_0015_0067_0067.jpg 1 15 15 67 67
0246_0037_0042_0031_0031.jpg 1 37 42 31 31
0247_0024_0022_0068_0068.jpg 1 24 22 68 68
0248_0030_0059_0032_0032.jpg 1 30 59 32 32
0249_0024_0020_0053_0053.jpg 1 24 20 53 53
0250_0004_0023_0061_0061.jpg 1 4 23 61 61
0251_0028_0018_0036_0036.jpg 1 28 18 36 36
0252_0047_0033_0034_0034.jpg 1 47 33 34 34
0253_0009_0017_0055_0055.jpg 1 9 17 55 55
0254_0011_0021_0065_0065.jpg 1 11 21 65 65
0255_0007_0031_0030_0030.jpg 1 7 31 30 30
0256_0006_0033_0057_0057.jpg 1 6 33 57 57
0257_0037_0032_0045_0045.jpg 1 37 32 45 45
0258_0013_0023_0029_0029.jpg 1 13 23 29 29
0259_0035_0045_0039_0039.jpg 1 35 45 39 39
0260_0046_0015_0044_0044.jpg 1 46 15 44 44
0261_0022_0004_0055_0055.jpg 1 22 4 55 55
0262_0010_0009_0038_0038.jpg 1 10 9 38 38
0263_0024_0053_0026_0026.jpg 1 24 53 26 26
0264_0049_0018_0034_0034.jpg 1 49 18 34 34
0265_0052_0044_0040_0040.jpg 1 52 44 40 40
0266_0043_0027_0036_0036.jpg 1 43 27 36 36
0267_0024_0030_0050_0050.jpg 1 24 30 50 50
0268_0019_0029_0061_0061.jpg 1 19 29 61 61
0269_0009_0024_0053_0053.jpg 1 9 24 53 53
0270_0005_0024_0053_0053.jpg 1 5 24 53 53
0271_0025_0024_0040_0040.jpg 1 25 24 40 40
0272_0012_0007_0059_0059.jpg 1 12 7 59 59
0273_0037_0035_0055_0055.jpg 1 37 35 55 55
0274_0025_0009_0062_0062.jpg 1 25 9 62 62
0275_0015_0023_0060_0060.jpg 1 15 23 60 60
0276_0027_0020_0038_0038.jpg 1 27 20 38 38
0277_0031_0027_0050_0050.jpg 1 31 27 50 50
0278_0024_0023_0065_0065.jpg 1 24 23 65 65
0279_0020_0030_0027_0027.jpg 1 20 30 27 27
0280_0042_0035_0032_0032.jpg 1 42 35 32 32
0281_0025_0019_0029_0029.jpg 1 25 19 29 29
0282_0037_0045_0037_0037.jpg 1 37 45 37 37
0283_0047_0015_0028_0028.jpg 1 47 15 28 28
0284_0016_0033_0052_0052.jpg 1 16 33 52 52
0285_0035_0012_0060_0060.jpg 1 35 12 60 60
0286_0023_0013_0064_0064.jpg 1 23 13 64 64
0287_0042_0029_0041_0041.jpg 1 42 29 41 41
0288_0056_0041_0028_0028.jpg 1 56 41 28 28
0289_0010_0035_0051_0051.jpg 1 10 35 51 51
0290_0023_0017_0060_0060.jpg 1 23 17 60 60
0291_0005_0008_0064_0064.jpg 1 5 8 64 64
0292_0021_0020_0037_0037.jpg 1 21 20 37 37
0293_0007_0013_0064_0064.jpg 1 7 13 64 64
0294_0047_0013_0032_0032.jpg 1 47 13 32 32
0295_0010_0030_0063_0063.jpg 1 10 30 63 63
0296_0015_0015_0065_0065.jpg 1 15 15 65 65
0297_0030_0006_0038_0038.jpg 1 30 6 38 38
0298_0031_0024_0037_0037.jpg 1 31 24 37 37
0299_0011_0010_0060_0060.jpg 1 11 10 60 60
0300_0016_0005_0051_0051.jpg 1 16 5 51 51
0301_0014_0006_0055_0055.jpg 1 14 6 55 55
0302_0042_0052_0032_0032.jpg 1 42 52 32 32
0303_0053_0023_0035_0035.jpg 1 53 23 35 35
0304_0022_0009_0060_0060.jpg 1 22 9 60 60
0305_0022_0033_0060_0060.jpg 1 22 33 60 60
0306_0036_0039_0051_0051.jpg 1 36 39 51 51
0307_0008_0009_0059_0059.jpg 1 8 9 59 59
0308_0038_0009_0051_0051.jpg 1 38 9 51 51
0309_0041_0012_0039_0039.jpg 1 41 12 39 39
0310_0020_0010_0069_0069.jpg 1 20 10 69 69
0311_0016_0006_0056_0056.jpg 1 16 6 56 56
0312_0008_0004_0056_0056.jpg 1 8 4 56 56
0313_0030_0005_0060_0060.jpg 1 30 5 60 60
0314_0041_0021_0033_0033.jpg 1 41 21 33 33
0315_0054_0047_0027_0027.jpg 1 54 47 27 27
0316_0012_0049_0032_0032.jpg 1 12 49 32 32
0317_0056_0051_0036_0036.jpg 1 56 51 36 36
0318_0041_0017_0048_0048.jpg 1 41 17 48 48
0319_0010_0043_0048_0048.jpg 1 10 43 48 48
0320_0033_0012_0043_0043.jpg 1 33 12 43 43
0321_0042_0026_0042_0042.jpg 1 42 26 42 42
0322_0043_0046_0044_0044.jpg 1 43 46 44 44
0323_0034_0048_0032_0032.jpg 1 34 48 32 32
0324_0027_0010_0068_0068.jpg 1 27 10 68 68
0325_0043_0013_0033_0033.jpg 1 43 13 33 33
0326_0037_0035_0048_0048.jpg 1 37 35 48 48
0327_0011_0015_0043_0043.jpg 1 11 15 43 43
0328_0014_0042_0044_0044.jpg 1 14 42 44 44
0329_0008_0021_0068_0068.jpg 1 8 21 68 68
0330_0045_0014_0042_0042.jpg 1 45 14 42 42
0331_0021_0004_0064_0064.jpg 1 21 4 64 64
0332_0044_0043_0041_0041.jpg 1 44 43 41 41
0333_0042_0020_0028_0028.jpg 1 42 20 28 28
0334_0036_0026_0046_0046.jpg 1 36 26 46 46
0335_0020_0046_0037_0037.jpg 1 20 46 37 37
0336_0048_0026_0028_0028.jpg 1 48 26 28 28
0337_0063_0061_0027_0027.jpg 1 63 61 27 27
0338_0023_0015_0068_0068.jpg 1 23 15 68 68
0339_0039_0038_0036_0036.jpg 1 39 38 36 36
0340_0039_0030_0052_0052.jpg 1 39 30 52 52
0341_0045_0010_0034_0034.jpg 1 45 10 34 34
0342_0028_0021_0054_0054.jpg 1 28 21 54 54
0343_0040_0011_0039_0039.jpg 1 40 11 39 39
0344_0033_0048_0045_0045.jpg 1 33 48 45 45
0345_0007_0034_0054_0054.jpg 1 7 34 54 54
0346_0016_0010_0061_0061.jpg 1 16 10 61 61
0347_0016_0011_0054_0054.jpg 1 16 11 54 54
0348_0004_0013_0053_0053.jpg 1 4 13 53 53
0349_0016_0011_0029_0029.jpg 1 16 11 29 29
0350_0015_0045_0027_0027.jpg 1 15 45 27 27
0351_0046_0010_0026_0026.jpg 1 46 10 26 26
0352_0010_0010_0043_0043.jpg 1 10 10 43 43
0353_0023_0017_0065_0065.jpg 1 23 17 65 65
0354_0013_0049_0039_0039.jpg 1 13 49 39 39
0355_0020_0036_0057_0057.jpg 1 20 36 57 57
0356_0037_0048_0035_0035.jpg 1 37 48 35 35
0357_0011_0012_0053_0053.jpg 1 11 12 53 53
0358_0023_0005_0051_0051.jpg 1 23 5 51 51
0359_0036_0010_0035_0035.jpg 1 36 10 35 35
0360_0040_0006_0051_0051.jpg 1 40 6 51 51
0361_0018_0043_0036_0036.jpg 1 18 43 36 36
0362_0007_0003_0061_0061.jpg 1 7 3 61 61
0363_0012_0032_0040_0040.jpg 1 12 32 40 40
0364_0024_0024_0067_0067.jpg 1 24 24 67 67
0365_0008_0030_0064_0064.jpg 1 8 30 64 64
0366_0020_0021_0061_0061.jpg 1 20 21 61 61
0367_0005_0008_0066_0066.jpg 1 5 8 66 66
0368_0028_0015_0045_0045.jpg 1 28 15 45 45
0369_0011_0037_0047_0047.jpg 1 11 37 47 47
0370_0060_0011_0033_0033.jpg 1 60 11 33 33
0371_0019_0015_0058_0058.jpg 1 19 15 58 58
0372_0029_0042_0027_0027.jpg 1 29 42 27 27
0373_0045_0019_0033_0033.jpg 1 45 19 33 33
0374_0056_0027_0031_0031.jpg 1 56 27 31 31
0375_0043_0044_0045_0045.jpg 1 43 44 45 45
0376_0007_0011_0033_0033.jpg 1 7 11 33 33
0377_0008_0016_0055_0055.jpg 1 8 16 55 55
0378_0017_0040_0038_0038.jpg 1 17 40 38 38
0379_0041_0008_0041_0041.jpg 1 41 8 41 41
0380_0031_0027_0057_0057.jpg 1 31 27 57 57
0381_0035_0041_0038_0038.jpg 1 35 41 38 38
0382_0031_0021_0058_0058.jpg 1 31 21 58 58
0383_0044_0016_0044_0044.jpg 1 44 16 44 44
0384_0008_0006_0062_0062.jpg 1 8 6 62 62
0385_0062_0054_0026_0026.jpg 1 62 54 26 26
0386_0032_0019_0057_0057.jpg 1 32 19 57 57
0387_0039_0008_0024_0024.jpg 1 39 8 24 24
0388_0006_0020_0061_0061.jpg 1 6 20 61 61
0389_0043_0030_0031_0031.jpg 1 43 30 31 31
0390_0009_0007_0051_0051.jpg 1 9 7 51 51
0391_0007_0031_0060_0060.jpg 1 7 31 60 60
0392_0028_0046_0029_0029.jpg 1 28 46 29 29
0393_0036_0056_0035_0035.jpg 1 36 56 35 35
0394_0022_0035_0058_0058.jpg 1 22 35 58 58
0395_0018_0007_0055_0055.jpg 1 18 7 55 55
0396_0011_0044_0024_0024.jpg 1 11 44 24 24
0397_0027_0027_0069_0069.jpg 1 27 27 69 69
0398_0023_0016_0042_0042.jpg 1 23 16 42 42
0399_0034_0033_0055_0055.jpg 1 34 33 55 55
0400_0034_0022_0051_0051.jpg 1 34 22 51 51
0401_0016_0019_0029_0029.jpg 1 16 19 29 29
0402_0034_0039_0048_0048.jpg 1 34 39 48 48
0403_0008_0027_0056_0056.jpg 1 8 27 56 56
0404_0007_0021_0056_0056.jpg 1 7 21 56 56
0405_0044_0031_0036_0036.jpg 1 44 31 36 36
0406_0031_0008_0056_0056.jpg 1 31 8 56 56
0407_0021_0035_0049_0049.jpg 1 21 35 49 49
0408_0005_0038_0054_0054.jpg 1 5 38 54 54
0409_0033_0018_0062_0062.jpg 1 33 18 62 62
0410_0011_0023_0069_0069.jpg 1 11 23 69 69
0411_0029_0025_0055_0055.jpg 1 29 25 55 55
0412_0019_0047_0033_0033.jpg 1 19 47 33 33
0413_0012_0023_0063_0063.jpg 1 12 23 63 63
0414_0008_0035_0060_0060.jpg 1 8 35 60 60
0415_0023_0054_0032_0032.jpg 1 23 54 32 32
0416_0031_0038_0041_0041.jpg 1 31 38 41 41
0417_0018_0008_0062_0062.jpg 1 18 8 62 62
0418_0008_0024_0061_0061.jpg 1 8 24 61 61
0419_0013_0021_0047_0047.jpg 1 13 21 47 47
0420_0014_0049_0045_0045.jpg 1 14 49 45 45
0421_0010_0026_0059_0059.jpg 1 10 26 59 59
0422_0004_0005_0059_0059.jpg 1 4 5 59 59
0423_0016_0041_0049_0049.jpg 1 16 41 49 49
0424_0018_0017_0055_0055.jpg 1 18 17 55 55
0425_0011_0011_0063_0063.jpg 1 11 11 63 63
0426_0025_0008_0044_0044.jpg 1 25 8 44 44
0427_0048_0053_0040_0040.jpg 1 48 53 40 40
0428_0026_0048_0037_0037.jpg 1 26 48 37 37
0429_0010_0017_0043_0043.jpg 1 10 17 43 43
0430_0029_0029_0045_0045.jpg 1 29 29 45 45
0431_0014_0009_0024_0024.jpg 1 14 9 24 24
0432_0018_0037_0036_0036.jpg 1 18 37 36 36
0433_0005_0010_0063_0063.jpg 1 5 10 63 63
0434_0018_0051_0032_0032.jpg 1 18 51 32 32
0435_0011_0039_0053_0053.jpg 1 11 39 53 53
0436_0048_0055_0036_0036.jpg 1 48 55 36 36
0437_0042_0037_0043_0043.jpg 1 42 37 43 43
0438_0027_0038_0049_0049.jpg 1 27 38 49 49
0439_0053_0010_0029_0029.jpg 1 53 10 29 29
0440_0023_0009_0049_0049.jpg 1 23 9 49 49
0441_0049_0013_0030_0030.jpg 1 49 13 30 30
0442_0014_0052_0025_0025.jpg 1 14 52 25 25
0443_0044_0018_0028_0028.jpg 1 44 18 28 28
0444_0009_0006_0058_0058.jpg 1 9 6 58 58
0445_0017_0031_0055_0055.jpg 1 17 31 55 55
0446_0026_0013_0044_0044.jpg 1 26 13 44 44
0447_0022_0014_0058_0058.jpg 1 22 14 58 58
0448_0005_0020_0062_0062.jpg 1 5 20 62 62
0449_0030_0032_0036_0036.jpg 1 30 32 36 36
0450_0017_0024_0062_0062.jpg 1 17 24 62 62
0451_0005_0018_0057_0057.jpg 1 5 18 57 57
0452_0025_0028_0064_0064.jpg 1 25 28 64 64
0453_0043_0040_0044_0044.jpg 1 43 40 44 44
0454_0029_0052_0040_0040.jpg 1 29 52 40 40
0455_0044_0041_0025_0025.jpg 1 44 41 25 25
0456_0048_0047_0028_0028.jpg 1 48 47 28 28
0457_0029_0033_0027_0027.jpg 1 29 33 27 27
0458_0014_0036_0031_0031.jpg 1 14 36 31 31
0459_0009_0023_0062_0062.jpg 1 9 23 62 62
0460_0030_0009_0049_0049.jpg 1 30 9 49 49
0461_0038_0041_0031_0031.jpg 1 38 41 31 31
0462_0024_0039_0035_0035.jpg 1 24 39 35 35
0463_0026_0016_0043_0043.jpg 1 26 16 43 43
0464_0048_0024_0031_0031.jpg 1 48 24 31 31
0465_0034_0025_0056_0056.jpg 1 34 25 56 56
0466_0044_0013_0042_0042.jpg 1 44 13 42 42
0467_0018_0039_0024_0024.jpg 1 18 39 24 24
0468_0021_0032_0046_0046.jpg 1 21 32 46 46
0469_0005_0031_0052_0052.jpg 1 5 31 52 52
0470_0017_0018_0066_0066.jpg 1 17 18 66 66
0471_0031_0012_0052_0052.jpg 1 31 12 52 52
0472_0009_0013_0053_0053.jpg 1 9 13 53 53
0473_0024_0009_0049_0049.jpg 1 24 9 49 49
0474_0032_0023_0056_0056.jpg 1 32 23 56 56
0475_0019_0020_0026_0026.jpg 1 19 20 26 26
0476_0026_0018_0031_0031.jpg 1 26 18 31 31
0477_0027_0030_0062_0062.jpg 1 27 30 62 62
0478_0005_0008_0066_0066.jpg 1 5 8 66 66
0479_0009_0038_0052_0052.jpg 1 9 38 52 52
0480_0018_0011_0064_0064.jpg 1 18 11 64 64
0481_0050_0038_0037_0037.jpg 1 50 38 37 37
0482_0065_0045_0025_0025.jpg 1 65 45 25 25
0483_0040_0032_0029_0029.jpg 1 40 32 29 29
0484_0020_0025_0061_0061.jpg 1 20 25 61 61
0485_0040_0041_0031_0031.jpg 1 40 41 31 31
0486_0036_0006_0050_0050.jpg 1 36 6 50 50
0487_0028_0012_0055_0055.jpg 1 28 12 55 55
0488_0018_0024_0025_0025.jpg 1 18 24 25 25
0489_0029_0015_0066_0066.jpg 1 29 15 66 66
0490_0059_0031_0028_0028.jpg 1 59 31 28 28
0491_0036_0019_0053_0053.jpg 1 36 19 53 53
0492_0026_0006_0048_0048.jpg 1 26 6 48 48
0493_0030_0057_0033_0033.jpg 1 30 57 33 33
0494_0004_0018_0069_0069.jpg 1 4 18 69 69
0495_0024_0041_0042_0042.jpg 1 24 41 42 42
0496_0012_0018_0026_0026.jpg 1 12 18 26 26
0497_0028_0013_0054_0054.jpg 1 28 13 54 54
0498_0045_0050_0042_0042.jpg 1 45 50 42 42
0499_0040_0047_0037_0037.jpg 1 40 47 37 37
0500_0039_0011_0028_0028.jpg 1 39 11 28 28
0501_0015_0014_0062_0062.jpg 1 15 14 62 62
0502_0064_0033_0027_0027.jpg 1 64 33 27 27
0503_0028_0024_0049_0049.jpg 1 28 24 49 49
0504_0036_0039_0053_0053.jpg 1 36 39 53 53
0505_0017_0025_0026_0026.jpg 1 17 25 26 26
0506_0044_0023_0034_0034.jpg 1 44 23 34 34
0507_0058_0009_0026_0026.jpg 1 58 9 26 26
0508_0043_0051_0029_0029.jpg 1 43 51 29 29
0509_0038_0050_0036_0036.jpg 1 38 50 36 36
0510_0016_0011_0045_0045.jpg 1 16 11 45 45
0511_0035_0054_0037_0037.jpg 1 35 54 37 37
0512_0041_0028_0037_0037.jpg 1 41 28 37 37
0513_0025_0016_0066_0066.jpg 1 25 16 66 66
0514_0006_0026_0053_0053.jpg 1 6 26 53 53
0515_0028_0051_0033_0033.jpg 1 28 51 33 33
0516_0026_0017_0024_0024.jpg 1 26 17 24 24
0517_0019_0005_0065_0065.jpg 1 19 5 65 65
0518_0013_0015_0055_0055.jpg 1 13 15 55 55
0519_0067_0022_0025_0025.jpg 1 67 22 25 25
0520_0036_0043_0036_0036.jpg 1 36 43 36 36
0521_0007_0008_0039_0039.jpg 1 7 8 39 39
0522_0007_0042_0047_0047.jpg 1 7 42 47 47
0523_0028_0036_0035_0035.jpg 1 28 36 35 35
0524_0026_0008_0066_0066.jpg 1 26 8 66 66
0525_0038_0008_0047_0047.jpg 1 38 8 47 47
0526_0003_0018_0066_0066.jpg 1 3 18 66 66
0527_0029_0051_0042_0042.jpg 1 29 51 42 42
0528_0007_0034_0054_0054.jpg 1 7 34 54 54
0529_0020_0038_0056_0056.jpg 1 20 38 56 56
0530_0031_0021_0043_0043.jpg 1 31 21 43 43
0531_0020_0017_0024_0024.jpg 1 20 17 24 24
0532_0008_0032_0061_0061.jpg 1 8 32 61 61
0533_0062_0037_0028_0028.jpg 1 62 37 28 28
0534_0020_0039_0033_0033.jpg 1 20 39 33 33
0535_0051_0020_0042_0042.jpg 1 51 20 42 42
0536_0025_0045_0037_0037.jpg 1 25 45 37 37
0537_0037_0025_0054_0054.jpg 1 37 25 54 54
0538_0008_0009_0062_0062.jpg 1 8 9 62 62
0539_0012_0041_0052_0052.jpg 1 12 41 52 52
0540_0041_0025_0042_0042.jpg 1 41 25 42 42
0541_0027_0018_0068_0068.jpg 1 27 18 68 68
0542_0020_0013_0039_0039.jpg 1 20 13 39 39
0543_0030_0052_0036_0036.jpg 1 30 52 36 36
0544_0017_0026_0059_0059.jpg 1 17 26 59 59
0545_0021_0053_0029_0029.jpg 1 21 53 29 29
0546_0030_0021_0065_0065.jpg 1 30 21 65 65
0547_0007_0049_0043_0043.jpg 1 7 49 43 43
0548_0056_0050_0033_0033.jpg 1 56 50 33 33
0549_0033_0040_0054_0054.jpg 1 33 40 54 54
0550_0007_0028_0065_0065.jpg 1 7 28 65 65
0551_0011_0046_0047_0047.jpg 1 11 46 47 47
0552_0034_0031_0048_0048.jpg 1 34 31 48 48
0553_0037_0014_0040_0040.jpg 1 37 14 40 40
0554_0037_0041_0052_0052.jpg 1 37 41 52 52
0555_0031_0041_0029_0029.jpg 1 31 41 29 29
0556_0025_0014_0047_0047.jpg 1 25 14 47 47
0557_0042_0057_0028_0028.jpg 1 42 57 28 28
0558_0031_0039_0035_0035.jpg 1 31 39 35 35
0559_0011_0009_0067_0067.jpg 1 11 9 67 67
0560_0020_0032_0057_0057.jpg 1 20 32 57 57
0561_0014_0024_0061_0061.jpg 1 14 24 61 61
0562_0013_0017_0057_0057.jpg 1 13 17 57 57
0563_0017_0039_0052_0052.jpg 1 17 39 52 52
0564_0050_0042_0042_0042.jpg 1 50 42 42 42
0565_0043_0010_0040_0040.jpg 1 43 10 40 40
0566_0029_0011_0049_0049.jpg 1 29 11 49 49
0567_0023_0005_0053_0053.jpg 1 23 5 53 53
0568_0033_0026_0038_0038.jpg 1 33 26 38 38
0569_0040_0043_0038_0038.jpg 1 40 43 38 38
0570_0017_0013_0059_0059.jpg 1 17 13 59 59
0571_0048_0028_0032_0032.jpg 1 48 28 32 32
0572_0024_0030_0056_0056.jpg 1 24 30 56 56
0573_0025_0029_0065_0065.jpg 1 25 29 65 65
0574_0021_0015_0057_0057.jpg 1 21 15 57 57
0575_0011_0004_0069_0069.jpg 1 11 4 69 69
0576_0034_0042_0027_0027.jpg 1 34 42 27 27
0577_0011_0019_0065_0065.jpg 1 11 19 65 65
0578_0009_0064_0026_0026.jpg 1 9 64 26 26
0579_0007_0014_0037_0037.jpg 1 7 14 37 37
0580_0014_0024_0029_0029.jpg 1 14 24 29 29
0581_0017_0013_0043_0043.jpg 1 17 13 43 43
0582_0040_0046_0045_0045.jpg 1 40 46 45 45
0583_0028_0033_0053_0053.jpg 1 28 33 53 53
0584_0020_0031_0048_0048.jpg 1 20 31 48 48
0585_0027_0021_0066_0066.jpg 1 27 21 66 66
0586_0027_0034_0054_0054.jpg 1 27 34 54 54
0587_0018_0030_0058_0058.jpg 1 18 30 58 58
0588_0006_0020_0069_0069.jpg 1 6 20 69 69
0589_0030_0008_0065_0065.jpg 1 30 8 65 65
0590_0045_0054_0035_0035.jpg 1 45 54 35 35
0591_0021_0045_0046_0046.jpg 1 21 45 46 46
0592_0005_0024_0068_0068.jpg 1 5 24 68 68
0593_0010_0006_0069_0069.jpg 1 10 6 69 69
0594_0016_0015_0047_0047.jpg 1 16 15 47 47
0595_0026_0020_0052_0052.jpg 1 26 20 52 52
0596_0037_0016_0049_0049.jpg 1 37 16 49 49
0597_0040_0039_0052_0052.jpg 1 40 39 52 52
0598_0022_0015_0041_0041.jpg 1 22 15 41 41
0599_0025_0036_0059_0059.jpg 1 25 36 59 59
0600_0011_0024_0045_0045.jpg 1 11 24 45 45
0601_0044_0050_0025_0025.jpg 1 44 50 25 25
0602_0046_0041_0035_0035.jpg 1 46 41 35 35
0603_0012_0042_0035_0035.jpg 1 12 42 35 35
0604_0030_0014_0060_0060.jpg 1 30 14 60 60
0605_0018_0047_0028_0028.jpg 1 18 47 28 28
0606_0008_0024_0064_0064.jpg 1 8 24 64 64
0607_0021_0024_0068_0068.jpg 1 21 24 68 68
0608_0019_0024_0067_0067.jpg 1 19 24 67 67
0609_0058_0035_0034_0034.jpg 1 58 35 34 34
0610_0032_0037_0037_0037.jpg 1 32 37 37 37
0611_0052_0047_0037_0037.jpg 1 52 47 37 37
0612_0039_0014_0045_0045.jpg 1 39 14 45 45
0613_0010_0035_0032_0032.jpg 1 10 35 32 32
0614_0023_0024_0051_0051.jpg 1 23 24 51 51
0615_0005_0031_0064_0064.jpg 1 5 31 64 64
0616_0028_0027_0024_0024.jpg 1 28 27 24 24
0617_0052_0027_0025_0025.jpg 1 52 27 25 25
0618_0021_0018_0065_0065.jpg 1 21 18 65 65
0619_0041_0023_0053_0053.jpg 1 41 23 53 53
0620_0046_0023_0029_0029.jpg 1 46 23 29 29
0621_0027_0026_0068_0068.jpg 1 27 26 68 68
0622_0015_0036_0030_0030.jpg 1 15 36 30 30
0623_0014_0020_0048_0048.jpg 1 14 20 48 48
0624_0049_0029_0029_0029.jpg 1 49 29 29 29
0625_0030_0024_0033_0033.jpg 1 30 24 33 33
0626_0057_0065_0026_0026.jpg 1 57 65 26 26
0627_0026_0007_0046_0046.jpg 1 26 7 46 46
0628_0031_0008_0026_0026.jpg 1 31 8 26 26
0629_0016_0027_0063_0063.jpg 1 16 27 63 63
0630_0025_0027_0065_0065.jpg 1 25 27 65 65
0631_0055_0033_0036_0036.jpg 1 55 33 36 36
0632_0046_0024_0046_0046.jpg 1 46 24 46 46
0633_0027_0015_0059_0059.jpg 1 27 15 59 59
0634_0027_0026_0048_0048.jpg 1 27 26 48 48
0635_0043_0015_0038_0038.jpg 1 43 15 38 38
0636_0022_0043_0042_0042.jpg 1 22 43 42 42
0637_0014_0038_0047_0047.jpg 1 14 38 47 47
0638_0042_0039_0026_0026.jpg 1 42 39 26 26
0639_0010_0023_0056_0056.jpg 1 10 23 56 56
0640_0047_0060_0028_0028.jpg 1 47 60 28 28
0641_0027_0044_0027_0027.jpg 1 27 44 27 27
0642_0024_0023_0065_0065.jpg 1 24 23 65 65
0643_0010_0010_0065_0065.jpg 1 10 10 65 65
0644_0043_0016_0025_0025.jpg 1 43 16 25 25
0645_0010_0029_0065_0065.jpg 1 10 29 65 65
0646_0024_0035_0049_0049.jpg 1 24 35 49 49
0647_0036_0037_0057_0057.jpg 1 36 37 57 57
0648_0019_0015_0057_0057.jpg 1 19 15 57 57
0649_0016_0008_0054_0054.jpg 1 16 8 54 54
0650_0014_0014_0048_0048.jpg 1 14 14 48 48
0651_0038_0013_0035_0035.jpg 1 38 13 35 35
0652_0039_0026_0052_0052.jpg 1 39 26 52 52
0653_0035_0051_0034_0034.jpg 1 35 51 34 34
0654_0058_0038_0031_0031.jpg 1 58 38 31 31
0655_0022_0043_0049_0049.jpg 1 22 43 49 49
0656_0009_0008_0067_0067.jpg 1 9 8 67 67
0657_0040_0008_0044_0044.jpg 1 40 8 44 44
0658_0018_0035_0048_0048.jpg 1 18 35 48 48
0659_0026_0009_0056_0056.jpg 1 26 9 56 56
0660_0030_0027_0051_0051.jpg 1 30 27 51 51
0661_0025_0046_0026_0026.jpg 1 25 46 26 26
0662_0015_0015_0040_0040.jpg 1 15 15 40 40
0663_0005_0007_0051_0051.jpg 1 5 7 51 51
0664_0052_0010_0027_0027.jpg 1 52 10 27 27
0665_0005_0023_0049_0049.jpg 1 5 23 49 49
0666_0004_0030_0061_0061.jpg 1 4 30 61 61
0667_0011_0011_0063_0063.jpg 1 11 11 63 63
0668_0055_0047_0034_0034.jpg 1 55 47 34 34
0669_0058_0010_0029_0029.jpg 1 58 10 29 29
0670_0009_0042_0045_0045.jpg 1 9 42 45 45
0671_0014_0025_0053_0053.jpg 1 14 25 53 53
0672_0032_0033_0036_0036.jpg 1 32 33 36 36
0673_0024_0037_0044_0044.jpg 1 24 37 44 44
0674_0008_0029_0028_0028.jpg 1 8 29 28 28
0675_0027_0039_0051_0051.jpg 1 27 39 51 51
0676_0023_0036_0047_0047.jpg 1 23 36 47 47
0677_0039_0014_0049_0049.jpg 1 39 14 49 49
0678_0009_0034_0050_0050.jpg 1 9 34 50 50
0679_0033_0008_0055_0055.jpg 1 33 8 55 55
0680_0026_0016_0041_0041.jpg 1 26 16 41 41
0681_0023_0028_0061_0061.jpg 1 23 28 61 61
0682_0024_0004_0061_0061.jpg 1 24 4 61 61
0683_0058_0007_0027_0027.jpg 1 58 7 27 27
0684_0035_0013_0034_0034.jpg 1 35 13 34 34
0685_0033_0036_0056_0056.jpg 1 33 36 56 56
0686_0023_0011_0048_0048.jpg 1 23 11 48 48
0687_0038_0066_0025_0025.jpg 1 38 66 25 25
0688_0023_0051_0030_0030.jpg 1 23 51 30 30
0689_0018_0011_0055_0055.jpg 1 18 11 55 55
0690_0056_0037_0034_0034.jpg 1 56 37 34 34
0691_0022_0008_0058_0058.jpg 1 22 8 58 58
0692_0010_0019_0067_0067.jpg 1 10 19 67 67
0693_0041_0025_0032_0032.jpg 1 41 25 32 32
0694_0025_0012_0069_0069.jpg 1 25 12 69 69
0695_0024_0053_0036_0036.jpg 1 24 53 36 36
0696_0013_0025_0069_0069.jpg 1 13 25 69 69
0697_0034_0052_0039_0039.jpg 1 34 52 39 39
0698_0029_0046_0041_0041.jpg 1 29 46 41 41
0699_0014_0018_0040_0040.jpg 1 14 18 40 40
0700_0027_0057_0026_0026.jpg 1 27 57 26 26
0701_0011_0012_0067_0067.jpg 1 11 12 67 67
0702_0050_0041_0040_0040.jpg 1 50 41 40 40
0703_0031_0018_0037_0037.jpg 1 31 18 37 37
0704_0051_0021_0032_0032.jpg 1 51 21 32 32
0705_0020_0036_0038_0038.jpg 1 20 36 38 38
0706_0042_0048_0028_0028.jpg 1 42 48 28 28
0707_0017_0004_0064_0064.jpg 1 17 4 64 64
0708_0006_0026_0054_0054.jpg 1 6 26 54 54
0709_0058_0021_0031_0031.jpg 1 58 21 31 31
0710_0023_0021_0063_0063.jpg 1 23 21 63 63
0711_0019_0048_0033_0033.jpg 1 19 48 33 33
0712_0009_0026_0058_0058.jpg 1 9 26 58 58
0713_0037_0017_0045_0045.jpg 1 37 17 45 45
0714_0010_0003_0068_0068.jpg 1 10 3 68 68
0715_0017_0023_0051_0051.jpg 1 17 23 51 51
0716_0020_0026_0055_0055.jpg 1 20 26 55 55
0717_0046_0050_0039_0039.jpg 1 46 50 39 39
0718_0046_0021_0046_0046.jpg 1 46 21 46 46
0719_0007_0044_0045_0045.jpg 1 7 44 45 45
0720_0040_0041_0045_0045.jpg 1 40 41 45 45
0721_0011_0019_0066_0066.jpg 1 11 19 66 66
0722_0009_0038_0040_0040.jpg 1 9 38 40 40
0723_0051_0022_0029_0029.jpg 1 51 22 29 29
0724_0007_0024_0062_0062.jpg 1 7 24 62 62
0725_0030_0043_0035_0035.jpg 1 30 43 35 35
0726_0017_0035_0024_0024.jpg 1 17 35 24 24
0727_0020_0019_0059_0059.jpg 1 20 19 59 59
0728_0020_0017_0068_0068.jpg 1 20 17 68 68
0729_0034_0044_0028_0028.jpg 1 34 44 28 28
0730_0018_0033_0044_0044.jpg 1 18 33 44 44
0731_0008_0034_0037_0037.jpg 1 8 34 37 37
0732_0021_0030_0050_0050.jpg 1 21 30 50 50
0733_0015_0018_0066_0066.jpg 1 15 18 66 66
0734_0013_0011_0068_0068.jpg 1 13 11 68 68
0735_0032_0060_0029_0029.jpg 1 32 60 29 29
0736_0022_0033_0051_0051.jpg 1 22 33 51 51
0737_0040_0011_0054_0054.jpg 1 40 11 54 54
0738_0054_0053_0030_0030.jpg 1 54 53 30 30
0739_0030_0009_0033_0033.jpg 1 30 9 33 33
0740_0022_0023_0032_0032.jpg 1 22 23 32 32
0741_0023_0037_0055_0055.jpg 1 23 37 55 55
0742_0021_0020_0055_0055.jpg 1 21 20 55 55
0743_0028_0013_0060_0060.jpg 1 28 13 60 60
0744_0021_0013_0048_0048.jpg 1 21 13 48 48
0745_0031_0021_0051_0051.jpg 1 31 21 51 51
0746_0023_0023_0034_0034.jpg 1 23 23 34 34
0747_0031_0052_0038_0038.jpg 1 31 52 38 38
0748_0017_0025_0056_0056.jpg 1 17 25 56 56
0749_0041_0048_0031_0031.jpg 1 41 48 31 31
0750_0044_0024_0037_0037.jpg 1 44 24 37 37
0751_0032_0053_0039_0039.jpg 1 32 53 39 39
0752_0022_0036_0054_0054.jpg 1 22 36 54 54
0753_0036_0011_0030_0030.jpg 1 36 11 30 30
0754_0060_0012_0030_0030.jpg 1 60 12 30 30
0755_0050_0055_0038_0038.jpg 1 50 55 38 38
0756_0027_0014_0068_0068.jpg 1 27 14 68 68
0757_0050_0038_0034_0034.jpg 1 50 38 34 34
0758_0015_0026_0054_0054.jpg 1 15 26 54 54
0759_0006_0006_0050_0050.jpg 1 6 6 50 50
0760_0015_0026_0057_0057.jpg 1 15 26 57 57
0761_0025_0017_0062_0062.jpg 1 25 17 62 62
0762_0042_0019_0033_0033.jpg 1 42 19 33 33
0763_0029_0035_0030_0030.jpg 1 29 35 30 30
0764_0043_0035_0049_0049.jpg 1 43 35 49 49
0765_0030_0036_0027_0027.jpg 1 30 36 27 27
0766_0041_0036_0047_0047.jpg 1 41 36 47 47
0767_0029_0005_0053_0053.jpg 1 29 5 53 53
0768_0015_0034_0035_0035.jpg 1 15 34 35 35
0769_0028_0019_0046_0046.jpg 1 28 19 46 46
0770_0047_0041_0046_0046.jpg 1 47 41 46 46
0771_0010_0024_0028_0028.jpg 1 10 24 28 28
0772_0030_0018_0063_0063.jpg 1 30 18 63 63
0773_0045_0007_0029_0029.jpg 1 45 7 29 29
0774_0047_0026_0035_0035.jpg 1 47 26 35 35
0775_0028_0004_0066_0066.jpg 1 28 4 66 66
0776_0046_0027_0045_0045.jpg 1 46 27 45 45
0777_0032_0010_0033_0033.jpg 1 32 10 33 33
0778_0007_0004_0062_0062.jpg 1 7 4 62 62
0779_0037_0029_0056_0056.jpg 1 37 29 56 56
0780_0017_0050_0026_0026.jpg 1 17 50 26 26
0781_0020_0021_0030_0030.jpg 1 20 21 30 30
0782_0015_0018_0030_0030.jpg 1 15 18 30 30
0783_0040_0043_0029_0029.jpg 1 40 43 29 29
0784_0014_0030_0044_0044.jpg 1 14 30 44 44
0785_0014_0032_0039_0039.jpg 1 14 32 39 39
0786_0031_0033_0062_0062.jpg 1 31 33 62 62
0787_0017_0025_0059_0059.jpg 1 17 25 59 59
0788_0039_0033_0028_0028.jpg 1 39 33 28 28
0789_0052_0057_0029_0029.jpg 1 52 57 29 29
0790_0039_0053_0033_0033.jpg 1 39 53 33 33
0791_0033_0008_0031_0031.jpg 1 33 8 31 31
0792_0018_0055_0025_0025.jpg 1 18 55 25 25
0793_0019_0011_0049_0049.jpg 1 19 11 49 49
0794_0027_0024_0068_0068.jpg 1 27 24 68 68
0795_0043_0027_0043_0043.jpg 1 43 27 43 43
0796_0028_0031_0056_0056.jpg 1 28 31 56 56
0797_0014_0008_0040_0040.jpg 1 14 8 40 40
0798_0035_0009_0034_0034.jpg 1 35 9 34 34
0799_0038_0049_0038_0038.jpg 1 38 49 38 38
0800_0028_0012_0062_0062.jpg 1 28 12 62 62
0801_0004_0032_0059_0059.jpg 1 4 32 59 59
0802_0022_0046_0040_0040.jpg 1 22 46 40 40
0803_0058_0017_0025_0025.jpg 1 58 17 25 25
0804_0040_0042_0041_0041.jpg 1 40 42 41 41
0805_0025_0025_0044_0044.jpg 1 25 25 44 44
0806_0033_0020_0060_0060.jpg 1 33 20 60 60
0807_0023_0027_0028_0028.jpg 1 23 27 28 28
0808_0034_0013_0037_0037.jpg 1 34 13 37 37
0809_0018_0011_0035_0035.jpg 1 18 11 35 35
0810_0065_0024_0024_0024.jpg 1 65 24 24 24
0811_0018_0016_0035_0035.jpg 1 18 16 35 35
0812_0032_0031_0044_0044.jpg 1 32 31 44 44
0813_0045_0023_0034_0034.jpg 1 45 23 34 34
0814_0028_0008_0037_0037.jpg 1 28 8 37 37
0815_0041_0018_0037_0037.jpg 1 41 18 37 37
0816_0033_0026_0049_0049.jpg 1 33 26 49 49
0817_0016_0043_0045_0045.jpg 1 16 43 45 45
0818_0013_0018_0055_0055.jpg 1 13 18 55 55
0819_0060_0041_0024_0024.jpg 1 60 41 24 24
0820_0023_0013_0067_0067.jpg 1 23 13 67 67
0821_0014_0016_0064_0064.jpg 1 14 16 64 64
0822_0015_0015_0062_0062.jpg 1 15 15 62 62
0823_0031_0055_0024_0024.jpg 1 31 55 24 24
0824_0007_0028_0050_0050.jpg 1 7 28 50 50
0825_0032_0044_0032_0032.jpg 1 32 44 32 32
0826_0015_0017_0065_0065.jpg 1 15 17 65 65
0827_0037_0036_0051_0051.jpg 1 37 36 51 51
0828_0019_0015_0059_0059.jpg 1 19 15 59 59
0829_0032_0006_0059_0059.jpg 1 32 6 59 59
0830_0042_0026_0040_0040.jpg 1 42 26 40 40
0831_0005_0035_0052_0052.jpg 1 5 35 52 52
0832_0014_0039_0030_0030.jpg 1 14 39 30 30
0833_0024_0033_0047_0047.jpg 1 24 33 47 47
0834_0008_0028_0068_0068.jpg 1 8 28 68 68
0835_0022_0049_0045_0045.jpg 1 22 49 45 45
0836_0028_0036_0047_0047.jpg 1 28 36 47 47
0837_0037_0007_0053_0053.jpg 1 37 7 53 53
0838_0012_0044_0050_0050.jpg 1 12 44 50 50
0839_0016_0024_0059_0059.jpg 1 16 24 59 59
0840_0007_0028_0058_0058.jpg 1 7 28 58 58
0841_0036_0016_0057_0057.jpg 1 36 16 57 57
0842_0015_0017_0024_0024.jpg 1 15 17 24 24
0843_0045_0038_0043_0043.jpg 1 45 38 43 43
0844_0022_0035_0052_0052.jpg 1 22 35 52 52
0845_0011_0040_0045_0045.jpg 1 11 40 45 45
0846_0026_0027_0068_0068.jpg 1 26 27 68 68
0847_0027_0010_0040_0040.jpg 1 27 10 40 40
0848_0032_0015_0056_0056.jpg 1 32 15 56 56
0849_0038_0041_0048_0048.jpg 1 38 41 48 48
0850_0010_0017_0064_0064.jpg 1 10 17 64 64
0851_0040_0010_0048_0048.jpg 1 40 10 48 48
0852_0025_0047_0036_0036.jpg 1 25 47 36 36
0853_0032_0009_0047_0047.jpg 1 32 9 47 47
0854_0033_0013_0061_0061.jpg 1 33 13 61 61
0855_0016_0029_0053_0053.jpg 1 16 29 53 53
0856_0047_0043_0029_0029.jpg 1 47 43 29 29
0857_0006_0033_0059_0059.jpg 1 6 33 59 59
0858_0025_0025_0036_0036.jpg 1 25 25 36 36
0859_0062_0055_0030_0030.jpg 1 62 55 30 30
0860_0010_0009_0046_0046.jpg 1 10 9 46 46
0861_0031_0027_0038_0038.jpg 1 31 27 38 38
0862_0053_0058_0030_0030.jpg 1 53 58 30 30
0863_0023_0018_0027_0027.jpg 1 23 18 27 27
0864_0032_0005_0063_0063.jpg 1 32 5 63 63
0865_0038_0026_0053_0053.jpg 1 38 26 53 53
0866_0041_0017_0050_0050.jpg 1 41 17 50 50
0867_0008_0007_0065_0065.jpg 1 8 7 65 65
0868_0006_0003_0068_0068.jpg 1 6 3 68 68
0869_0039_0030_0056_0056.jpg 1 39 30 56 56
0870_0030_0030_0061_0061.jpg 1 30 30 61 61
0871_0039_0013_0044_0044.jpg 1 39 13 44 44
0872_0018_0040_0050_0050.jpg 1 18 40 50 50
0873_0030_0030_0053_0053.jpg 1 30 30 53 53
0874_0062_0053_0026_0026.jpg 1 62 53 26 26
0875_0019_0027_0056_0056.jpg 1 19 27 56 56
0876_0033_0053_0038_0038.jpg 1 33 53 38 38
0877_0020_0020_0060_0060.jpg 1 20 20 60 60
0878_0046_0009_0043_0043.jpg 1 46 9 43 43
0879_0015_0023_0060_0060.jpg 1 15 23 60 60
0880_0015_0025_0055_0055.jpg 1 15 25 55 55
0881_0044_0024_0046_0046.jpg 1 44 24 46 46
0882_0011_0016_0056_0056.jpg 1 11 16 56 56
0883_0032_0026_0059_0059.jpg 1 32 26 59 59
0884_0008_0014_0061_0061.jpg 1 8 14 61 61
0885_0019_0021_0069_0069.jpg 1 19 21 69 69
0886_0032_0037_0040_0040.jpg 1 32 37 40 40
0887_0039_0005_0046_0046.jpg 1 39 5 46 46
0888_0050_0032_0042_0042.jpg 1 50 32 42 42
0889_0017_0037_0035_0035.jpg 1 17 37 35 35
0890_0011_0033_0037_0037.jpg 1 11 33 37 37
0891_0039_0005_0049_0049.jpg 1 39 5 49 49
0892_0019_0028_0050_0050.jpg 1 19 28 50 50
0893_0007_0030_0066_0066.jpg 1 7 30 66 66
0894_0004_0025_0061_0061.jpg 1 4 25 61 61
0895_0063_0030_0029_0029.jpg 1 63 30 29 29
0896_0006_0013_0058_0058.jpg 1 6 13 58 58
0897_0029_0033_0033_0033.jpg 1 29 33 33 33
0898_0037_0049_0043_0043.jpg 1 37 49 43 43
0899_0029_0033_0061_0061.jpg 1 29 33 61 61
0900_0017_0013_0047_0047.jpg 1 17 13 47 47
0901_0038_0017_0051_0051.jpg 1 38 17 51 51
0902_0011_0012_0057_0057.jpg 1 11 12 57 57
0903_0043_0021_0051_0051.jpg 1 43 21 51 51
0904_0008_0015_0046_0046.jpg 1 8 15 46 46
0905_0016_0029_0067_0067.jpg 1 16 29 67 67
0906_0037_0018_0042_0042.jpg 1 37 18 42 42
0907_0021_0018_0052_0052.jpg 1 21 18 52 52
0908_0041_0041_0035_0035.jpg 1 41 41 35 35
0909_0054_0025_0033_0033.jpg 1 54 25 33 33
0910_0022_0018_0063_0063.jpg 1 22 18 63 63
0911_0064_0014_0028_0028.jpg 1 64 14 28 28
0912_0007_0059_0031_0031.jpg 1 7 59 31 31
0913_0033_0025_0041_0041.jpg 1 33 25 41 41
0914_0026_0009_0040_0040.jpg 1 26 9 40 40
0915_0032_0038_0035_0035.jpg 1 32 38 35 35
0916_0053_0035_0036_0036.jpg 1 53 35 36 36
0917_0027_0016_0037_0037.jpg 1 27 16 37 37
0918_0021_0025_0057_0057.jpg 1 21 25 57 57
0919_0029_0018_0027_0027.jpg 1 29 18 27 27
0920_0041_0061_0030_0030.jpg 1 41 61 30 30
0921_0041_0031_0052_0052.jpg 1 41 31 52 52
0922_0056_0012_0034_0034.jpg 1 56 12 34 34
0923_0052_0036_0038_0038.jpg 1 52 36 38 38
0924_0005_0018_0060_0060.jpg 1 5 18 60 60
0925_0034_0026_0053_0053.jpg 1 34 26 53 53
0926_0030_0036_0051_0051.jpg 1 30 36 51 51
0927_0041_0047_0036_0036.jpg 1 41 47 36 36
0928_0017_0043_0048_0048.jpg 1 17 43 48 48
0929_0008_0021_0030_0030.jpg 1 8 21 30 30
0930_0036_0006_0056_0056.jpg 1 36 6 56 56
0931_0033_0033_0056_0056.jpg 1 33 33 56 56
0932_0029_0031_0062_0062.jpg 1 29 31 62 62
0933_0032_0037_0039_0039.jpg 1 32 37 39 39
0934_0028_0016_0050_0050.jpg 1 28 16 50 50
0935_0023_0027_0057_0057.jpg 1 23 27 57 57
0936_0011_0025_0034_0034.jpg 1 11 25 34 34
0937_0020_0007_0053_0053.jpg 1 20 7 53 53
0938_0040_0043_0035_0035.jpg 1 40 43 35 35
0939_0023_0012_0051_0051.jpg 1 23 12 51 51
0940_0041_0038_0031_0031.jpg 1 41 38 31 31
0941_0016_0010_0056_0056.jpg 1 16 10 56 56
0942_0024_0019_0048_0048.jpg 1 24 19 48 48
0943_0034_0038_0057_0057.jpg 1 34 38 57 57
0944_0022_0030_0066_0066.jpg 1 22 30 66 66
0945_0056_0043_0030_0030.jpg 1 56 43 30 30
0946_0018_0054_0028_0028.jpg 1 18 54 28 28
0947_0018_0017_0043_0043.jpg 1 18 17 43 43
0948_0026_0012_0042_0042.jpg 1 26 12 42 42
0949_0005_0022_0044_0044.jpg 1 5 22 44 44
0950_0014_0022_0029_0029.jpg 1 14 22 29 29
0951_0021_0021_0063_0063.jpg 1 21 21 63 63
0952_0033_0035_0027_0027.jpg 1 33 35 27 27
0953_0012_0004_0064_0064.jpg 1 12 4 64 64
0954_0013_0016_0038_0038.jpg 1 13 16 38 38
0955_0025_0004_0065_0065.jpg 1 25 4 65 65
0956_0032_0012_0063_0063.jpg 1 32 12 63 63
0957_0030_0009_0043_0043.jpg 1 30 9 43 43
0958_0004_0017_0057_0057.jpg 1 4 17 57 57
0959_0063_0052_0024_0024.jpg 1 63 52 24 24
0960_0013_0017_0067_0067.jpg 1 13 17 67 67
0961_0040_0037_0045_0045.jpg 1 40 37 45 45
0962_0033_0030_0055_0055.jpg 1 33 30 55 55
0963_0052_0011_0026_0026.jpg 1 52 11 26 26
0964_0024_0031_0055_0055.jpg 1 24 31 55 55
0965_0005_0021_0063_0063.jpg 1 5 21 63 63
0966_0015_0007_0051_0051.jpg 1 15 7 51 51
0967_0010_0020_0037_0037.jpg 1 10 20 37 37
0968_0013_0042_0048_0048.jpg 1 13 42 48 48
0969_0022_0033_0057_0057.jpg 1 22 33 57 57
0970_0008_0010_0062_0062.jpg 1 8 10 62 62
0971_0010_0035_0031_0031.jpg 1 10 35 31 31
0972_0010_0012_0061_0061.jpg 1 10 12 61 61
0973_0051_0048_0036_0036.jpg 1 51 48 36 36
0974_0029_0029_0055_0055.jpg 1 29 29 55 55
0975_0039_0039_0032_0032.jpg 1 39 39 32 32
0976_0010_0016_0054_0054.jpg 1 10 16 54 54
0977_0032_0005_0059_0059.jpg 1 32 5 59 59
0978_0052_0043_0030_0030.jpg 1 52 43 30 30
0979_0026_0034_0061_0061.jpg 1 26 34 61 61
0980_0018_0020_0066_0066.jpg 1 18 20 66 66
0981_0027_0010_0041_0041.jpg 1 27 10 41 41
0982_0026_0026_0060_0060.jpg 1 26 26 60 60
0983_0008_0032_0040_0040.jpg 1 8 32 40 40
0984_0010_0021_0067_0067.jpg 1 10 21 67 67
0985_0030_0034_0024_0024.jpg 1 30 34 24 24
0986_0004_0035_0058_0058.jpg 1 4 35 58 58
0987_0034_0022_0061_0061.jpg 1 34 22 61 61
0988_0044_0035_0047_0047.jpg 1 44 35 47 47
0989_0027_0024_0035_0035.jpg 1 27 24 35 35
0990_0023_0030_0044_0044.jpg 1 23 30 44 44
0991_0011_0022_0061_0061.jpg 1 11 22 61 61
0992_0010_0030_0056_0056.jpg 1 10 30 56 56
0993_0048_0047_0031_0031.jpg 1 48 47 31 31
0994_0033_0005_0051_0051.jpg 1 33 5 51 51
0995_0013_0010_0039_0039.jpg 1 13 10 39 39
0996_0011_0013_0061_0061.jpg 1 11 13 61 61
0997_0032_0009_0033_0033.jpg 1 32 9 33 33
0998_0016_0020_0069_0069.jpg 1 16 20 69 69
0999_0006_0024_0061_0061.jpg 1 6 24 61 61
1000_0016_0030_0030_0030.jpg 1 16 30 30 30
1001_0052_0015_0030_0030.jpg 1 52 15 30 30
1002_0028_0048_0043_0043.jpg 1 28 48 43 43
1003_0028_0025_0060_0060.jpg 1 28 25 60 60
1004_0009_0012_0065_0065.jpg 1 9 12 65 65
1005_0021_0008_0063_0063.jpg 1 21 8 63 63
1006_0028_0034_0048_0048.jpg 1 28 34 48 48
1007_0020_0010_0067_0067.jpg 1 20 10 67 67
1008_0018_0039_0031_0031.jpg 1 18 39 31 31
1009_0036_0028_0035_0035.jpg 1 36 28 35 35
1010_0024_0028_0057_0057.jpg 1 24 28 57 57
1011_0016_0007_0063_0063.jpg 1 16 7 63 63
1012_0006_0032_0051_0051.jpg 1 6 32 51 51
1013_0055_0020_0028_0028.jpg 1 55 20 28 28
1014_0015_0004_0069_0069.jpg 1 15 4 69 69
1015_0021_0033_0024_0024.jpg 1 21 33 24 24
1016_0044_0013_0045_0045.jpg 1 44 13 45 45
1017_0007_0023_0069_0069.jpg 1 7 23 69 69
1018_0031_0016_0060_0060.jpg 1 31 16 60 60
1019_0007_0034_0048_0048.jpg 1 7 34 48 48
1020_0034_0020_0046_0046.jpg 1 34 20 46 46
1021_0032_0021_0029_0029.jpg 1 32 21 29 29
1022_0005_0013_0069_0069.jpg 1 5 13 69 69
1023_0017_0045_0030_0030.jpg 1 17 45 30 30
1024_0022_0011_0051_0051.jpg 1 22 11 51 51
1025_0058_0016_0032_0032.jpg 1 58 16 32 32
1026_0038_0007_0054_0054.jpg 1 38 7 54 54
1027_0040_0020_0026_0026.jpg 1 40 20 26 26
1028_0021_0009_0068_0068.jpg 1 21 9 68 68
1029_0046_0047_0038_0038.jpg 1 46 47 38 38
1030_0051_0026_0025_0025.jpg 1 51 26 25 25
1031_0007_0008_0058_0058.jpg 1 7 8 58 58
1032_0031_0021_0060_0060.jpg 1 31 21 60 60
1033_0013_0026_0066_0066.jpg 1 13 26 66 66
1034_0056_0055_0034_0034.jpg 1 56 55 34 34
1035_0005_0004_0068_0068.jpg 1 5 4 68 68
1036_0029_0029_0033_0033.jpg 1 29 29 33 33
1037_0026_0008_0046_0046.jpg 1 26 8 46 46
1038_0027_0028_0038_0038.jpg 1 27 28 38 38
1039_0032_0021_0046_0046.jpg 1 32 21 46 46
1040_0043_0026_0029_0029.jpg 1 43 26 29 29
1041_0006_0030_0050_0050.jpg 1 6 30 50 50
1042_0052_0010_0028_0028.jpg 1 52 10 28 28
1043_0061_0011_0028_0028.jpg 1 61 11 28 28
1044_0044_0057_0030_0030.jpg 1 44 57 30 30
1045_0011_0028_0052_0052.jpg 1 11 28 52 52
1046_0027_0016_0065_0065.jpg 1 27 16 65 65
1047_0040_0033_0039_0039.jpg 1 40 33 39 39
1048_0008_0033_0042_0042.jpg 1 8 33 42 42
1049_0028_0004_0060_0060.jpg 1 28 4 60 60
1050_0041_0029_0054_0054.jpg 1 41 29 54 54
1051_0028_0033_0048_0048.jpg 1 28 33 48 48
1052_0007_0038_0047_0047.jpg 1 7 38 47 47
1053_0021_0018_0069_0069.jpg 1 21 18 69 69
1054_0022_0007_0050_0050.jpg 1 22 7 50 50
1055_0018_0021_0048_0048.jpg 1 18 21 48 48
1056_0055_0027_0038_0038.jpg 1 55 27 38 38
1057_0024_0042_0048_0048.jpg 1 24 42 48 48
1058_0047_0008_0030_0030.jpg 1 47 8 30 30
1059_0023_0035_0054_0054.jpg 1 23 35 54 54
1060_0026_0007_0062_0062.jpg 1 26 7 62 62
1061_0014_0050_0033_0033.jpg 1 14 50 33 33
1062_0006_0003_0066_0066.jpg 1 6 3 66 66
1063_0030_0006_0051_0051.jpg 1 30 6 51 51
1064_0060_0055_0033_0033.jpg 1 60 55 33 33
1065_0021_0053_0024_0024.jpg 1 21 53 24 24
1066_0040_0019_0046_0046.jpg 1 40 19 46 46
1067_0041_0061_0031_0031.jpg 1 41 61 31 31
1068_0036_0010_0042_0042.jpg 1 36 10 42 42
1069_0043_0030_0029_0029.jpg 1 43 30 29 29
1070_0033_0008_0037_0037.jpg 1 33 8 37 37
1071_0009_0020_0038_0038.jpg 1 9 20 38 38
1072_0019_0018_0036_0036.jpg 1 19 18 36 36
1073_0015_0024_0056_0056.jpg 1 15 24 56 56
1074_0038_0043_0045_0045.jpg 1 38 43 45 45
1075_0022_0007_0068_0068.jpg 1 22 7 68 68
1076_0021_0051_0036_0036.jpg 1 21 51 36 36
1077_0019_0008_0063_0063.jpg 1 19 8 63 63
1078_0006_0034_0061_0061.jpg 1 6 34 61 61
1079_0004_0015_0061_0061.jpg 1 4 15 61 61
1080_0032_0029_0046_0046.jpg 1 32 29 46 46
1081_0012_0046_0043_0043.jpg 1 12 46 43 43
1082_0031_0041_0052_0052.jpg 1 31 41 52 52
1083_0006_0051_0037_0037.jpg 1 6 51 37 37
1084_0046_0036_0039_0039.jpg 1 46 36 39 39
1085_0011_0014_0064_0064.jpg 1 11 14 64 64
1086_0034_0033_0045_0045.jpg 1 34 33 45 45
1087_0013_0009_0043_0043.jpg 1 13 9 43 43
1088_0029_0008_0051_0051.jpg 1 29 8 51 51
1089_0022_0048_0033_0033.jpg 1 22 48 33 33
1090_0028_0056_0034_0034.jpg 1 28 56 34 34
1091_0026_0014_0055_0055.jpg 1 26 14 55 55
1092_0014_0038_0032_0032.jpg 1 14 38 32 32
1093_0019_0030_0062_0062.jpg 1 19 30 62 62
1094_0030_0027_0065_0065.jpg 1 30 27 65 65
1095_0014_0028_0061_0061.jpg 1 14 28 61 61
1096_0030_0013_0029_0029.jpg 1 30 13 29 29
1097_0025_0042_0043_0043.jpg 1 25 42 43 43
1098_0023_0015_0044_0044.jpg 1 23 15 44 44
1099_0029_0028_0064_0064.jpg 1 29 28 64 64
1100_0042_0007_0036_0036.jpg 1 42 7 36 36
1101_0007_0004_0058_0058.jpg 1 7 4 58 58
1102_0013_0027_0053_0053.jpg 1 13 27 53 53
1103_0016_0012_0066_0066.jpg 1 16 12 66 66
1104_0046_0047_0040_0040.jpg 1 46 47 40 40
1105_0021_0007_0054_0054.jpg 1 21 7 54 54
1106_0050_0018_0028_0028.jpg 1 50 18 28 28
1107_0015_0023_0068_0068.jpg 1 15 23 68 68
1108_0025_0011_0059_0059.jpg 1 25 11 59 59
1109_0029_0023_0064_0064.jpg 1 29 23 64 64
1110_0014_0022_0067_0067.jpg 1 14 22 67 67
1111_0023_0007_0066_0066.jpg 1 23 7 66 66
1112_0021_0035_0043_0043.jpg 1 21 35 43 43
1113_0016_0012_0063_0063.jpg 1 16 12 63 63
1114_0010_0012_0063_0063.jpg 1 10 12 63 63
1115_0055_0042_0038_0038.jpg 1 55 42 38 38
1116_0035_0023_0054_0054.jpg 1 35 23 54 54
1117_0008_0014_0058_0058.jpg 1 8 14 58 58
1118_0007_0009_0063_0063.jpg 1 7 9 63 63
1119_0021_0011_0039_0039.jpg 1 21 11 39 39
1120_0013_0052_0031_0031.jpg 1 13 52 31 31
1121_0034_0041_0032_0032.jpg 1 34 41 32 32
1122_0022_0058_0033_0033.jpg 1 22 58 33 33
1123_0018_0041_0049_0049.jpg 1 18 41 49 49
1124_0027_0011_0058_0058.jpg 1 27 11 58 58
1125_0058_0051_0033_0033.jpg 1 58 51 33 33
1126_0038_0008_0034_0034.jpg 1 38 8 34 34
1127_0022_0022_0066_0066.jpg 1 22 22 66 66
1128_0053_0045_0035_0035.jpg 1 53 45 35 35
1129_0009_0052_0029_0029.jpg 1 9 52 29 29
1130_0055_0043_0038_0038.jpg 1 55 43 38 38
1131_0024_0044_0050_0050.jpg 1 24 44 50 50
1132_0020_0037_0047_0047.jpg 1 20 37 47 47
1133_0047_0041_0040_0040.jpg 1 47 41 40 40
1134_0033_0013_0053_0053.jpg 1 33 13 53 53
1135_0019_0035_0058_0058.jpg 1 19 35 58 58
1136_0017_0054_0029_0029.jpg 1 17 54 29 29
1137_0030_0007_0042_0042.jpg 1 30 7 42 42
1138_0010_0015_0033_0033.jpg 1 10 15 33 33
1139_0028_0015_0051_0051.jpg 1 28 15 51 51
1140_0034_0032_0039_0039.jpg 1 34 32 39 39
1141_0021_0006_0051_0051.jpg 1 21 6 51 51
1142_0013_0039_0048_0048.jpg 1 13 39 48 48
1143_0026_0023_0030_0030.jpg 1 26 23 30 30
1144_0004_0015_0068_0068.jpg 1 4 15 68 68
1145_0044_0013_0027_0027.jpg 1 44 13 27 27
1146_0039_0033_0054_0054.jpg 1 39 33 54 54
1147_0009_0038_0028_0028.jpg 1 9 38 28 28
1148_0049_0007_0036_0036.jpg 1 49 7 36 36
1149_0018_0016_0051_0051.jpg 1 18 16 51 51
1150_0012_0062_0025_0025.jpg 1 12 62 25 25
1151_0013_0033_0057_0057.jpg 1 13 33 57 57
1152_0012_0010_0060_0060.jpg 1 12 10 60 60
1153_0012_0021_0044_0044.jpg 1 12 21 44 44
1154_0040_0016_0035_0035.jpg 1 40 16 35 35
1155_0012_0006_0060_0060.jpg 1 12 6 60 60
1156_0016_0040_0035_0035.jpg 1 16 40 35 35
1157_0033_0035_0037_0037.jpg 1 33 35 37 37
1158_0026_0041_0029_0029.jpg 1 26 41 29 29
1159_0017_0013_0041_0041.jpg 1 17 13 41 41
1160_0018_0026_0041_0041.jpg 1 18 26 41 41
1161_0012_0042_0028_0028.jpg 1 12 42 28 28
1162_0049_0006_0039_0039.jpg 1 49 6 39 39
1163_0033_0029_0059_0059.jpg 1 33 29 59 59
1164_0014_0030_0065_0065.jpg 1 14 30 65 65
1165_0004_0015_0067_0067.jpg 1 4 15 67 67
1166_0025_0006_0048_0048.jpg 1 25 6 48 48
1167_0032_0025_0038_0038.jpg 1 32 25 38 38
1168_0011_0044_0037_0037.jpg 1 11 44 37 37
1169_0018_0010_0066_0066.jpg 1 18 10 66 66
1170_0010_0062_0025_0025.jpg 1 10 62 25 25
1171_0041_0006_0039_0039.jpg 1 41 6 39 39
1172_0034_0020_0056_0056.jpg 1 34 20 56 56
1173_0011_0015_0025_0025.jpg 1 11 15 25 25
1174_0027_0016_0059_0059.jpg 1 27 16 59 59
1175_0015_0006_0068_0068.jpg 1 15 6 68 68
1176_0019_0024_0062_0062.jpg 1 19 24 62 62
1177_0054_0017_0026_0026.jpg 1 54 17 26 26
1178_0012_0036_0034_0034.jpg 1 12 36 34 34
1179_0048_0045_0027_0027.jpg 1 48 45 27 27
1180_0022_0026_0063_0063.jpg 1 22 26 63 63
1181_0050_0016_0042_0042.jpg 1 50 16 42 42
1182_0053_0053_0032_0032.jpg 1 53 53 32 32
1183_0041_0043_0027_0027.jpg 1 41 43 27 27
1184_0056_0051_0032_0032.jpg 1 56 51 32 32
1185_0010_0023_0068_0068.jpg 1 10 23 68 68
1186_0034_0031_0053_0053.jpg 1 34 31 53 53
1187_0030_0009_0064_0064.jpg 1 30 9 64 64
1188_0026_0026_0043_0043.jpg 1 26 26 43 43
1189_0023_0063_0027_0027.jpg 1 23 63 27 27
1190_0018_0025_0060_0060.jpg 1 18 25 60 60
1191_0024_0023_0055_0055.jpg 1 24 23 55 55
1192_0022_0048_0033_0033.jpg 1 22 48 33 33
1193_0036_0012_0039_0039.jpg 1 36 12 39 39
1194_0017_0007_0058_0058.jpg 1 17 7 58 58
1195_0021_0019_0066_0066.jpg 1 21 19 66 66
1196_0044_0017_0030_0030.jpg 1 44 17 30 30
1197_0033_0007_0045_0045.jpg 1 33 7 45 45
1198_0032_0011_0047_0047.jpg 1 32 11 47 47
1199_0020_0011_0028_0028.jpg 1 20 11 28 28
1200_0020_0014_0051_0051.jpg 1 20 14 51 51
1201_0036_0041_0032_0032.jpg 1 36 41 32 32
1202_0034_0020_0060_0060.jpg 1 34 20 60 60
1203_0017_0016_0053_0053.jpg 1 17 16 53 53
1204_0016_0027_0051_0051.jpg 1 16 27 51 51
1205_0056_0049_0032_0032.jpg 1 56 49 32 32
1206_0009_0016_0067_0067.jpg 1 9 16 67 67
1207_0021_0005_0064_0064.jpg 1 21 5 64 64
1208_0021_0030_0060_0060.jpg 1 21 30 60 60
1209_0034_0014_0061_0061.jpg 1 34 14 61 61
1210_0005_0027_0061_0061.jpg 1 5 27 61 61
1211_0020_0019_0059_0059.jpg 1 20 19 59 59
1212_0009_0027_0032_0032.jpg 1 9 27 32 32
1213_0010_0059_0030_0030.jpg 1 10 59 30 30
1214_0035_0010_0049_0049.jpg 1 35 10 49 49
1215_0026_0026_0065_0065.jpg 1 26 26 65 65
1216_0053_0025_0027_0027.jpg 1 53 25 27 27
1217_0037_0032_0057_0057.jpg 1 37 32 57 57
1218_0005_0030_0052_0052.jpg 1 5 30 52 52
1219_0051_0034_0037_0037.jpg 1 51 34 37 37
1220_0009_0010_0069_0069.jpg 1 9 10 69 69
1221_0014_0039_0049_0049.jpg 1 14 39 49 49
1222_0015_0021_0047_0047.jpg 1 15 21 47 47
1223_0014_0012_0038_0038.jpg 1 14 12 38 38
1224_0040_0023_0045_0045.jpg 1 40 23 45 45
1225_0025_0009_0062_0062.jpg 1 25 9 62 62
1226_0030_0009_0060_0060.jpg 1 30 9 60 60
1227_0021_0035_0048_0048.jpg 1 21 35 48 48
1228_0026_0005_0068_0068.jpg 1 26 5 68 68
1229_0023_0012_0066_0066.jpg 1 23 12 66 66
1230_0020_0023_0062_0062.jpg 1 20 23 62 62
1231_0010_0019_0050_0050.jpg 1 10 19 50 50
1232_0031_0033_0059_0059.jpg 1 31 33 59 59
1233_0039_0007_0033_0033.jpg 1 39 7 33 33
1234_0006_0007_0058_0058.jpg 1 6 7 58 58
1235_0010_0043_0025_0025.jpg 1 10 43 25 25
1236_0025_0020_0060_0060.jpg 1 25 20 60 60
1237_0003_0024_0069_0069.jpg 1 3 24 69 69
1238_0012_0022_0036_0036.jpg 1 12 22 36 36
1239_0021_0027_0040_0040.jpg 1 21 27 40 40
1240_0043_0028_0049_0049.jpg 1 43 28 49 49
1241_0017_0030_0037_0037.jpg 1 17 30 37 37
1242_0005_0021_0053_0053.jpg 1 5 21 53 53
1243_0005_0016_0054_0054.jpg 1 5 16 54 54
1244_0025_0014_0068_0068.jpg 1 25 14 68 68
1245_0024_0012_0061_0061.jpg 1 24 12 61 61
1246_0006_0046_0042_0042.jpg 1 6 46 42 42
1247_0023_0033_0054_0054.jpg 1 23 33 54 54
1248_0046_0021_0034_0034.jpg 1 46 21 34 34
1249_0010_0013_0058_0058.jpg 1 10 13 58 58
1250_0034_0013_0041_0041.jpg 1 34 13 41 41
1251_0034_0029_0048_0048.jpg 1 34 29 48 48
1252_0018_0029_0057_0057.jpg 1 18 29 57 57
1253_0020_0007_0056_0056.jpg 1 20 7 56 56
1254_0005_0040_0047_0047.jpg 1 5 40 47 47
1255_0024_0015_0059_0059.jpg 1 24 15 59 59
1256_0018_0028_0065_0065.jpg 1 18 28 65 65
1257_0020_0030_0049_0049.jpg 1 20 30 49 49
1258_0019_0013_0056_0056.jpg 1 19 13 56 56
1259_0042_0043_0027_0027.jpg 1 42 43 27 27
1260_0062_0020_0029_0029.jpg 1 62 20 29 29
1261_0023_0017_0037_0037.jpg 1 23 17 37 37
1262_0021_0025_0058_0058.jpg 1 21 25 58 58
1263_0046_0038_0034_0034.jpg 1 46 38 34 34
1264_0015_0018_0049_0049.jpg 1 15 18 49 49
1265_0023_0009_0068_0068.jpg 1 23 9 68 68
1266_0046_0049_0030_0030.jpg 1 46 49 30 30
1267_0012_0007_0068_0068.jpg 1 12 7 68 68
1268_0023_0024_0069_0069.jpg 1 23 24 69 69
1269_0022_0015_0045_0045.jpg 1 22 15 45 45
1270_0017_0025_0069_0069.jpg 1 17 25 69 69
1271_0008_0021_0064_0064.jpg 1 8 21 64 64
1272_0018_0018_0063_0063.jpg 1 18 18 63 63
1273_0029_0025_0046_0046.jpg 1 29 25 46 46
1274_0012_0023_0066_0066.jpg 1 12 23 66 66
1275_0049_0036_0033_0033.jpg 1 49 36 33 33
1276_0026_0019_0067_0067.jpg 1 26 19 67 67
1277_0043_0012_0041_0041.jpg 1 43 12 41 41
1278_0030_0008_0066_0066.jpg 1 30 8 66 66
1279_0010_0030_0062_0062.jpg 1 10 30 62 62
1280_0033_0022_0039_0039.jpg 1 33 22 39 39
1281_0003_0004_0069_0069.jpg 1 3 4 69 69
1282_0054_0022_0032_0032.jpg 1 54 22 32 32
1283_0061_0041_0026_0026.jpg 1 61 41 26 26
1284_0041_0025_0039_0039.jpg 1 41 25 39 39
1285_0005_0027_0047_0047.jpg 1 5 27 47 47
1286_0010_0013_0024_0024.jpg 1 10 13 24 24
1287_0025_0028_0047_0047.jpg 1 25 28 47 47
1288_0023_0052_0035_0035.jpg 1 23 52 35 35
1289_0034_0020_0046_0046.jpg 1 34 20 46 46
1290_0023_0023_0056_0056.jpg 1 23 23 56 56
1291_0057_0041_0025_0025.jpg 1 57 41 25 25
1292_0036_0018_0040_0040.jpg 1 36 18 40 40
1293_0026_0025_0050_0050.jpg 1 26 25 50 50
1294_0041_0017_0045_0045.jpg 1 41 17 45 45
1295_0032_0011_0049_0049.jpg 1 32 11 49 49
1296_0019_0010_0055_0055.jpg 1 19 10 55 55
1297_0009_0016_0043_0043.jpg 1 9 16 43 43
1298_0016_0041_0031_0031.jpg 1 16 41 31 31
1299_0025_0014_0067_0067.jpg 1 25 14 67 67
1300_0016_0010_0067_0067.jpg 1 16 10 67 67
1301_0008_0033_0051_0051.jpg 1 8 33 51 51
1302_0006_0025_0038_0038.jpg 1 6 25 38 38
1303_0020_0027_0067_0067.jpg 1 20 27 67 67
1304_0005_0014_0044_0044.jpg 1 5 14 44 44
1305_0008_0011_0043_0043.jpg 1 8 11 43 43
1306_0011_0023_0067_0067.jpg 1 11 23 67 67
1307_0013_0018_0067_0067.jpg 1 13 18 67 67
1308_0029_0016_0062_0062.jpg 1 29 16 62 62
1309_0019_0014_0063_0063.jpg 1 19 14 63 63
1310_0050_0013_0041_0041.jpg 1 50 13 41 41
1311_0016_0016_0066_0066.jpg 1 16 16 66 66
1312_0008_0012_0031_0031.jpg 1 8 12 31 31
1313_0030_0049_0043_0043.jpg 1 30 49 43 43
1314_0012_0015_0035_0035.jpg 1 12 15 35 35
1315_0008_0050_0040_0040.jpg 1 8 50 40 40
1316_0044_0041_0049_0049.jpg 1 44 41 49 49
1317_0026_0004_0068_0068.jpg 1 26 4 68 68
1318_0040_0023_0034_0034.jpg 1 40 23 34 34
1319_0023_0011_0024_0024.jpg 1 23 11 24 24
1320_0058_0057_0035_0035.jpg 1 58 57 35 35
1321_0028_0011_0053_0053.jpg 1 28 11 53 53
1322_0033_0012_0025_0025.jpg 1 33 12 25 25
1323_0021_0031_0064_0064.jpg 1 21 31 64 64
1324_0037_0043_0041_0041.jpg 1 37 43 41 41
1325_0015_0007_0058_0058.jpg 1 15 7 58 58
1326_0047_0039_0034_0034.jpg 1 47 39 34 34
1327_0031_0031_0025_0025.jpg 1 31 31 25 25
1328_0007_0032_0064_0064.jpg 1 7 32 64 64
1329_0028_0037_0050_0050.jpg 1 28 37 50 50
1330_0051_0053_0027_0027.jpg 1 51 53 27 27
1331_0006_0036_0045_0045.jpg 1 6 36 45 45
1332_0029_0019_0041_0041.jpg 1 29 19 41 41
1333_0015_0018_0040_0040.jpg 1 15 18 40 40
1334_0032_0043_0047_0047.jpg 1 32 43 47 47
1335_0030_0052_0025_0025.jpg 1 30 52 25 25
1336_0023_0026_0025_0025.jpg 1 23 26 25 25
1337_0053_0028_0025_0025.jpg 1 53 28 25 25
1338_0009_0020_0065_0065.jpg 1 9 20 65 65
1339_0020_0040_0038_0038.jpg 1 20 40 38 38
1340_0034_0030_0043_0043.jpg 1 34 30 43 43
1341_0056_0048_0033_0033.jpg 1 56 48 33 33
1342_0020_0064_0024_0024.jpg 1 20 64 24 24
1343_0043_0049_0042_0042.jpg 1 43 49 42 42
1344_0048_0012_0043_0043.jpg 1 48 12 43 43
1345_0054_0060_0025_0025.jpg 1 54 60 25 25
1346_0023_0031_0061_0061.jpg 1 23 31 61 61
1347_0020_0029_0067_0067.jpg 1 20 29 67 67
1348_0060_0055_0029_0029.jpg 1 60 55 29 29
1349_0020_0039_0025_0025.jpg 1 20 39 25 25
1350_0011_0032_0044_0044.jpg 1 11 32 44 44
1351_0021_0013_0060_0060.jpg 1 21 13 60 60
1352_0016_0034_0052_0052.jpg 1 16 34 52 52
1353_0011_0028_0068_0068.jpg 1 11 28 68 68
1354_0014_0003_0067_0067.jpg 1 14 3 67 67
1355_0037_0016_0030_0030.jpg 1 37 16 30 30
1356_0027_0014_0066_0066.jpg 1 27 14 66 66
1357_0031_0032_0059_0059.jpg 1 31 32 59 59
1358_0040_0048_0036_0036.jpg 1 40 48 36 36
1359_0036_0043_0030_0030.jpg 1 36 43 30 30
1360_0008_0015_0065_0065.jpg 1 8 15 65 65
1361_0019_0042_0043_0043.jpg 1 19 42 43 43
1362_0049_0028_0029_0029.jpg 1 49 28 29 29
1363_0014_0013_0068_0068.jpg 1 14 13 68 68
1364_0046_0041_0024_0024.jpg 1 46 41 24 24
1365_0029_0026_0057_0057.jpg 1 29 26 57 57
1366_0028_0019_0060_0060.jpg 1 28 19 60 60
1367_0036_0021_0053_0053.jpg 1 36 21 53 53
1368_0009_0027_0040_0040.jpg 1 9 27 40 40
1369_0042_0054_0038_0038.jpg 1 42 54 38 38
1370_0028_0031_0026_0026.jpg 1 28 31 26 26
1371_0006_0013_0061_0061.jpg 1 6 13 61 61
1372_0006_0033_0041_0041.jpg 1 6 33 41 41
1373_0006_0019_0043_0043.jpg 1 6 19 43 43
1374_0010_0042_0025_0025.jpg 1 10 42 25 25
1375_0031_0023_0059_0059.jpg 1 31 23 59 59
1376_0006_0007_0064_0064.jpg 1 6 7 64 64
1377_0027_0024_0062_0062.jpg 1 27 24 62 62
1378_0045_0040_0030_0030.jpg 1 45 40 30 30
1379_0022_0011_0036_0036.jpg 1 22 11 36 36
1380_0018_0031_0059_0059.jpg 1 18 31 59 59
1381_0038_0032_0056_0056.jpg 1 38 32 56 56
1382_0026_0005_0062_0062.jpg 1 26 5 62 62
1383_0048_0033_0039_0039.jpg 1 48 33 39 39
1384_0010_0058_0028_0028.jpg 1 10 58 28 28
1385_0040_0034_0045_0045.jpg 1 40 34 45 45
1386_0034_0021_0053_0053.jpg 1 34 21 53 53
1387_0013_0033_0035_0035.jpg 1 13 33 35 35
1388_0007_0029_0058_0058.jpg 1 7 29 58 58
1389_0005_0026_0054_0054.jpg 1 5 26 54 54
1390_0027_0033_0062_0062.jpg 1 27 33 62 62
1391_0031_0020_0041_0041.jpg 1 31 20 41 41
1392_0023_0009_0044_0044.jpg 1 23 9 44 44
1393_0012_0006_0066_0066.jpg 1 12 6 66 66
1394_0024_0025_0048_0048.jpg 1 24 25 48 48
1395_0020_0023_0069_0069.jpg 1 20 23 69 69
1396_0032_0030_0052_0052.jpg 1 32 30 52 52
1397_0030_0030_0056_0056.jpg 1 30 30 56 56
1398_0040_0021_0041_0041.jpg 1 40 21 41 41
1399_0040_0026_0034_0034.jpg 1 40 26 34 34
1400_0018_0017_0031_0031.jpg 1 18 17 31 31
1401_0056_0051_0036_0036.jpg 1 56 51 36 36
1402_0006_0014_0051_0051.jpg 1 6 14 51 51
1403_0012_0023_0066_0066.jpg 1 12 23 66 66
1404_0037_0010_0046_0046.jpg 1 37 10 46 46
1405_0041_0037_0046_0046.jpg 1 41 37 46 46
1406_0032_0013_0055_0055.jpg 1 32 13 55 55
1407_0006_0041_0046_0046.jpg 1 6 41 46 46
1408_0022_0039_0034_0034.jpg 1 22 39 34 34
1409_0022_0011_0060_0060.jpg 1 22 11 60 60
1410_0033_0023_0043_0043.jpg 1 33 23 43 43
1411_0020_0024_0061_0061.jpg 1 20 24 61 61
1412_0021_0032_0035_0035.jpg 1 21 32 35 35
1413_0009_0021_0068_0068.jpg 1 9 21 68 68
1414_0034_0032_0056_0056.jpg 1 34 32 56 56
1415_0050_0020_0028_0028.jpg 1 50 20 28 28
1416_0007_0047_0043_0043.jpg 1 7 47 43 43
1417_0012_0007_0028_0028.jpg 1 12 7 28 28
1418_0047_0029_0040_0040.jpg 1 47 29 40 40
1419_0036_0018_0057_0057.jpg 1 36 18 57 57
1420_0008_0020_0049_0049.jpg 1 8 20 49 49
1421_0051_0016_0042_0042.jpg 1 51 16 42 42
1422_0032_0016_0030_0030.jpg 1 32 16 30 30
1423_0009_0044_0033_0033.jpg 1 9 44 33 33
1424_0033_0035_0037_0037.jpg 1 33 35 37 37
1425_0046_0042_0027_0027.jpg 1 46 42 27 27
1426_0012_0014_0047_0047.jpg 1 12 14 47 47
1427_0010_0011_0068_0068.jpg 1 10 11 68 68
1428_0018_0011_0064_0064.jpg 1 18 11 64 64
1429_0019_0028_0036_0036.jpg 1 19 28 36 36
1430_0037_0025_0049_0049.jpg 1 37 25 49 49
1431_0020_0052_0037_0037.jpg 1 20 52 37 37
1432_0034_0015_0032_0032.jpg 1 34 15 32 32
1433_0020_0030_0063_0063.jpg 1 20 30 63 63
1434_0021_0012_0061_0061.jpg 1 21 12 61 61
1435_0039_0029_0029_0029.jpg 1 39 29 29 29
1436_0036_0039_0044_0044.jpg 1 36 39 44 44
1437_0026_0006_0041_0041.jpg 1 26 6 41 41
1438_0044_0006_0033_0033.jpg 1 44 6 33 33
1439_0063_0065_0027_0027.jpg 1 63 65 27 27
1440_0024_0020_0034_0034.jpg 1 24 20 34 34
1441_0009_0013_0065_0065.jpg 1 9 13 65 65
1442_0022_0012_0066_0066.jpg 1 22 12 66 66
1443_0058_0007_0028_0028.jpg 1 58 7 28 28
1444_0019_0028_0036_0036.jpg 1 19 28 36 36
1445_0005_0008_0062_0062.jpg 1 5 8 62 62
1446_0043_0055_0034_0034.jpg 1 43 55 34 34
1447_0036_0032_0050_0050.jpg 1 36 32 50 50
1448_0010_0030_0038_0038.jpg 1 10 30 38 38
1449_0010_0029_0065_0065.jpg 1 10 29 65 65
1450_0049_0017_0040_0040.jpg 1 49 17 40 40
1451_0035_0016_0026_0026.jpg 1 35 16 26 26
1452_0043_0060_0029_0029.jpg 1 43 60 29 29
1453_0022_0018_0067_0067.jpg 1 22 18 67 67
1454_0048_0029_0043_0043.jpg 1 48 29 43 43
1455_0038_0019_0030_0030.jpg 1 38 19 30 30
1456_0030_0035_0030_0030.jpg 1 30 35 30 30
1457_0015_0006_0063_0063.jpg 1 15 6 63 63
1458_0015_0039_0039_0039.jpg 1 15 39 39 39
1459_0041_0021_0043_0043.jpg 1 41 21 43 43
1460_0039_0042_0050_0050.jpg 1 39 42 50 50
1461_0022_0032_0042_0042.jpg 1 22 32 42 42
1462_0016_0009_0046_0046.jpg 1 16 9 46 46
1463_0022_0025_0038_0038.jpg 1 22 25 38 38
1464_0047_0061_0031_0031.jpg 1 47 61 31 31
1465_0038_0061_0027_0027.jpg 1 38 61 27 27
1466_0009_0018_0065_0065.jpg 1 9 18 65 65
1467_0012_0019_0066_0066.jpg 1 12 19 66 66
1468_0042_0015_0025_0025.jpg 1 42 15 25 25
1469_0058_0059_0028_0028.jpg 1 58 59 28 28
1470_0006_0033_0062_0062.jpg 1 6 33 62 62
1471_0008_0014_0068_0068.jpg 1 8 14 68 68
1472_0005_0029_0052_0052.jpg 1 5 29 52 52
1473_0051_0060_0029_0029.jpg 1 51 60 29 29
1474_0010_0021_0063_0063.jpg 1 10 21 63 63
1475_0041_0024_0050_0050.jpg 1 41 24 50 50
1476_0011_0015_0050_0050.jpg 1 11 15 50 50
1477_0030_0056_0034_0034.jpg 1 30 56 34 34
1478_0026_0024_0054_0054.jpg 1 26 24 54 54
1479_0031_0020_0036_0036.jpg 1 31 20 36 36
1480_0043_0013_0049_0049.jpg 1 43 13 49 49
1481_0013_0011_0061_0061.jpg 1 13 11 61 61
1482_0010_0028_0062_0062.jpg 1 10 28 62 62
1483_0016_0009_0055_0055.jpg 1 16 9 55 55
1484_0039_0009_0030_0030.jpg 1 39 9 30 30
1485_0024_0031_0038_0038.jpg 1 24 31 38 38
1486_0018_0007_0067_0067.jpg 1 18 7 67 67
1487_0029_0012_0052_0052.jpg 1 29 12 52 52
1488_0032_0020_0058_0058.jpg 1 32 20 58 58
1489_0033_0031_0036_0036.jpg 1 33 31 36 36
1490_0050_0007_0033_0033.jpg 1 50 7 33 33
1491_0025_0008_0061_0061.jpg 1 25 8 61 61
1492_0029_0019_0043_0043.jpg 1 29 19 43 43
1493_0011_0007_0028_0028.jpg 1 11 7 28 28
1494_0023_0017_0045_0045.jpg 1 23 17 45 45
1495_0014_0009_0059_0059.jpg 1 14 9 59 59
1496_0025_0011_0061_0061.jpg 1 25 11 61 61
1497_0029_0024_0066_0066.jpg 1 29 24 66 66
1498_0022_0017_0028_0028.jpg 1 22 17 28 28
1499_0009_0026_0060_0060.jpg 1 9 26 60 60
1500_0010_0026_0066_0066.jpg 1 10 26 66 66
1501_0012_0018_0051_0051.jpg 1 12 18 51 51
1502_0012_0013_0060_0060.jpg 1 12 13 60 60
1503_0013_0024_0055_0055.jpg 1 13 24 55 55
1504_0015_0027_0029_0029.jpg 1 15 27 29 29
1505_0018_0043_0044_0044.jpg 1 18 43 44 44
1506_0027_0017_0046_0046.jpg 1 27 17 46 46
1507_0008_0020_0058_0058.jpg 1 8 20 58 58
1508_0025_0019_0065_0065.jpg 1 25 19 65 65
1509_0033_0059_0033_0033.jpg 1 33 59 33 33
1510_0051_0047_0034_0034.jpg 1 51 47 34 34
1511_0019_0017_0053_0053.jpg 1 19 17 53 53
1512_0018_0025_0061_0061.jpg 1 18 25 61 61
1513_0014_0030_0061_0061.jpg 1 14 30 61 61
1514_0014_0025_0027_0027.jpg 1 14 25 27 27
1515_0010_0048_0030_0030.jpg 1 10 48 30 30
1516_0039_0019_0040_0040.jpg 1 39 19 40 40
1517_0044_0044_0045_0045.jpg 1 44 44 45 45
1518_0020_0008_0065_0065.jpg 1 20 8 65 65
1519_0052_0008_0032_0032.jpg 1 52 8 32 32
1520_0022_0007_0062_0062.jpg 1 22 7 62 62
1521_0013_0037_0037_0037.jpg 1 13 37 37 37
1522_0022_0020_0041_0041.jpg 1 22 20 41 41
1523_0028_0011_0052_0052.jpg 1 28 11 52 52
1524_0023_0059_0031_0031.jpg 1 23 59 31 31
1525_0029_0036_0038_0038.jpg 1 29 36 38 38
1526_0024_0007_0056_0056.jpg 1 24 7 56 56
1527_0051_0040_0031_0031.jpg 1 51 40 31 31
1528_0009_0020_0064_0064.jpg 1 9 20 64 64
1529_0047_0023_0040_0040.jpg 1 47 23 40 40
1530_0006_0016_0054_0054.jpg 1 6 16 54 54
1531_0041_0012_0033_0033.jpg 1 41 12 33 33
1532_0017_0018_0065_0065.jpg 1 17 18 65 65
1533_0015_0007_0065_0065.jpg 1 15 7 65 65
1534_0030_0009_0038_0038.jpg 1 30 9 38 38
1535_0029_0027_0056_0056.jpg 1 29 27 56 56
1536_0027_0007_0045_0045.jpg 1 27 7 45 45
1537_0026_0029_0064_0064.jpg 1 26 29 64 64
1538_0058_0036_0024_0024.jpg 1 58 36 24 24
1539_0014_0028_0028_0028.jpg 1 14 28 28 28
1540_0026_0027_0068_0068.jpg 1 26 27 68 68
1541_0012_0008_0055_0055.jpg 1 12 8 55 55
1542_0047_0045_0032_0032.jpg 1 47 45 32 32
1543_0011_0021_0032_0032.jpg 1 11 21 32 32
1544_0015_0018_0063_0063.jpg 1 15 18 63 63
1545_0013_0020_0066_0066.jpg 1 13 20 66 66
1546_0051_0050_0036_0036.jpg 1 51 50 36 36
1547_0008_0011_0064_0064.jpg 1 8 11 64 64
1548_0037_0016_0048_0048.jpg 1 37 16 48 48
1549_0022_0032_0042_0042.jpg 1 22 32 42 42
1550_0019_0033_0049_0049.jpg 1 19 33 49 49
1551_0041_0007_0036_0036.jpg 1 41 7 36 36
1552_0034_0007_0030_0030.jpg 1 34 7 30 30
1553_0011_0013_0064_0064.jpg 1 11 13 64 64
1554_0010_0046_0027_0027.jpg 1 10 46 27 27
1555_0009_0041_0040_0040.jpg 1 9 41 40 40
1556_0046_0026_0048_0048.jpg 1 46 26 48 48
1557_0040_0020_0026_0026.jpg 1 40 20 26 26
1558_0007_0036_0044_0044.jpg 1 7 36 44 44
1559_0011_0005_0068_0068.jpg 1 11 5 68 68
1560_0008_0040_0028_0028.jpg 1 8 40 28 28
1561_0019_0028_0042_0042.jpg 1 19 28 42 42
1562_0031_0005_0061_0061.jpg 1 31 5 61 61
1563_0015_0010_0053_0053.jpg 1 15 10 53 53
1564_0008_0031_0055_0055.jpg 1 8 31 55 55
1565_0020_0008_0068_0068.jpg 1 20 8 68 68
1566_0008_0018_0053_0053.jpg 1 8 18 53 53
1567_0009_0011_0046_0046.jpg 1 9 11 46 46
1568_0045_0020_0042_0042.jpg 1 45 20 42 42
1569_0020_0006_0042_0042.jpg 1 20 6 42 42
1570_0023_0014_0055_0055.jpg 1 23 14 55 55
1571_0032_0033_0028_0028.jpg 1 32 33 28 28
1572_0020_0008_0048_0048.jpg 1 20 8 48 48
1573_0029_0011_0055_0055.jpg 1 29 11 55 55
1574_0023_0020_0058_0058.jpg 1 23 20 58 58
1575_0010_0024_0041_0041.jpg 1 10 24 41 41
1576_0030_0020_0044_0044.jpg 1 30 20 44 44
1577_0033_0027_0029_0029.jpg 1 33 27 29 29
1578_0034_0024_0055_0055.jpg 1 34 24 55 55
1579_0016_0012_0042_0042.jpg 1 16 12 42 42
1580_0035_0036_0040_0040.jpg 1 35 36 40 40
1581_0055_0032_0028_0028.jpg 1 55 32 28 28
1582_0015_0053_0029_0029.jpg 1 15 53 29 29
1583_0039_0032_0042_0042.jpg 1 39 32 42 42
1584_0020_0042_0041_0041.jpg 1 20 42 41 41
1585_0066_0038_0026_0026.jpg 1 66 38 26 26
1586_0016_0013_0048_0048.jpg 1 16 13 48 48
1587_0031_0013_0047_0047.jpg 1 31 13 47 47
1588_0027_0037_0034_0034.jpg 1 27 37 34 34
1589_0026_0042_0038_0038.jpg 1 26 42 38 38
1590_0005_0007_0065_0065.jpg 1 5 7 65 65
1591_0020_0039_0055_0055.jpg 1 20 39 55 55
1592_0059_0052_0033_0033.jpg 1 59 52 33 33
1593_0010_0004_0069_0069.jpg 1 10 4 69 69
1594_0004_0020_0059_0059.jpg 1 4 20 59 59
1595_0030_0011_0052_0052.jpg 1 30 11 52 52
1596_0061_0016_0024_0024.jpg 1 61 16 24 24
1597_0032_0014_0060_0060.jpg 1 32 14 60 60
1598_0030_0027_0024_0024.jpg 1 30 27 24 24
1599_0042_0019_0050_0050.jpg 1 42 19 50 50
1600_0007_0032_0054_0054.jpg 1 7 32 54 54
1601_0027_0003_0068_0068.jpg 1 27 3 68 68
1602_0032_0031_0058_0058.jpg 1 32 31 58 58
1603_0037_0013_0035_0035.jpg 1 37 13 35 35
1604_0051_0030_0039_0039.jpg 1 51 30 39 39
1605_0057_0010_0033_0033.jpg 1 57 10 33 33
1606_0043_0017_0032_0032.jpg 1 43 17 32 32
1607_0038_0007_0056_0056.jpg 1 38 7 56 56
1608_0044_0043_0036_0036.jpg 1 44 43 36 36
1609_0037_0051_0040_0040.jpg 1 37 51 40 40
1610_0014_0027_0047_0047.jpg 1 14 27 47 47
1611_0049_0043_0032_0032.jpg 1 49 43 32 32
1612_0005_0042_0051_0051.jpg 1 5 42 51 51
1613_0019_0018_0048_0048.jpg 1 19 18 48 48
1614_0010_0022_0063_0063.jpg 1 10 22 63 63
1615_0039_0009_0025_0025.jpg 1 39 9 25 25
1616_0048_0007_0038_0038.jpg 1 48 7 38 38
1617_0014_0005_0059_0059.jpg 1 14 5 59 59
1618_0009_0003_0069_0069.jpg 1 9 3 69 69
1619_0038_0043_0048_0048.jpg 1 38 43 48 48
1620_0026_0054_0025_0025.jpg 1 26 54 25 25
1621_0011_0063_0027_0027.jpg 1 11 63 27 27
1622_0007_0036_0039_0039.jpg 1 7 36 39 39
1623_0027_0022_0059_0059.jpg 1 27 22 59 59
1624_0025_0003_0067_0067.jpg 1 25 3 67 67
1625_0058_0057_0030_0030.jpg 1 58 57 30 30
1626_0027_0027_0061_0061.jpg 1 27 27 61 61
1627_0016_0026_0051_0051.jpg 1 16 26 51 51
1628_0028_0016_0052_0052.jpg 1 28 16 52 52
1629_0016_0026_0039_0039.jpg 1 16 26 39 39
1630_0027_0006_0054_0054.jpg 1 27 6 54 54
1631_0044_0036_0041_0041.jpg 1 44 36 41 41
1632_0026_0028_0068_0068.jpg 1 26 28 68 68
1633_0032_0033_0051_0051.jpg 1 32 33 51 51
1634_0009_0015_0043_0043.jpg 1 9 15 43 43
1635_0017_0053_0024_0024.jpg 1 17 53 24 24
1636_0031_0058_0027_0027.jpg 1 31 58 27 27
1637_0008_0041_0032_0032.jpg 1 8 41 32 32
1638_0015_0039_0054_0054.jpg 1 15 39 54 54
1639_0013_0030_0054_0054.jpg 1 13 30 54 54
1640_0051_0024_0027_0027.jpg 1 51 24 27 27
1641_0040_0014_0054_0054.jpg 1 40 14 54 54
1642_0030_0059_0025_0025.jpg 1 30 59 25 25
1643_0017_0012_0057_0057.jpg 1 17 12 57 57
1644_0022_0024_0069_0069.jpg 1 22 24 69 69
1645_0038_0007_0056_0056.jpg 1 38 7 56 56
1646_0027_0010_0068_0068.jpg 1 27 10 68 68
1647_0027_0032_0054_0054.jpg 1 27 32 54 54
1648_0037_0018_0055_0055.jpg 1 37 18 55 55
1649_0023_0050_0026_0026.jpg 1 23 50 26 26
1650_0017_0013_0055_0055.jpg 1 17 13 55 55
1651_0007_0010_0066_0066.jpg 1 7 10 66 66
1652_0024_0030_0054_0054.jpg 1 24 30 54 54
1653_0035_0047_0037_0037.jpg 1 35 47 37 37
1654_0006_0007_0068_0068.jpg 1 6 7 68 68
1655_0026_0014_0057_0057.jpg 1 26 14 57 57
1656_0034_0048_0024_0024.jpg 1 34 48 24 24
1657_0010_0031_0061_0061.jpg 1 10 31 61 61
1658_0029_0061_0029_0029.jpg 1 29 61 29 29
1659_0051_0045_0026_0026.jpg 1 51 45 26 26
1660_0012_0052_0033_0033.jpg 1 12 52 33 33
1661_0028_0017_0052_0052.jpg 1 28 17 52 52
1662_0007_0024_0061_0061.jpg 1 7 24 61 61
1663_0017_0023_0044_0044.jpg 1 17 23 44 44
1664_0015_0042_0026_0026.jpg 1 15 42 26 26
1665_0040_0011_0035_0035.jpg 1 40 11 35 35
1666_0019_0018_0066_0066.jpg 1 19 18 66 66
1667_0022_0022_0065_0065.jpg 1 22 22 65 65
1668_0030_0038_0047_0047.jpg 1 30 38 47 47
1669_0041_0031_0053_0053.jpg 1 41 31 53 53
1670_0037_0042_0046_0046.jpg 1 37 42 46 46
1671_0021_0025_0057_0057.jpg 1 21 25 57 57
1672_0020_0031_0051_0051.jpg 1 20 31 51 51
1673_0016_0007_0068_0068.jpg 1 16 7 68 68
1674_0031_0035_0045_0045.jpg 1 31 35 45 45
1675_0030_0014_0046_0046.jpg 1 30 14 46 46
1676_0043_0056_0035_0035.jpg 1 43 56 35 35
1677_0032_0028_0051_0051.jpg 1 32 28 51 51
1678_0023_0035_0056_0056.jpg 1 23 35 56 56
1679_0022_0007_0059_0059.jpg 1 22 7 59 59
1680_0022_0030_0033_0033.jpg 1 22 30 33 33
1681_0032_0017_0062_0062.jpg 1 32 17 62 62
1682_0028_0033_0062_0062.jpg 1 28 33 62 62
1683_0018_0040_0031_0031.jpg 1 18 40 31 31
1684_0029_0032_0063_0063.jpg 1 29 32 63 63
1685_0027_0005_0069_0069.jpg 1 27 5 69 69
1686_0053_0065_0024_0024.jpg 1 53 65 24 24
1687_0056_0036_0025_0025.jpg 1 56 36 25 25
1688_0037_0030_0032_0032.jpg 1 37 30 32 32
1689_0022_0061_0024_0024.jpg 1 22 61 24 24
1690_0009_0007_0068_0068.jpg 1 9 7 68 68
1691_0029_0040_0046_0046.jpg 1 29 40 46 46
1692_0011_0021_0049_0049.jpg 1 11 21 49 49
1693_0012_0039_0052_0052.jpg 1 12 39 52 52
1694_0010_0013_0056_0056.jpg 1 10 13 56 56
1695_0050_0056_0034_0034.jpg 1 50 56 34 34
1696_0026_0013_0055_0055.jpg 1 26 13 55 55
1697_0025_0028_0066_0066.jpg 1 25 28 66 66
1698_0030_0044_0048_0048.jpg 1 30 44 48 48
1699_0038_0018_0041_0041.jpg 1 38 18 41 41
1700_0018_0044_0041_0041.jpg 1 18 44 41 41
1701_0040_0013_0049_0049.jpg 1 40 13 49 49
1702_0013_0004_0062_0062.jpg 1 13 4 62 62
1703_0016_0013_0042_0042.jpg 1 16 13 42 42
1704_0022_0023_0051_0051.jpg 1 22 23 51 51
1705_0020_0029_0038_0038.jpg 1 20 29 38 38
1706_0017_0012_0025_0025.jpg 1 17 12 25 25
1707_0025_0026_0068_0068.jpg 1 25 26 68 68
1708_0039_0056_0029_0029.jpg 1 39 56 29 29
1709_0041_0045_0032_0032.jpg 1 41 45 32 32
1710_0024_0031_0038_0038.jpg 1 24 31 38 38
1711_0030_0017_0062_0062.jpg 1 30 17 62 62
1712_0035_0036_0051_0051.jpg 1 35 36 51 51
1713_0028_0011_0030_0030.jpg 1 28 11 30 30
1714_0039_0016_0055_0055.jpg 1 39 16 55 55
1715_0023_0014_0057_0057.jpg 1 23 14 57 57
1716_0011_0016_0039_0039.jpg 1 11 16 39 39
1717_0026_0048_0029_0029.jpg 1 26 48 29 29
1718_0008_0005_0058_0058.jpg 1 8 5 58 58
1719_0049_0034_0031_0031.jpg 1 49 34 31 31
1720_0061_0057_0031_0031.jpg 1 61 57 31 31
1721_0005_0030_0057_0057.jpg 1 5 30 57 57
1722_0030_0026_0049_0049.jpg 1 30 26 49 49
1723_0018_0025_0041_0041.jpg 1 18 25 41 41
1724_0032_0032_0041_0041.jpg 1 32 32 41 41
1725_0056_0007_0037_0037.jpg 1 56 7 37 37
1726_0008_0042_0050_0050.jpg 1 8 42 50 50
1727_0009_0041_0033_0033.jpg 1 9 41 33 33
1728_0007_0025_0049_0049.jpg 1 7 25 49 49
1729_0015_0007_0052_0052.jpg 1 15 7 52 52
1730_0025_0028_0044_0044.jpg 1 25 28 44 44
1731_0023_0027_0066_0066.jpg 1 23 27 66 66
1732_0017_0034_0042_0042.jpg 1 17 34 42 42
1733_0023_0029_0065_0065.jpg 1 23 29 65 65
1734_0011_0016_0069_0069.jpg 1 11 16 69 69
1735_0008_0048_0030_0030.jpg 1 8 48 30 30
1736_0026_0013_0059_0059.jpg 1 26 13 59 59
1737_0017_0007_0053_0053.jpg 1 17 7 53 53
1738_0013_0007_0068_0068.jpg 1 13 7 68 68
1739_0038_0032_0053_0053.jpg 1 38 32 53 53
1740_0015_0014_0039_0039.jpg 1 15 14 39 39
1741_0041_0018_0044_0044.jpg 1 41 18 44 44
1742_0049_0025_0024_0024.jpg 1 49 25 24 24
1743_0012_0011_0040_0040.jpg 1 12 11 40 40
1744_0011_0008_0052_0052.jpg 1 11 8 52 52
1745_0019_0015_0067_0067.jpg 1 19 15 67 67
1746_0009_0022_0046_0046.jpg 1 9 22 46 46
1747_0047_0045_0029_0029.jpg 1 47 45 29 29
1748_0005_0034_0062_0062.jpg 1 5 34 62 62
1749_0030_0023_0054_0054.jpg 1 30 23 54 54
1750_0034_0032_0041_0041.jpg 1 34 32 41 41
1751_0006_0031_0052_0052.jpg 1 6 31 52 52
1752_0022_0029_0056_0056.jpg 1 22 29 56 56
1753_0020_0012_0066_0066.jpg 1 20 12 66 66
1754_0050_0015_0031_0031.jpg 1 50 15 31 31
1755_0030_0050_0033_0033.jpg 1 30 50 33 33
1756_0010_0047_0043_0043.jpg 1 10 47 43 43
1757_0006_0024_0053_0053.jpg 1 6 24 53 53
1758_0009_0035_0053_0053.jpg 1 9 35 53 53
1759_0017_0029_0064_0064.jpg 1 17 29 64 64
1760_0022_0050_0042_0042.jpg 1 22 50 42 42
1761_0008_0026_0036_0036.jpg 1 8 26 36 36
1762_0014_0013_0066_0066.jpg 1 14 13 66 66
1763_0031_0059_0025_0025.jpg 1 31 59 25 25
1764_0022_0044_0039_0039.jpg 1 22 44 39 39
1765_0025_0032_0054_0054.jpg 1 25 32 54 54
1766_0011_0038_0031_0031.jpg 1 11 38 31 31
1767_0024_0035_0043_0043.jpg 1 24 35 43 43
1768_0032_0025_0063_0063.jpg 1 32 25 63 63
1769_0022_0025_0067_0067.jpg 1 22 25 67 67
1770_0029_0008_0047_0047.jpg 1 29 8 47 47
1771_0014_0010_0024_0024.jpg 1 14 10 24 24
1772_0018_0023_0052_0052.jpg 1 18 23 52 52
1773_0016_0015_0041_0041.jpg 1 16 15 41 41
1774_0056_0026_0025_0025.jpg 1 56 26 25 25
1775_0031_0019_0061_0061.jpg 1 31 19 61 61
1776_0025_0063_0024_0024.jpg 1 25 63 24 24
1777_0043_0030_0034_0034.jpg 1 43 30 34 34
1778_0027_0019_0044_0044.jpg 1 27 19 44 44
1779_0011_0007_0062_0062.jpg 1 11 7 62 62
1780_0034_0061_0028_0028.jpg 1 34 61 28 28
1781_0007_0018_0053_0053.jpg 1 7 18 53 53
1782_0031_0041_0030_0030.jpg 1 31 41 30 30
1783_0008_0016_0064_0064.jpg 1 8 16 64 64
1784_0044_0023_0049_0049.jpg 1 44 23 49 49
1785_0007_0024_0051_0051.jpg 1 7 24 51 51
1786_0004_0006_0068_0068.jpg 1 4 6 68 68
1787_0032_0021_0045_0045.jpg 1 32 21 45 45
1788_0033_0010_0042_0042.jpg 1 33 10 42 42
1789_0018_0015_0054_0054.jpg 1 18 15 54 54
1790_0042_0008_0031_0031.jpg 1 42 8 31 31
1791_0027_0004_0057_0057.jpg 1 27 4 57 57
1792_0022_0024_0024_0024.jpg 1 22 24 24 24
1793_0008_0025_0065_0065.jpg 1 8 25 65 65
1794_0051_0040_0032_0032.jpg 1 51 40 32 32
1795_0016_0038_0033_0033.jpg 1 16 38 33 33
1796_0012_0030_0064_0064.jpg 1 12 30 64 64
1797_0018_0020_0063_0063.jpg 1 18 20 63 63
1798_0038_0012_0050_0050.jpg 1 38 12 50 50
1799_0034_0014_0059_0059.jpg 1 34 14 59 59
1800_0005_0021_0052_0052.jpg 1 5 21 52 52
1801_0033_0039_0034_0034.jpg 1 33 39 34 34
1802_0030_0028_0066_0066.jpg 1 30 28 66 66
1803_0009_0012_0049_0049.jpg 1 9 12 49 49
1804_0034_0019_0057_0057.jpg 1 34 19 57 57
1805_0028_0010_0068_0068.jpg 1 28 10 68 68
1806_0006_0033_0051_0051.jpg 1 6 33 51 51
1807_0028_0038_0055_0055.jpg 1 28 38 55 55
1808_0044_0043_0046_0046.jpg 1 44 43 46 46
1809_0020_0027_0068_0068.jpg 1 20 27 68 68
1810_0018_0009_0060_0060.jpg 1 18 9 60 60
1811_0039_0053_0039_0039.jpg 1 39 53 39 39
1812_0009_0023_0064_0064.jpg 1 9 23 64 64
1813_0041_0012_0024_0024.jpg 1 41 12 24 24
1814_0054_0022_0036_0036.jpg 1 54 22 36 36
1815_0039_0009_0043_0043.jpg 1 39 9 43 43
1816_0011_0039_0043_0043.jpg 1 11 39 43 43
1817_0019_0007_0057_0057.jpg 1 19 7 57 57
1818_0043_0036_0035_0035.jpg 1 43 36 35 35
1819_0017_0020_0053_0053.jpg 1 17 20 53 53
1820_0055_0050_0026_0026.jpg 1 55 50 26 26
1821_0009_0013_0038_0038.jpg 1 9 13 38 38
1822_0048_0037_0041_0041.jpg 1 48 37 41 41
1823_0015_0025_0035_0035.jpg 1 15 25 35 35
1824_0038_0010_0026_0026.jpg 1 38 10 26 26
1825_0037_0008_0046_0046.jpg 1 37 8 46 46
1826_0046_0021_0045_0045.jpg 1 46 21 45 45
1827_0022_0015_0065_0065.jpg 1 22 15 65 65
1828_0035_0025_0060_0060.jpg 1 35 25 60 60
1829_0030_0014_0043_0043.jpg 1 30 14 43 43
1830_0044_0027_0046_0046.jpg 1 44 27 46 46
1831_0010_0006_0053_0053.jpg 1 10 6 53 53
1832_0027_0035_0059_0059.jpg 1 27 35 59 59
1833_0036_0017_0045_0045.jpg 1 36 17 45 45
1834_0050_0041_0042_0042.jpg 1 50 41 42 42
1835_0019_0021_0057_0057.jpg 1 19 21 57 57
1836_0030_0035_0041_0041.jpg 1 30 35 41 41
1837_0013_0028_0032_0032.jpg 1 13 28 32 32
1838_0019_0018_0069_0069.jpg 1 19 18 69 69
1839_0006_0042_0044_0044.jpg 1 6 42 44 44
1840_0030_0023_0060_0060.jpg 1 30 23 60 60
1841_0039_0049_0030_0030.jpg 1 39 49 30 30
1842_0012_0006_0061_0061.jpg 1 12 6 61 61
1843_0040_0042_0028_0028.jpg 1 40 42 28 28
1844_0003_0027_0063_0063.jpg 1 3 27 63 63
1845_0009_0022_0059_0059.jpg 1 9 22 59 59
1846_0032_0054_0024_0024.jpg 1 32 54 24 24
1847_0013_0037_0058_0058.jpg 1 13 37 58 58
1848_0053_0017_0025_0025.jpg 1 53 17 25 25
1849_0042_0006_0038_0038.jpg 1 42 6 38 38
1850_0009_0038_0034_0034.jpg 1 9 38 34 34
1851_0014_0024_0034_0034.jpg 1 14 24 34 34
1852_0039_0028_0030_0030.jpg 1 39 28 30 30
1853_0011_0043_0051_0051.jpg 1 11 43 51 51
1854_0013_0040_0046_0046.jpg 1 13 40 46 46
1855_0018_0012_0065_0065.jpg 1 18 12 65 65
1856_0007_0049_0037_0037.jpg 1 7 49 37 37
1857_0053_0014_0025_0025.jpg 1 53 14 25 25
1858_0004_0020_0069_0069.jpg 1 4 20 69 69
1859_0019_0032_0052_0052.jpg 1 19 32 52 52
1860_0007_0022_0061_0061.jpg 1 7 22 61 61
1861_0040_0029_0040_0040.jpg 1 40 29 40 40
1862_0041_0042_0029_0029.jpg 1 41 42 29 29
1863_0031_0013_0048_0048.jpg 1 31 13 48 48
1864_0053_0063_0026_0026.jpg 1 53 63 26 26
1865_0019_0029_0053_0053.jpg 1 19 29 53 53
1866_0048_0048_0032_0032.jpg 1 48 48 32 32
1867_0045_0029_0026_0026.jpg 1 45 29 26 26
1868_0011_0039_0038_0038.jpg 1 11 39 38 38
1869_0048_0032_0025_0025.jpg 1 48 32 25 25
1870_0049_0009_0042_0042.jpg 1 49 9 42 42
1871_0024_0022_0052_0052.jpg 1 24 22 52 52
1872_0036_0030_0053_0053.jpg 1 36 30 53 53
1873_0019_0029_0058_0058.jpg 1 19 29 58 58
1874_0014_0009_0055_0055.jpg 1 14 9 55 55
1875_0023_0020_0052_0052.jpg 1 23 20 52 52
1876_0024_0032_0062_0062.jpg 1 24 32 62 62
1877_0030_0022_0065_0065.jpg 1 30 22 65 65
1878_0010_0008_0050_0050.jpg 1 10 8 50 50
1879_0021_0031_0038_0038.jpg 1 21 31 38 38
1880_0046_0026_0031_0031.jpg 1 46 26 31 31
1881_0008_0010_0038_0038.jpg 1 8 10 38 38
1882_0029_0025_0030_0030.jpg 1 29 25 30 30
1883_0026_0022_0054_0054.jpg 1 26 22 54 54
1884_0039_0039_0040_0040.jpg 1 39 39 40 40
1885_0035_0034_0046_0046.jpg 1 35 34 46 46
1886_0031_0025_0058_0058.jpg 1 31 25 58 58
1887_0022_0021_0031_0031.jpg 1 22 21 31 31
1888_0028_0021_0044_0044.jpg 1 28 21 44 44
1889_0018_0040_0045_0045.jpg 1 18 40 45 45
1890_0038_0055_0024_0024.jpg 1 38 55 24 24
1891_0030_0029_0061_0061.jpg 1 30 29 61 61
1892_0025_0016_0053_0053.jpg 1 25 16 53 53
1893_0009_0017_0054_0054.jpg 1 9 17 54 54
1894_0011_0027_0056_0056.jpg 1 11 27 56 56
1895_0027_0008_0066_0066.jpg 1 27 8 66 66
1896_0009_0061_0032_0032.jpg 1 9 61 32 32
1897_0024_0025_0057_0057.jpg 1 24 25 57 57
1898_0034_0046_0048_0048.jpg 1 34 46 48 48
1899_0009_0006_0069_0069.jpg 1 9 6 69 69
1900_0028_0014_0035_0035.jpg 1 28 14 35 35
1901_0035_0014_0046_0046.jpg 1 35 14 46 46
1902_0020_0021_0027_0027.jpg 1 20 21 27 27
1903_0029_0014_0053_0053.jpg 1 29 14 53 53
1904_0027_0026_0061_0061.jpg 1 27 26 61 61
1905_0016_0030_0060_0060.jpg 1 16 30 60 60
1906_0032_0022_0054_0054.jpg 1 32 22 54 54
1907_0049_0037_0042_0042.jpg 1 49 37 42 42
1908_0008_0034_0046_0046.jpg 1 8 34 46 46
1909_0051_0017_0041_0041.jpg 1 51 17 41 41
1910_0030_0026_0034_0034.jpg 1 30 26 34 34
1911_0019_0005_0053_0053.jpg 1 19 5 53 53
1912_0037_0044_0047_0047.jpg 1 37 44 47 47
1913_0017_0009_0057_0057.jpg 1 17 9 57 57
1914_0007_0052_0034_0034.jpg 1 7 52 34 34
1915_0016_0015_0046_0046.jpg 1 16 15 46 46
1916_0046_0017_0045_0045.jpg 1 46 17 45 45
1917_0020_0003_0069_0069.jpg 1 20 3 69 69
1918_0009_0014_0041_0041.jpg 1 9 14 41 41
1919_0044_0026_0049_0049.jpg 1 44 26 49 49
1920_0046_0011_0037_0037.jpg 1 46 11 37 37
1921_0015_0032_0062_0062.jpg 1 15 32 62 62
1922_0022_0026_0059_0059.jpg 1 22 26 59 59
1923_0048_0015_0024_0024.jpg 1 48 15 24 24
1924_0012_0033_0026_0026.jpg 1 12 33 26 26
1925_0045_0037_0037_0037.jpg 1 45 37 37 37
1926_0006_0038_0045_0045.jpg 1 6 38 45 45
1927_0028_0022_0037_0037.jpg 1 28 22 37 37
1928_0011_0023_0066_0066.jpg 1 11 23 66 66
1929_0016_0006_0056_0056.jpg 1 16 6 56 56
1930_0008_0026_0053_0053.jpg 1 8 26 53 53
1931_0055_0018_0026_0026.jpg 1 55 18 26 26
1932_0010_0022_0067_0067.jpg 1 10 22 67 67
1933_0014_0030_0048_0048.jpg 1 14 30 48 48
1934_0047_0017_0035_0035.jpg 1 47 17 35 35
1935_0009_0041_0024_0024.jpg 1 9 41 24 24
1936_0012_0011_0069_0069.jpg 1 12 11 69 69
1937_0028_0048_0034_0034.jpg 1 28 48 34 34
1938_0027_0008_0069_0069.jpg 1 27 8 69 69
1939_0017_0027_0064_0064.jpg 1 17 27 64 64
1940_0042_0029_0050_0050.jpg 1 42 29 50 50
1941_0021_0015_0032_0032.jpg 1 21 15 32 32
1942_0038_0047_0033_0033.jpg 1 38 47 33 33
1943_0012_0054_0032_0032.jpg 1 12 54 32 32
1944_0025_0018_0061_0061.jpg 1 25 18 61 61
1945_0040_0010_0048_0048.jpg 1 40 10 48 48
1946_0012_0015_0055_0055.jpg 1 12 15 55 55
1947_0042_0059_0030_0030.jpg 1 42 59 30 30
1948_0011_0045_0032_0032.jpg 1 11 45 32 32
1949_0022_0061_0027_0027.jpg 1 22 61 27 27
1950_0015_0026_0053_0053.jpg 1 15 26 53 53
