0001_0061_0058_0030_0030.jpg 1 61 58 30 30
0002_0033_0005_0056_0056.jpg 1 33 5 56 56
0003_0017_0045_0037_0037.jpg 1 17 45 37 37
0004_0027_0028_0049_0049.jpg 1 27 28 49 49
0005_0009_0022_0057_0057.jpg 1 9 22 57 57
0006_0054_0011_0025_0025.jpg 1 54 11 25 25
0007_0004_0016_0061_0061.jpg 1 4 16 61 61
0008_0029_0042_0047_0047.jpg 1 29 42 47 47
0009_0039_0009_0036_0036.jpg 1 39 9 36 36
0010_0006_0010_0062_0062.jpg 1 6 10 62 62
0011_0040_0023_0028_0028.jpg 1 40 23 28 28
0012_0025_0060_0030_0030.jpg 1 25 60 30 30
0013_0021_0057_0033_0033.jpg 1 21 57 33 33
0014_0057_0008_0034_0034.jpg 1 57 8 34 34
0015_0030_0042_0050_0050.jpg 1 30 42 50 50
0016_0018_0034_0047_0047.jpg 1 18 34 47 47
0017_0034_0038_0027_0027.jpg 1 34 38 27 27
0018_0014_0006_0059_0059.jpg 1 14 6 59 59
0019_0005_0014_0068_0068.jpg 1 5 14 68 68
0020_0007_0039_0038_0038.jpg 1 7 39 38 38
0021_0009_0017_0066_0066.jpg 1 9 17 66 66
0022_0020_0011_0064_0064.jpg 1 20 11 64 64
0023_0032_0036_0056_0056.jpg 1 32 36 56 56
0024_0060_0037_0033_0033.jpg 1 60 37 33 33
0025_0004_0013_0051_0051.jpg 1 4 13 51 51
0026_0038_0030_0029_0029.jpg 1 38 30 29 29
0027_0032_0048_0034_0034.jpg 1 32 48 34 34
0028_0036_0034_0037_0037.jpg 1 36 34 37 37
0029_0037_0010_0034_0034.jpg 1 37 10 34 34
0030_0017_0016_0054_0054.jpg 1 17 16 54 54
0031_0039_0019_0041_0041.jpg 1 39 19 41 41
0032_0046_0032_0043_0043.jpg 1 46 32 43 43
0033_0045_0044_0047_0047.jpg 1 45 44 47 47
0034_0014_0022_0053_0053.jpg 1 14 22 53 53
0035_0021_0025_0062_0062.jpg 1 21 25 62 62
0036_0029_0040_0048_0048.jpg 1 29 40 48 48
0037_0010_0029_0030_0030.jpg 1 10 29 30 30
0038_0030_0013_0043_0043.jpg 1 30 13 43 43
0039_0039_0046_0043_0043.jpg 1 39 46 43 43
0040_0050_0014_0030_0030.jpg 1 50 14 30 30
0041_0058_0025_0032_0032.jpg 1 58 25 32 32
0042_0030_0058_0033_0033.jpg 1 30 58 33 33
0043_0013_0028_0045_0045.jpg 1 13 28 45 45
0044_0043_0011_0051_0051.jpg 1 43 11 51 51
0045_0022_0012_0041_0041.jpg 1 22 12 41 41
0046_0059_0014_0030_0030.jpg 1 59 14 30 30
0047_0015_0032_0037_0037.jpg 1 15 32 37 37
0048_0043_0008_0048_0048.jpg 1 43 8 48 48
0049_0033_0008_0052_0052.jpg 1 33 8 52 52
0050_0023_0029_0065_0065.jpg 1 23 29 65 65
0051_0011_0025_0043_0043.jpg 1 11 25 43 43
0052_0028_0039_0032_0032.jpg 1 28 39 32 32
0053_0014_0049_0036_0036.jpg 1 14 49 36 36
0054_0026_0003_0067_0067.jpg 1 26 3 67 67
0055_0029_0052_0029_0029.jpg 1 29 52 29 29
0056_0009_0022_0064_0064.jpg 1 9 22 64 64
0057_0008_0034_0047_0047.jpg 1 8 34 47 47
0058_0006_0025_0067_0067.jpg 1 6 25 67 67
0059_0015_0024_0053_0053.jpg 1 15 24 53 53
0060_0055_0036_0034_0034.jpg 1 55 36 34 34
0061_0012_0004_0060_0060.jpg 1 12 4 60 60
0062_0019_0061_0030_0030.jpg 1 19 61 30 30
0063_0032_0015_0055_0055.jpg 1 32 15 55 55
0064_0039_0024_0053_0053.jpg 1 39 24 53 53
0065_0045_0038_0031_0031.jpg 1 45 38 31 31
0066_0014_0024_0057_0057.jpg 1 14 24 57 57
0067_0023_0034_0058_0058.jpg 1 23 34 58 58
0068_0010_0036_0056_0056.jpg 1 10 36 56 56
0069_0021_0042_0053_0053.jpg 1 21 42 53 53
0070_0026_0041_0032_0032.jpg 1 26 41 32 32
0071_0039_0029_0045_0045.jpg 1 39 29 45 45
0072_0007_0038_0045_0045.jpg 1 7 38 45 45
0073_0022_0007_0050_0050.jpg 1 22 7 50 50
0074_0017_0018_0058_0058.jpg 1 17 18 58 58
0075_0063_0032_0024_0024.jpg 1 63 32 24 24
0076_0012_0030_0064_0064.jpg 1 12 30 64 64
0077_0037_0012_0027_0027.jpg 1 37 12 27 27
0078_0011_0038_0055_0055.jpg 1 11 38 55 55
0079_0039_0042_0047_0047.jpg 1 39 42 47 47
0080_0061_0051_0029_0029.jpg 1 61 51 29 29
0081_0012_0024_0040_0040.jpg 1 12 24 40 40
0082_0008_0008_0057_0057.jpg 1 8 8 57 57
0083_0021_0051_0040_0040.jpg 1 21 51 40 40
0084_0009_0024_0026_0026.jpg 1 9 24 26 26
0085_0027_0035_0028_0028.jpg 1 27 35 28 28
0086_0013_0020_0042_0042.jpg 1 13 20 42 42
0087_0018_0028_0052_0052.jpg 1 18 28 52 52
0088_0031_0027_0047_0047.jpg 1 31 27 47 47
0089_0024_0025_0061_0061.jpg 1 24 25 61 61
0090_0034_0035_0046_0046.jpg 1 34 35 46 46
0091_0041_0017_0041_0041.jpg 1 41 17 41 41
0092_0023_0005_0058_0058.jpg 1 23 5 58 58
0093_0047_0020_0038_0038.jpg 1 47 20 38 38
0094_0021_0035_0036_0036.jpg 1 21 35 36 36
0095_0061_0059_0031_0031.jpg 1 61 59 31 31
0096_0022_0012_0058_0058.jpg 1 22 12 58 58
0097_0027_0004_0066_0066.jpg 1 27 4 66 66
0098_0056_0050_0025_0025.jpg 1 56 50 25 25
0099_0019_0054_0037_0037.jpg 1 19 54 37 37
0100_0031_0031_0052_0052.jpg 1 31 31 52 52
0101_0024_0015_0069_0069.jpg 1 24 15 69 69
0102_0009_0048_0040_0040.jpg 1 9 48 40 40
0103_0017_0057_0035_0035.jpg 1 17 57 35 35
0104_0050_0044_0026_0026.jpg 1 50 44 26 26
0105_0045_0025_0035_0035.jpg 1 45 25 35 35
0106_0039_0008_0048_0048.jpg 1 39 8 48 48
0107_0061_0045_0025_0025.jpg 1 61 45 25 25
0108_0032_0011_0048_0048.jpg 1 32 11 48 48
0109_0029_0064_0028_0028.jpg 1 29 64 28 28
0110_0018_0028_0066_0066.jpg 1 18 28 66 66
0111_0029_0033_0050_0050.jpg 1 29 33 50 50
0112_0026_0026_0062_0062.jpg 1 26 26 62 62
0113_0021_0039_0027_0027.jpg 1 21 39 27 27
0114_0030_0010_0037_0037.jpg 1 30 10 37 37
0115_0051_0048_0028_0028.jpg 1 51 48 28 28
0116_0019_0036_0042_0042.jpg 1 19 36 42 42
0117_0027_0040_0032_0032.jpg 1 27 40 32 32
0118_0021_0037_0038_0038.jpg 1 21 37 38 38
0119_0039_0008_0047_0047.jpg 1 39 8 47 47
0120_0028_0009_0054_0054.jpg 1 28 9 54 54
0121_0022_0024_0038_0038.jpg 1 22 24 38 38
0122_0008_0018_0060_0060.jpg 1 8 18 60 60
0123_0004_0025_0058_0058.jpg 1 4 25 58 58
0124_0049_0049_0043_0043.jpg 1 49 49 43 43
0125_0042_0008_0048_0048.jpg 1 42 8 48 48
0126_0031_0036_0028_0028.jpg 1 31 36 28 28
0127_0031_0058_0029_0029.jpg 1 31 58 29 29
0128_0011_0042_0034_0034.jpg 1 11 42 34 34
0129_0007_0025_0048_0048.jpg 1 7 25 48 48
0130_0031_0018_0052_0052.jpg 1 31 18 52 52
0131_0028_0023_0060_0060.jpg 1 28 23 60 60
0132_0019_0007_0062_0062.jpg 1 19 7 62 62
0133_0063_0009_0024_0024.jpg 1 63 9 24 24
0134_0042_0030_0024_0024.jpg 1 42 30 24 24
0135_0017_0059_0027_0027.jpg 1 17 59 27 27
0136_0014_0037_0043_0043.jpg 1 14 37 43 43
0137_0014_0014_0069_0069.jpg 1 14 14 69 69
0138_0026_0016_0051_0051.jpg 1 26 16 51 51
0139_0010_0029_0061_0061.jpg 1 10 29 61 61
0140_0029_0048_0028_0028.jpg 1 29 48 28 28
0141_0035_0058_0034_0034.jpg 1 35 58 34 34
0142_0030_0016_0063_0063.jpg 1 30 16 63 63
0143_0028_0027_0058_0058.jpg 1 28 27 58 58
0144_0039_0053_0035_0035.jpg 1 39 53 35 35
0145_0032_0038_0049_0049.jpg 1 32 38 49 49
0146_0027_0012_0054_0054.jpg 1 27 12 54 54
0147_0019_0013_0067_0067.jpg 1 19 13 67 67
0148_0019_0022_0062_0062.jpg 1 19 22 62 62
0149_0049_0025_0039_0039.jpg 1 49 25 39 39
0150_0008_0018_0056_0056.jpg 1 8 18 56 56
0151_0053_0055_0029_0029.jpg 1 53 55 29 29
0152_0022_0015_0064_0064.jpg 1 22 15 64 64
0153_0028_0034_0059_0059.jpg 1 28 34 59 59
0154_0014_0017_0064_0064.jpg 1 14 17 64 64
0155_0018_0026_0024_0024.jpg 1 18 26 24 24
0156_0016_0010_0060_0060.jpg 1 16 10 60 60
0157_0009_0036_0036_0036.jpg 1 9 36 36 36
0158_0021_0013_0055_0055.jpg 1 21 13 55 55
0159_0010_0028_0062_0062.jpg 1 10 28 62 62
0160_0038_0031_0055_0055.jpg 1 38 31 55 55
0161_0030_0006_0062_0062.jpg 1 30 6 62 62
0162_0038_0041_0048_0048.jpg 1 38 41 48 48
0163_0013_0024_0049_0049.jpg 1 13 24 49 49
0164_0033_0007_0063_0063.jpg 1 33 7 63 63
0165_0015_0040_0047_0047.jpg 1 15 40 47 47
0166_0046_0034_0030_0030.jpg 1 46 34 30 30
0167_0046_0055_0035_0035.jpg 1 46 55 35 35
0168_0052_0057_0029_0029.jpg 1 52 57 29 29
0169_0013_0023_0052_0052.jpg 1 13 23 52 52
0170_0014_0015_0069_0069.jpg 1 14 15 69 69
0171_0004_0029_0054_0054.jpg 1 4 29 54 54
0172_0056_0040_0030_0030.jpg 1 56 40 30 30
0173_0038_0020_0036_0036.jpg 1 38 20 36 36
0174_0009_0044_0050_0050.jpg 1 9 44 50 50
0175_0017_0029_0039_0039.jpg 1 17 29 39 39
0176_0004_0007_0064_0064.jpg 1 4 7 64 64
0177_0005_0016_0052_0052.jpg 1 5 16 52 52
0178_0015_0032_0063_0063.jpg 1 15 32 63 63
0179_0057_0043_0031_0031.jpg 1 57 43 31 31
0180_0006_0007_0063_0063.jpg 1 6 7 63 63
0181_0027_0053_0040_0040.jpg 1 27 53 40 40
0182_0024_0042_0052_0052.jpg 1 24 42 52 52
0183_0023_0025_0055_0055.jpg 1 23 25 55 55
0184_0036_0013_0057_0057.jpg 1 36 13 57 57
0185_0037_0037_0024_0024.jpg 1 37 37 24 24
0186_0009_0011_0062_0062.jpg 1 9 11 62 62
0187_0019_0005_0047_0047.jpg 1 19 5 47 47
0188_0017_0037_0042_0042.jpg 1 17 37 42 42
0189_0053_0053_0038_0038.jpg 1 53 53 38 38
0190_0024_0018_0026_0026.jpg 1 24 18 26 26
0191_0023_0019_0052_0052.jpg 1 23 19 52 52
0192_0021_0020_0052_0052.jpg 1 21 20 52 52
0193_0040_0004_0052_0052.jpg 1 40 4 52 52
0194_0034_0026_0060_0060.jpg 1 34 26 60 60
0195_0024_0012_0062_0062.jpg 1 24 12 62 62
0196_0031_0037_0036_0036.jpg 1 31 37 36 36
0197_0030_0008_0035_0035.jpg 1 30 8 35 35
0198_0013_0023_0063_0063.jpg 1 13 23 63 63
0199_0012_0053_0027_0027.jpg 1 12 53 27 27
0200_0035_0008_0057_0057.jpg 1 35 8 57 57
0201_0020_0021_0066_0066.jpg 1 20 21 66 66
0202_0017_0009_0059_0059.jpg 1 17 9 59 59
0203_0013_0028_0064_0064.jpg 1 13 28 64 64
0204_0031_0043_0033_0033.jpg 1 31 43 33 33
0205_0022_0008_0024_0024.jpg 1 22 8 24 24
0206_0007_0059_0029_0029.jpg 1 7 59 29 29
0207_0014_0032_0053_0053.jpg 1 14 32 53 53
0208_0018_0027_0036_0036.jpg 1 18 27 36 36
0209_0061_0019_0026_0026.jpg 1 61 19 26 26
0210_0020_0023_0067_0067.jpg 1 20 23 67 67
0211_0056_0016_0027_0027.jpg 1 56 16 27 27
0212_0028_0012_0026_0026.jpg 1 28 12 26 26
0213_0048_0042_0026_0026.jpg 1 48 42 26 26
0214_0025_0055_0029_0029.jpg 1 25 55 29 29
0215_0005_0044_0050_0050.jpg 1 5 44 50 50
0216_0037_0025_0056_0056.jpg 1 37 25 56 56
0217_0009_0012_0061_0061.jpg 1 9 12 61 61
0218_0021_0009_0055_0055.jpg 1 21 9 55 55
0219_0032_0021_0047_0047.jpg 1 32 21 47 47
0220_0032_0015_0060_0060.jpg 1 32 15 60 60
0221_0013_0021_0045_0045.jpg 1 13 21 45 45
0222_0044_0044_0036_0036.jpg 1 44 44 36 36
0223_0014_0012_0059_0059.jpg 1 14 12 59 59
0224_0041_0024_0052_0052.jpg 1 41 24 52 52
0225_0034_0020_0054_0054.jpg 1 34 20 54 54
0226_0008_0018_0045_0045.jpg 1 8 18 45 45
0227_0011_0020_0067_0067.jpg 1 11 20 67 67
0228_0018_0024_0052_0052.jpg 1 18 24 52 52
0229_0015_0055_0027_0027.jpg 1 15 55 27 27
0230_0022_0025_0031_0031.jpg 1 22 25 31 31
0231_0012_0007_0062_0062.jpg 1 12 7 62 62
0232_0032_0015_0058_0058.jpg 1 32 15 58 58
0233_0013_0008_0055_0055.jpg 1 13 8 55 55
0234_0009_0020_0067_0067.jpg 1 9 20 67 67
0235_0016_0006_0058_0058.jpg 1 16 6 58 58
0236_0019_0031_0062_0062.jpg 1 19 31 62 62
0237_0057_0026_0036_0036.jpg 1 57 26 36 36
0238_0025_0035_0047_0047.jpg 1 25 35 47 47
0239_0027_0007_0067_0067.jpg 1 27 7 67 67
0240_0019_0018_0069_0069.jpg 1 19 18 69 69
0241_0039_0029_0054_0054.jpg 1 39 29 54 54
0242_0010_0003_0068_0068.jpg 1 10 3 68 68
0243_0014_0018_0068_0068.jpg 1 14 18 68 68
0244_0021_0013_0067_0067.jpg 1 21 13 67 67
0245_0019_0026_0032_0032.jpg 1 19 26 32 32
0246_0028_0028_0034_0034.jpg 1 28 28 34 34
0247_0032_0049_0024_0024.jpg 1 32 49 24 24
0248_0049_0023_0042_0042.jpg 1 49 23 42 42
0249_0032_0033_0024_0024.jpg 1 32 33 24 24
0250_0008_0031_0045_0045.jpg 1 8 31 45 45
0251_0014_0009_0039_0039.jpg 1 14 9 39 39
0252_0034_0010_0048_0048.jpg 1 34 10 48 48
0253_0020_0045_0048_0048.jpg 1 20 45 48 48
0254_0039_0023_0040_0040.jpg 1 39 23 40 40
0255_0038_0009_0050_0050.jpg 1 38 9 50 50
0256_0052_0008_0033_0033.jpg 1 52 8 33 33
0257_0009_0021_0059_0059.jpg 1 9 21 59 59
0258_0042_0006_0050_0050.jpg 1 42 6 50 50
0259_0016_0023_0033_0033.jpg 1 16 23 33 33
0260_0048_0038_0044_0044.jpg 1 48 38 44 44
0261_0035_0016_0057_0057.jpg 1 35 16 57 57
0262_0033_0058_0028_0028.jpg 1 33 58 28 28
0263_0016_0023_0061_0061.jpg 1 16 23 61 61
0264_0004_0017_0059_0059.jpg 1 4 17 59 59
0265_0029_0005_0057_0057.jpg 1 29 5 57 57
0266_0037_0020_0051_0051.jpg 1 37 20 51 51
0267_0011_0043_0050_0050.jpg 1 11 43 50 50
0268_0020_0013_0050_0050.jpg 1 20 13 50 50
0269_0018_0020_0062_0062.jpg 1 18 20 62 62
0270_0015_0027_0061_0061.jpg 1 15 27 61 61
0271_0018_0020_0050_0050.jpg 1 18 20 50 50
0272_0029_0032_0050_0050.jpg 1 29 32 50 50
0273_0046_0055_0034_0034.jpg 1 46 55 34 34
0274_0006_0006_0068_0068.jpg 1 6 6 68 68
0275_0055_0041_0031_0031.jpg 1 55 41 31 31
0276_0030_0007_0027_0027.jpg 1 30 7 27 27
0277_0031_0023_0050_0050.jpg 1 31 23 50 50
0278_0046_0012_0025_0025.jpg 1 46 12 25 25
0279_0045_0025_0040_0040.jpg 1 45 25 40 40
0280_0023_0029_0040_0040.jpg 1 23 29 40 40
0281_0045_0013_0039_0039.jpg 1 45 13 39 39
0282_0051_0007_0035_0035.jpg 1 51 7 35 35
0283_0008_0047_0035_0035.jpg 1 8 47 35 35
0284_0061_0057_0031_0031.jpg 1 61 57 31 31
0285_0010_0055_0037_0037.jpg 1 10 55 37 37
0286_0005_0026_0042_0042.jpg 1 5 26 42 42
0287_0013_0037_0039_0039.jpg 1 13 37 39 39
0288_0016_0026_0067_0067.jpg 1 16 26 67 67
0289_0023_0019_0058_0058.jpg 1 23 19 58 58
0290_0032_0027_0033_0033.jpg 1 32 27 33 33
0291_0015_0028_0064_0064.jpg 1 15 28 64 64
0292_0039_0017_0036_0036.jpg 1 39 17 36 36
0293_0031_0056_0026_0026.jpg 1 31 56 26 26
0294_0027_0030_0058_0058.jpg 1 27 30 58 58
0295_0037_0053_0038_0038.jpg 1 37 53 38 38
0296_0044_0020_0037_0037.jpg 1 44 20 37 37
0297_0024_0021_0062_0062.jpg 1 24 21 62 62
0298_0004_0032_0059_0059.jpg 1 4 32 59 59
0299_0036_0011_0054_0054.jpg 1 36 11 54 54
0300_0013_0015_0069_0069.jpg 1 13 15 69 69
0301_0019_0034_0047_0047.jpg 1 19 34 47 47
0302_0039_0034_0028_0028.jpg 1 39 34 28 28
0303_0022_0007_0060_0060.jpg 1 22 7 60 60
0304_0024_0025_0051_0051.jpg 1 24 25 51 51
0305_0041_0009_0050_0050.jpg 1 41 9 50 50
0306_0004_0016_0069_0069.jpg 1 4 16 69 69
0307_0009_0029_0065_0065.jpg 1 9 29 65 65
0308_0062_0058_0024_0024.jpg 1 62 58 24 24
0309_0043_0013_0024_0024.jpg 1 43 13 24 24
0310_0041_0017_0048_0048.jpg 1 41 17 48 48
0311_0013_0025_0064_0064.jpg 1 13 25 64 64
0312_0037_0057_0029_0029.jpg 1 37 57 29 29
0313_0041_0026_0053_0053.jpg 1 41 26 53 53
0314_0048_0058_0026_0026.jpg 1 48 58 26 26
0315_0018_0012_0050_0050.jpg 1 18 12 50 50
0316_0014_0041_0034_0034.jpg 1 14 41 34 34
0317_0044_0027_0049_0049.jpg 1 44 27 49 49
0318_0029_0025_0042_0042.jpg 1 29 25 42 42
0319_0022_0029_0040_0040.jpg 1 22 29 40 40
0320_0016_0053_0040_0040.jpg 1 16 53 40 40
0321_0035_0024_0042_0042.jpg 1 35 24 42 42
0322_0030_0040_0041_0041.jpg 1 30 40 41 41
0323_0013_0009_0037_0037.jpg 1 13 9 37 37
0324_0033_0035_0055_0055.jpg 1 33 35 55 55
0325_0010_0016_0061_0061.jpg 1 10 16 61 61
0326_0056_0030_0030_0030.jpg 1 56 30 30 30
0327_0004_0033_0054_0054.jpg 1 4 33 54 54
0328_0016_0028_0065_0065.jpg 1 16 28 65 65
0329_0027_0033_0060_0060.jpg 1 27 33 60 60
0330_0035_0023_0046_0046.jpg 1 35 23 46 46
0331_0035_0027_0037_0037.jpg 1 35 27 37 37
0332_0006_0032_0050_0050.jpg 1 6 32 50 50
0333_0015_0063_0026_0026.jpg 1 15 63 26 26
0334_0047_0020_0040_0040.jpg 1 47 20 40 40
0335_0024_0003_0066_0066.jpg 1 24 3 66 66
0336_0032_0009_0049_0049.jpg 1 32 9 49 49
0337_0008_0021_0045_0045.jpg 1 8 21 45 45
0338_0061_0045_0027_0027.jpg 1 61 45 27 27
0339_0030_0011_0048_0048.jpg 1 30 11 48 48
0340_0033_0046_0036_0036.jpg 1 33 46 36 36
0341_0039_0026_0037_0037.jpg 1 39 26 37 37
0342_0033_0018_0061_0061.jpg 1 33 18 61 61
0343_0006_0017_0063_0063.jpg 1 6 17 63 63
0344_0049_0030_0034_0034.jpg 1 49 30 34 34
0345_0022_0035_0056_0056.jpg 1 22 35 56 56
0346_0014_0016_0068_0068.jpg 1 14 16 68 68
0347_0013_0042_0051_0051.jpg 1 13 42 51 51
0348_0033_0020_0035_0035.jpg 1 33 20 35 35
0349_0041_0053_0029_0029.jpg 1 41 53 29 29
0350_0010_0037_0044_0044.jpg 1 10 37 44 44
0351_0019_0013_0065_0065.jpg 1 19 13 65 65
0352_0031_0022_0024_0024.jpg 1 31 22 24 24
0353_0005_0028_0046_0046.jpg 1 5 28 46 46
0354_0057_0034_0031_0031.jpg 1 57 34 31 31
0355_0020_0022_0056_0056.jpg 1 20 22 56 56
0356_0047_0039_0033_0033.jpg 1 47 39 33 33
0357_0032_0011_0061_0061.jpg 1 32 11 61 61
0358_0047_0017_0038_0038.jpg 1 47 17 38 38
0359_0045_0051_0029_0029.jpg 1 45 51 29 29
0360_0030_0016_0030_0030.jpg 1 30 16 30 30
0361_0026_0017_0042_0042.jpg 1 26 17 42 42
0362_0025_0019_0062_0062.jpg 1 25 19 62 62
0363_0016_0016_0059_0059.jpg 1 16 16 59 59
0364_0017_0021_0067_0067.jpg 1 17 21 67 67
0365_0032_0032_0038_0038.jpg 1 32 32 38 38
0366_0011_0028_0055_0055.jpg 1 11 28 55 55
0367_0007_0045_0034_0034.jpg 1 7 45 34 34
0368_0034_0025_0025_0025.jpg 1 34 25 25 25
0369_0032_0036_0056_0056.jpg 1 32 36 56 56
0370_0036_0053_0037_0037.jpg 1 36 53 37 37
0371_0011_0054_0039_0039.jpg 1 11 54 39 39
0372_0035_0042_0043_0043.jpg 1 35 42 43 43
0373_0029_0035_0034_0034.jpg 1 29 35 34 34
0374_0024_0004_0065_0065.jpg 1 24 4 65 65
0375_0013_0011_0052_0052.jpg 1 13 11 52 52
0376_0036_0013_0034_0034.jpg 1 36 13 34 34
0377_0008_0019_0039_0039.jpg 1 8 19 39 39
0378_0025_0013_0069_0069.jpg 1 25 13 69 69
0379_0033_0033_0052_0052.jpg 1 33 33 52 52
0380_0018_0024_0061_0061.jpg 1 18 24 61 61
0381_0024_0004_0059_0059.jpg 1 24 4 59 59
0382_0030_0035_0049_0049.jpg 1 30 35 49 49
0383_0050_0050_0038_0038.jpg 1 50 50 38 38
0384_0023_0033_0043_0043.jpg 1 23 33 43 43
0385_0011_0004_0062_0062.jpg 1 11 4 62 62
0386_0027_0009_0050_0050.jpg 1 27 9 50 50
0387_0025_0045_0045_0045.jpg 1 25 45 45 45
0388_0047_0023_0041_0041.jpg 1 47 23 41 41
0389_0008_0018_0063_0063.jpg 1 8 18 63 63
0390_0027_0037_0039_0039.jpg 1 27 37 39 39
0391_0052_0044_0024_0024.jpg 1 52 44 24 24
0392_0007_0046_0048_0048.jpg 1 7 46 48 48
0393_0024_0037_0046_0046.jpg 1 24 37 46 46
0394_0031_0021_0062_0062.jpg 1 31 21 62 62
0395_0025_0036_0042_0042.jpg 1 25 36 42 42
0396_0016_0022_0051_0051.jpg 1 16 22 51 51
0397_0012_0042_0027_0027.jpg 1 12 42 27 27
0398_0029_0062_0028_0028.jpg 1 29 62 28 28
0399_0034_0066_0026_0026.jpg 1 34 66 26 26
0400_0014_0006_0049_0049.jpg 1 14 6 49 49
0401_0047_0058_0029_0029.jpg 1 47 58 29 29
0402_0038_0032_0054_0054.jpg 1 38 32 54 54
0403_0038_0009_0052_0052.jpg 1 38 9 52 52
0404_0045_0055_0025_0025.jpg 1 45 55 25 25
0405_0025_0033_0051_0051.jpg 1 25 33 51 51
0406_0007_0014_0063_0063.jpg 1 7 14 63 63
0407_0040_0030_0044_0044.jpg 1 40 30 44 44
0408_0010_0036_0054_0054.jpg 1 10 36 54 54
0409_0015_0051_0038_0038.jpg 1 15 51 38 38
0410_0008_0059_0033_0033.jpg 1 8 59 33 33
0411_0005_0009_0066_0066.jpg 1 5 9 66 66
0412_0022_0040_0044_0044.jpg 1 22 40 44 44
0413_0037_0018_0038_0038.jpg 1 37 18 38 38
0414_0033_0033_0060_0060.jpg 1 33 33 60 60
0415_0017_0026_0063_0063.jpg 1 17 26 63 63
0416_0037_0059_0032_0032.jpg 1 37 59 32 32
0417_0006_0009_0035_0035.jpg 1 6 9 35 35
0418_0014_0005_0055_0055.jpg 1 14 5 55 55
0419_0011_0032_0062_0062.jpg 1 11 32 62 62
0420_0022_0006_0059_0059.jpg 1 22 6 59 59
0421_0022_0017_0058_0058.jpg 1 22 17 58 58
0422_0035_0009_0035_0035.jpg 1 35 9 35 35
0423_0016_0041_0052_0052.jpg 1 16 41 52 52
0424_0030_0016_0053_0053.jpg 1 30 16 53 53
0425_0015_0021_0060_0060.jpg 1 15 21 60 60
0426_0012_0006_0047_0047.jpg 1 12 6 47 47
0427_0039_0005_0046_0046.jpg 1 39 5 46 46
0428_0045_0057_0028_0028.jpg 1 45 57 28 28
0429_0032_0026_0028_0028.jpg 1 32 26 28 28
0430_0014_0028_0054_0054.jpg 1 14 28 54 54
0431_0010_0020_0054_0054.jpg 1 10 20 54 54
0432_0018_0013_0055_0055.jpg 1 18 13 55 55
0433_0025_0027_0045_0045.jpg 1 25 27 45 45
0434_0044_0036_0036_0036.jpg 1 44 36 36 36
0435_0004_0011_0054_0054.jpg 1 4 11 54 54
0436_0036_0032_0051_0051.jpg 1 36 32 51 51
0437_0038_0013_0033_0033.jpg 1 38 13 33 33
0438_0036_0037_0057_0057.jpg 1 36 37 57 57
0439_0038_0015_0053_0053.jpg 1 38 15 53 53
0440_0062_0037_0027_0027.jpg 1 62 37 27 27
0441_0029_0048_0043_0043.jpg 1 29 48 43 43
0442_0028_0029_0053_0053.jpg 1 28 29 53 53
0443_0011_0006_0062_0062.jpg 1 11 6 62 62
0444_0024_0022_0056_0056.jpg 1 24 22 56 56
0445_0015_0036_0048_0048.jpg 1 15 36 48 48
0446_0054_0043_0033_0033.jpg 1 54 43 33 33
0447_0014_0023_0063_0063.jpg 1 14 23 63 63
0448_0011_0012_0061_0061.jpg 1 11 12 61 61
0449_0042_0038_0047_0047.jpg 1 42 38 47 47
0450_0044_0030_0048_0048.jpg 1 44 30 48 48
0451_0063_0020_0029_0029.jpg 1 63 20 29 29
0452_0006_0021_0066_0066.jpg 1 6 21 66 66
0453_0040_0010_0036_0036.jpg 1 40 10 36 36
0454_0009_0059_0027_0027.jpg 1 9 59 27 27
0455_0033_0033_0034_0034.jpg 1 33 33 34 34
0456_0050_0011_0024_0024.jpg 1 50 11 24 24
0457_0049_0053_0032_0032.jpg 1 49 53 32 32
0458_0011_0010_0068_0068.jpg 1 11 10 68 68
0459_0037_0009_0037_0037.jpg 1 37 9 37 37
0460_0003_0025_0069_0069.jpg 1 3 25 69 69
0461_0017_0053_0034_0034.jpg 1 17 53 34 34
0462_0040_0010_0043_0043.jpg 1 40 10 43 43
0463_0019_0040_0040_0040.jpg 1 19 40 40 40
0464_0009_0026_0067_0067.jpg 1 9 26 67 67
0465_0028_0040_0050_0050.jpg 1 28 40 50 50
0466_0061_0052_0029_0029.jpg 1 61 52 29 29
0467_0024_0034_0058_0058.jpg 1 24 34 58 58
0468_0024_0019_0056_0056.jpg 1 24 19 56 56
0469_0009_0030_0062_0062.jpg 1 9 30 62 62
0470_0007_0012_0048_0048.jpg 1 7 12 48 48
0471_0033_0007_0047_0047.jpg 1 33 7 47 47
0472_0024_0011_0025_0025.jpg 1 24 11 25 25
0473_0034_0028_0047_0047.jpg 1 34 28 47 47
0474_0033_0045_0040_0040.jpg 1 33 45 40 40
0475_0022_0043_0052_0052.jpg 1 22 43 52 52
0476_0032_0052_0029_0029.jpg 1 32 52 29 29
0477_0008_0040_0035_0035.jpg 1 8 40 35 35
0478_0015_0017_0062_0062.jpg 1 15 17 62 62
0479_0033_0015_0050_0050.jpg 1 33 15 50 50
0480_0027_0015_0064_0064.jpg 1 27 15 64 64
0481_0026_0023_0042_0042.jpg 1 26 23 42 42
0482_0029_0024_0031_0031.jpg 1 29 24 31 31
0483_0032_0024_0052_0052.jpg 1 32 24 52 52
0484_0048_0006_0041_0041.jpg 1 48 6 41 41
0485_0014_0044_0034_0034.jpg 1 14 44 34 34
0486_0024_0021_0064_0064.jpg 1 24 21 64 64
0487_0030_0057_0030_0030.jpg 1 30 57 30 30
0488_0030_0014_0033_0033.jpg 1 30 14 33 33
0489_0021_0044_0041_0041.jpg 1 21 44 41 41
0490_0020_0045_0033_0033.jpg 1 20 45 33 33
0491_0061_0034_0030_0030.jpg 1 61 34 30 30
0492_0026_0017_0061_0061.jpg 1 26 17 61 61
0493_0057_0030_0034_0034.jpg 1 57 30 34 34
0494_0037_0041_0043_0043.jpg 1 37 41 43 43
0495_0045_0028_0044_0044.jpg 1 45 28 44 44
0496_0007_0025_0066_0066.jpg 1 7 25 66 66
0497_0047_0019_0034_0034.jpg 1 47 19 34 34
0498_0026_0049_0037_0037.jpg 1 26 49 37 37
0499_0047_0054_0034_0034.jpg 1 47 54 34 34
0500_0010_0029_0064_0064.jpg 1 10 29 64 64
0501_0054_0015_0038_0038.jpg 1 54 15 38 38
0502_0020_0028_0040_0040.jpg 1 20 28 40 40
0503_0018_0031_0038_0038.jpg 1 18 31 38 38
0504_0037_0031_0027_0027.jpg 1 37 31 27 27
0505_0019_0051_0038_0038.jpg 1 19 51 38 38
0506_0039_0049_0041_0041.jpg 1 39 49 41 41
0507_0035_0029_0051_0051.jpg 1 35 29 51 51
0508_0022_0035_0035_0035.jpg 1 22 35 35 35
0509_0041_0014_0035_0035.jpg 1 41 14 35 35
0510_0011_0026_0056_0056.jpg 1 11 26 56 56
0511_0035_0016_0039_0039.jpg 1 35 16 39 39
0512_0022_0013_0065_0065.jpg 1 22 13 65 65
0513_0016_0004_0058_0058.jpg 1 16 4 58 58
0514_0025_0026_0052_0052.jpg 1 25 26 52 52
0515_0028_0020_0052_0052.jpg 1 28 20 52 52
0516_0015_0006_0055_0055.jpg 1 15 6 55 55
0517_0033_0027_0043_0043.jpg 1 33 27 43 43
0518_0022_0025_0056_0056.jpg 1 22 25 56 56
0519_0010_0034_0055_0055.jpg 1 10 34 55 55
0520_0013_0020_0058_0058.jpg 1 13 20 58 58
0521_0037_0039_0035_0035.jpg 1 37 39 35 35
0522_0048_0049_0036_0036.jpg 1 48 49 36 36
0523_0055_0054_0038_0038.jpg 1 55 54 38 38
0524_0014_0030_0029_0029.jpg 1 14 30 29 29
0525_0013_0008_0065_0065.jpg 1 13 8 65 65
0526_0036_0007_0056_0056.jpg 1 36 7 56 56
0527_0012_0035_0033_0033.jpg 1 12 35 33 33
0528_0035_0062_0029_0029.jpg 1 35 62 29 29
0529_0037_0045_0033_0033.jpg 1 37 45 33 33
0530_0034_0009_0060_0060.jpg 1 34 9 60 60
0531_0037_0048_0039_0039.jpg 1 37 48 39 39
0532_0012_0005_0055_0055.jpg 1 12 5 55 55
0533_0029_0015_0043_0043.jpg 1 29 15 43 43
0534_0038_0020_0033_0033.jpg 1 38 20 33 33
0535_0037_0021_0042_0042.jpg 1 37 21 42 42
0536_0005_0020_0058_0058.jpg 1 5 20 58 58
0537_0037_0012_0054_0054.jpg 1 37 12 54 54
0538_0033_0016_0059_0059.jpg 1 33 16 59 59
0539_0024_0044_0026_0026.jpg 1 24 44 26 26
0540_0026_0031_0053_0053.jpg 1 26 31 53 53
0541_0042_0026_0038_0038.jpg 1 42 26 38 38
0542_0011_0022_0065_0065.jpg 1 11 22 65 65
0543_0013_0014_0043_0043.jpg 1 13 14 43 43
0544_0011_0005_0044_0044.jpg 1 11 5 44 44
0545_0016_0049_0039_0039.jpg 1 16 49 39 39
0546_0008_0023_0068_0068.jpg 1 8 23 68 68
0547_0038_0034_0043_0043.jpg 1 38 34 43 43
0548_0037_0041_0041_0041.jpg 1 37 41 41 41
0549_0028_0024_0053_0053.jpg 1 28 24 53 53
0550_0014_0015_0052_0052.jpg 1 14 15 52 52
0551_0055_0062_0029_0029.jpg 1 55 62 29 29
0552_0038_0061_0032_0032.jpg 1 38 61 32 32
0553_0014_0023_0049_0049.jpg 1 14 23 49 49
0554_0051_0006_0035_0035.jpg 1 51 6 35 35
0555_0051_0017_0029_0029.jpg 1 51 17 29 29
0556_0030_0038_0045_0045.jpg 1 30 38 45 45
0557_0064_0021_0027_0027.jpg 1 64 21 27 27
0558_0020_0028_0038_0038.jpg 1 20 28 38 38
0559_0004_0014_0067_0067.jpg 1 4 14 67 67
0560_0043_0024_0029_0029.jpg 1 43 24 29 29
0561_0036_0031_0039_0039.jpg 1 36 31 39 39
0562_0019_0008_0057_0057.jpg 1 19 8 57 57
0563_0019_0028_0042_0042.jpg 1 19 28 42 42
0564_0035_0031_0054_0054.jpg 1 35 31 54 54
0565_0014_0006_0067_0067.jpg 1 14 6 67 67
0566_0047_0059_0031_0031.jpg 1 47 59 31 31
0567_0016_0019_0024_0024.jpg 1 16 19 24 24
0568_0012_0011_0051_0051.jpg 1 12 11 51 51
0569_0013_0034_0040_0040.jpg 1 13 34 40 40
0570_0006_0030_0050_0050.jpg 1 6 30 50 50
0571_0012_0042_0036_0036.jpg 1 12 42 36 36
0572_0020_0010_0062_0062.jpg 1 20 10 62 62
0573_0047_0036_0036_0036.jpg 1 47 36 36 36
0574_0025_0049_0044_0044.jpg 1 25 49 44 44
0575_0035_0057_0030_0030.jpg 1 35 57 30 30
0576_0041_0023_0025_0025.jpg 1 41 23 25 25
0577_0019_0006_0067_0067.jpg 1 19 6 67 67
0578_0019_0026_0034_0034.jpg 1 19 26 34 34
0579_0015_0045_0039_0039.jpg 1 15 45 39 39
0580_0030_0067_0024_0024.jpg 1 30 67 24 24
0581_0035_0007_0055_0055.jpg 1 35 7 55 55
0582_0034_0008_0053_0053.jpg 1 34 8 53 53
0583_0023_0037_0058_0058.jpg 1 23 37 58 58
0584_0046_0043_0027_0027.jpg 1 46 43 27 27
0585_0053_0033_0027_0027.jpg 1 53 33 27 27
0586_0021_0043_0031_0031.jpg 1 21 43 31 31
0587_0017_0027_0062_0062.jpg 1 17 27 62 62
0588_0026_0022_0042_0042.jpg 1 26 22 42 42
0589_0023_0041_0046_0046.jpg 1 23 41 46 46
0590_0040_0020_0038_0038.jpg 1 40 20 38 38
0591_0024_0025_0067_0067.jpg 1 24 25 67 67
0592_0046_0037_0045_0045.jpg 1 46 37 45 45
0593_0029_0041_0042_0042.jpg 1 29 41 42 42
0594_0050_0018_0027_0027.jpg 1 50 18 27 27
0595_0033_0018_0057_0057.jpg 1 33 18 57 57
0596_0028_0052_0040_0040.jpg 1 28 52 40 40
0597_0017_0007_0055_0055.jpg 1 17 7 55 55
0598_0037_0056_0036_0036.jpg 1 37 56 36 36
0599_0035_0038_0046_0046.jpg 1 35 38 46 46
0600_0024_0031_0031_0031.jpg 1 24 31 31 31
0601_0043_0020_0032_0032.jpg 1 43 20 32 32
0602_0030_0005_0063_0063.jpg 1 30 5 63 63
0603_0020_0024_0050_0050.jpg 1 20 24 50 50
0604_0036_0049_0041_0041.jpg 1 36 49 41 41
0605_0018_0028_0064_0064.jpg 1 18 28 64 64
0606_0030_0050_0042_0042.jpg 1 30 50 42 42
0607_0028_0035_0059_0059.jpg 1 28 35 59 59
0608_0022_0009_0035_0035.jpg 1 22 9 35 35
0609_0013_0049_0042_0042.jpg 1 13 49 42 42
0610_0029_0040_0044_0044.jpg 1 29 40 44 44
0611_0009_0029_0053_0053.jpg 1 9 29 53 53
0612_0049_0045_0030_0030.jpg 1 49 45 30 30
0613_0048_0018_0039_0039.jpg 1 48 18 39 39
0614_0034_0017_0061_0061.jpg 1 34 17 61 61
0615_0017_0018_0064_0064.jpg 1 17 18 64 64
0616_0028_0010_0067_0067.jpg 1 28 10 67 67
0617_0038_0034_0053_0053.jpg 1 38 34 53 53
0618_0058_0021_0026_0026.jpg 1 58 21 26 26
0619_0007_0018_0060_0060.jpg 1 7 18 60 60
0620_0009_0013_0044_0044.jpg 1 9 13 44 44
0621_0011_0005_0069_0069.jpg 1 11 5 69 69
0622_0037_0005_0057_0057.jpg 1 37 5 57 57
0623_0027_0025_0048_0048.jpg 1 27 25 48 48
0624_0031_0009_0055_0055.jpg 1 31 9 55 55
0625_0054_0043_0032_0032.jpg 1 54 43 32 32
0626_0022_0023_0067_0067.jpg 1 22 23 67 67
0627_0021_0018_0051_0051.jpg 1 21 18 51 51
0628_0028_0037_0038_0038.jpg 1 28 37 38 38
0629_0043_0017_0045_0045.jpg 1 43 17 45 45
0630_0008_0036_0049_0049.jpg 1 8 36 49 49
0631_0033_0048_0029_0029.jpg 1 33 48 29 29
0632_0023_0007_0069_0069.jpg 1 23 7 69 69
0633_0004_0012_0067_0067.jpg 1 4 12 67 67
0634_0021_0009_0052_0052.jpg 1 21 9 52 52
0635_0017_0042_0036_0036.jpg 1 17 42 36 36
0636_0010_0029_0061_0061.jpg 1 10 29 61 61
0637_0016_0014_0068_0068.jpg 1 16 14 68 68
0638_0017_0006_0061_0061.jpg 1 17 6 61 61
0639_0040_0008_0053_0053.jpg 1 40 8 53 53
0640_0034_0017_0051_0051.jpg 1 34 17 51 51
0641_0026_0026_0045_0045.jpg 1 26 26 45 45
0642_0036_0018_0056_0056.jpg 1 36 18 56 56
0643_0028_0035_0053_0053.jpg 1 28 35 53 53
0644_0016_0046_0037_0037.jpg 1 16 46 37 37
0645_0019_0017_0042_0042.jpg 1 19 17 42 42
0646_0043_0047_0033_0033.jpg 1 43 47 33 33
0647_0024_0013_0061_0061.jpg 1 24 13 61 61
0648_0040_0046_0041_0041.jpg 1 40 46 41 41
0649_0019_0048_0025_0025.jpg 1 19 48 25 25
0650_0016_0006_0068_0068.jpg 1 16 6 68 68
0651_0050_0050_0036_0036.jpg 1 50 50 36 36
0652_0054_0012_0032_0032.jpg 1 54 12 32 32
0653_0019_0017_0040_0040.jpg 1 19 17 40 40
0654_0041_0008_0053_0053.jpg 1 41 8 53 53
0655_0010_0003_0069_0069.jpg 1 10 3 69 69
0656_0025_0029_0039_0039.jpg 1 25 29 39 39
0657_0018_0022_0047_0047.jpg 1 18 22 47 47
0658_0016_0020_0040_0040.jpg 1 16 20 40 40
0659_0012_0051_0038_0038.jpg 1 12 51 38 38
0660_0017_0045_0027_0027.jpg 1 17 45 27 27
0661_0043_0059_0025_0025.jpg 1 43 59 25 25
0662_0007_0050_0027_0027.jpg 1 7 50 27 27
0663_0037_0046_0032_0032.jpg 1 37 46 32 32
0664_0041_0017_0054_0054.jpg 1 41 17 54 54
0665_0047_0008_0043_0043.jpg 1 47 8 43 43
0666_0015_0009_0067_0067.jpg 1 15 9 67 67
0667_0031_0043_0051_0051.jpg 1 31 43 51 51
0668_0023_0031_0057_0057.jpg 1 23 31 57 57
0669_0023_0028_0038_0038.jpg 1 23 28 38 38
0670_0005_0029_0056_0056.jpg 1 5 29 56 56
0671_0024_0064_0024_0024.jpg 1 24 64 24 24
0672_0013_0039_0055_0055.jpg 1 13 39 55 55
0673_0007_0026_0069_0069.jpg 1 7 26 69 69
0674_0023_0048_0024_0024.jpg 1 23 48 24 24
0675_0035_0041_0053_0053.jpg 1 35 41 53 53
0676_0009_0020_0026_0026.jpg 1 9 20 26 26
0677_0030_0012_0056_0056.jpg 1 30 12 56 56
0678_0026_0017_0064_0064.jpg 1 26 17 64 64
0679_0010_0033_0062_0062.jpg 1 10 33 62 62
0680_0014_0012_0065_0065.jpg 1 14 12 65 65
0681_0023_0022_0026_0026.jpg 1 23 22 26 26
0682_0006_0023_0068_0068.jpg 1 6 23 68 68
0683_0038_0032_0049_0049.jpg 1 38 32 49 49
0684_0015_0011_0030_0030.jpg 1 15 11 30 30
0685_0048_0025_0042_0042.jpg 1 48 25 42 42
0686_0041_0061_0026_0026.jpg 1 41 61 26 26
0687_0012_0008_0052_0052.jpg 1 12 8 52 52
0688_0011_0021_0067_0067.jpg 1 11 21 67 67
0689_0030_0013_0030_0030.jpg 1 30 13 30 30
0690_0012_0014_0039_0039.jpg 1 12 14 39 39
0691_0010_0051_0031_0031.jpg 1 10 51 31 31
0692_0059_0058_0032_0032.jpg 1 59 58 32 32
0693_0014_0008_0034_0034.jpg 1 14 8 34 34
0694_0010_0012_0064_0064.jpg 1 10 12 64 64
0695_0005_0014_0069_0069.jpg 1 5 14 69 69
0696_0014_0035_0054_0054.jpg 1 14 35 54 54
0697_0044_0030_0043_0043.jpg 1 44 30 43 43
0698_0028_0026_0064_0064.jpg 1 28 26 64 64
0699_0028_0003_0066_0066.jpg 1 28 3 66 66
0700_0008_0034_0052_0052.jpg 1 8 34 52 52
0701_0027_0006_0057_0057.jpg 1 27 6 57 57
0702_0014_0023_0030_0030.jpg 1 14 23 30 30
0703_0050_0015_0033_0033.jpg 1 50 15 33 33
0704_0006_0026_0069_0069.jpg 1 6 26 69 69
0705_0034_0020_0056_0056.jpg 1 34 20 56 56
0706_0024_0006_0044_0044.jpg 1 24 6 44 44
0707_0024_0024_0066_0066.jpg 1 24 24 66 66
0708_0020_0027_0066_0066.jpg 1 20 27 66 66
0709_0022_0012_0069_0069.jpg 1 22 12 69 69
0710_0007_0003_0062_0062.jpg 1 7 3 62 62
0711_0019_0016_0035_0035.jpg 1 19 16 35 35
0712_0027_0040_0026_0026.jpg 1 27 40 26 26
0713_0037_0035_0046_0046.jpg 1 37 35 46 46
0714_0036_0043_0027_0027.jpg 1 36 43 27 27
0715_0005_0017_0068_0068.jpg 1 5 17 68 68
0716_0012_0005_0062_0062.jpg 1 12 5 62 62
0717_0027_0026_0064_0064.jpg 1 27 26 64 64
0718_0046_0061_0025_0025.jpg 1 46 61 25 25
0719_0017_0018_0056_0056.jpg 1 17 18 56 56
0720_0052_0044_0028_0028.jpg 1 52 44 28 28
0721_0025_0030_0066_0066.jpg 1 25 30 66 66
0722_0010_0024_0068_0068.jpg 1 10 24 68 68
0723_0020_0037_0044_0044.jpg 1 20 37 44 44
0724_0018_0030_0033_0033.jpg 1 18 30 33 33
0725_0007_0032_0062_0062.jpg 1 7 32 62 62
0726_0047_0061_0024_0024.jpg 1 47 61 24 24
0727_0009_0021_0062_0062.jpg 1 9 21 62 62
0728_0041_0027_0051_0051.jpg 1 41 27 51 51
0729_0020_0037_0058_0058.jpg 1 20 37 58 58
0730_0025_0016_0044_0044.jpg 1 25 16 44 44
0731_0005_0025_0046_0046.jpg 1 5 25 46 46
0732_0017_0047_0025_0025.jpg 1 17 47 25 25
0733_0004_0014_0069_0069.jpg 1 4 14 69 69
0734_0040_0021_0032_0032.jpg 1 40 21 32 32
0735_0033_0025_0047_0047.jpg 1 33 25 47 47
0736_0053_0015_0028_0028.jpg 1 53 15 28 28
0737_0011_0015_0045_0045.jpg 1 11 15 45 45
0738_0023_0058_0025_0025.jpg 1 23 58 25 25
0739_0024_0034_0060_0060.jpg 1 24 34 60 60
0740_0021_0034_0046_0046.jpg 1 21 34 46 46
0741_0011_0057_0028_0028.jpg 1 11 57 28 28
0742_0038_0049_0030_0030.jpg 1 38 49 30 30
0743_0049_0036_0040_0040.jpg 1 49 36 40 40
0744_0047_0030_0041_0041.jpg 1 47 30 41 41
0745_0017_0017_0031_0031.jpg 1 17 17 31 31
0746_0030_0008_0041_0041.jpg 1 30 8 41 41
0747_0030_0011_0059_0059.jpg 1 30 11 59 59
0748_0021_0028_0064_0064.jpg 1 21 28 64 64
0749_0027_0025_0052_0052.jpg 1 27 25 52 52
0750_0005_0022_0052_0052.jpg 1 5 22 52 52
0751_0043_0030_0049_0049.jpg 1 43 30 49 49
0752_0016_0021_0038_0038.jpg 1 16 21 38 38
0753_0009_0012_0051_0051.jpg 1 9 12 51 51
0754_0033_0042_0036_0036.jpg 1 33 42 36 36
0755_0008_0018_0046_0046.jpg 1 8 18 46 46
0756_0014_0006_0055_0055.jpg 1 14 6 55 55
0757_0009_0034_0053_0053.jpg 1 9 34 53 53
0758_0008_0043_0047_0047.jpg 1 8 43 47 47
0759_0063_0056_0024_0024.jpg 1 63 56 24 24
0760_0013_0015_0068_0068.jpg 1 13 15 68 68
0761_0029_0036_0033_0033.jpg 1 29 36 33 33
0762_0008_0004_0057_0057.jpg 1 8 4 57 57
0763_0008_0043_0052_0052.jpg 1 8 43 52 52
0764_0010_0022_0049_0049.jpg 1 10 22 49 49
0765_0007_0027_0065_0065.jpg 1 7 27 65 65
0766_0013_0004_0063_0063.jpg 1 13 4 63 63
0767_0057_0033_0034_0034.jpg 1 57 33 34 34
0768_0029_0025_0049_0049.jpg 1 29 25 49 49
0769_0044_0033_0025_0025.jpg 1 44 33 25 25
0770_0024_0022_0061_0061.jpg 1 24 22 61 61
0771_0026_0009_0049_0049.jpg 1 26 9 49 49
0772_0036_0035_0036_0036.jpg 1 36 35 36 36
0773_0010_0030_0061_0061.jpg 1 10 30 61 61
0774_0031_0008_0063_0063.jpg 1 31 8 63 63
0775_0017_0006_0043_0043.jpg 1 17 6 43 43
0776_0022_0010_0044_0044.jpg 1 22 10 44 44
0777_0011_0030_0062_0062.jpg 1 11 30 62 62
0778_0005_0018_0064_0064.jpg 1 5 18 64 64
0779_0007_0022_0037_0037.jpg 1 7 22 37 37
0780_0022_0021_0059_0059.jpg 1 22 21 59 59
0781_0046_0043_0043_0043.jpg 1 46 43 43 43
0782_0020_0004_0064_0064.jpg 1 20 4 64 64
0783_0048_0023_0045_0045.jpg 1 48 23 45 45
0784_0059_0038_0031_0031.jpg 1 59 38 31 31
0785_0064_0063_0024_0024.jpg 1 64 63 24 24
0786_0043_0015_0038_0038.jpg 1 43 15 38 38
0787_0020_0014_0048_0048.jpg 1 20 14 48 48
0788_0033_0046_0031_0031.jpg 1 33 46 31 31
0789_0039_0036_0045_0045.jpg 1 39 36 45 45
0790_0023_0041_0044_0044.jpg 1 23 41 44 44
0791_0016_0026_0061_0061.jpg 1 16 26 61 61
0792_0007_0030_0040_0040.jpg 1 7 30 40 40
0793_0015_0022_0049_0049.jpg 1 15 22 49 49
0794_0028_0021_0057_0057.jpg 1 28 21 57 57
0795_0015_0016_0051_0051.jpg 1 15 16 51 51
0796_0016_0037_0056_0056.jpg 1 16 37 56 56
0797_0032_0024_0037_0037.jpg 1 32 24 37 37
0798_0016_0007_0033_0033.jpg 1 16 7 33 33
0799_0034_0041_0053_0053.jpg 1 34 41 53 53
0800_0027_0029_0065_0065.jpg 1 27 29 65 65
0801_0054_0017_0034_0034.jpg 1 54 17 34 34
0802_0016_0023_0064_0064.jpg 1 16 23 64 64
0803_0027_0046_0046_0046.jpg 1 27 46 46 46
0804_0023_0018_0061_0061.jpg 1 23 18 61 61
0805_0024_0017_0066_0066.jpg 1 24 17 66 66
0806_0017_0046_0024_0024.jpg 1 17 46 24 24
0807_0017_0034_0060_0060.jpg 1 17 34 60 60
0808_0010_0012_0060_0060.jpg 1 10 12 60 60
0809_0031_0053_0039_0039.jpg 1 31 53 39 39
0810_0040_0019_0053_0053.jpg 1 40 19 53 53
0811_0032_0019_0061_0061.jpg 1 32 19 61 61
0812_0031_0061_0027_0027.jpg 1 31 61 27 27
0813_0023_0056_0027_0027.jpg 1 23 56 27 27
0814_0008_0005_0062_0062.jpg 1 8 5 62 62
0815_0026_0019_0056_0056.jpg 1 26 19 56 56
0816_0026_0028_0030_0030.jpg 1 26 28 30 30
0817_0026_0012_0066_0066.jpg 1 26 12 66 66
0818_0053_0048_0029_0029.jpg 1 53 48 29 29
0819_0012_0007_0066_0066.jpg 1 12 7 66 66
0820_0018_0025_0032_0032.jpg 1 18 25 32 32
0821_0047_0060_0027_0027.jpg 1 47 60 27 27
0822_0018_0033_0062_0062.jpg 1 18 33 62 62
0823_0036_0009_0049_0049.jpg 1 36 9 49 49
0824_0014_0032_0037_0037.jpg 1 14 32 37 37
0825_0028_0033_0053_0053.jpg 1 28 33 53 53
0826_0009_0010_0048_0048.jpg 1 9 10 48 48
0827_0025_0005_0058_0058.jpg 1 25 5 58 58
0828_0017_0018_0025_0025.jpg 1 17 18 25 25
0829_0026_0008_0065_0065.jpg 1 26 8 65 65
0830_0055_0039_0037_0037.jpg 1 55 39 37 37
0831_0022_0036_0027_0027.jpg 1 22 36 27 27
0832_0039_0016_0055_0055.jpg 1 39 16 55 55
0833_0023_0027_0061_0061.jpg 1 23 27 61 61
0834_0032_0034_0033_0033.jpg 1 32 34 33 33
0835_0023_0007_0065_0065.jpg 1 23 7 65 65
0836_0036_0015_0055_0055.jpg 1 36 15 55 55
0837_0029_0007_0035_0035.jpg 1 29 7 35 35
0838_0006_0027_0054_0054.jpg 1 6 27 54 54
0839_0021_0009_0057_0057.jpg 1 21 9 57 57
0840_0021_0026_0067_0067.jpg 1 21 26 67 67
0841_0033_0033_0044_0044.jpg 1 33 33 44 44
0842_0006_0009_0057_0057.jpg 1 6 9 57 57
0843_0025_0022_0053_0053.jpg 1 25 22 53 53
0844_0033_0053_0038_0038.jpg 1 33 53 38 38
0845_0023_0041_0041_0041.jpg 1 23 41 41 41
0846_0030_0041_0049_0049.jpg 1 30 41 49 49
0847_0042_0019_0052_0052.jpg 1 42 19 52 52
0848_0026_0023_0063_0063.jpg 1 26 23 63 63
0849_0035_0038_0030_0030.jpg 1 35 38 30 30
0850_0022_0028_0059_0059.jpg 1 22 28 59 59
0851_0005_0024_0066_0066.jpg 1 5 24 66 66
0852_0048_0048_0037_0037.jpg 1 48 48 37 37
0853_0030_0032_0037_0037.jpg 1 30 32 37 37
0854_0009_0033_0058_0058.jpg 1 9 33 58 58
0855_0010_0028_0047_0047.jpg 1 10 28 47 47
0856_0013_0029_0039_0039.jpg 1 13 29 39 39
0857_0012_0046_0034_0034.jpg 1 12 46 34 34
0858_0015_0026_0031_0031.jpg 1 15 26 31 31
0859_0020_0048_0039_0039.jpg 1 20 48 39 39
0860_0063_0008_0028_0028.jpg 1 63 8 28 28
0861_0030_0023_0050_0050.jpg 1 30 23 50 50
0862_0039_0025_0031_0031.jpg 1 39 25 31 31
0863_0020_0029_0060_0060.jpg 1 20 29 60 60
0864_0018_0035_0045_0045.jpg 1 18 35 45 45
0865_0018_0014_0052_0052.jpg 1 18 14 52 52
0866_0021_0018_0065_0065.jpg 1 21 18 65 65
0867_0023_0029_0027_0027.jpg 1 23 29 27 27
0868_0038_0049_0043_0043.jpg 1 38 49 43 43
0869_0035_0027_0049_0049.jpg 1 35 27 49 49
0870_0018_0019_0063_0063.jpg 1 18 19 63 63
0871_0032_0015_0048_0048.jpg 1 32 15 48 48
0872_0016_0045_0046_0046.jpg 1 16 45 46 46
0873_0007_0029_0067_0067.jpg 1 7 29 67 67
0874_0021_0016_0032_0032.jpg 1 21 16 32 32
0875_0009_0057_0027_0027.jpg 1 9 57 27 27
0876_0027_0041_0027_0027.jpg 1 27 41 27 27
0877_0052_0047_0029_0029.jpg 1 52 47 29 29
0878_0057_0009_0027_0027.jpg 1 57 9 27 27
0879_0011_0045_0046_0046.jpg 1 11 45 46 46
0880_0022_0013_0061_0061.jpg 1 22 13 61 61
0881_0027_0042_0045_0045.jpg 1 27 42 45 45
0882_0049_0038_0036_0036.jpg 1 49 38 36 36
0883_0024_0026_0063_0063.jpg 1 24 26 63 63
0884_0049_0016_0025_0025.jpg 1 49 16 25 25
0885_0024_0025_0064_0064.jpg 1 24 25 64 64
0886_0022_0053_0034_0034.jpg 1 22 53 34 34
0887_0017_0021_0069_0069.jpg 1 17 21 69 69
0888_0029_0026_0024_0024.jpg 1 29 26 24 24
0889_0027_0039_0028_0028.jpg 1 27 39 28 28
0890_0031_0025_0054_0054.jpg 1 31 25 54 54
0891_0019_0022_0054_0054.jpg 1 19 22 54 54
0892_0010_0023_0044_0044.jpg 1 10 23 44 44
0893_0039_0030_0028_0028.jpg 1 39 30 28 28
0894_0030_0019_0063_0063.jpg 1 30 19 63 63
0895_0042_0036_0028_0028.jpg 1 42 36 28 28
0896_0010_0032_0059_0059.jpg 1 10 32 59 59
0897_0039_0044_0043_0043.jpg 1 39 44 43 43
0898_0022_0007_0069_0069.jpg 1 22 7 69 69
0899_0019_0020_0039_0039.jpg 1 19 20 39 39
0900_0023_0021_0050_0050.jpg 1 23 21 50 50
0901_0017_0015_0053_0053.jpg 1 17 15 53 53
0902_0016_0033_0053_0053.jpg 1 16 33 53 53
0903_0044_0045_0047_0047.jpg 1 44 45 47 47
0904_0009_0010_0067_0067.jpg 1 9 10 67 67
0905_0032_0014_0054_0054.jpg 1 32 14 54 54
0906_0031_0064_0024_0024.jpg 1 31 64 24 24
0907_0030_0023_0041_0041.jpg 1 30 23 41 41
0908_0008_0023_0064_0064.jpg 1 8 23 64 64
0909_0015_0059_0028_0028.jpg 1 15 59 28 28
0910_0036_0044_0044_0044.jpg 1 36 44 44 44
0911_0013_0034_0050_0050.jpg 1 13 34 50 50
0912_0010_0014_0051_0051.jpg 1 10 14 51 51
0913_0019_0014_0056_0056.jpg 1 19 14 56 56
0914_0023_0034_0055_0055.jpg 1 23 34 55 55
0915_0028_0056_0024_0024.jpg 1 28 56 24 24
0916_0007_0008_0068_0068.jpg 1 7 8 68 68
0917_0006_0031_0055_0055.jpg 1 6 31 55 55
0918_0044_0029_0038_0038.jpg 1 44 29 38 38
0919_0017_0024_0037_0037.jpg 1 17 24 37 37
0920_0007_0029_0064_0064.jpg 1 7 29 64 64
0921_0060_0027_0028_0028.jpg 1 60 27 28 28
0922_0044_0018_0029_0029.jpg 1 44 18 29 29
0923_0008_0041_0025_0025.jpg 1 8 41 25 25
0924_0041_0013_0051_0051.jpg 1 41 13 51 51
0925_0018_0014_0035_0035.jpg 1 18 14 35 35
0926_0040_0034_0042_0042.jpg 1 40 34 42 42
0927_0040_0021_0038_0038.jpg 1 40 21 38 38
0928_0062_0052_0030_0030.jpg 1 62 52 30 30
0929_0030_0050_0025_0025.jpg 1 30 50 25 25
0930_0036_0039_0047_0047.jpg 1 36 39 47 47
0931_0024_0018_0067_0067.jpg 1 24 18 67 67
0932_0021_0024_0054_0054.jpg 1 21 24 54 54
0933_0046_0023_0039_0039.jpg 1 46 23 39 39
0934_0030_0053_0026_0026.jpg 1 30 53 26 26
0935_0014_0026_0068_0068.jpg 1 14 26 68 68
0936_0031_0029_0063_0063.jpg 1 31 29 63 63
0937_0052_0034_0041_0041.jpg 1 52 34 41 41
0938_0022_0046_0038_0038.jpg 1 22 46 38 38
0939_0005_0022_0065_0065.jpg 1 5 22 65 65
0940_0023_0018_0036_0036.jpg 1 23 18 36 36
0941_0009_0036_0030_0030.jpg 1 9 36 30 30
0942_0004_0032_0057_0057.jpg 1 4 32 57 57
0943_0023_0030_0034_0034.jpg 1 23 30 34 34
0944_0032_0019_0056_0056.jpg 1 32 19 56 56
0945_0039_0009_0053_0053.jpg 1 39 9 53 53
0946_0036_0052_0027_0027.jpg 1 36 52 27 27
0947_0007_0023_0055_0055.jpg 1 7 23 55 55
0948_0026_0038_0053_0053.jpg 1 26 38 53 53
0949_0009_0037_0045_0045.jpg 1 9 37 45 45
0950_0031_0008_0027_0027.jpg 1 31 8 27 27
0951_0010_0007_0056_0056.jpg 1 10 7 56 56
0952_0043_0015_0046_0046.jpg 1 43 15 46 46
0953_0014_0010_0069_0069.jpg 1 14 10 69 69
0954_0039_0033_0048_0048.jpg 1 39 33 48 48
0955_0013_0029_0058_0058.jpg 1 13 29 58 58
0956_0052_0032_0029_0029.jpg 1 52 32 29 29
0957_0011_0031_0062_0062.jpg 1 11 31 62 62
0958_0032_0004_0064_0064.jpg 1 32 4 64 64
0959_0034_0035_0056_0056.jpg 1 34 35 56 56
0960_0011_0031_0030_0030.jpg 1 11 31 30 30
0961_0052_0008_0035_0035.jpg 1 52 8 35 35
0962_0022_0042_0048_0048.jpg 1 22 42 48 48
0963_0008_0055_0034_0034.jpg 1 8 55 34 34
0964_0012_0019_0037_0037.jpg 1 12 19 37 37
0965_0042_0050_0043_0043.jpg 1 42 50 43 43
0966_0039_0061_0030_0030.jpg 1 39 61 30 30
0967_0026_0051_0032_0032.jpg 1 26 51 32 32
0968_0029_0023_0060_0060.jpg 1 29 23 60 60
0969_0016_0008_0065_0065.jpg 1 16 8 65 65
0970_0060_0020_0029_0029.jpg 1 60 20 29 29
0971_0025_0015_0065_0065.jpg 1 25 15 65 65
0972_0011_0007_0061_0061.jpg 1 11 7 61 61
0973_0005_0020_0069_0069.jpg 1 5 20 69 69
0974_0021_0011_0066_0066.jpg 1 21 11 66 66
0975_0024_0032_0056_0056.jpg 1 24 32 56 56
0976_0035_0029_0057_0057.jpg 1 35 29 57 57
0977_0041_0035_0027_0027.jpg 1 41 35 27 27
0978_0030_0042_0046_0046.jpg 1 30 42 46 46
0979_0009_0041_0031_0031.jpg 1 9 41 31 31
0980_0017_0011_0050_0050.jpg 1 17 11 50 50
0981_0033_0055_0025_0025.jpg 1 33 55 25 25
0982_0010_0045_0047_0047.jpg 1 10 45 47 47
0983_0027_0029_0048_0048.jpg 1 27 29 48 48
0984_0049_0013_0041_0041.jpg 1 49 13 41 41
0985_0027_0027_0050_0050.jpg 1 27 27 50 50
0986_0004_0013_0068_0068.jpg 1 4 13 68 68
0987_0022_0050_0029_0029.jpg 1 22 50 29 29
0988_0008_0044_0049_0049.jpg 1 8 44 49 49
0989_0013_0034_0054_0054.jpg 1 13 34 54 54
0990_0029_0016_0039_0039.jpg 1 29 16 39 39
0991_0014_0040_0051_0051.jpg 1 14 40 51 51
0992_0046_0039_0038_0038.jpg 1 46 39 38 38
0993_0028_0033_0063_0063.jpg 1 28 33 63 63
0994_0044_0057_0027_0027.jpg 1 44 57 27 27
0995_0006_0047_0046_0046.jpg 1 6 47 46 46
0996_0024_0017_0067_0067.jpg 1 24 17 67 67
0997_0037_0015_0054_0054.jpg 1 37 15 54 54
0998_0023_0023_0067_0067.jpg 1 23 23 67 67
0999_0038_0021_0044_0044.jpg 1 38 21 44 44
1000_0011_0029_0037_0037.jpg 1 11 29 37 37
1001_0058_0019_0024_0024.jpg 1 58 19 24 24
1002_0008_0033_0044_0044.jpg 1 8 33 44 44
1003_0034_0016_0055_0055.jpg 1 34 16 55 55
1004_0021_0022_0026_0026.jpg 1 21 22 26 26
1005_0044_0033_0046_0046.jpg 1 44 33 46 46
1006_0034_0050_0029_0029.jpg 1 34 50 29 29
1007_0010_0026_0038_0038.jpg 1 10 26 38 38
1008_0052_0012_0033_0033.jpg 1 52 12 33 33
1009_0004_0022_0060_0060.jpg 1 4 22 60 60
1010_0021_0018_0066_0066.jpg 1 21 18 66 66
1011_0015_0030_0058_0058.jpg 1 15 30 58 58
1012_0041_0050_0039_0039.jpg 1 41 50 39 39
1013_0043_0015_0032_0032.jpg 1 43 15 32 32
1014_0030_0029_0056_0056.jpg 1 30 29 56 56
1015_0033_0038_0027_0027.jpg 1 33 38 27 27
1016_0043_0043_0028_0028.jpg 1 43 43 28 28
1017_0035_0017_0054_0054.jpg 1 35 17 54 54
1018_0017_0041_0045_0045.jpg 1 17 41 45 45
1019_0012_0015_0042_0042.jpg 1 12 15 42 42
1020_0011_0037_0045_0045.jpg 1 11 37 45 45
1021_0037_0008_0048_0048.jpg 1 37 8 48 48
1022_0007_0021_0060_0060.jpg 1 7 21 60 60
1023_0053_0008_0036_0036.jpg 1 53 8 36 36
1024_0036_0029_0033_0033.jpg 1 36 29 33 33
1025_0038_0032_0053_0053.jpg 1 38 32 53 53
1026_0020_0012_0033_0033.jpg 1 20 12 33 33
1027_0025_0012_0069_0069.jpg 1 25 12 69 69
1028_0049_0021_0033_0033.jpg 1 49 21 33 33
1029_0023_0017_0065_0065.jpg 1 23 17 65 65
1030_0036_0029_0049_0049.jpg 1 36 29 49 49
1031_0047_0015_0027_0027.jpg 1 47 15 27 27
1032_0011_0012_0064_0064.jpg 1 11 12 64 64
1033_0034_0038_0047_0047.jpg 1 34 38 47 47
1034_0032_0025_0041_0041.jpg 1 32 25 41 41
1035_0017_0005_0049_0049.jpg 1 17 5 49 49
1036_0033_0030_0047_0047.jpg 1 33 30 47 47
1037_0009_0029_0042_0042.jpg 1 9 29 42 42
1038_0023_0035_0040_0040.jpg 1 23 35 40 40
1039_0052_0053_0040_0040.jpg 1 52 53 40 40
1040_0040_0022_0054_0054.jpg 1 40 22 54 54
1041_0036_0024_0052_0052.jpg 1 36 24 52 52
1042_0029_0014_0046_0046.jpg 1 29 14 46 46
1043_0006_0026_0058_0058.jpg 1 6 26 58 58
1044_0013_0009_0046_0046.jpg 1 13 9 46 46
1045_0020_0004_0056_0056.jpg 1 20 4 56 56
1046_0007_0029_0056_0056.jpg 1 7 29 56 56
1047_0042_0027_0052_0052.jpg 1 42 27 52 52
1048_0025_0038_0033_0033.jpg 1 25 38 33 33
1049_0062_0055_0025_0025.jpg 1 62 55 25 25
1050_0023_0027_0028_0028.jpg 1 23 27 28 28
1051_0029_0025_0066_0066.jpg 1 29 25 66 66
1052_0020_0034_0041_0041.jpg 1 20 34 41 41
1053_0032_0051_0033_0033.jpg 1 32 51 33 33
1054_0041_0030_0038_0038.jpg 1 41 30 38 38
1055_0007_0065_0024_0024.jpg 1 7 65 24 24
1056_0036_0036_0040_0040.jpg 1 36 36 40 40
1057_0033_0025_0044_0044.jpg 1 33 25 44 44
1058_0007_0004_0067_0067.jpg 1 7 4 67 67
1059_0051_0059_0026_0026.jpg 1 51 59 26 26
1060_0025_0019_0052_0052.jpg 1 25 19 52 52
1061_0026_0024_0066_0066.jpg 1 26 24 66 66
1062_0015_0025_0068_0068.jpg 1 15 25 68 68
1063_0022_0048_0040_0040.jpg 1 22 48 40 40
1064_0043_0012_0029_0029.jpg 1 43 12 29 29
1065_0040_0014_0033_0033.jpg 1 40 14 33 33
1066_0010_0003_0068_0068.jpg 1 10 3 68 68
1067_0012_0009_0060_0060.jpg 1 12 9 60 60
1068_0034_0005_0059_0059.jpg 1 34 5 59 59
1069_0014_0024_0048_0048.jpg 1 14 24 48 48
1070_0010_0013_0054_0054.jpg 1 10 13 54 54
1071_0024_0016_0029_0029.jpg 1 24 16 29 29
1072_0028_0033_0053_0053.jpg 1 28 33 53 53
1073_0036_0031_0039_0039.jpg 1 36 31 39 39
1074_0016_0023_0033_0033.jpg 1 16 23 33 33
1075_0020_0046_0044_0044.jpg 1 20 46 44 44
1076_0006_0030_0049_0049.jpg 1 6 30 49 49
1077_0022_0027_0042_0042.jpg 1 22 27 42 42
1078_0008_0020_0049_0049.jpg 1 8 20 49 49
1079_0017_0025_0045_0045.jpg 1 17 25 45 45
1080_0029_0055_0034_0034.jpg 1 29 55 34 34
1081_0021_0009_0046_0046.jpg 1 21 9 46 46
1082_0031_0014_0064_0064.jpg 1 31 14 64 64
1083_0025_0008_0068_0068.jpg 1 25 8 68 68
1084_0032_0020_0063_0063.jpg 1 32 20 63 63
1085_0047_0017_0047_0047.jpg 1 47 17 47 47
1086_0007_0015_0066_0066.jpg 1 7 15 66 66
1087_0041_0025_0030_0030.jpg 1 41 25 30 30
1088_0028_0017_0039_0039.jpg 1 28 17 39 39
1089_0047_0025_0024_0024.jpg 1 47 25 24 24
1090_0016_0013_0041_0041.jpg 1 16 13 41 41
1091_0021_0005_0068_0068.jpg 1 21 5 68 68
1092_0016_0031_0057_0057.jpg 1 16 31 57 57
1093_0044_0016_0047_0047.jpg 1 44 16 47 47
1094_0043_0008_0035_0035.jpg 1 43 8 35 35
1095_0035_0015_0051_0051.jpg 1 35 15 51 51
1096_0027_0034_0050_0050.jpg 1 27 34 50 50
1097_0011_0016_0064_0064.jpg 1 11 16 64 64
1098_0013_0052_0034_0034.jpg 1 13 52 34 34
1099_0034_0021_0056_0056.jpg 1 34 21 56 56
1100_0022_0030_0039_0039.jpg 1 22 30 39 39
1101_0038_0028_0056_0056.jpg 1 38 28 56 56
1102_0047_0014_0028_0028.jpg 1 47 14 28 28
1103_0009_0020_0066_0066.jpg 1 9 20 66 66
1104_0010_0034_0057_0057.jpg 1 10 34 57 57
1105_0005_0031_0056_0056.jpg 1 5 31 56 56
1106_0027_0021_0029_0029.jpg 1 27 21 29 29
1107_0021_0020_0030_0030.jpg 1 21 20 30 30
1108_0045_0030_0027_0027.jpg 1 45 30 27 27
1109_0065_0051_0027_0027.jpg 1 65 51 27 27
1110_0034_0012_0037_0037.jpg 1 34 12 37 37
1111_0014_0024_0065_0065.jpg 1 14 24 65 65
1112_0013_0024_0057_0057.jpg 1 13 24 57 57
1113_0029_0016_0062_0062.jpg 1 29 16 62 62
1114_0008_0014_0064_0064.jpg 1 8 14 64 64
1115_0032_0006_0062_0062.jpg 1 32 6 62 62
1116_0027_0030_0043_0043.jpg 1 27 30 43 43
1117_0052_0036_0034_0034.jpg 1 52 36 34 34
1118_0014_0034_0056_0056.jpg 1 14 34 56 56
1119_0027_0025_0066_0066.jpg 1 27 25 66 66
1120_0017_0008_0054_0054.jpg 1 17 8 54 54
1121_0039_0032_0031_0031.jpg 1 39 32 31 31
1122_0015_0038_0048_0048.jpg 1 15 38 48 48
1123_0061_0050_0024_0024.jpg 1 61 50 24 24
1124_0042_0031_0026_0026.jpg 1 42 31 26 26
1125_0029_0011_0045_0045.jpg 1 29 11 45 45
1126_0022_0027_0044_0044.jpg 1 22 27 44 44
1127_0016_0061_0027_0027.jpg 1 16 61 27 27
1128_0017_0008_0059_0059.jpg 1 17 8 59 59
1129_0016_0046_0039_0039.jpg 1 16 46 39 39
1130_0055_0027_0033_0033.jpg 1 55 27 33 33
1131_0012_0028_0051_0051.jpg 1 12 28 51 51
1132_0013_0033_0060_0060.jpg 1 13 33 60 60
1133_0037_0016_0055_0055.jpg 1 37 16 55 55
1134_0034_0026_0057_0057.jpg 1 34 26 57 57
1135_0056_0012_0026_0026.jpg 1 56 12 26 26
1136_0050_0039_0044_0044.jpg 1 50 39 44 44
1137_0030_0020_0051_0051.jpg 1 30 20 51 51
1138_0055_0029_0036_0036.jpg 1 55 29 36 36
1139_0060_0023_0030_0030.jpg 1 60 23 30 30
1140_0019_0018_0052_0052.jpg 1 19 18 52 52
1141_0047_0006_0047_0047.jpg 1 47 6 47 47
1142_0013_0013_0067_0067.jpg 1 13 13 67 67
1143_0033_0017_0035_0035.jpg 1 33 17 35 35
1144_0017_0031_0035_0035.jpg 1 17 31 35 35
1145_0031_0031_0063_0063.jpg 1 31 31 63 63
1146_0049_0050_0029_0029.jpg 1 49 50 29 29
1147_0013_0008_0061_0061.jpg 1 13 8 61 61
1148_0012_0019_0053_0053.jpg 1 12 19 53 53
1149_0048_0055_0032_0032.jpg 1 48 55 32 32
1150_0039_0008_0055_0055.jpg 1 39 8 55 55
1151_0034_0008_0056_0056.jpg 1 34 8 56 56
1152_0022_0009_0065_0065.jpg 1 22 9 65 65
1153_0005_0007_0056_0056.jpg 1 5 7 56 56
1154_0011_0024_0044_0044.jpg 1 11 24 44 44
1155_0020_0021_0048_0048.jpg 1 20 21 48 48
1156_0041_0016_0032_0032.jpg 1 41 16 32 32
1157_0016_0027_0051_0051.jpg 1 16 27 51 51
1158_0017_0030_0051_0051.jpg 1 17 30 51 51
1159_0037_0039_0028_0028.jpg 1 37 39 28 28
1160_0033_0018_0035_0035.jpg 1 33 18 35 35
1161_0009_0029_0040_0040.jpg 1 9 29 40 40
1162_0016_0027_0069_0069.jpg 1 16 27 69 69
1163_0016_0011_0059_0059.jpg 1 16 11 59 59
1164_0008_0012_0055_0055.jpg 1 8 12 55 55
1165_0039_0036_0037_0037.jpg 1 39 36 37 37
1166_0027_0014_0050_0050.jpg 1 27 14 50 50
1167_0011_0009_0060_0060.jpg 1 11 9 60 60
1168_0027_0021_0039_0039.jpg 1 27 21 39 39
1169_0007_0024_0057_0057.jpg 1 7 24 57 57
1170_0034_0016_0056_0056.jpg 1 34 16 56 56
1171_0022_0030_0057_0057.jpg 1 22 30 57 57
1172_0024_0018_0057_0057.jpg 1 24 18 57 57
1173_0044_0023_0048_0048.jpg 1 44 23 48 48
1174_0020_0026_0052_0052.jpg 1 20 26 52 52
1175_0026_0018_0060_0060.jpg 1 26 18 60 60
1176_0036_0031_0039_0039.jpg 1 36 31 39 39
1177_0016_0044_0040_0040.jpg 1 16 44 40 40
1178_0025_0037_0055_0055.jpg 1 25 37 55 55
1179_0010_0059_0034_0034.jpg 1 10 59 34 34
1180_0035_0013_0027_0027.jpg 1 35 13 27 27
1181_0022_0029_0030_0030.jpg 1 22 29 30 30
1182_0005_0021_0065_0065.jpg 1 5 21 65 65
1183_0028_0035_0057_0057.jpg 1 28 35 57 57
1184_0037_0022_0050_0050.jpg 1 37 22 50 50
1185_0034_0023_0043_0043.jpg 1 34 23 43 43
1186_0046_0030_0032_0032.jpg 1 46 30 32 32
1187_0013_0030_0059_0059.jpg 1 13 30 59 59
1188_0036_0005_0053_0053.jpg 1 36 5 53 53
1189_0034_0031_0055_0055.jpg 1 34 31 55 55
1190_0016_0035_0058_0058.jpg 1 16 35 58 58
1191_0004_0024_0068_0068.jpg 1 4 24 68 68
1192_0016_0043_0050_0050.jpg 1 16 43 50 50
1193_0019_0024_0059_0059.jpg 1 19 24 59 59
1194_0036_0007_0051_0051.jpg 1 36 7 51 51
1195_0027_0005_0046_0046.jpg 1 27 5 46 46
1196_0013_0018_0048_0048.jpg 1 13 18 48 48
1197_0047_0038_0038_0038.jpg 1 47 38 38 38
1198_0024_0016_0055_0055.jpg 1 24 16 55 55
1199_0030_0030_0044_0044.jpg 1 30 30 44 44
1200_0025_0015_0067_0067.jpg 1 25 15 67 67
1201_0027_0016_0068_0068.jpg 1 27 16 68 68
1202_0043_0020_0046_0046.jpg 1 43 20 46 46
1203_0011_0023_0033_0033.jpg 1 11 23 33 33
1204_0019_0017_0066_0066.jpg 1 19 17 66 66
1205_0016_0008_0065_0065.jpg 1 16 8 65 65
1206_0030_0011_0037_0037.jpg 1 30 11 37 37
1207_0006_0009_0061_0061.jpg 1 6 9 61 61
1208_0039_0032_0048_0048.jpg 1 39 32 48 48
1209_0027_0018_0029_0029.jpg 1 27 18 29 29
1210_0025_0016_0051_0051.jpg 1 25 16 51 51
1211_0023_0023_0040_0040.jpg 1 23 23 40 40
1212_0042_0036_0034_0034.jpg 1 42 36 34 34
1213_0003_0010_0066_0066.jpg 1 3 10 66 66
1214_0027_0046_0043_0043.jpg 1 27 46 43 43
1215_0031_0046_0039_0039.jpg 1 31 46 39 39
1216_0011_0043_0036_0036.jpg 1 11 43 36 36
1217_0061_0037_0028_0028.jpg 1 61 37 28 28
1218_0033_0013_0059_0059.jpg 1 33 13 59 59
1219_0052_0045_0026_0026.jpg 1 52 45 26 26
1220_0016_0024_0069_0069.jpg 1 16 24 69 69
1221_0036_0040_0048_0048.jpg 1 36 40 48 48
1222_0013_0023_0069_0069.jpg 1 13 23 69 69
1223_0023_0014_0068_0068.jpg 1 23 14 68 68
1224_0008_0017_0036_0036.jpg 1 8 17 36 36
1225_0053_0022_0040_0040.jpg 1 53 22 40 40
1226_0044_0012_0026_0026.jpg 1 44 12 26 26
1227_0049_0043_0028_0028.jpg 1 49 43 28 28
1228_0027_0006_0065_0065.jpg 1 27 6 65 65
1229_0005_0032_0048_0048.jpg 1 5 32 48 48
1230_0051_0026_0029_0029.jpg 1 51 26 29 29
1231_0049_0051_0038_0038.jpg 1 49 51 38 38
1232_0021_0007_0062_0062.jpg 1 21 7 62 62
1233_0058_0030_0026_0026.jpg 1 58 30 26 26
1234_0037_0037_0054_0054.jpg 1 37 37 54 54
1235_0024_0021_0064_0064.jpg 1 24 21 64 64
1236_0030_0021_0060_0060.jpg 1 30 21 60 60
1237_0013_0024_0043_0043.jpg 1 13 24 43 43
1238_0035_0030_0026_0026.jpg 1 35 30 26 26
1239_0033_0006_0052_0052.jpg 1 33 6 52 52
1240_0016_0042_0041_0041.jpg 1 16 42 41 41
1241_0027_0011_0068_0068.jpg 1 27 11 68 68
1242_0015_0012_0065_0065.jpg 1 15 12 65 65
1243_0016_0043_0046_0046.jpg 1 16 43 46 46
1244_0010_0029_0055_0055.jpg 1 10 29 55 55
1245_0034_0041_0037_0037.jpg 1 34 41 37 37
1246_0057_0019_0036_0036.jpg 1 57 19 36 36
1247_0016_0021_0060_0060.jpg 1 16 21 60 60
1248_0043_0005_0047_0047.jpg 1 43 5 47 47
1249_0029_0031_0049_0049.jpg 1 29 31 49 49
1250_0031_0025_0036_0036.jpg 1 31 25 36 36
1251_0035_0025_0055_0055.jpg 1 35 25 55 55
1252_0008_0023_0059_0059.jpg 1 8 23 59 59
1253_0020_0003_0066_0066.jpg 1 20 3 66 66
1254_0023_0039_0037_0037.jpg 1 23 39 37 37
1255_0046_0006_0043_0043.jpg 1 46 6 43 43
1256_0007_0029_0066_0066.jpg 1 7 29 66 66
1257_0010_0026_0066_0066.jpg 1 10 26 66 66
1258_0042_0025_0045_0045.jpg 1 42 25 45 45
1259_0007_0026_0062_0062.jpg 1 7 26 62 62
1260_0031_0034_0038_0038.jpg 1 31 34 38 38
1261_0031_0029_0059_0059.jpg 1 31 29 59 59
1262_0005_0022_0065_0065.jpg 1 5 22 65 65
1263_0016_0037_0056_0056.jpg 1 16 37 56 56
1264_0006_0014_0049_0049.jpg 1 6 14 49 49
1265_0016_0013_0062_0062.jpg 1 16 13 62 62
1266_0047_0026_0035_0035.jpg 1 47 26 35 35
1267_0042_0028_0025_0025.jpg 1 42 28 25 25
1268_0022_0017_0063_0063.jpg 1 22 17 63 63
1269_0021_0012_0065_0065.jpg 1 21 12 65 65
1270_0009_0026_0067_0067.jpg 1 9 26 67 67
1271_0038_0036_0048_0048.jpg 1 38 36 48 48
1272_0012_0043_0044_0044.jpg 1 12 43 44 44
1273_0024_0014_0055_0055.jpg 1 24 14 55 55
1274_0011_0019_0053_0053.jpg 1 11 19 53 53
1275_0027_0010_0067_0067.jpg 1 27 10 67 67
1276_0010_0014_0069_0069.jpg 1 10 14 69 69
1277_0040_0055_0027_0027.jpg 1 40 55 27 27
1278_0026_0013_0047_0047.jpg 1 26 13 47 47
1279_0026_0040_0043_0043.jpg 1 26 40 43 43
1280_0021_0009_0062_0062.jpg 1 21 9 62 62
1281_0013_0042_0050_0050.jpg 1 13 42 50 50
1282_0017_0008_0057_0057.jpg 1 17 8 57 57
1283_0022_0010_0067_0067.jpg 1 22 10 67 67
1284_0046_0011_0047_0047.jpg 1 46 11 47 47
1285_0009_0020_0055_0055.jpg 1 9 20 55 55
1286_0035_0033_0059_0059.jpg 1 35 33 59 59
1287_0023_0014_0051_0051.jpg 1 23 14 51 51
1288_0065_0010_0026_0026.jpg 1 65 10 26 26
1289_0053_0024_0035_0035.jpg 1 53 24 35 35
1290_0013_0021_0061_0061.jpg 1 13 21 61 61
1291_0053_0009_0026_0026.jpg 1 53 9 26 26
1292_0029_0033_0040_0040.jpg 1 29 33 40 40
1293_0032_0010_0061_0061.jpg 1 32 10 61 61
1294_0023_0052_0028_0028.jpg 1 23 52 28 28
1295_0004_0011_0064_0064.jpg 1 4 11 64 64
1296_0025_0031_0053_0053.jpg 1 25 31 53 53
1297_0021_0038_0026_0026.jpg 1 21 38 26 26
1298_0024_0017_0039_0039.jpg 1 24 17 39 39
1299_0022_0007_0068_0068.jpg 1 22 7 68 68
1300_0016_0010_0054_0054.jpg 1 16 10 54 54
1301_0036_0010_0030_0030.jpg 1 36 10 30 30
1302_0048_0007_0024_0024.jpg 1 48 7 24 24
1303_0016_0033_0060_0060.jpg 1 16 33 60 60
1304_0055_0043_0036_0036.jpg 1 55 43 36 36
1305_0057_0026_0027_0027.jpg 1 57 26 27 27
1306_0020_0030_0064_0064.jpg 1 20 30 64 64
1307_0012_0006_0069_0069.jpg 1 12 6 69 69
1308_0021_0030_0054_0054.jpg 1 21 30 54 54
1309_0042_0056_0027_0027.jpg 1 42 56 27 27
1310_0054_0010_0032_0032.jpg 1 54 10 32 32
1311_0039_0011_0047_0047.jpg 1 39 11 47 47
1312_0019_0009_0060_0060.jpg 1 19 9 60 60
1313_0012_0017_0068_0068.jpg 1 12 17 68 68
1314_0029_0058_0032_0032.jpg 1 29 58 32 32
1315_0033_0029_0029_0029.jpg 1 33 29 29 29
1316_0016_0019_0059_0059.jpg 1 16 19 59 59
1317_0036_0016_0051_0051.jpg 1 36 16 51 51
1318_0011_0049_0044_0044.jpg 1 11 49 44 44
1319_0023_0029_0060_0060.jpg 1 23 29 60 60
1320_0054_0032_0033_0033.jpg 1 54 32 33 33
1321_0034_0061_0030_0030.jpg 1 34 61 30 30
1322_0054_0056_0032_0032.jpg 1 54 56 32 32
1323_0058_0018_0024_0024.jpg 1 58 18 24 24
1324_0010_0007_0049_0049.jpg 1 10 7 49 49
1325_0043_0010_0044_0044.jpg 1 43 10 44 44
1326_0012_0006_0059_0059.jpg 1 12 6 59 59
1327_0010_0040_0032_0032.jpg 1 10 40 32 32
1328_0022_0022_0052_0052.jpg 1 22 22 52 52
1329_0043_0010_0049_0049.jpg 1 43 10 49 49
1330_0018_0027_0067_0067.jpg 1 18 27 67 67
1331_0011_0022_0068_0068.jpg 1 11 22 68 68
1332_0013_0022_0059_0059.jpg 1 13 22 59 59
1333_0014_0025_0066_0066.jpg 1 14 25 66 66
1334_0035_0013_0038_0038.jpg 1 35 13 38 38
1335_0024_0013_0058_0058.jpg 1 24 13 58 58
1336_0007_0024_0041_0041.jpg 1 7 24 41 41
1337_0015_0019_0065_0065.jpg 1 15 19 65 65
1338_0024_0019_0054_0054.jpg 1 24 19 54 54
1339_0024_0009_0067_0067.jpg 1 24 9 67 67
1340_0055_0027_0036_0036.jpg 1 55 27 36 36
1341_0025_0061_0026_0026.jpg 1 25 61 26 26
1342_0051_0023_0040_0040.jpg 1 51 23 40 40
1343_0033_0023_0039_0039.jpg 1 33 23 39 39
1344_0029_0027_0067_0067.jpg 1 29 27 67 67
1345_0035_0035_0048_0048.jpg 1 35 35 48 48
1346_0020_0014_0056_0056.jpg 1 20 14 56 56
1347_0012_0030_0048_0048.jpg 1 12 30 48 48
1348_0050_0033_0028_0028.jpg 1 50 33 28 28
1349_0019_0038_0045_0045.jpg 1 19 38 45 45
1350_0041_0020_0040_0040.jpg 1 41 20 40 40
1351_0025_0023_0039_0039.jpg 1 25 23 39 39
1352_0009_0006_0066_0066.jpg 1 9 6 66 66
1353_0037_0048_0041_0041.jpg 1 37 48 41 41
1354_0021_0036_0053_0053.jpg 1 21 36 53 53
1355_0031_0058_0025_0025.jpg 1 31 58 25 25
1356_0041_0048_0045_0045.jpg 1 41 48 45 45
1357_0015_0033_0046_0046.jpg 1 15 33 46 46
1358_0027_0028_0067_0067.jpg 1 27 28 67 67
1359_0019_0021_0064_0064.jpg 1 19 21 64 64
1360_0016_0032_0027_0027.jpg 1 16 32 27 27
1361_0012_0027_0029_0029.jpg 1 12 27 29 29
1362_0017_0051_0029_0029.jpg 1 17 51 29 29
1363_0026_0043_0040_0040.jpg 1 26 43 40 40
1364_0035_0026_0056_0056.jpg 1 35 26 56 56
1365_0061_0051_0027_0027.jpg 1 61 51 27 27
1366_0029_0026_0063_0063.jpg 1 29 26 63 63
1367_0023_0021_0055_0055.jpg 1 23 21 55 55
1368_0041_0041_0040_0040.jpg 1 41 41 40 40
1369_0059_0021_0024_0024.jpg 1 59 21 24 24
1370_0062_0018_0024_0024.jpg 1 62 18 24 24
1371_0023_0015_0028_0028.jpg 1 23 15 28 28
1372_0014_0029_0040_0040.jpg 1 14 29 40 40
1373_0012_0010_0062_0062.jpg 1 12 10 62 62
1374_0043_0035_0025_0025.jpg 1 43 35 25 25
1375_0051_0010_0033_0033.jpg 1 51 10 33 33
1376_0017_0014_0062_0062.jpg 1 17 14 62 62
1377_0058_0041_0025_0025.jpg 1 58 41 25 25
1378_0024_0033_0038_0038.jpg 1 24 33 38 38
1379_0048_0032_0045_0045.jpg 1 48 32 45 45
1380_0032_0010_0026_0026.jpg 1 32 10 26 26
1381_0020_0064_0027_0027.jpg 1 20 64 27 27
1382_0031_0017_0049_0049.jpg 1 31 17 49 49
1383_0048_0030_0046_0046.jpg 1 48 30 46 46
1384_0015_0033_0059_0059.jpg 1 15 33 59 59
1385_0004_0014_0060_0060.jpg 1 4 14 60 60
1386_0051_0051_0032_0032.jpg 1 51 51 32 32
1387_0032_0038_0042_0042.jpg 1 32 38 42 42
1388_0040_0012_0052_0052.jpg 1 40 12 52 52
1389_0028_0039_0056_0056.jpg 1 28 39 56 56
1390_0005_0037_0054_0054.jpg 1 5 37 54 54
1391_0038_0056_0035_0035.jpg 1 38 56 35 35
1392_0045_0027_0048_0048.jpg 1 45 27 48 48
1393_0019_0019_0048_0048.jpg 1 19 19 48 48
1394_0005_0011_0066_0066.jpg 1 5 11 66 66
1395_0014_0047_0043_0043.jpg 1 14 47 43 43
1396_0036_0020_0026_0026.jpg 1 36 20 26 26
1397_0038_0008_0039_0039.jpg 1 38 8 39 39
1398_0016_0012_0057_0057.jpg 1 16 12 57 57
1399_0012_0007_0065_0065.jpg 1 12 7 65 65
1400_0018_0029_0056_0056.jpg 1 18 29 56 56
1401_0049_0031_0031_0031.jpg 1 49 31 31 31
1402_0039_0050_0024_0024.jpg 1 39 50 24 24
1403_0035_0024_0058_0058.jpg 1 35 24 58 58
1404_0026_0042_0045_0045.jpg 1 26 42 45 45
1405_0014_0054_0033_0033.jpg 1 14 54 33 33
1406_0040_0046_0037_0037.jpg 1 40 46 37 37
1407_0038_0049_0043_0043.jpg 1 38 49 43 43
1408_0022_0028_0024_0024.jpg 1 22 28 24 24
1409_0025_0019_0037_0037.jpg 1 25 19 37 37
1410_0066_0017_0026_0026.jpg 1 66 17 26 26
1411_0057_0009_0034_0034.jpg 1 57 9 34 34
1412_0049_0015_0031_0031.jpg 1 49 15 31 31
1413_0015_0014_0034_0034.jpg 1 15 14 34 34
1414_0046_0029_0028_0028.jpg 1 46 29 28 28
1415_0024_0010_0050_0050.jpg 1 24 10 50 50
1416_0039_0045_0036_0036.jpg 1 39 45 36 36
1417_0016_0028_0030_0030.jpg 1 16 28 30 30
1418_0029_0010_0064_0064.jpg 1 29 10 64 64
1419_0027_0025_0042_0042.jpg 1 27 25 42 42
1420_0035_0031_0050_0050.jpg 1 35 31 50 50
1421_0025_0011_0067_0067.jpg 1 25 11 67 67
1422_0016_0009_0068_0068.jpg 1 16 9 68 68
1423_0017_0016_0053_0053.jpg 1 17 16 53 53
1424_0017_0032_0049_0049.jpg 1 17 32 49 49
1425_0015_0016_0051_0051.jpg 1 15 16 51 51
1426_0013_0047_0041_0041.jpg 1 13 47 41 41
1427_0036_0043_0044_0044.jpg 1 36 43 44 44
1428_0027_0021_0038_0038.jpg 1 27 21 38 38
1429_0014_0041_0049_0049.jpg 1 14 41 49 49
1430_0027_0004_0067_0067.jpg 1 27 4 67 67
1431_0006_0005_0054_0054.jpg 1 6 5 54 54
1432_0031_0019_0024_0024.jpg 1 31 19 24 24
1433_0050_0028_0032_0032.jpg 1 50 28 32 32
1434_0014_0018_0055_0055.jpg 1 14 18 55 55
1435_0053_0021_0032_0032.jpg 1 53 21 32 32
1436_0019_0030_0030_0030.jpg 1 19 30 30 30
1437_0014_0007_0069_0069.jpg 1 14 7 69 69
1438_0009_0049_0032_0032.jpg 1 9 49 32 32
1439_0022_0041_0037_0037.jpg 1 22 41 37 37
1440_0049_0060_0024_0024.jpg 1 49 60 24 24
1441_0057_0062_0029_0029.jpg 1 57 62 29 29
1442_0020_0042_0024_0024.jpg 1 20 42 24 24
1443_0021_0042_0028_0028.jpg 1 21 42 28 28
1444_0006_0020_0069_0069.jpg 1 6 20 69 69
1445_0031_0019_0056_0056.jpg 1 31 19 56 56
1446_0052_0067_0024_0024.jpg 1 52 67 24 24
1447_0032_0025_0063_0063.jpg 1 32 25 63 63
1448_0034_0045_0024_0024.jpg 1 34 45 24 24
1449_0044_0019_0035_0035.jpg 1 44 19 35 35
1450_0021_0022_0059_0059.jpg 1 21 22 59 59
1451_0015_0039_0040_0040.jpg 1 15 39 40 40
1452_0025_0012_0064_0064.jpg 1 25 12 64 64
1453_0010_0024_0067_0067.jpg 1 10 24 67 67
1454_0010_0016_0066_0066.jpg 1 10 16 66 66
1455_0049_0023_0038_0038.jpg 1 49 23 38 38
1456_0021_0034_0054_0054.jpg 1 21 34 54 54
1457_0037_0026_0028_0028.jpg 1 37 26 28 28
1458_0015_0043_0049_0049.jpg 1 15 43 49 49
1459_0005_0011_0058_0058.jpg 1 5 11 58 58
1460_0012_0054_0027_0027.jpg 1 12 54 27 27
1461_0015_0022_0047_0047.jpg 1 15 22 47 47
1462_0021_0026_0050_0050.jpg 1 21 26 50 50
1463_0048_0043_0037_0037.jpg 1 48 43 37 37
1464_0006_0008_0061_0061.jpg 1 6 8 61 61
1465_0020_0011_0062_0062.jpg 1 20 11 62 62
1466_0065_0046_0027_0027.jpg 1 65 46 27 27
1467_0010_0032_0056_0056.jpg 1 10 32 56 56
1468_0023_0006_0067_0067.jpg 1 23 6 67 67
1469_0028_0008_0066_0066.jpg 1 28 8 66 66
1470_0024_0033_0057_0057.jpg 1 24 33 57 57
1471_0051_0062_0028_0028.jpg 1 51 62 28 28
1472_0013_0044_0041_0041.jpg 1 13 44 41 41
1473_0007_0052_0036_0036.jpg 1 7 52 36 36
1474_0054_0015_0032_0032.jpg 1 54 15 32 32
1475_0050_0050_0042_0042.jpg 1 50 50 42 42
1476_0061_0043_0026_0026.jpg 1 61 43 26 26
1477_0035_0054_0039_0039.jpg 1 35 54 39 39
1478_0037_0030_0040_0040.jpg 1 37 30 40 40
1479_0026_0004_0054_0054.jpg 1 26 4 54 54
1480_0010_0022_0046_0046.jpg 1 10 22 46 46
1481_0011_0007_0065_0065.jpg 1 11 7 65 65
1482_0018_0008_0066_0066.jpg 1 18 8 66 66
1483_0040_0011_0049_0049.jpg 1 40 11 49 49
1484_0019_0010_0027_0027.jpg 1 19 10 27 27
1485_0030_0031_0048_0048.jpg 1 30 31 48 48
1486_0006_0044_0050_0050.jpg 1 6 44 50 50
1487_0015_0034_0050_0050.jpg 1 15 34 50 50
1488_0044_0042_0043_0043.jpg 1 44 42 43 43
1489_0024_0023_0063_0063.jpg 1 24 23 63 63
1490_0014_0044_0046_0046.jpg 1 14 44 46 46
1491_0019_0032_0051_0051.jpg 1 19 32 51 51
1492_0027_0021_0063_0063.jpg 1 27 21 63 63
1493_0025_0056_0024_0024.jpg 1 25 56 24 24
1494_0030_0012_0054_0054.jpg 1 30 12 54 54
1495_0052_0063_0028_0028.jpg 1 52 63 28 28
1496_0036_0022_0052_0052.jpg 1 36 22 52 52
1497_0018_0008_0067_0067.jpg 1 18 8 67 67
1498_0036_0057_0034_0034.jpg 1 36 57 34 34
1499_0041_0037_0053_0053.jpg 1 41 37 53 53
1500_0027_0045_0043_0043.jpg 1 27 45 43 43
1501_0005_0006_0063_0063.jpg 1 5 6 63 63
1502_0005_0013_0069_0069.jpg 1 5 13 69 69
1503_0015_0029_0030_0030.jpg 1 15 29 30 30
1504_0006_0009_0054_0054.jpg 1 6 9 54 54
1505_0019_0012_0051_0051.jpg 1 19 12 51 51
1506_0036_0018_0053_0053.jpg 1 36 18 53 53
1507_0014_0041_0042_0042.jpg 1 14 41 42 42
1508_0015_0025_0066_0066.jpg 1 15 25 66 66
1509_0011_0003_0065_0065.jpg 1 11 3 65 65
1510_0022_0029_0032_0032.jpg 1 22 29 32 32
1511_0028_0038_0036_0036.jpg 1 28 38 36 36
1512_0007_0056_0037_0037.jpg 1 7 56 37 37
1513_0016_0008_0066_0066.jpg 1 16 8 66 66
1514_0046_0029_0041_0041.jpg 1 46 29 41 41
1515_0036_0032_0036_0036.jpg 1 36 32 36 36
1516_0021_0032_0056_0056.jpg 1 21 32 56 56
1517_0024_0045_0047_0047.jpg 1 24 45 47 47
1518_0023_0009_0068_0068.jpg 1 23 9 68 68
1519_0027_0009_0057_0057.jpg 1 27 9 57 57
1520_0042_0036_0042_0042.jpg 1 42 36 42 42
1521_0018_0021_0055_0055.jpg 1 18 21 55 55
1522_0053_0017_0035_0035.jpg 1 53 17 35 35
1523_0045_0006_0038_0038.jpg 1 45 6 38 38
1524_0058_0042_0033_0033.jpg 1 58 42 33 33
1525_0004_0011_0062_0062.jpg 1 4 11 62 62
1526_0040_0029_0035_0035.jpg 1 40 29 35 35
1527_0007_0026_0040_0040.jpg 1 7 26 40 40
1528_0066_0013_0025_0025.jpg 1 66 13 25 25
1529_0034_0025_0037_0037.jpg 1 34 25 37 37
1530_0050_0043_0034_0034.jpg 1 50 43 34 34
1531_0026_0014_0034_0034.jpg 1 26 14 34 34
1532_0047_0041_0028_0028.jpg 1 47 41 28 28
1533_0025_0009_0050_0050.jpg 1 25 9 50 50
1534_0038_0063_0025_0025.jpg 1 38 63 25 25
1535_0025_0029_0057_0057.jpg 1 25 29 57 57
1536_0036_0038_0043_0043.jpg 1 36 38 43 43
1537_0020_0005_0062_0062.jpg 1 20 5 62 62
1538_0049_0032_0044_0044.jpg 1 49 32 44 44
1539_0008_0039_0042_0042.jpg 1 8 39 42 42
1540_0010_0018_0031_0031.jpg 1 10 18 31 31
1541_0031_0042_0032_0032.jpg 1 31 42 32 32
1542_0026_0008_0049_0049.jpg 1 26 8 49 49
1543_0043_0025_0024_0024.jpg 1 43 25 24 24
1544_0016_0012_0067_0067.jpg 1 16 12 67 67
1545_0060_0040_0026_0026.jpg 1 60 40 26 26
1546_0023_0061_0031_0031.jpg 1 23 61 31 31
1547_0018_0016_0061_0061.jpg 1 18 16 61 61
1548_0055_0030_0038_0038.jpg 1 55 30 38 38
1549_0019_0039_0054_0054.jpg 1 19 39 54 54
1550_0024_0040_0031_0031.jpg 1 24 40 31 31
1551_0019_0024_0026_0026.jpg 1 19 24 26 26
1552_0046_0020_0028_0028.jpg 1 46 20 28 28
1553_0016_0051_0038_0038.jpg 1 16 51 38 38
1554_0009_0011_0062_0062.jpg 1 9 11 62 62
1555_0027_0048_0032_0032.jpg 1 27 48 32 32
1556_0037_0036_0055_0055.jpg 1 37 36 55 55
1557_0004_0032_0060_0060.jpg 1 4 32 60 60
1558_0011_0036_0041_0041.jpg 1 11 36 41 41
1559_0036_0039_0041_0041.jpg 1 36 39 41 41
1560_0041_0042_0050_0050.jpg 1 41 42 50 50
1561_0007_0040_0055_0055.jpg 1 7 40 55 55
1562_0045_0023_0027_0027.jpg 1 45 23 27 27
1563_0019_0014_0061_0061.jpg 1 19 14 61 61
1564_0038_0014_0048_0048.jpg 1 38 14 48 48
1565_0029_0014_0064_0064.jpg 1 29 14 64 64
1566_0023_0026_0063_0063.jpg 1 23 26 63 63
1567_0019_0039_0029_0029.jpg 1 19 39 29 29
1568_0028_0034_0033_0033.jpg 1 28 34 33 33
1569_0008_0022_0062_0062.jpg 1 8 22 62 62
1570_0010_0017_0051_0051.jpg 1 10 17 51 51
1571_0027_0021_0056_0056.jpg 1 27 21 56 56
1572_0014_0043_0036_0036.jpg 1 14 43 36 36
1573_0020_0005_0069_0069.jpg 1 20 5 69 69
1574_0013_0047_0045_0045.jpg 1 13 47 45 45
1575_0018_0043_0030_0030.jpg 1 18 43 30 30
1576_0026_0013_0069_0069.jpg 1 26 13 69 69
1577_0015_0032_0030_0030.jpg 1 15 32 30 30
1578_0041_0007_0039_0039.jpg 1 41 7 39 39
1579_0031_0027_0047_0047.jpg 1 31 27 47 47
1580_0006_0007_0045_0045.jpg 1 6 7 45 45
1581_0007_0028_0061_0061.jpg 1 7 28 61 61
1582_0035_0036_0031_0031.jpg 1 35 36 31 31
1583_0031_0026_0063_0063.jpg 1 31 26 63 63
1584_0057_0034_0027_0027.jpg 1 57 34 27 27
1585_0034_0010_0052_0052.jpg 1 34 10 52 52
1586_0052_0029_0039_0039.jpg 1 52 29 39 39
1587_0016_0034_0047_0047.jpg 1 16 34 47 47
1588_0033_0010_0062_0062.jpg 1 33 10 62 62
1589_0037_0039_0054_0054.jpg 1 37 39 54 54
1590_0062_0023_0028_0028.jpg 1 62 23 28 28
1591_0040_0030_0044_0044.jpg 1 40 30 44 44
1592_0035_0034_0059_0059.jpg 1 35 34 59 59
1593_0023_0009_0065_0065.jpg 1 23 9 65 65
1594_0030_0008_0062_0062.jpg 1 30 8 62 62
1595_0021_0007_0055_0055.jpg 1 21 7 55 55
1596_0012_0040_0037_0037.jpg 1 12 40 37 37
1597_0037_0007_0049_0049.jpg 1 37 7 49 49
1598_0020_0021_0049_0049.jpg 1 20 21 49 49
1599_0008_0027_0054_0054.jpg 1 8 27 54 54
1600_0030_0022_0048_0048.jpg 1 30 22 48 48
1601_0045_0008_0040_0040.jpg 1 45 8 40 40
1602_0016_0055_0033_0033.jpg 1 16 55 33 33
1603_0009_0032_0052_0052.jpg 1 9 32 52 52
1604_0006_0013_0062_0062.jpg 1 6 13 62 62
1605_0041_0037_0029_0029.jpg 1 41 37 29 29
1606_0017_0034_0024_0024.jpg 1 17 34 24 24
1607_0012_0013_0068_0068.jpg 1 12 13 68 68
1608_0020_0004_0069_0069.jpg 1 20 4 69 69
1609_0025_0003_0068_0068.jpg 1 25 3 68 68
1610_0029_0004_0067_0067.jpg 1 29 4 67 67
1611_0010_0025_0052_0052.jpg 1 10 25 52 52
1612_0039_0017_0056_0056.jpg 1 39 17 56 56
1613_0009_0026_0056_0056.jpg 1 9 26 56 56
1614_0020_0033_0026_0026.jpg 1 20 33 26 26
1615_0005_0019_0044_0044.jpg 1 5 19 44 44
1616_0022_0011_0065_0065.jpg 1 22 11 65 65
1617_0039_0023_0039_0039.jpg 1 39 23 39 39
1618_0035_0013_0060_0060.jpg 1 35 13 60 60
1619_0027_0020_0051_0051.jpg 1 27 20 51 51
1620_0038_0035_0033_0033.jpg 1 38 35 33 33
1621_0020_0034_0035_0035.jpg 1 20 34 35 35
1622_0006_0038_0045_0045.jpg 1 6 38 45 45
1623_0018_0021_0063_0063.jpg 1 18 21 63 63
1624_0033_0058_0033_0033.jpg 1 33 58 33 33
1625_0008_0010_0059_0059.jpg 1 8 10 59 59
1626_0021_0033_0049_0049.jpg 1 21 33 49 49
1627_0026_0009_0029_0029.jpg 1 26 9 29 29
1628_0005_0028_0064_0064.jpg 1 5 28 64 64
1629_0046_0023_0041_0041.jpg 1 46 23 41 41
1630_0036_0017_0031_0031.jpg 1 36 17 31 31
1631_0019_0025_0052_0052.jpg 1 19 25 52 52
1632_0018_0012_0069_0069.jpg 1 18 12 69 69
1633_0014_0036_0034_0034.jpg 1 14 36 34 34
1634_0056_0047_0036_0036.jpg 1 56 47 36 36
1635_0029_0009_0044_0044.jpg 1 29 9 44 44
1636_0014_0045_0042_0042.jpg 1 14 45 42 42
1637_0044_0010_0041_0041.jpg 1 44 10 41 41
1638_0021_0058_0034_0034.jpg 1 21 58 34 34
1639_0010_0009_0060_0060.jpg 1 10 9 60 60
1640_0010_0015_0046_0046.jpg 1 10 15 46 46
1641_0037_0028_0038_0038.jpg 1 37 28 38 38
1642_0065_0037_0026_0026.jpg 1 65 37 26 26
1643_0013_0011_0044_0044.jpg 1 13 11 44 44
1644_0014_0021_0049_0049.jpg 1 14 21 49 49
1645_0013_0043_0032_0032.jpg 1 13 43 32 32
1646_0012_0024_0064_0064.jpg 1 12 24 64 64
1647_0036_0038_0028_0028.jpg 1 36 38 28 28
1648_0036_0041_0029_0029.jpg 1 36 41 29 29
1649_0034_0042_0036_0036.jpg 1 34 42 36 36
1650_0018_0012_0035_0035.jpg 1 18 12 35 35
1651_0017_0026_0056_0056.jpg 1 17 26 56 56
1652_0008_0044_0039_0039.jpg 1 8 44 39 39
1653_0041_0047_0040_0040.jpg 1 41 47 40 40
1654_0012_0024_0048_0048.jpg 1 12 24 48 48
1655_0029_0018_0066_0066.jpg 1 29 18 66 66
1656_0047_0051_0042_0042.jpg 1 47 51 42 42
1657_0061_0013_0026_0026.jpg 1 61 13 26 26
1658_0009_0025_0037_0037.jpg 1 9 25 37 37
1659_0018_0047_0043_0043.jpg 1 18 47 43 43
1660_0031_0024_0064_0064.jpg 1 31 24 64 64
1661_0042_0030_0032_0032.jpg 1 42 30 32 32
1662_0004_0025_0056_0056.jpg 1 4 25 56 56
1663_0013_0007_0037_0037.jpg 1 13 7 37 37
1664_0056_0024_0028_0028.jpg 1 56 24 28 28
1665_0045_0023_0034_0034.jpg 1 45 23 34 34
1666_0014_0016_0063_0063.jpg 1 14 16 63 63
1667_0006_0019_0044_0044.jpg 1 6 19 44 44
1668_0041_0018_0046_0046.jpg 1 41 18 46 46
1669_0043_0045_0049_0049.jpg 1 43 45 49 49
1670_0031_0062_0030_0030.jpg 1 31 62 30 30
1671_0024_0022_0066_0066.jpg 1 24 22 66 66
1672_0042_0058_0025_0025.jpg 1 42 58 25 25
1673_0004_0025_0069_0069.jpg 1 4 25 69 69
1674_0023_0032_0055_0055.jpg 1 23 32 55 55
1675_0045_0053_0038_0038.jpg 1 45 53 38 38
1676_0009_0007_0050_0050.jpg 1 9 7 50 50
1677_0047_0011_0025_0025.jpg 1 47 11 25 25
1678_0027_0036_0054_0054.jpg 1 27 36 54 54
1679_0039_0017_0029_0029.jpg 1 39 17 29 29
1680_0043_0024_0035_0035.jpg 1 43 24 35 35
1681_0006_0026_0036_0036.jpg 1 6 26 36 36
1682_0020_0017_0057_0057.jpg 1 20 17 57 57
1683_0051_0060_0032_0032.jpg 1 51 60 32 32
1684_0028_0033_0059_0059.jpg 1 28 33 59 59
1685_0033_0007_0060_0060.jpg 1 33 7 60 60
1686_0020_0049_0038_0038.jpg 1 20 49 38 38
1687_0009_0004_0066_0066.jpg 1 9 4 66 66
1688_0016_0028_0066_0066.jpg 1 16 28 66 66
1689_0031_0010_0050_0050.jpg 1 31 10 50 50
1690_0048_0042_0027_0027.jpg 1 48 42 27 27
1691_0013_0013_0065_0065.jpg 1 13 13 65 65
1692_0008_0008_0062_0062.jpg 1 8 8 62 62
1693_0031_0019_0059_0059.jpg 1 31 19 59 59
1694_0040_0009_0035_0035.jpg 1 40 9 35 35
1695_0016_0021_0069_0069.jpg 1 16 21 69 69
1696_0035_0011_0042_0042.jpg 1 35 11 42 42
1697_0018_0032_0030_0030.jpg 1 18 32 30 30
1698_0008_0007_0069_0069.jpg 1 8 7 69 69
1699_0021_0003_0067_0067.jpg 1 21 3 67 67
1700_0019_0025_0054_0054.jpg 1 19 25 54 54
1701_0031_0022_0044_0044.jpg 1 31 22 44 44
1702_0018_0031_0061_0061.jpg 1 18 31 61 61
1703_0014_0026_0053_0053.jpg 1 14 26 53 53
1704_0029_0053_0031_0031.jpg 1 29 53 31 31
1705_0029_0022_0060_0060.jpg 1 29 22 60 60
1706_0017_0012_0064_0064.jpg 1 17 12 64 64
1707_0010_0036_0045_0045.jpg 1 10 36 45 45
1708_0054_0018_0039_0039.jpg 1 54 18 39 39
1709_0029_0067_0025_0025.jpg 1 29 67 25 25
1710_0007_0015_0045_0045.jpg 1 7 15 45 45
1711_0012_0030_0061_0061.jpg 1 12 30 61 61
1712_0022_0017_0063_0063.jpg 1 22 17 63 63
1713_0044_0039_0027_0027.jpg 1 44 39 27 27
1714_0038_0032_0037_0037.jpg 1 38 32 37 37
1715_0055_0015_0037_0037.jpg 1 55 15 37 37
1716_0007_0053_0027_0027.jpg 1 7 53 27 27
1717_0026_0026_0039_0039.jpg 1 26 26 39 39
1718_0009_0014_0064_0064.jpg 1 9 14 64 64
1719_0030_0047_0032_0032.jpg 1 30 47 32 32
1720_0038_0040_0038_0038.jpg 1 38 40 38 38
1721_0063_0032_0029_0029.jpg 1 63 32 29 29
1722_0008_0023_0068_0068.jpg 1 8 23 68 68
1723_0024_0005_0062_0062.jpg 1 24 5 62 62
1724_0008_0011_0036_0036.jpg 1 8 11 36 36
1725_0030_0020_0065_0065.jpg 1 30 20 65 65
1726_0013_0032_0062_0062.jpg 1 13 32 62 62
1727_0044_0026_0024_0024.jpg 1 44 26 24 24
1728_0019_0037_0045_0045.jpg 1 19 37 45 45
1729_0008_0010_0059_0059.jpg 1 8 10 59 59
1730_0016_0021_0058_0058.jpg 1 16 21 58 58
1731_0039_0052_0034_0034.jpg 1 39 52 34 34
1732_0015_0029_0045_0045.jpg 1 15 29 45 45
1733_0014_0016_0062_0062.jpg 1 14 16 62 62
1734_0018_0011_0037_0037.jpg 1 18 11 37 37
1735_0045_0034_0034_0034.jpg 1 45 34 34 34
1736_0005_0010_0043_0043.jpg 1 5 10 43 43
1737_0021_0029_0048_0048.jpg 1 21 29 48 48
1738_0030_0022_0056_0056.jpg 1 30 22 56 56
1739_0019_0007_0035_0035.jpg 1 19 7 35 35
1740_0016_0050_0040_0040.jpg 1 16 50 40 40
1741_0024_0018_0069_0069.jpg 1 24 18 69 69
1742_0026_0019_0040_0040.jpg 1 26 19 40 40
1743_0038_0018_0045_0045.jpg 1 38 18 45 45
1744_0033_0040_0047_0047.jpg 1 33 40 47 47
1745_0007_0021_0046_0046.jpg 1 7 21 46 46
1746_0039_0063_0024_0024.jpg 1 39 63 24 24
1747_0054_0049_0039_0039.jpg 1 54 49 39 39
1748_0011_0016_0059_0059.jpg 1 11 16 59 59
1749_0030_0035_0060_0060.jpg 1 30 35 60 60
1750_0047_0025_0037_0037.jpg 1 47 25 37 37
1751_0020_0012_0068_0068.jpg 1 20 12 68 68
1752_0050_0019_0028_0028.jpg 1 50 19 28 28
1753_0027_0015_0046_0046.jpg 1 27 15 46 46
1754_0013_0012_0069_0069.jpg 1 13 12 69 69
1755_0021_0033_0048_0048.jpg 1 21 33 48 48
1756_0036_0019_0058_0058.jpg 1 36 19 58 58
1757_0038_0006_0041_0041.jpg 1 38 6 41 41
1758_0042_0036_0047_0047.jpg 1 42 36 47 47
1759_0024_0023_0052_0052.jpg 1 24 23 52 52
1760_0011_0006_0061_0061.jpg 1 11 6 61 61
1761_0008_0020_0067_0067.jpg 1 8 20 67 67
1762_0045_0053_0032_0032.jpg 1 45 53 32 32
1763_0042_0026_0052_0052.jpg 1 42 26 52 52
1764_0035_0014_0044_0044.jpg 1 35 14 44 44
1765_0039_0016_0049_0049.jpg 1 39 16 49 49
1766_0028_0006_0052_0052.jpg 1 28 6 52 52
1767_0025_0020_0025_0025.jpg 1 25 20 25 25
1768_0038_0034_0041_0041.jpg 1 38 34 41 41
1769_0015_0006_0068_0068.jpg 1 15 6 68 68
1770_0014_0049_0033_0033.jpg 1 14 49 33 33
1771_0011_0019_0067_0067.jpg 1 11 19 67 67
1772_0015_0060_0032_0032.jpg 1 15 60 32 32
1773_0029_0009_0056_0056.jpg 1 29 9 56 56
1774_0036_0025_0039_0039.jpg 1 36 25 39 39
1775_0011_0010_0041_0041.jpg 1 11 10 41 41
1776_0008_0017_0056_0056.jpg 1 8 17 56 56
1777_0048_0008_0039_0039.jpg 1 48 8 39 39
1778_0004_0004_0065_0065.jpg 1 4 4 65 65
1779_0041_0033_0052_0052.jpg 1 41 33 52 52
1780_0039_0031_0043_0043.jpg 1 39 31 43 43
1781_0024_0028_0067_0067.jpg 1 24 28 67 67
1782_0043_0019_0049_0049.jpg 1 43 19 49 49
1783_0008_0027_0050_0050.jpg 1 8 27 50 50
1784_0007_0016_0062_0062.jpg 1 7 16 62 62
1785_0042_0032_0045_0045.jpg 1 42 32 45 45
1786_0018_0046_0034_0034.jpg 1 18 46 34 34
1787_0036_0050_0037_0037.jpg 1 36 50 37 37
1788_0012_0009_0061_0061.jpg 1 12 9 61 61
1789_0044_0061_0025_0025.jpg 1 44 61 25 25
1790_0014_0045_0039_0039.jpg 1 14 45 39 39
1791_0025_0055_0031_0031.jpg 1 25 55 31 31
1792_0057_0012_0024_0024.jpg 1 57 12 24 24
1793_0048_0008_0043_0043.jpg 1 48 8 43 43
1794_0011_0036_0037_0037.jpg 1 11 36 37 37
1795_0046_0043_0040_0040.jpg 1 46 43 40 40
1796_0012_0031_0031_0031.jpg 1 12 31 31 31
1797_0038_0012_0040_0040.jpg 1 38 12 40 40
1798_0017_0007_0063_0063.jpg 1 17 7 63 63
1799_0009_0022_0037_0037.jpg 1 9 22 37 37
1800_0039_0014_0049_0049.jpg 1 39 14 49 49
1801_0021_0014_0067_0067.jpg 1 21 14 67 67
1802_0030_0034_0043_0043.jpg 1 30 34 43 43
1803_0015_0006_0063_0063.jpg 1 15 6 63 63
1804_0014_0022_0041_0041.jpg 1 14 22 41 41
1805_0017_0020_0069_0069.jpg 1 17 20 69 69
1806_0026_0006_0046_0046.jpg 1 26 6 46 46
1807_0017_0003_0063_0063.jpg 1 17 3 63 63
1808_0031_0010_0025_0025.jpg 1 31 10 25 25
1809_0037_0038_0042_0042.jpg 1 37 38 42 42
1810_0008_0023_0024_0024.jpg 1 8 23 24 24
1811_0051_0027_0043_0043.jpg 1 51 27 43 43
1812_0041_0017_0050_0050.jpg 1 41 17 50 50
1813_0039_0024_0052_0052.jpg 1 39 24 52 52
1814_0018_0026_0059_0059.jpg 1 18 26 59 59
1815_0042_0053_0039_0039.jpg 1 42 53 39 39
1816_0016_0018_0028_0028.jpg 1 16 18 28 28
1817_0020_0027_0063_0063.jpg 1 20 27 63 63
1818_0021_0017_0055_0055.jpg 1 21 17 55 55
1819_0023_0022_0042_0042.jpg 1 23 22 42 42
1820_0026_0018_0025_0025.jpg 1 26 18 25 25
1821_0016_0020_0053_0053.jpg 1 16 20 53 53
1822_0009_0035_0039_0039.jpg 1 9 35 39 39
1823_0009_0008_0065_0065.jpg 1 9 8 65 65
1824_0019_0030_0051_0051.jpg 1 19 30 51 51
1825_0067_0040_0024_0024.jpg 1 67 40 24 24
1826_0027_0016_0032_0032.jpg 1 27 16 32 32
1827_0013_0009_0061_0061.jpg 1 13 9 61 61
1828_0055_0017_0030_0030.jpg 1 55 17 30 30
1829_0034_0018_0027_0027.jpg 1 34 18 27 27
1830_0044_0055_0025_0025.jpg 1 44 55 25 25
1831_0013_0029_0040_0040.jpg 1 13 29 40 40
1832_0040_0043_0047_0047.jpg 1 40 43 47 47
1833_0038_0037_0034_0034.jpg 1 38 37 34 34
1834_0043_0023_0042_0042.jpg 1 43 23 42 42
1835_0039_0017_0035_0035.jpg 1 39 17 35 35
1836_0032_0047_0045_0045.jpg 1 32 47 45 45
1837_0006_0023_0051_0051.jpg 1 6 23 51 51
1838_0029_0021_0063_0063.jpg 1 29 21 63 63
1839_0055_0041_0032_0032.jpg 1 55 41 32 32
1840_0057_0054_0024_0024.jpg 1 57 54 24 24
1841_0011_0029_0046_0046.jpg 1 11 29 46 46
1842_0020_0007_0043_0043.jpg 1 20 7 43 43
1843_0018_0048_0026_0026.jpg 1 18 48 26 26
1844_0008_0021_0059_0059.jpg 1 8 21 59 59
1845_0036_0038_0050_0050.jpg 1 36 38 50 50
1846_0008_0024_0066_0066.jpg 1 8 24 66 66
1847_0039_0018_0047_0047.jpg 1 39 18 47 47
1848_0014_0028_0042_0042.jpg 1 14 28 42 42
1849_0020_0048_0045_0045.jpg 1 20 48 45 45
1850_0049_0033_0044_0044.jpg 1 49 33 44 44
1851_0052_0048_0032_0032.jpg 1 52 48 32 32
1852_0017_0013_0065_0065.jpg 1 17 13 65 65
1853_0014_0021_0069_0069.jpg 1 14 21 69 69
1854_0021_0026_0050_0050.jpg 1 21 26 50 50
1855_0020_0011_0030_0030.jpg 1 20 11 30 30
1856_0022_0048_0029_0029.jpg 1 22 48 29 29
1857_0045_0017_0048_0048.jpg 1 45 17 48 48
1858_0016_0004_0063_0063.jpg 1 16 4 63 63
1859_0033_0028_0034_0034.jpg 1 33 28 34 34
1860_0012_0012_0066_0066.jpg 1 12 12 66 66
1861_0040_0030_0046_0046.jpg 1 40 30 46 46
1862_0057_0031_0033_0033.jpg 1 57 31 33 33
1863_0034_0023_0046_0046.jpg 1 34 23 46 46
1864_0004_0021_0060_0060.jpg 1 4 21 60 60
1865_0037_0035_0052_0052.jpg 1 37 35 52 52
1866_0050_0034_0032_0032.jpg 1 50 34 32 32
1867_0011_0031_0045_0045.jpg 1 11 31 45 45
1868_0059_0049_0025_0025.jpg 1 59 49 25 25
1869_0039_0036_0041_0041.jpg 1 39 36 41 41
1870_0035_0028_0045_0045.jpg 1 35 28 45 45
1871_0024_0030_0054_0054.jpg 1 24 30 54 54
1872_0048_0030_0033_0033.jpg 1 48 30 33 33
1873_0044_0042_0040_0040.jpg 1 44 42 40 40
1874_0052_0051_0030_0030.jpg 1 52 51 30 30
1875_0024_0007_0062_0062.jpg 1 24 7 62 62
1876_0034_0010_0049_0049.jpg 1 34 10 49 49
1877_0005_0008_0053_0053.jpg 1 5 8 53 53
1878_0010_0013_0029_0029.jpg 1 10 13 29 29
1879_0020_0016_0043_0043.jpg 1 20 16 43 43
1880_0035_0017_0037_0037.jpg 1 35 17 37 37
1881_0048_0024_0028_0028.jpg 1 48 24 28 28
1882_0032_0045_0048_0048.jpg 1 32 45 48 48
1883_0007_0025_0065_0065.jpg 1 7 25 65 65
1884_0015_0048_0025_0025.jpg 1 15 48 25 25
1885_0020_0005_0064_0064.jpg 1 20 5 64 64
1886_0013_0010_0027_0027.jpg 1 13 10 27 27
1887_0036_0018_0031_0031.jpg 1 36 18 31 31
1888_0057_0020_0029_0029.jpg 1 57 20 29 29
1889_0020_0020_0058_0058.jpg 1 20 20 58 58
1890_0010_0031_0041_0041.jpg 1 10 31 41 41
1891_0018_0008_0065_0065.jpg 1 18 8 65 65
1892_0058_0056_0028_0028.jpg 1 58 56 28 28
1893_0021_0029_0041_0041.jpg 1 21 29 41 41
1894_0019_0030_0043_0043.jpg 1 19 30 43 43
1895_0021_0021_0069_0069.jpg 1 21 21 69 69
1896_0022_0006_0067_0067.jpg 1 22 6 67 67
1897_0004_0010_0065_0065.jpg 1 4 10 65 65
1898_0015_0016_0062_0062.jpg 1 15 16 62 62
1899_0036_0033_0059_0059.jpg 1 36 33 59 59
1900_0014_0026_0051_0051.jpg 1 14 26 51 51
1901_0020_0028_0028_0028.jpg 1 20 28 28 28
1902_0039_0015_0041_0041.jpg 1 39 15 41 41
1903_0024_0038_0050_0050.jpg 1 24 38 50 50
1904_0041_0061_0031_0031.jpg 1 41 61 31 31
1905_0012_0017_0063_0063.jpg 1 12 17 63 63
1906_0025_0056_0034_0034.jpg 1 25 56 34 34
1907_0040_0032_0024_0024.jpg 1 40 32 24 24
1908_0007_0006_0046_0046.jpg 1 7 6 46 46
1909_0013_0023_0051_0051.jpg 1 13 23 51 51
1910_0049_0009_0040_0040.jpg 1 49 9 40 40
1911_0027_0026_0039_0039.jpg 1 27 26 39 39
1912_0040_0022_0039_0039.jpg 1 40 22 39 39
1913_0019_0044_0047_0047.jpg 1 19 44 47 47
1914_0028_0056_0024_0024.jpg 1 28 56 24 24
1915_0013_0005_0063_0063.jpg 1 13 5 63 63
1916_0020_0004_0065_0065.jpg 1 20 4 65 65
1917_0026_0035_0029_0029.jpg 1 26 35 29 29
1918_0030_0018_0065_0065.jpg 1 30 18 65 65
1919_0015_0020_0037_0037.jpg 1 15 20 37 37
1920_0037_0010_0031_0031.jpg 1 37 10 31 31
1921_0011_0017_0045_0045.jpg 1 11 17 45 45
1922_0011_0009_0060_0060.jpg 1 11 9 60 60
1923_0036_0014_0031_0031.jpg 1 36 14 31 31
1924_0053_0041_0031_0031.jpg 1 53 41 31 31
1925_0029_0009_0051_0051.jpg 1 29 9 51 51
1926_0024_0021_0056_0056.jpg 1 24 21 56 56
1927_0031_0017_0030_0030.jpg 1 31 17 30 30
1928_0019_0026_0047_0047.jpg 1 19 26 47 47
1929_0024_0006_0065_0065.jpg 1 24 6 65 65
1930_0024_0031_0042_0042.jpg 1 24 31 42 42
1931_0019_0042_0045_0045.jpg 1 19 42 45 45
1932_0009_0017_0055_0055.jpg 1 9 17 55 55
1933_0011_0039_0049_0049.jpg 1 11 39 49 49
1934_0037_0008_0053_0053.jpg 1 37 8 53 53
1935_0052_0045_0035_0035.jpg 1 52 45 35 35
1936_0037_0020_0043_0043.jpg 1 37 20 43 43
1937_0013_0033_0058_0058.jpg 1 13 33 58 58
1938_0031_0035_0057_0057.jpg 1 31 35 57 57
1939_0028_0009_0066_0066.jpg 1 28 9 66 66
1940_0034_0016_0028_0028.jpg 1 34 16 28 28
1941_0007_0012_0034_0034.jpg 1 7 12 34 34
1942_0023_0006_0057_0057.jpg 1 23 6 57 57
1943_0014_0026_0050_0050.jpg 1 14 26 50 50
1944_0059_0049_0027_0027.jpg 1 59 49 27 27
1945_0038_0006_0049_0049.jpg 1 38 6 49 49
1946_0028_0019_0065_0065.jpg 1 28 19 65 65
1947_0033_0020_0040_0040.jpg 1 33 20 40 40
1948_0023_0025_0029_0029.jpg 1 23 25 29 29
1949_0020_0017_0046_0046.jpg 1 20 17 46 46
1950_0057_0032_0029_0029.jpg 1 57 32 29 29
