0001_0023_0018_0057_0057.jpg 1 23 18 57 57
0002_0011_0015_0068_0068.jpg 1 11 15 68 68
0003_0046_0050_0033_0033.jpg 1 46 50 33 33
0004_0018_0006_0061_0061.jpg 1 18 6 61 61
0005_0010_0040_0039_0039.jpg 1 10 40 39 39
0006_0013_0054_0036_0036.jpg 1 13 54 36 36
0007_0012_0032_0035_0035.jpg 1 12 32 35 35
0008_0014_0021_0043_0043.jpg 1 14 21 43 43
0009_0016_0028_0047_0047.jpg 1 16 28 47 47
0010_0027_0030_0055_0055.jpg 1 27 30 55 55
0011_0033_0012_0033_0033.jpg 1 33 12 33 33
0012_0005_0013_0066_0066.jpg 1 5 13 66 66
0013_0041_0042_0033_0033.jpg 1 41 42 33 33
0014_0025_0005_0064_0064.jpg 1 25 5 64 64
0015_0014_0014_0047_0047.jpg 1 14 14 47 47
0016_0023_0012_0047_0047.jpg 1 23 12 47 47
0017_0036_0030_0057_0057.jpg 1 36 30 57 57
0018_0019_0026_0051_0051.jpg 1 19 26 51 51
0019_0031_0032_0059_0059.jpg 1 31 32 59 59
0020_0036_0040_0041_0041.jpg 1 36 40 41 41
0021_0008_0022_0048_0048.jpg 1 8 22 48 48
0022_0026_0014_0044_0044.jpg 1 26 14 44 44
0023_0016_0015_0060_0060.jpg 1 16 15 60 60
0024_0025_0034_0051_0051.jpg 1 25 34 51 51
0025_0055_0052_0033_0033.jpg 1 55 52 33 33
0026_0024_0006_0065_0065.jpg 1 24 6 65 65
0027_0050_0012_0042_0042.jpg 1 50 12 42 42
0028_0021_0016_0067_0067.jpg 1 21 16 67 67
0029_0021_0055_0035_0035.jpg 1 21 55 35 35
0030_0053_0038_0026_0026.jpg 1 53 38 26 26
0031_0053_0042_0036_0036.jpg 1 53 42 36 36
0032_0030_0030_0061_0061.jpg 1 30 30 61 61
0033_0047_0010_0025_0025.jpg 1 47 10 25 25
0034_0028_0028_0049_0049.jpg 1 28 28 49 49
0035_0013_0016_0063_0063.jpg 1 13 16 63 63
0036_0027_0064_0028_0028.jpg 1 27 64 28 28
0037_0018_0037_0050_0050.jpg 1 18 37 50 50
0038_0041_0014_0048_0048.jpg 1 41 14 48 48
0039_0021_0032_0038_0038.jpg 1 21 32 38 38
0040_0028_0028_0027_0027.jpg 1 28 28 27 27
0041_0041_0011_0049_0049.jpg 1 41 11 49 49
0042_0027_0013_0038_0038.jpg 1 27 13 38 38
0043_0031_0048_0035_0035.jpg 1 31 48 35 35
0044_0028_0034_0034_0034.jpg 1 28 34 34 34
0045_0036_0012_0026_0026.jpg 1 36 12 26 26
0046_0029_0028_0047_0047.jpg 1 29 28 47 47
0047_0012_0027_0055_0055.jpg 1 12 27 55 55
0048_0045_0012_0029_0029.jpg 1 45 12 29 29
0049_0021_0029_0045_0045.jpg 1 21 29 45 45
0050_0019_0007_0056_0056.jpg 1 19 7 56 56
0051_0007_0027_0064_0064.jpg 1 7 27 64 64
0052_0022_0029_0041_0041.jpg 1 22 29 41 41
0053_0009_0021_0043_0043.jpg 1 9 21 43 43
0054_0023_0038_0044_0044.jpg 1 23 38 44 44
0055_0026_0028_0038_0038.jpg 1 26 28 38 38
0056_0009_0048_0043_0043.jpg 1 9 48 43 43
0057_0006_0006_0053_0053.jpg 1 6 6 53 53
0058_0033_0046_0025_0025.jpg 1 33 46 25 25
0059_0014_0037_0042_0042.jpg 1 14 37 42 42
0060_0018_0018_0044_0044.jpg 1 18 18 44 44
0061_0026_0028_0059_0059.jpg 1 26 28 59 59
0062_0026_0008_0047_0047.jpg 1 26 8 47 47
0063_0043_0039_0046_0046.jpg 1 43 39 46 46
0064_0034_0050_0035_0035.jpg 1 34 50 35 35
0065_0008_0008_0038_0038.jpg 1 8 8 38 38
0066_0048_0013_0041_0041.jpg 1 48 13 41 41
0067_0027_0038_0056_0056.jpg 1 27 38 56 56
0068_0063_0027_0028_0028.jpg 1 63 27 28 28
0069_0049_0045_0045_0045.jpg 1 49 45 45 45
0070_0028_0037_0055_0055.jpg 1 28 37 55 55
0071_0027_0007_0059_0059.jpg 1 27 7 59 59
0072_0028_0033_0053_0053.jpg 1 28 33 53 53
0073_0019_0015_0069_0069.jpg 1 19 15 69 69
0074_0041_0040_0053_0053.jpg 1 41 40 53 53
0075_0021_0025_0068_0068.jpg 1 21 25 68 68
0076_0032_0010_0058_0058.jpg 1 32 10 58 58
0077_0054_0011_0030_0030.jpg 1 54 11 30 30
0078_0018_0024_0057_0057.jpg 1 18 24 57 57
0079_0007_0012_0068_0068.jpg 1 7 12 68 68
0080_0032_0035_0044_0044.jpg 1 32 35 44 44
0081_0019_0044_0044_0044.jpg 1 19 44 44 44
0082_0025_0023_0044_0044.jpg 1 25 23 44 44
0083_0030_0009_0055_0055.jpg 1 30 9 55 55
0084_0040_0013_0054_0054.jpg 1 40 13 54 54
0085_0013_0038_0055_0055.jpg 1 13 38 55 55
0086_0050_0031_0032_0032.jpg 1 50 31 32 32
0087_0043_0008_0032_0032.jpg 1 43 8 32 32
0088_0026_0037_0035_0035.jpg 1 26 37 35 35
0089_0025_0008_0056_0056.jpg 1 25 8 56 56
0090_0047_0054_0034_0034.jpg 1 47 54 34 34
0091_0012_0005_0050_0050.jpg 1 12 5 50 50
0092_0007_0006_0061_0061.jpg 1 7 6 61 61
0093_0026_0045_0037_0037.jpg 1 26 45 37 37
0094_0035_0051_0042_0042.jpg 1 35 51 42 42
0095_0028_0007_0062_0062.jpg 1 28 7 62 62
0096_0028_0029_0046_0046.jpg 1 28 29 46 46
0097_0020_0051_0029_0029.jpg 1 20 51 29 29
0098_0009_0054_0033_0033.jpg 1 9 54 33 33
0099_0031_0013_0055_0055.jpg 1 31 13 55 55
0100_0018_0009_0069_0069.jpg 1 18 9 69 69
0101_0030_0021_0045_0045.jpg 1 30 21 45 45
0102_0021_0031_0045_0045.jpg 1 21 31 45 45
0103_0018_0011_0049_0049.jpg 1 18 11 49 49
0104_0019_0039_0038_0038.jpg 1 19 39 38 38
0105_0013_0052_0037_0037.jpg 1 13 52 37 37
0106_0008_0044_0040_0040.jpg 1 8 44 40 40
0107_0018_0015_0039_0039.jpg 1 18 15 39 39
0108_0024_0017_0058_0058.jpg 1 24 17 58 58
0109_0010_0028_0068_0068.jpg 1 10 28 68 68
0110_0010_0046_0035_0035.jpg 1 10 46 35 35
0111_0011_0017_0039_0039.jpg 1 11 17 39 39
0112_0022_0006_0055_0055.jpg 1 22 6 55 55
0113_0027_0012_0031_0031.jpg 1 27 12 31 31
0114_0013_0012_0047_0047.jpg 1 13 12 47 47
0115_0043_0043_0029_0029.jpg 1 43 43 29 29
0116_0038_0009_0045_0045.jpg 1 38 9 45 45
0117_0008_0021_0060_0060.jpg 1 8 21 60 60
0118_0027_0006_0044_0044.jpg 1 27 6 44 44
0119_0014_0051_0042_0042.jpg 1 14 51 42 42
0120_0040_0044_0039_0039.jpg 1 40 44 39 39
0121_0007_0016_0063_0063.jpg 1 7 16 63 63
0122_0037_0033_0032_0032.jpg 1 37 33 32 32
0123_0004_0003_0065_0065.jpg 1 4 3 65 65
0124_0027_0007_0036_0036.jpg 1 27 7 36 36
0125_0054_0027_0037_0037.jpg 1 54 27 37 37
0126_0006_0042_0046_0046.jpg 1 6 42 46 46
0127_0046_0032_0035_0035.jpg 1 46 32 35 35
0128_0008_0007_0060_0060.jpg 1 8 7 60 60
0129_0025_0021_0064_0064.jpg 1 25 21 64 64
0130_0033_0015_0057_0057.jpg 1 33 15 57 57
0131_0025_0009_0062_0062.jpg 1 25 9 62 62
0132_0044_0058_0025_0025.jpg 1 44 58 25 25
0133_0045_0035_0027_0027.jpg 1 45 35 27 27
0134_0033_0039_0052_0052.jpg 1 33 39 52 52
0135_0013_0022_0055_0055.jpg 1 13 22 55 55
0136_0034_0015_0040_0040.jpg 1 34 15 40 40
0137_0025_0023_0067_0067.jpg 1 25 23 67 67
0138_0031_0021_0035_0035.jpg 1 31 21 35 35
0139_0013_0034_0040_0040.jpg 1 13 34 40 40
0140_0007_0019_0045_0045.jpg 1 7 19 45 45
0141_0028_0020_0024_0024.jpg 1 28 20 24 24
0142_0014_0026_0062_0062.jpg 1 14 26 62 62
0143_0006_0008_0060_0060.jpg 1 6 8 60 60
0144_0042_0023_0029_0029.jpg 1 42 23 29 29
0145_0009_0042_0027_0027.jpg 1 9 42 27 27
0146_0022_0040_0054_0054.jpg 1 22 40 54 54
0147_0055_0017_0033_0033.jpg 1 55 17 33 33
0148_0008_0016_0026_0026.jpg 1 8 16 26 26
0149_0021_0035_0035_0035.jpg 1 21 35 35 35
0150_0009_0029_0067_0067.jpg 1 9 29 67 67
0151_0003_0007_0066_0066.jpg 1 3 7 66 66
0152_0013_0021_0066_0066.jpg 1 13 21 66 66
0153_0011_0019_0052_0052.jpg 1 11 19 52 52
0154_0025_0005_0054_0054.jpg 1 25 5 54 54
0155_0041_0031_0040_0040.jpg 1 41 31 40 40
0156_0040_0018_0025_0025.jpg 1 40 18 25 25
0157_0053_0008_0035_0035.jpg 1 53 8 35 35
0158_0023_0019_0046_0046.jpg 1 23 19 46 46
0159_0032_0033_0057_0057.jpg 1 32 33 57 57
0160_0035_0033_0042_0042.jpg 1 35 33 42 42
0161_0019_0057_0028_0028.jpg 1 19 57 28 28
0162_0007_0009_0055_0055.jpg 1 7 9 55 55
0163_0040_0040_0028_0028.jpg 1 40 40 28 28
0164_0016_0013_0045_0045.jpg 1 16 13 45 45
0165_0029_0027_0058_0058.jpg 1 29 27 58 58
0166_0020_0016_0064_0064.jpg 1 20 16 64 64
0167_0034_0062_0030_0030.jpg 1 34 62 30 30
0168_0062_0034_0024_0024.jpg 1 62 34 24 24
0169_0022_0023_0043_0043.jpg 1 22 23 43 43
0170_0010_0008_0024_0024.jpg 1 10 8 24 24
0171_0034_0064_0024_0024.jpg 1 34 64 24 24
0172_0031_0008_0029_0029.jpg 1 31 8 29 29
0173_0023_0006_0058_0058.jpg 1 23 6 58 58
0174_0010_0011_0033_0033.jpg 1 10 11 33 33
0175_0014_0050_0038_0038.jpg 1 14 50 38 38
0176_0011_0017_0067_0067.jpg 1 11 17 67 67
0177_0034_0029_0057_0057.jpg 1 34 29 57 57
0178_0009_0020_0053_0053.jpg 1 9 20 53 53
0179_0020_0022_0065_0065.jpg 1 20 22 65 65
0180_0007_0025_0053_0053.jpg 1 7 25 53 53
0181_0014_0017_0048_0048.jpg 1 14 17 48 48
0182_0046_0052_0042_0042.jpg 1 46 52 42 42
0183_0010_0018_0059_0059.jpg 1 10 18 59 59
0184_0041_0023_0033_0033.jpg 1 41 23 33 33
0185_0017_0019_0043_0043.jpg 1 17 19 43 43
0186_0035_0010_0041_0041.jpg 1 35 10 41 41
0187_0013_0015_0066_0066.jpg 1 13 15 66 66
0188_0042_0039_0041_0041.jpg 1 42 39 41 41
0189_0033_0040_0054_0054.jpg 1 33 40 54 54
0190_0043_0060_0031_0031.jpg 1 43 60 31 31
0191_0055_0057_0036_0036.jpg 1 55 57 36 36
0192_0019_0011_0048_0048.jpg 1 19 11 48 48
0193_0012_0055_0036_0036.jpg 1 12 55 36 36
0194_0021_0030_0062_0062.jpg 1 21 30 62 62
0195_0020_0020_0046_0046.jpg 1 20 20 46 46
0196_0038_0022_0047_0047.jpg 1 38 22 47 47
0197_0033_0025_0024_0024.jpg 1 33 25 24 24
0198_0021_0024_0068_0068.jpg 1 21 24 68 68
0199_0006_0017_0064_0064.jpg 1 6 17 64 64
0200_0026_0027_0047_0047.jpg 1 26 27 47 47
0201_0017_0015_0033_0033.jpg 1 17 15 33 33
0202_0032_0033_0041_0041.jpg 1 32 33 41 41
0203_0016_0011_0036_0036.jpg 1 16 11 36 36
0204_0005_0019_0068_0068.jpg 1 5 19 68 68
0205_0022_0037_0055_0055.jpg 1 22 37 55 55
0206_0008_0032_0027_0027.jpg 1 8 32 27 27
0207_0015_0014_0064_0064.jpg 1 15 14 64 64
0208_0044_0046_0044_0044.jpg 1 44 46 44 44
0209_0024_0041_0048_0048.jpg 1 24 41 48 48
0210_0056_0012_0030_0030.jpg 1 56 12 30 30
0211_0045_0056_0034_0034.jpg 1 45 56 34 34
0212_0014_0022_0045_0045.jpg 1 14 22 45 45
0213_0037_0013_0029_0029.jpg 1 37 13 29 29
0214_0012_0031_0049_0049.jpg 1 12 31 49 49
0215_0024_0021_0066_0066.jpg 1 24 21 66 66
0216_0043_0042_0044_0044.jpg 1 43 42 44 44
0217_0034_0020_0061_0061.jpg 1 34 20 61 61
0218_0038_0026_0027_0027.jpg 1 38 26 27 27
0219_0043_0026_0052_0052.jpg 1 43 26 52 52
0220_0021_0034_0047_0047.jpg 1 21 34 47 47
0221_0007_0017_0069_0069.jpg 1 7 17 69 69
0222_0033_0028_0033_0033.jpg 1 33 28 33 33
0223_0011_0027_0063_0063.jpg 1 11 27 63 63
0224_0030_0044_0043_0043.jpg 1 30 44 43 43
0225_0033_0010_0063_0063.jpg 1 33 10 63 63
0226_0005_0008_0065_0065.jpg 1 5 8 65 65
0227_0006_0011_0068_0068.jpg 1 6 11 68 68
0228_0031_0034_0042_0042.jpg 1 31 34 42 42
0229_0018_0040_0037_0037.jpg 1 18 40 37 37
0230_0039_0030_0052_0052.jpg 1 39 30 52 52
0231_0007_0028_0065_0065.jpg 1 7 28 65 65
0232_0045_0038_0026_0026.jpg 1 45 38 26 26
0233_0033_0018_0060_0060.jpg 1 33 18 60 60
0234_0052_0043_0028_0028.jpg 1 52 43 28 28
0235_0031_0060_0029_0029.jpg 1 31 60 29 29
0236_0020_0020_0033_0033.jpg 1 20 20 33 33
0237_0042_0014_0037_0037.jpg 1 42 14 37 37
0238_0058_0026_0034_0034.jpg 1 58 26 34 34
0239_0041_0026_0045_0045.jpg 1 41 26 45 45
0240_0021_0019_0060_0060.jpg 1 21 19 60 60
0241_0025_0027_0025_0025.jpg 1 25 27 25 25
0242_0018_0020_0067_0067.jpg 1 18 20 67 67
0243_0029_0054_0029_0029.jpg 1 29 54 29 29
0244_0027_0029_0058_0058.jpg 1 27 29 58 58
0245_0037_0022_0046_0046.jpg 1 37 22 46 46
0246_0061_0038_0030_0030.jpg 1 61 38 30 30
0247_0044_0038_0039_0039.jpg 1 44 38 39 39
0248_0011_0013_0064_0064.jpg 1 11 13 64 64
0249_0051_0031_0034_0034.jpg 1 51 31 34 34
0250_0007_0018_0047_0047.jpg 1 7 18 47 47
0251_0035_0044_0041_0041.jpg 1 35 44 41 41
0252_0030_0012_0055_0055.jpg 1 30 12 55 55
0253_0023_0013_0058_0058.jpg 1 23 13 58 58
0254_0043_0018_0040_0040.jpg 1 43 18 40 40
0255_0040_0011_0045_0045.jpg 1 40 11 45 45
0256_0032_0046_0038_0038.jpg 1 32 46 38 38
0257_0026_0006_0040_0040.jpg 1 26 6 40 40
0258_0020_0029_0052_0052.jpg 1 20 29 52 52
0259_0042_0019_0049_0049.jpg 1 42 19 49 49
0260_0045_0048_0042_0042.jpg 1 45 48 42 42
0261_0047_0017_0030_0030.jpg 1 47 17 30 30
0262_0042_0026_0051_0051.jpg 1 42 26 51 51
0263_0043_0007_0033_0033.jpg 1 43 7 33 33
0264_0021_0019_0066_0066.jpg 1 21 19 66 66
0265_0007_0026_0055_0055.jpg 1 7 26 55 55
0266_0018_0023_0065_0065.jpg 1 18 23 65 65
0267_0013_0018_0049_0049.jpg 1 13 18 49 49
0268_0023_0007_0028_0028.jpg 1 23 7 28 28
0269_0050_0013_0026_0026.jpg 1 50 13 26 26
0270_0041_0031_0040_0040.jpg 1 41 31 40 40
0271_0034_0007_0028_0028.jpg 1 34 7 28 28
0272_0041_0025_0036_0036.jpg 1 41 25 36 36
0273_0038_0023_0055_0055.jpg 1 38 23 55 55
0274_0004_0026_0059_0059.jpg 1 4 26 59 59
0275_0028_0013_0051_0051.jpg 1 28 13 51 51
0276_0032_0029_0058_0058.jpg 1 32 29 58 58
0277_0028_0034_0031_0031.jpg 1 28 34 31 31
0278_0003_0012_0066_0066.jpg 1 3 12 66 66
0279_0027_0029_0024_0024.jpg 1 27 29 24 24
0280_0012_0037_0057_0057.jpg 1 12 37 57 57
0281_0029_0030_0032_0032.jpg 1 29 30 32 32
0282_0005_0038_0041_0041.jpg 1 5 38 41 41
0283_0023_0008_0034_0034.jpg 1 23 8 34 34
0284_0008_0033_0028_0028.jpg 1 8 33 28 28
0285_0033_0021_0042_0042.jpg 1 33 21 42 42
0286_0017_0011_0041_0041.jpg 1 17 11 41 41
0287_0041_0056_0027_0027.jpg 1 41 56 27 27
0288_0034_0013_0043_0043.jpg 1 34 13 43 43
0289_0055_0040_0036_0036.jpg 1 55 40 36 36
0290_0017_0034_0057_0057.jpg 1 17 34 57 57
0291_0050_0023_0032_0032.jpg 1 50 23 32 32
0292_0038_0019_0056_0056.jpg 1 38 19 56 56
0293_0013_0008_0069_0069.jpg 1 13 8 69 69
0294_0031_0008_0051_0051.jpg 1 31 8 51 51
0295_0028_0028_0058_0058.jpg 1 28 28 58 58
0296_0048_0045_0038_0038.jpg 1 48 45 38 38
0297_0016_0055_0038_0038.jpg 1 16 55 38 38
0298_0031_0026_0048_0048.jpg 1 31 26 48 48
0299_0029_0008_0048_0048.jpg 1 29 8 48 48
0300_0017_0033_0063_0063.jpg 1 17 33 63 63
0301_0010_0012_0045_0045.jpg 1 10 12 45 45
0302_0013_0033_0033_0033.jpg 1 13 33 33 33
0303_0018_0034_0056_0056.jpg 1 18 34 56 56
0304_0039_0048_0027_0027.jpg 1 39 48 27 27
0305_0028_0022_0068_0068.jpg 1 28 22 68 68
0306_0052_0045_0039_0039.jpg 1 52 45 39 39
0307_0019_0040_0053_0053.jpg 1 19 40 53 53
0308_0039_0024_0055_0055.jpg 1 39 24 55 55
0309_0006_0035_0050_0050.jpg 1 6 35 50 50
0310_0009_0026_0051_0051.jpg 1 9 26 51 51
0311_0014_0019_0066_0066.jpg 1 14 19 66 66
0312_0058_0049_0034_0034.jpg 1 58 49 34 34
0313_0020_0053_0030_0030.jpg 1 20 53 30 30
0314_0013_0007_0044_0044.jpg 1 13 7 44 44
0315_0014_0010_0029_0029.jpg 1 14 10 29 29
0316_0044_0036_0025_0025.jpg 1 44 36 25 25
0317_0038_0014_0043_0043.jpg 1 38 14 43 43
0318_0021_0017_0069_0069.jpg 1 21 17 69 69
0319_0028_0032_0055_0055.jpg 1 28 32 55 55
0320_0013_0008_0024_0024.jpg 1 13 8 24 24
0321_0013_0042_0026_0026.jpg 1 13 42 26 26
0322_0023_0017_0067_0067.jpg 1 23 17 67 67
0323_0026_0004_0064_0064.jpg 1 26 4 64 64
0324_0012_0015_0050_0050.jpg 1 12 15 50 50
0325_0048_0009_0040_0040.jpg 1 48 9 40 40
0326_0046_0049_0041_0041.jpg 1 46 49 41 41
0327_0019_0042_0048_0048.jpg 1 19 42 48 48
0328_0027_0017_0046_0046.jpg 1 27 17 46 46
0329_0052_0058_0033_0033.jpg 1 52 58 33 33
0330_0034_0025_0056_0056.jpg 1 34 25 56 56
0331_0041_0012_0027_0027.jpg 1 41 12 27 27
0332_0006_0014_0058_0058.jpg 1 6 14 58 58
0333_0012_0018_0069_0069.jpg 1 12 18 69 69
0334_0044_0043_0047_0047.jpg 1 44 43 47 47
0335_0039_0050_0037_0037.jpg 1 39 50 37 37
0336_0025_0031_0046_0046.jpg 1 25 31 46 46
0337_0048_0026_0041_0041.jpg 1 48 26 41 41
0338_0016_0034_0042_0042.jpg 1 16 34 42 42
0339_0051_0055_0034_0034.jpg 1 51 55 34 34
0340_0015_0010_0060_0060.jpg 1 15 10 60 60
0341_0017_0036_0035_0035.jpg 1 17 36 35 35
0342_0005_0027_0066_0066.jpg 1 5 27 66 66
0343_0010_0017_0027_0027.jpg 1 10 17 27 27
0344_0037_0042_0052_0052.jpg 1 37 42 52 52
0345_0038_0043_0051_0051.jpg 1 38 43 51 51
0346_0022_0050_0043_0043.jpg 1 22 50 43 43
0347_0012_0053_0026_0026.jpg 1 12 53 26 26
0348_0033_0018_0055_0055.jpg 1 33 18 55 55
0349_0032_0013_0039_0039.jpg 1 32 13 39 39
0350_0004_0011_0067_0067.jpg 1 4 11 67 67
0351_0012_0049_0036_0036.jpg 1 12 49 36 36
0352_0019_0029_0037_0037.jpg 1 19 29 37 37
0353_0030_0012_0033_0033.jpg 1 30 12 33 33
0354_0029_0017_0024_0024.jpg 1 29 17 24 24
0355_0042_0021_0051_0051.jpg 1 42 21 51 51
0356_0049_0033_0034_0034.jpg 1 49 33 34 34
0357_0028_0010_0056_0056.jpg 1 28 10 56 56
0358_0015_0028_0054_0054.jpg 1 15 28 54 54
0359_0028_0021_0049_0049.jpg 1 28 21 49 49
0360_0038_0009_0054_0054.jpg 1 38 9 54 54
0361_0021_0030_0062_0062.jpg 1 21 30 62 62
0362_0059_0037_0032_0032.jpg 1 59 37 32 32
0363_0022_0018_0031_0031.jpg 1 22 18 31 31
0364_0013_0005_0069_0069.jpg 1 13 5 69 69
0365_0013_0058_0030_0030.jpg 1 13 58 30 30
0366_0064_0027_0024_0024.jpg 1 64 27 24 24
0367_0012_0030_0063_0063.jpg 1 12 30 63 63
0368_0029_0008_0056_0056.jpg 1 29 8 56 56
0369_0019_0047_0042_0042.jpg 1 19 47 42 42
0370_0027_0031_0054_0054.jpg 1 27 31 54 54
0371_0006_0052_0039_0039.jpg 1 6 52 39 39
0372_0021_0047_0037_0037.jpg 1 21 47 37 37
0373_0022_0014_0054_0054.jpg 1 22 14 54 54
0374_0030_0039_0052_0052.jpg 1 30 39 52 52
0375_0021_0006_0044_0044.jpg 1 21 6 44 44
0376_0014_0038_0030_0030.jpg 1 14 38 30 30
0377_0056_0022_0025_0025.jpg 1 56 22 25 25
0378_0029_0016_0026_0026.jpg 1 29 16 26 26
0379_0023_0008_0024_0024.jpg 1 23 8 24 24
0380_0049_0022_0038_0038.jpg 1 49 22 38 38
0381_0027_0029_0050_0050.jpg 1 27 29 50 50
0382_0029_0027_0066_0066.jpg 1 29 27 66 66
0383_0033_0030_0061_0061.jpg 1 33 30 61 61
0384_0022_0031_0047_0047.jpg 1 22 31 47 47
0385_0034_0038_0033_0033.jpg 1 34 38 33 33
0386_0039_0018_0055_0055.jpg 1 39 18 55 55
0387_0023_0021_0039_0039.jpg 1 23 21 39 39
0388_0007_0011_0065_0065.jpg 1 7 11 65 65
0389_0018_0039_0048_0048.jpg 1 18 39 48 48
0390_0049_0051_0033_0033.jpg 1 49 51 33 33
0391_0018_0005_0059_0059.jpg 1 18 5 59 59
0392_0030_0035_0027_0027.jpg 1 30 35 27 27
0393_0036_0008_0056_0056.jpg 1 36 8 56 56
0394_0034_0006_0054_0054.jpg 1 34 6 54 54
0395_0027_0014_0058_0058.jpg 1 27 14 58 58
0396_0028_0017_0061_0061.jpg 1 28 17 61 61
0397_0046_0023_0040_0040.jpg 1 46 23 40 40
0398_0048_0024_0043_0043.jpg 1 48 24 43 43
0399_0022_0046_0041_0041.jpg 1 22 46 41 41
0400_0017_0014_0068_0068.jpg 1 17 14 68 68
0401_0034_0026_0047_0047.jpg 1 34 26 47 47
0402_0029_0024_0065_0065.jpg 1 29 24 65 65
0403_0025_0026_0068_0068.jpg 1 25 26 68 68
0404_0010_0029_0045_0045.jpg 1 10 29 45 45
0405_0026_0018_0036_0036.jpg 1 26 18 36 36
0406_0040_0015_0042_0042.jpg 1 40 15 42 42
0407_0028_0066_0024_0024.jpg 1 28 66 24 24
0408_0014_0049_0024_0024.jpg 1 14 49 24 24
0409_0021_0003_0066_0066.jpg 1 21 3 66 66
0410_0007_0013_0027_0027.jpg 1 7 13 27 27
0411_0020_0019_0069_0069.jpg 1 20 19 69 69
0412_0014_0027_0030_0030.jpg 1 14 27 30 30
0413_0017_0036_0055_0055.jpg 1 17 36 55 55
0414_0012_0034_0057_0057.jpg 1 12 34 57 57
0415_0018_0040_0037_0037.jpg 1 18 40 37 37
0416_0027_0020_0064_0064.jpg 1 27 20 64 64
0417_0040_0021_0049_0049.jpg 1 40 21 49 49
0418_0019_0035_0054_0054.jpg 1 19 35 54 54
0419_0064_0040_0028_0028.jpg 1 64 40 28 28
0420_0018_0025_0063_0063.jpg 1 18 25 63 63
0421_0024_0026_0038_0038.jpg 1 24 26 38 38
0422_0009_0009_0056_0056.jpg 1 9 9 56 56
0423_0008_0047_0032_0032.jpg 1 8 47 32 32
0424_0008_0013_0069_0069.jpg 1 8 13 69 69
0425_0027_0006_0035_0035.jpg 1 27 6 35 35
0426_0008_0021_0065_0065.jpg 1 8 21 65 65
0427_0029_0010_0063_0063.jpg 1 29 10 63 63
0428_0027_0026_0044_0044.jpg 1 27 26 44 44
0429_0012_0025_0032_0032.jpg 1 12 25 32 32
0430_0036_0037_0047_0047.jpg 1 36 37 47 47
0431_0030_0020_0062_0062.jpg 1 30 20 62 62
0432_0021_0030_0047_0047.jpg 1 21 30 47 47
0433_0040_0040_0032_0032.jpg 1 40 40 32 32
0434_0032_0012_0062_0062.jpg 1 32 12 62 62
0435_0039_0046_0028_0028.jpg 1 39 46 28 28
0436_0008_0025_0046_0046.jpg 1 8 25 46 46
0437_0023_0036_0050_0050.jpg 1 23 36 50 50
0438_0011_0032_0026_0026.jpg 1 11 32 26 26
0439_0006_0033_0058_0058.jpg 1 6 33 58 58
0440_0009_0025_0046_0046.jpg 1 9 25 46 46
0441_0035_0024_0059_0059.jpg 1 35 24 59 59
0442_0008_0033_0034_0034.jpg 1 8 33 34 34
0443_0013_0017_0068_0068.jpg 1 13 17 68 68
0444_0046_0035_0041_0041.jpg 1 46 35 41 41
0445_0036_0030_0027_0027.jpg 1 36 30 27 27
0446_0052_0064_0025_0025.jpg 1 52 64 25 25
0447_0005_0010_0057_0057.jpg 1 5 10 57 57
0448_0035_0022_0054_0054.jpg 1 35 22 54 54
0449_0005_0036_0056_0056.jpg 1 5 36 56 56
0450_0020_0008_0056_0056.jpg 1 20 8 56 56
0451_0033_0005_0062_0062.jpg 1 33 5 62 62
0452_0012_0051_0037_0037.jpg 1 12 51 37 37
0453_0021_0017_0048_0048.jpg 1 21 17 48 48
0454_0006_0008_0066_0066.jpg 1 6 8 66 66
0455_0017_0015_0058_0058.jpg 1 17 15 58 58
0456_0032_0007_0050_0050.jpg 1 32 7 50 50
0457_0045_0063_0024_0024.jpg 1 45 63 24 24
0458_0036_0041_0053_0053.jpg 1 36 41 53 53
0459_0046_0043_0043_0043.jpg 1 46 43 43 43
0460_0052_0021_0029_0029.jpg 1 52 21 29 29
0461_0035_0019_0026_0026.jpg 1 35 19 26 26
0462_0006_0026_0069_0069.jpg 1 6 26 69 69
0463_0056_0051_0033_0033.jpg 1 56 51 33 33
0464_0020_0034_0051_0051.jpg 1 20 34 51 51
0465_0020_0018_0067_0067.jpg 1 20 18 67 67
0466_0032_0059_0031_0031.jpg 1 32 59 31 31
0467_0007_0007_0056_0056.jpg 1 7 7 56 56
0468_0022_0030_0053_0053.jpg 1 22 30 53 53
0469_0023_0026_0028_0028.jpg 1 23 26 28 28
0470_0027_0013_0037_0037.jpg 1 27 13 37 37
0471_0024_0026_0055_0055.jpg 1 24 26 55 55
0472_0016_0004_0060_0060.jpg 1 16 4 60 60
0473_0020_0032_0026_0026.jpg 1 20 32 26 26
0474_0021_0055_0034_0034.jpg 1 21 55 34 34
0475_0016_0020_0065_0065.jpg 1 16 20 65 65
0476_0023_0017_0038_0038.jpg 1 23 17 38 38
0477_0030_0028_0037_0037.jpg 1 30 28 37 37
0478_0014_0031_0052_0052.jpg 1 14 31 52 52
0479_0027_0020_0026_0026.jpg 1 27 20 26 26
0480_0049_0031_0027_0027.jpg 1 49 31 27 27
0481_0038_0031_0031_0031.jpg 1 38 31 31 31
0482_0042_0039_0049_0049.jpg 1 42 39 49 49
0483_0016_0030_0049_0049.jpg 1 16 30 49 49
0484_0022_0048_0044_0044.jpg 1 22 48 44 44
0485_0036_0034_0055_0055.jpg 1 36 34 55 55
0486_0026_0025_0051_0051.jpg 1 26 25 51 51
0487_0028_0034_0047_0047.jpg 1 28 34 47 47
0488_0013_0036_0030_0030.jpg 1 13 36 30 30
0489_0009_0015_0044_0044.jpg 1 9 15 44 44
0490_0028_0030_0051_0051.jpg 1 28 30 51 51
0491_0039_0047_0046_0046.jpg 1 39 47 46 46
0492_0010_0061_0028_0028.jpg 1 10 61 28 28
0493_0025_0018_0046_0046.jpg 1 25 18 46 46
0494_0041_0029_0051_0051.jpg 1 41 29 51 51
0495_0028_0030_0046_0046.jpg 1 28 30 46 46
0496_0050_0051_0042_0042.jpg 1 50 51 42 42
0497_0024_0048_0034_0034.jpg 1 24 48 34 34
0498_0014_0017_0055_0055.jpg 1 14 17 55 55
0499_0019_0004_0059_0059.jpg 1 19 4 59 59
0500_0042_0026_0029_0029.jpg 1 42 26 29 29
0501_0026_0017_0035_0035.jpg 1 26 17 35 35
0502_0023_0004_0061_0061.jpg 1 23 4 61 61
0503_0033_0005_0058_0058.jpg 1 33 5 58 58
0504_0022_0030_0030_0030.jpg 1 22 30 30 30
0505_0008_0048_0035_0035.jpg 1 8 48 35 35
0506_0020_0033_0062_0062.jpg 1 20 33 62 62
0507_0033_0022_0061_0061.jpg 1 33 22 61 61
0508_0058_0022_0030_0030.jpg 1 58 22 30 30
0509_0031_0017_0061_0061.jpg 1 31 17 61 61
0510_0036_0045_0032_0032.jpg 1 36 45 32 32
0511_0019_0040_0036_0036.jpg 1 19 40 36 36
0512_0042_0029_0040_0040.jpg 1 42 29 40 40
0513_0007_0023_0043_0043.jpg 1 7 23 43 43
0514_0019_0020_0065_0065.jpg 1 19 20 65 65
0515_0006_0012_0034_0034.jpg 1 6 12 34 34
0516_0025_0043_0050_0050.jpg 1 25 43 50 50
0517_0029_0026_0035_0035.jpg 1 29 26 35 35
0518_0016_0041_0044_0044.jpg 1 16 41 44 44
0519_0030_0035_0042_0042.jpg 1 30 35 42 42
0520_0026_0030_0063_0063.jpg 1 26 30 63 63
0521_0029_0022_0024_0024.jpg 1 29 22 24 24
0522_0017_0016_0048_0048.jpg 1 17 16 48 48
0523_0017_0016_0069_0069.jpg 1 17 16 69 69
0524_0025_0029_0051_0051.jpg 1 25 29 51 51
0525_0020_0029_0067_0067.jpg 1 20 29 67 67
0526_0061_0030_0027_0027.jpg 1 61 30 27 27
0527_0032_0029_0054_0054.jpg 1 32 29 54 54
0528_0023_0029_0034_0034.jpg 1 23 29 34 34
0529_0013_0028_0049_0049.jpg 1 13 28 49 49
0530_0020_0013_0027_0027.jpg 1 20 13 27 27
0531_0045_0021_0037_0037.jpg 1 45 21 37 37
0532_0050_0034_0032_0032.jpg 1 50 34 32 32
0533_0016_0035_0050_0050.jpg 1 16 35 50 50
0534_0027_0034_0042_0042.jpg 1 27 34 42 42
0535_0004_0029_0067_0067.jpg 1 4 29 67 67
0536_0005_0028_0061_0061.jpg 1 5 28 61 61
0537_0031_0006_0062_0062.jpg 1 31 6 62 62
0538_0023_0014_0058_0058.jpg 1 23 14 58 58
0539_0035_0020_0054_0054.jpg 1 35 20 54 54
0540_0056_0057_0029_0029.jpg 1 56 57 29 29
0541_0021_0046_0028_0028.jpg 1 21 46 28 28
0542_0023_0032_0046_0046.jpg 1 23 32 46 46
0543_0042_0022_0041_0041.jpg 1 42 22 41 41
0544_0013_0031_0058_0058.jpg 1 13 31 58 58
0545_0028_0006_0067_0067.jpg 1 28 6 67 67
0546_0014_0046_0048_0048.jpg 1 14 46 48 48
0547_0009_0016_0063_0063.jpg 1 9 16 63 63
0548_0027_0005_0064_0064.jpg 1 27 5 64 64
0549_0025_0014_0056_0056.jpg 1 25 14 56 56
0550_0057_0040_0033_0033.jpg 1 57 40 33 33
0551_0025_0008_0042_0042.jpg 1 25 8 42 42
0552_0067_0027_0024_0024.jpg 1 67 27 24 24
0553_0058_0026_0035_0035.jpg 1 58 26 35 35
0554_0044_0030_0030_0030.jpg 1 44 30 30 30
0555_0012_0012_0067_0067.jpg 1 12 12 67 67
0556_0019_0016_0062_0062.jpg 1 19 16 62 62
0557_0019_0021_0066_0066.jpg 1 19 21 66 66
0558_0057_0054_0030_0030.jpg 1 57 54 30 30
0559_0026_0037_0056_0056.jpg 1 26 37 56 56
0560_0048_0015_0035_0035.jpg 1 48 15 35 35
0561_0044_0019_0042_0042.jpg 1 44 19 42 42
0562_0010_0054_0028_0028.jpg 1 10 54 28 28
0563_0010_0048_0036_0036.jpg 1 10 48 36 36
0564_0027_0025_0027_0027.jpg 1 27 25 27 27
0565_0028_0020_0048_0048.jpg 1 28 20 48 48
0566_0029_0022_0059_0059.jpg 1 29 22 59 59
0567_0014_0023_0036_0036.jpg 1 14 23 36 36
0568_0003_0009_0069_0069.jpg 1 3 9 69 69
0569_0026_0039_0038_0038.jpg 1 26 39 38 38
0570_0012_0020_0058_0058.jpg 1 12 20 58 58
0571_0016_0048_0044_0044.jpg 1 16 48 44 44
0572_0026_0012_0044_0044.jpg 1 26 12 44 44
0573_0009_0027_0052_0052.jpg 1 9 27 52 52
0574_0041_0008_0036_0036.jpg 1 41 8 36 36
0575_0006_0013_0040_0040.jpg 1 6 13 40 40
0576_0029_0027_0046_0046.jpg 1 29 27 46 46
0577_0053_0056_0034_0034.jpg 1 53 56 34 34
0578_0045_0044_0030_0030.jpg 1 45 44 30 30
0579_0045_0023_0042_0042.jpg 1 45 23 42 42
0580_0028_0018_0053_0053.jpg 1 28 18 53 53
0581_0042_0044_0048_0048.jpg 1 42 44 48 48
0582_0024_0028_0051_0051.jpg 1 24 28 51 51
0583_0016_0039_0048_0048.jpg 1 16 39 48 48
0584_0005_0032_0060_0060.jpg 1 5 32 60 60
0585_0025_0044_0051_0051.jpg 1 25 44 51 51
0586_0035_0047_0032_0032.jpg 1 35 47 32 32
0587_0012_0021_0038_0038.jpg 1 12 21 38 38
0588_0024_0032_0027_0027.jpg 1 24 32 27 27
0589_0025_0021_0065_0065.jpg 1 25 21 65 65
0590_0031_0030_0049_0049.jpg 1 31 30 49 49
0591_0012_0014_0052_0052.jpg 1 12 14 52 52
0592_0027_0016_0058_0058.jpg 1 27 16 58 58
0593_0044_0023_0034_0034.jpg 1 44 23 34 34
0594_0030_0009_0046_0046.jpg 1 30 9 46 46
0595_0019_0021_0053_0053.jpg 1 19 21 53 53
0596_0038_0060_0024_0024.jpg 1 38 60 24 24
0597_0034_0019_0052_0052.jpg 1 34 19 52 52
0598_0014_0021_0054_0054.jpg 1 14 21 54 54
0599_0012_0038_0056_0056.jpg 1 12 38 56 56
0600_0015_0028_0067_0067.jpg 1 15 28 67 67
0601_0012_0056_0031_0031.jpg 1 12 56 31 31
0602_0016_0009_0048_0048.jpg 1 16 9 48 48
0603_0016_0009_0030_0030.jpg 1 16 9 30 30
0604_0007_0014_0042_0042.jpg 1 7 14 42 42
0605_0004_0016_0065_0065.jpg 1 4 16 65 65
0606_0014_0035_0034_0034.jpg 1 14 35 34 34
0607_0057_0057_0033_0033.jpg 1 57 57 33 33
0608_0032_0026_0060_0060.jpg 1 32 26 60 60
0609_0017_0012_0058_0058.jpg 1 17 12 58 58
0610_0037_0014_0046_0046.jpg 1 37 14 46 46
0611_0006_0029_0063_0063.jpg 1 6 29 63 63
0612_0021_0063_0026_0026.jpg 1 21 63 26 26
0613_0052_0041_0034_0034.jpg 1 52 41 34 34
0614_0037_0021_0042_0042.jpg 1 37 21 42 42
0615_0006_0028_0059_0059.jpg 1 6 28 59 59
0616_0014_0036_0045_0045.jpg 1 14 36 45 45
0617_0024_0021_0050_0050.jpg 1 24 21 50 50
0618_0039_0046_0041_0041.jpg 1 39 46 41 41
0619_0062_0021_0028_0028.jpg 1 62 21 28 28
0620_0013_0036_0049_0049.jpg 1 13 36 49 49
0621_0044_0019_0040_0040.jpg 1 44 19 40 40
0622_0067_0024_0025_0025.jpg 1 67 24 25 25
0623_0031_0028_0040_0040.jpg 1 31 28 40 40
0624_0011_0004_0066_0066.jpg 1 11 4 66 66
0625_0023_0005_0049_0049.jpg 1 23 5 49 49
0626_0018_0017_0068_0068.jpg 1 18 17 68 68
0627_0041_0006_0043_0043.jpg 1 41 6 43 43
0628_0039_0021_0033_0033.jpg 1 39 21 33 33
0629_0027_0015_0038_0038.jpg 1 27 15 38 38
0630_0030_0033_0060_0060.jpg 1 30 33 60 60
0631_0023_0043_0034_0034.jpg 1 23 43 34 34
0632_0022_0029_0065_0065.jpg 1 22 29 65 65
0633_0017_0007_0064_0064.jpg 1 17 7 64 64
0634_0019_0029_0062_0062.jpg 1 19 29 62 62
0635_0026_0022_0058_0058.jpg 1 26 22 58 58
0636_0053_0012_0032_0032.jpg 1 53 12 32 32
0637_0030_0039_0043_0043.jpg 1 30 39 43 43
0638_0038_0050_0030_0030.jpg 1 38 50 30 30
0639_0023_0020_0063_0063.jpg 1 23 20 63 63
0640_0019_0016_0065_0065.jpg 1 19 16 65 65
0641_0027_0013_0069_0069.jpg 1 27 13 69 69
0642_0015_0018_0037_0037.jpg 1 15 18 37 37
0643_0054_0045_0033_0033.jpg 1 54 45 33 33
0644_0049_0051_0041_0041.jpg 1 49 51 41 41
0645_0011_0049_0037_0037.jpg 1 11 49 37 37
0646_0021_0028_0037_0037.jpg 1 21 28 37 37
0647_0062_0051_0027_0027.jpg 1 62 51 27 27
0648_0049_0051_0035_0035.jpg 1 49 51 35 35
0649_0021_0005_0053_0053.jpg 1 21 5 53 53
0650_0047_0020_0045_0045.jpg 1 47 20 45 45
0651_0053_0007_0035_0035.jpg 1 53 7 35 35
0652_0028_0029_0045_0045.jpg 1 28 29 45 45
0653_0010_0035_0060_0060.jpg 1 10 35 60 60
0654_0042_0030_0037_0037.jpg 1 42 30 37 37
0655_0020_0015_0067_0067.jpg 1 20 15 67 67
0656_0062_0031_0025_0025.jpg 1 62 31 25 25
0657_0020_0025_0062_0062.jpg 1 20 25 62 62
0658_0052_0046_0037_0037.jpg 1 52 46 37 37
0659_0016_0019_0051_0051.jpg 1 16 19 51 51
0660_0028_0020_0067_0067.jpg 1 28 20 67 67
0661_0012_0012_0028_0028.jpg 1 12 12 28 28
0662_0008_0019_0065_0065.jpg 1 8 19 65 65
0663_0018_0016_0061_0061.jpg 1 18 16 61 61
0664_0007_0025_0027_0027.jpg 1 7 25 27 27
0665_0007_0022_0066_0066.jpg 1 7 22 66 66
0666_0040_0016_0042_0042.jpg 1 40 16 42 42
0667_0048_0022_0034_0034.jpg 1 48 22 34 34
0668_0020_0008_0026_0026.jpg 1 20 8 26 26
0669_0012_0031_0053_0053.jpg 1 12 31 53 53
0670_0031_0016_0056_0056.jpg 1 31 16 56 56
0671_0016_0048_0040_0040.jpg 1 16 48 40 40
0672_0062_0060_0026_0026.jpg 1 62 60 26 26
0673_0015_0039_0044_0044.jpg 1 15 39 44 44
0674_0047_0023_0037_0037.jpg 1 47 23 37 37
0675_0021_0042_0044_0044.jpg 1 21 42 44 44
0676_0034_0018_0061_0061.jpg 1 34 18 61 61
0677_0012_0053_0031_0031.jpg 1 12 53 31 31
0678_0015_0038_0026_0026.jpg 1 15 38 26 26
0679_0045_0034_0044_0044.jpg 1 45 34 44 44
0680_0013_0029_0042_0042.jpg 1 13 29 42 42
0681_0054_0015_0036_0036.jpg 1 54 15 36 36
0682_0012_0051_0033_0033.jpg 1 12 51 33 33
0683_0034_0019_0061_0061.jpg 1 34 19 61 61
0684_0038_0058_0027_0027.jpg 1 38 58 27 27
0685_0023_0007_0054_0054.jpg 1 23 7 54 54
0686_0041_0054_0028_0028.jpg 1 41 54 28 28
0687_0036_0009_0039_0039.jpg 1 36 9 39 39
0688_0047_0030_0037_0037.jpg 1 47 30 37 37
0689_0028_0037_0050_0050.jpg 1 28 37 50 50
0690_0024_0031_0031_0031.jpg 1 24 31 31 31
0691_0060_0030_0030_0030.jpg 1 60 30 30 30
0692_0042_0009_0043_0043.jpg 1 42 9 43 43
0693_0019_0028_0044_0044.jpg 1 19 28 44 44
0694_0010_0037_0058_0058.jpg 1 10 37 58 58
0695_0037_0047_0045_0045.jpg 1 37 47 45 45
0696_0028_0012_0057_0057.jpg 1 28 12 57 57
0697_0024_0004_0059_0059.jpg 1 24 4 59 59
0698_0022_0027_0068_0068.jpg 1 22 27 68 68
0699_0028_0013_0051_0051.jpg 1 28 13 51 51
0700_0030_0008_0034_0034.jpg 1 30 8 34 34
0701_0040_0052_0026_0026.jpg 1 40 52 26 26
0702_0024_0034_0055_0055.jpg 1 24 34 55 55
0703_0028_0032_0053_0053.jpg 1 28 32 53 53
0704_0015_0012_0046_0046.jpg 1 15 12 46 46
0705_0032_0031_0050_0050.jpg 1 32 31 50 50
0706_0029_0014_0034_0034.jpg 1 29 14 34 34
0707_0024_0006_0049_0049.jpg 1 24 6 49 49
0708_0031_0028_0053_0053.jpg 1 31 28 53 53
0709_0026_0053_0040_0040.jpg 1 26 53 40 40
0710_0051_0014_0042_0042.jpg 1 51 14 42 42
0711_0031_0012_0064_0064.jpg 1 31 12 64 64
0712_0037_0048_0029_0029.jpg 1 37 48 29 29
0713_0016_0008_0069_0069.jpg 1 16 8 69 69
0714_0053_0052_0037_0037.jpg 1 53 52 37 37
0715_0014_0023_0056_0056.jpg 1 14 23 56 56
0716_0025_0037_0052_0052.jpg 1 25 37 52 52
0717_0018_0045_0046_0046.jpg 1 18 45 46 46
0718_0032_0054_0032_0032.jpg 1 32 54 32 32
0719_0025_0011_0047_0047.jpg 1 25 11 47 47
0720_0012_0014_0067_0067.jpg 1 12 14 67 67
0721_0011_0039_0035_0035.jpg 1 11 39 35 35
0722_0035_0010_0039_0039.jpg 1 35 10 39 39
0723_0056_0065_0026_0026.jpg 1 56 65 26 26
0724_0018_0024_0064_0064.jpg 1 18 24 64 64
0725_0022_0025_0063_0063.jpg 1 22 25 63 63
0726_0044_0056_0025_0025.jpg 1 44 56 25 25
0727_0013_0018_0031_0031.jpg 1 13 18 31 31
0728_0010_0051_0028_0028.jpg 1 10 51 28 28
0729_0015_0013_0067_0067.jpg 1 15 13 67 67
0730_0024_0035_0036_0036.jpg 1 24 35 36 36
0731_0008_0007_0060_0060.jpg 1 8 7 60 60
0732_0025_0009_0067_0067.jpg 1 25 9 67 67
0733_0015_0020_0031_0031.jpg 1 15 20 31 31
0734_0026_0032_0060_0060.jpg 1 26 32 60 60
0735_0036_0004_0057_0057.jpg 1 36 4 57 57
0736_0040_0019_0044_0044.jpg 1 40 19 44 44
0737_0028_0017_0065_0065.jpg 1 28 17 65 65
0738_0028_0012_0062_0062.jpg 1 28 12 62 62
0739_0020_0012_0047_0047.jpg 1 20 12 47 47
0740_0033_0037_0026_0026.jpg 1 33 37 26 26
0741_0036_0038_0040_0040.jpg 1 36 38 40 40
0742_0046_0010_0027_0027.jpg 1 46 10 27 27
0743_0016_0036_0039_0039.jpg 1 16 36 39 39
0744_0012_0027_0054_0054.jpg 1 12 27 54 54
0745_0045_0034_0035_0035.jpg 1 45 34 35 35
0746_0016_0014_0047_0047.jpg 1 16 14 47 47
0747_0023_0003_0068_0068.jpg 1 23 3 68 68
0748_0048_0036_0038_0038.jpg 1 48 36 38 38
0749_0007_0034_0057_0057.jpg 1 7 34 57 57
0750_0011_0022_0035_0035.jpg 1 11 22 35 35
0751_0017_0030_0046_0046.jpg 1 17 30 46 46
0752_0045_0024_0034_0034.jpg 1 45 24 34 34
0753_0035_0032_0040_0040.jpg 1 35 32 40 40
0754_0028_0018_0049_0049.jpg 1 28 18 49 49
0755_0054_0053_0037_0037.jpg 1 54 53 37 37
0756_0017_0030_0050_0050.jpg 1 17 30 50 50
0757_0023_0010_0061_0061.jpg 1 23 10 61 61
0758_0015_0031_0047_0047.jpg 1 15 31 47 47
0759_0023_0003_0065_0065.jpg 1 23 3 65 65
0760_0024_0009_0041_0041.jpg 1 24 9 41 41
0761_0008_0008_0066_0066.jpg 1 8 8 66 66
0762_0027_0048_0026_0026.jpg 1 27 48 26 26
0763_0016_0029_0062_0062.jpg 1 16 29 62 62
0764_0035_0042_0043_0043.jpg 1 35 42 43 43
0765_0030_0029_0043_0043.jpg 1 30 29 43 43
0766_0004_0006_0059_0059.jpg 1 4 6 59 59
0767_0014_0027_0050_0050.jpg 1 14 27 50 50
0768_0056_0035_0029_0029.jpg 1 56 35 29 29
0769_0013_0020_0065_0065.jpg 1 13 20 65 65
0770_0028_0013_0062_0062.jpg 1 28 13 62 62
0771_0006_0013_0037_0037.jpg 1 6 13 37 37
0772_0026_0018_0038_0038.jpg 1 26 18 38 38
0773_0015_0014_0053_0053.jpg 1 15 14 53 53
0774_0034_0027_0060_0060.jpg 1 34 27 60 60
0775_0025_0016_0061_0061.jpg 1 25 16 61 61
0776_0033_0023_0036_0036.jpg 1 33 23 36 36
0777_0010_0024_0048_0048.jpg 1 10 24 48 48
0778_0040_0018_0048_0048.jpg 1 40 18 48 48
0779_0030_0035_0049_0049.jpg 1 30 35 49 49
0780_0040_0015_0043_0043.jpg 1 40 15 43 43
0781_0016_0012_0064_0064.jpg 1 16 12 64 64
0782_0024_0046_0027_0027.jpg 1 24 46 27 27
0783_0010_0017_0034_0034.jpg 1 10 17 34 34
0784_0022_0021_0041_0041.jpg 1 22 21 41 41
0785_0039_0051_0040_0040.jpg 1 39 51 40 40
0786_0005_0039_0048_0048.jpg 1 5 39 48 48
0787_0015_0007_0063_0063.jpg 1 15 7 63 63
0788_0023_0038_0056_0056.jpg 1 23 38 56 56
0789_0029_0011_0060_0060.jpg 1 29 11 60 60
0790_0028_0005_0065_0065.jpg 1 28 5 65 65
0791_0026_0013_0052_0052.jpg 1 26 13 52 52
0792_0003_0010_0062_0062.jpg 1 3 10 62 62
0793_0028_0052_0031_0031.jpg 1 28 52 31 31
0794_0037_0064_0025_0025.jpg 1 37 64 25 25
0795_0023_0015_0056_0056.jpg 1 23 15 56 56
0796_0009_0023_0067_0067.jpg 1 9 23 67 67
0797_0018_0052_0039_0039.jpg 1 18 52 39 39
0798_0020_0008_0040_0040.jpg 1 20 8 40 40
0799_0035_0020_0032_0032.jpg 1 35 20 32 32
0800_0030_0030_0060_0060.jpg 1 30 30 60 60
0801_0048_0028_0025_0025.jpg 1 48 28 25 25
0802_0007_0025_0068_0068.jpg 1 7 25 68 68
0803_0017_0026_0064_0064.jpg 1 17 26 64 64
0804_0040_0040_0053_0053.jpg 1 40 40 53 53
0805_0035_0006_0056_0056.jpg 1 35 6 56 56
0806_0039_0046_0038_0038.jpg 1 39 46 38 38
0807_0027_0032_0038_0038.jpg 1 27 32 38 38
0808_0048_0060_0030_0030.jpg 1 48 60 30 30
0809_0018_0022_0040_0040.jpg 1 18 22 40 40
0810_0036_0056_0029_0029.jpg 1 36 56 29 29
0811_0041_0034_0044_0044.jpg 1 41 34 44 44
0812_0038_0053_0030_0030.jpg 1 38 53 30 30
0813_0047_0033_0043_0043.jpg 1 47 33 43 43
0814_0046_0035_0041_0041.jpg 1 46 35 41 41
0815_0035_0036_0056_0056.jpg 1 35 36 56 56
0816_0021_0023_0052_0052.jpg 1 21 23 52 52
0817_0034_0009_0058_0058.jpg 1 34 9 58 58
0818_0051_0015_0024_0024.jpg 1 51 15 24 24
0819_0010_0019_0058_0058.jpg 1 10 19 58 58
0820_0025_0038_0048_0048.jpg 1 25 38 48 48
0821_0042_0015_0037_0037.jpg 1 42 15 37 37
0822_0012_0021_0068_0068.jpg 1 12 21 68 68
0823_0040_0041_0040_0040.jpg 1 40 41 40 40
0824_0010_0015_0056_0056.jpg 1 10 15 56 56
0825_0038_0039_0031_0031.jpg 1 38 39 31 31
0826_0020_0028_0066_0066.jpg 1 20 28 66 66
0827_0030_0022_0041_0041.jpg 1 30 22 41 41
0828_0033_0014_0056_0056.jpg 1 33 14 56 56
0829_0045_0048_0041_0041.jpg 1 45 48 41 41
0830_0023_0025_0037_0037.jpg 1 23 25 37 37
0831_0041_0043_0048_0048.jpg 1 41 43 48 48
0832_0037_0018_0054_0054.jpg 1 37 18 54 54
0833_0016_0007_0061_0061.jpg 1 16 7 61 61
0834_0020_0017_0069_0069.jpg 1 20 17 69 69
0835_0048_0055_0037_0037.jpg 1 48 55 37 37
0836_0024_0041_0037_0037.jpg 1 24 41 37 37
0837_0007_0036_0024_0024.jpg 1 7 36 24 24
0838_0034_0051_0039_0039.jpg 1 34 51 39 39
0839_0019_0032_0059_0059.jpg 1 19 32 59 59
0840_0012_0029_0049_0049.jpg 1 12 29 49 49
0841_0043_0039_0031_0031.jpg 1 43 39 31 31
0842_0010_0034_0025_0025.jpg 1 10 34 25 25
0843_0017_0024_0053_0053.jpg 1 17 24 53 53
0844_0022_0021_0058_0058.jpg 1 22 21 58 58
0845_0004_0005_0063_0063.jpg 1 4 5 63 63
0846_0020_0025_0063_0063.jpg 1 20 25 63 63
0847_0024_0017_0066_0066.jpg 1 24 17 66 66
0848_0023_0058_0033_0033.jpg 1 23 58 33 33
0849_0054_0039_0024_0024.jpg 1 54 39 24 24
0850_0021_0034_0057_0057.jpg 1 21 34 57 57
0851_0013_0023_0066_0066.jpg 1 13 23 66 66
0852_0027_0019_0037_0037.jpg 1 27 19 37 37
0853_0033_0016_0060_0060.jpg 1 33 16 60 60
0854_0025_0014_0042_0042.jpg 1 25 14 42 42
0855_0019_0028_0027_0027.jpg 1 19 28 27 27
0856_0017_0033_0034_0034.jpg 1 17 33 34 34
0857_0020_0046_0042_0042.jpg 1 20 46 42 42
0858_0027_0016_0047_0047.jpg 1 27 16 47 47
0859_0015_0027_0063_0063.jpg 1 15 27 63 63
0860_0023_0014_0067_0067.jpg 1 23 14 67 67
0861_0059_0051_0025_0025.jpg 1 59 51 25 25
0862_0053_0041_0037_0037.jpg 1 53 41 37 37
0863_0017_0021_0052_0052.jpg 1 17 21 52 52
0864_0031_0024_0024_0024.jpg 1 31 24 24 24
0865_0006_0011_0055_0055.jpg 1 6 11 55 55
0866_0012_0006_0051_0051.jpg 1 12 6 51 51
0867_0010_0029_0046_0046.jpg 1 10 29 46 46
0868_0046_0033_0045_0045.jpg 1 46 33 45 45
0869_0018_0057_0027_0027.jpg 1 18 57 27 27
0870_0023_0030_0053_0053.jpg 1 23 30 53 53
0871_0054_0019_0034_0034.jpg 1 54 19 34 34
0872_0008_0016_0057_0057.jpg 1 8 16 57 57
0873_0043_0028_0045_0045.jpg 1 43 28 45 45
0874_0009_0020_0068_0068.jpg 1 9 20 68 68
0875_0025_0022_0029_0029.jpg 1 25 22 29 29
0876_0006_0024_0044_0044.jpg 1 6 24 44 44
0877_0017_0008_0052_0052.jpg 1 17 8 52 52
0878_0018_0039_0038_0038.jpg 1 18 39 38 38
0879_0027_0030_0063_0063.jpg 1 27 30 63 63
0880_0019_0046_0039_0039.jpg 1 19 46 39 39
0881_0035_0021_0053_0053.jpg 1 35 21 53 53
0882_0013_0036_0043_0043.jpg 1 13 36 43 43
0883_0052_0044_0041_0041.jpg 1 52 44 41 41
0884_0043_0030_0033_0033.jpg 1 43 30 33 33
0885_0035_0013_0059_0059.jpg 1 35 13 59 59
0886_0025_0006_0069_0069.jpg 1 25 6 69 69
0887_0006_0037_0058_0058.jpg 1 6 37 58 58
0888_0020_0039_0051_0051.jpg 1 20 39 51 51
0889_0012_0008_0041_0041.jpg 1 12 8 41 41
0890_0048_0029_0046_0046.jpg 1 48 29 46 46
0891_0020_0038_0028_0028.jpg 1 20 38 28 28
0892_0012_0013_0065_0065.jpg 1 12 13 65 65
0893_0031_0028_0061_0061.jpg 1 31 28 61 61
0894_0057_0041_0029_0029.jpg 1 57 41 29 29
0895_0049_0036_0042_0042.jpg 1 49 36 42 42
0896_0046_0046_0024_0024.jpg 1 46 46 24 24
0897_0016_0007_0031_0031.jpg 1 16 7 31 31
0898_0023_0039_0049_0049.jpg 1 23 39 49 49
0899_0021_0022_0044_0044.jpg 1 21 22 44 44
0900_0049_0044_0043_0043.jpg 1 49 44 43 43
0901_0053_0033_0039_0039.jpg 1 53 33 39 39
0902_0009_0022_0066_0066.jpg 1 9 22 66 66
0903_0033_0026_0052_0052.jpg 1 33 26 52 52
0904_0029_0013_0064_0064.jpg 1 29 13 64 64
0905_0019_0022_0057_0057.jpg 1 19 22 57 57
0906_0038_0010_0055_0055.jpg 1 38 10 55 55
0907_0025_0024_0064_0064.jpg 1 25 24 64 64
0908_0017_0033_0045_0045.jpg 1 17 33 45 45
0909_0027_0007_0035_0035.jpg 1 27 7 35 35
0910_0036_0050_0043_0043.jpg 1 36 50 43 43
0911_0048_0045_0046_0046.jpg 1 48 45 46 46
0912_0038_0017_0037_0037.jpg 1 38 17 37 37
0913_0044_0021_0028_0028.jpg 1 44 21 28 28
0914_0019_0008_0061_0061.jpg 1 19 8 61 61
0915_0012_0041_0028_0028.jpg 1 12 41 28 28
0916_0028_0025_0047_0047.jpg 1 28 25 47 47
0917_0018_0009_0056_0056.jpg 1 18 9 56 56
0918_0032_0009_0043_0043.jpg 1 32 9 43 43
0919_0023_0028_0041_0041.jpg 1 23 28 41 41
0920_0009_0037_0028_0028.jpg 1 9 37 28 28
0921_0029_0023_0050_0050.jpg 1 29 23 50 50
0922_0036_0020_0052_0052.jpg 1 36 20 52 52
0923_0011_0033_0028_0028.jpg 1 11 33 28 28
0924_0030_0008_0060_0060.jpg 1 30 8 60 60
0925_0028_0031_0031_0031.jpg 1 28 31 31 31
0926_0049_0037_0045_0045.jpg 1 49 37 45 45
0927_0024_0016_0064_0064.jpg 1 24 16 64 64
0928_0027_0018_0067_0067.jpg 1 27 18 67 67
0929_0015_0034_0058_0058.jpg 1 15 34 58 58
0930_0016_0030_0050_0050.jpg 1 16 30 50 50
0931_0040_0024_0031_0031.jpg 1 40 24 31 31
0932_0041_0027_0041_0041.jpg 1 41 27 41 41
0933_0052_0053_0038_0038.jpg 1 52 53 38 38
0934_0018_0017_0067_0067.jpg 1 18 17 67 67
0935_0003_0020_0068_0068.jpg 1 3 20 68 68
0936_0044_0041_0036_0036.jpg 1 44 41 36 36
0937_0047_0045_0045_0045.jpg 1 47 45 45 45
0938_0027_0018_0065_0065.jpg 1 27 18 65 65
0939_0025_0026_0064_0064.jpg 1 25 26 64 64
0940_0042_0023_0026_0026.jpg 1 42 23 26 26
0941_0047_0019_0033_0033.jpg 1 47 19 33 33
0942_0020_0010_0067_0067.jpg 1 20 10 67 67
0943_0016_0018_0061_0061.jpg 1 16 18 61 61
0944_0039_0017_0036_0036.jpg 1 39 17 36 36
0945_0025_0012_0065_0065.jpg 1 25 12 65 65
0946_0015_0037_0053_0053.jpg 1 15 37 53 53
0947_0052_0061_0026_0026.jpg 1 52 61 26 26
0948_0020_0025_0043_0043.jpg 1 20 25 43 43
0949_0051_0029_0028_0028.jpg 1 51 29 28 28
0950_0017_0038_0044_0044.jpg 1 17 38 44 44
0951_0008_0021_0066_0066.jpg 1 8 21 66 66
0952_0015_0019_0066_0066.jpg 1 15 19 66 66
0953_0017_0025_0045_0045.jpg 1 17 25 45 45
0954_0035_0021_0052_0052.jpg 1 35 21 52 52
0955_0033_0014_0062_0062.jpg 1 33 14 62 62
0956_0019_0029_0064_0064.jpg 1 19 29 64 64
0957_0044_0007_0050_0050.jpg 1 44 7 50 50
0958_0009_0044_0028_0028.jpg 1 9 44 28 28
0959_0053_0047_0026_0026.jpg 1 53 47 26 26
0960_0038_0018_0025_0025.jpg 1 38 18 25 25
0961_0005_0010_0064_0064.jpg 1 5 10 64 64
0962_0027_0051_0042_0042.jpg 1 27 51 42 42
0963_0040_0014_0052_0052.jpg 1 40 14 52 52
0964_0028_0027_0050_0050.jpg 1 28 27 50 50
0965_0030_0022_0046_0046.jpg 1 30 22 46 46
0966_0019_0045_0042_0042.jpg 1 19 45 42 42
0967_0049_0028_0035_0035.jpg 1 49 28 35 35
0968_0007_0034_0029_0029.jpg 1 7 34 29 29
0969_0057_0012_0030_0030.jpg 1 57 12 30 30
0970_0047_0024_0040_0040.jpg 1 47 24 40 40
0971_0025_0022_0028_0028.jpg 1 25 22 28 28
0972_0018_0024_0044_0044.jpg 1 18 24 44 44
0973_0027_0005_0068_0068.jpg 1 27 5 68 68
0974_0042_0013_0052_0052.jpg 1 42 13 52 52
0975_0006_0014_0061_0061.jpg 1 6 14 61 61
0976_0032_0045_0047_0047.jpg 1 32 45 47 47
0977_0036_0047_0047_0047.jpg 1 36 47 47 47
0978_0016_0022_0054_0054.jpg 1 16 22 54 54
0979_0058_0039_0035_0035.jpg 1 58 39 35 35
0980_0022_0031_0034_0034.jpg 1 22 31 34 34
0981_0033_0021_0043_0043.jpg 1 33 21 43 43
0982_0027_0023_0060_0060.jpg 1 27 23 60 60
0983_0028_0025_0042_0042.jpg 1 28 25 42 42
0984_0048_0012_0039_0039.jpg 1 48 12 39 39
0985_0032_0021_0048_0048.jpg 1 32 21 48 48
0986_0046_0018_0034_0034.jpg 1 46 18 34 34
0987_0053_0012_0038_0038.jpg 1 53 12 38 38
0988_0043_0040_0042_0042.jpg 1 43 40 42 42
0989_0012_0044_0049_0049.jpg 1 12 44 49 49
0990_0032_0037_0058_0058.jpg 1 32 37 58 58
0991_0006_0009_0064_0064.jpg 1 6 9 64 64
0992_0037_0030_0046_0046.jpg 1 37 30 46 46
0993_0060_0028_0027_0027.jpg 1 60 28 27 27
0994_0030_0020_0059_0059.jpg 1 30 20 59 59
0995_0014_0034_0061_0061.jpg 1 14 34 61 61
0996_0046_0021_0035_0035.jpg 1 46 21 35 35
0997_0030_0016_0039_0039.jpg 1 30 16 39 39
0998_0019_0021_0027_0027.jpg 1 19 21 27 27
0999_0013_0036_0043_0043.jpg 1 13 36 43 43
1000_0040_0036_0053_0053.jpg 1 40 36 53 53
1001_0052_0028_0034_0034.jpg 1 52 28 34 34
1002_0027_0013_0060_0060.jpg 1 27 13 60 60
1003_0025_0006_0049_0049.jpg 1 25 6 49 49
1004_0022_0010_0064_0064.jpg 1 22 10 64 64
1005_0040_0062_0025_0025.jpg 1 40 62 25 25
1006_0031_0027_0032_0032.jpg 1 31 27 32 32
1007_0008_0025_0045_0045.jpg 1 8 25 45 45
1008_0053_0033_0036_0036.jpg 1 53 33 36 36
1009_0010_0035_0042_0042.jpg 1 10 35 42 42
1010_0021_0028_0050_0050.jpg 1 21 28 50 50
1011_0036_0027_0054_0054.jpg 1 36 27 54 54
1012_0051_0046_0028_0028.jpg 1 51 46 28 28
1013_0032_0028_0031_0031.jpg 1 32 28 31 31
1014_0050_0028_0033_0033.jpg 1 50 28 33 33
1015_0016_0024_0059_0059.jpg 1 16 24 59 59
1016_0031_0017_0050_0050.jpg 1 31 17 50 50
1017_0023_0040_0036_0036.jpg 1 23 40 36 36
1018_0032_0030_0031_0031.jpg 1 32 30 31 31
1019_0008_0032_0046_0046.jpg 1 8 32 46 46
1020_0041_0037_0049_0049.jpg 1 41 37 49 49
1021_0026_0027_0050_0050.jpg 1 26 27 50 50
1022_0017_0026_0030_0030.jpg 1 17 26 30 30
1023_0042_0046_0040_0040.jpg 1 42 46 40 40
1024_0040_0039_0050_0050.jpg 1 40 39 50 50
1025_0017_0024_0060_0060.jpg 1 17 24 60 60
1026_0010_0044_0042_0042.jpg 1 10 44 42 42
1027_0036_0019_0056_0056.jpg 1 36 19 56 56
1028_0026_0032_0053_0053.jpg 1 26 32 53 53
1029_0016_0044_0040_0040.jpg 1 16 44 40 40
1030_0009_0015_0055_0055.jpg 1 9 15 55 55
1031_0010_0017_0046_0046.jpg 1 10 17 46 46
1032_0058_0056_0029_0029.jpg 1 58 56 29 29
1033_0027_0018_0034_0034.jpg 1 27 18 34 34
1034_0009_0028_0066_0066.jpg 1 9 28 66 66
1035_0024_0058_0034_0034.jpg 1 24 58 34 34
1036_0005_0036_0050_0050.jpg 1 5 36 50 50
1037_0005_0006_0064_0064.jpg 1 5 6 64 64
1038_0048_0024_0039_0039.jpg 1 48 24 39 39
1039_0018_0024_0059_0059.jpg 1 18 24 59 59
1040_0029_0006_0058_0058.jpg 1 29 6 58 58
1041_0031_0044_0027_0027.jpg 1 31 44 27 27
1042_0027_0052_0029_0029.jpg 1 27 52 29 29
1043_0027_0044_0036_0036.jpg 1 27 44 36 36
1044_0007_0013_0038_0038.jpg 1 7 13 38 38
1045_0032_0031_0061_0061.jpg 1 32 31 61 61
1046_0017_0036_0043_0043.jpg 1 17 36 43 43
1047_0059_0014_0026_0026.jpg 1 59 14 26 26
1048_0006_0010_0062_0062.jpg 1 6 10 62 62
1049_0053_0040_0031_0031.jpg 1 53 40 31 31
1050_0046_0040_0032_0032.jpg 1 46 40 32 32
1051_0024_0039_0041_0041.jpg 1 24 39 41 41
1052_0008_0009_0051_0051.jpg 1 8 9 51 51
1053_0041_0017_0029_0029.jpg 1 41 17 29 29
1054_0060_0029_0024_0024.jpg 1 60 29 24 24
1055_0041_0027_0045_0045.jpg 1 41 27 45 45
1056_0014_0011_0048_0048.jpg 1 14 11 48 48
1057_0011_0022_0049_0049.jpg 1 11 22 49 49
1058_0016_0040_0027_0027.jpg 1 16 40 27 27
1059_0041_0027_0037_0037.jpg 1 41 27 37 37
1060_0011_0003_0069_0069.jpg 1 11 3 69 69
1061_0023_0039_0024_0024.jpg 1 23 39 24 24
1062_0025_0021_0067_0067.jpg 1 25 21 67 67
1063_0037_0010_0044_0044.jpg 1 37 10 44 44
1064_0009_0027_0058_0058.jpg 1 9 27 58 58
1065_0005_0038_0052_0052.jpg 1 5 38 52 52
1066_0013_0041_0047_0047.jpg 1 13 41 47 47
1067_0059_0061_0027_0027.jpg 1 59 61 27 27
1068_0024_0010_0060_0060.jpg 1 24 10 60 60
1069_0005_0027_0069_0069.jpg 1 5 27 69 69
1070_0004_0027_0063_0063.jpg 1 4 27 63 63
1071_0011_0031_0055_0055.jpg 1 11 31 55 55
1072_0031_0041_0033_0033.jpg 1 31 41 33 33
1073_0019_0025_0025_0025.jpg 1 19 25 25 25
1074_0064_0049_0026_0026.jpg 1 64 49 26 26
1075_0047_0055_0027_0027.jpg 1 47 55 27 27
1076_0028_0008_0028_0028.jpg 1 28 8 28 28
1077_0017_0008_0063_0063.jpg 1 17 8 63 63
1078_0056_0008_0032_0032.jpg 1 56 8 32 32
1079_0010_0047_0032_0032.jpg 1 10 47 32 32
1080_0028_0052_0041_0041.jpg 1 28 52 41 41
1081_0030_0025_0055_0055.jpg 1 30 25 55 55
1082_0027_0033_0024_0024.jpg 1 27 33 24 24
1083_0028_0009_0067_0067.jpg 1 28 9 67 67
1084_0026_0033_0059_0059.jpg 1 26 33 59 59
1085_0038_0011_0055_0055.jpg 1 38 11 55 55
1086_0046_0043_0028_0028.jpg 1 46 43 28 28
1087_0022_0008_0032_0032.jpg 1 22 8 32 32
1088_0009_0028_0049_0049.jpg 1 9 28 49 49
1089_0024_0006_0061_0061.jpg 1 24 6 61 61
1090_0038_0018_0045_0045.jpg 1 38 18 45 45
1091_0035_0038_0049_0049.jpg 1 35 38 49 49
1092_0020_0015_0047_0047.jpg 1 20 15 47 47
1093_0010_0026_0060_0060.jpg 1 10 26 60 60
1094_0009_0041_0051_0051.jpg 1 9 41 51 51
1095_0057_0007_0035_0035.jpg 1 57 7 35 35
1096_0036_0016_0059_0059.jpg 1 36 16 59 59
1097_0011_0024_0065_0065.jpg 1 11 24 65 65
1098_0026_0041_0036_0036.jpg 1 26 41 36 36
1099_0019_0050_0028_0028.jpg 1 19 50 28 28
1100_0031_0024_0057_0057.jpg 1 31 24 57 57
1101_0007_0031_0063_0063.jpg 1 7 31 63 63
1102_0036_0018_0044_0044.jpg 1 36 18 44 44
1103_0028_0041_0033_0033.jpg 1 28 41 33 33
1104_0013_0015_0064_0064.jpg 1 13 15 64 64
1105_0005_0005_0057_0057.jpg 1 5 5 57 57
1106_0007_0060_0029_0029.jpg 1 7 60 29 29
1107_0050_0051_0026_0026.jpg 1 50 51 26 26
1108_0008_0018_0054_0054.jpg 1 8 18 54 54
1109_0026_0023_0059_0059.jpg 1 26 23 59 59
1110_0036_0011_0032_0032.jpg 1 36 11 32 32
1111_0060_0028_0031_0031.jpg 1 60 28 31 31
1112_0009_0035_0044_0044.jpg 1 9 35 44 44
1113_0031_0051_0039_0039.jpg 1 31 51 39 39
1114_0009_0026_0042_0042.jpg 1 9 26 42 42
1115_0050_0010_0031_0031.jpg 1 50 10 31 31
1116_0006_0014_0038_0038.jpg 1 6 14 38 38
1117_0006_0036_0057_0057.jpg 1 6 36 57 57
1118_0030_0048_0030_0030.jpg 1 30 48 30 30
1119_0016_0017_0047_0047.jpg 1 16 17 47 47
1120_0024_0008_0066_0066.jpg 1 24 8 66 66
1121_0033_0064_0026_0026.jpg 1 33 64 26 26
1122_0040_0038_0039_0039.jpg 1 40 38 39 39
1123_0008_0026_0045_0045.jpg 1 8 26 45 45
1124_0045_0028_0044_0044.jpg 1 45 28 44 44
1125_0038_0046_0033_0033.jpg 1 38 46 33 33
1126_0042_0038_0042_0042.jpg 1 42 38 42 42
1127_0003_0027_0066_0066.jpg 1 3 27 66 66
1128_0036_0009_0044_0044.jpg 1 36 9 44 44
1129_0035_0013_0048_0048.jpg 1 35 13 48 48
1130_0019_0004_0068_0068.jpg 1 19 4 68 68
1131_0023_0022_0036_0036.jpg 1 23 22 36 36
1132_0035_0005_0054_0054.jpg 1 35 5 54 54
1133_0022_0012_0067_0067.jpg 1 22 12 67 67
1134_0024_0016_0063_0063.jpg 1 24 16 63 63
1135_0011_0016_0039_0039.jpg 1 11 16 39 39
1136_0019_0014_0068_0068.jpg 1 19 14 68 68
1137_0021_0011_0053_0053.jpg 1 21 11 53 53
1138_0026_0012_0024_0024.jpg 1 26 12 24 24
1139_0039_0027_0032_0032.jpg 1 39 27 32 32
1140_0033_0023_0036_0036.jpg 1 33 23 36 36
1141_0014_0041_0025_0025.jpg 1 14 41 25 25
1142_0057_0032_0033_0033.jpg 1 57 32 33 33
1143_0045_0063_0024_0024.jpg 1 45 63 24 24
1144_0017_0028_0036_0036.jpg 1 17 28 36 36
1145_0036_0007_0050_0050.jpg 1 36 7 50 50
1146_0053_0025_0026_0026.jpg 1 53 25 26 26
1147_0064_0011_0026_0026.jpg 1 64 11 26 26
1148_0020_0009_0043_0043.jpg 1 20 9 43 43
1149_0022_0031_0058_0058.jpg 1 22 31 58 58
1150_0030_0013_0063_0063.jpg 1 30 13 63 63
1151_0039_0011_0043_0043.jpg 1 39 11 43 43
1152_0021_0009_0062_0062.jpg 1 21 9 62 62
1153_0007_0018_0060_0060.jpg 1 7 18 60 60
1154_0040_0017_0044_0044.jpg 1 40 17 44 44
1155_0051_0024_0025_0025.jpg 1 51 24 25 25
1156_0023_0064_0025_0025.jpg 1 23 64 25 25
1157_0039_0039_0055_0055.jpg 1 39 39 55 55
1158_0044_0042_0026_0026.jpg 1 44 42 26 26
1159_0042_0029_0043_0043.jpg 1 42 29 43 43
1160_0018_0026_0068_0068.jpg 1 18 26 68 68
1161_0064_0041_0024_0024.jpg 1 64 41 24 24
1162_0043_0034_0036_0036.jpg 1 43 34 36 36
1163_0017_0023_0051_0051.jpg 1 17 23 51 51
1164_0004_0025_0060_0060.jpg 1 4 25 60 60
1165_0019_0020_0059_0059.jpg 1 19 20 59 59
1166_0029_0030_0062_0062.jpg 1 29 30 62 62
1167_0030_0024_0025_0025.jpg 1 30 24 25 25
1168_0028_0033_0058_0058.jpg 1 28 33 58 58
1169_0055_0010_0037_0037.jpg 1 55 10 37 37
1170_0032_0038_0046_0046.jpg 1 32 38 46 46
1171_0020_0030_0044_0044.jpg 1 20 30 44 44
1172_0058_0007_0030_0030.jpg 1 58 7 30 30
1173_0024_0029_0030_0030.jpg 1 24 29 30 30
1174_0027_0023_0067_0067.jpg 1 27 23 67 67
1175_0007_0010_0054_0054.jpg 1 7 10 54 54
1176_0018_0027_0027_0027.jpg 1 18 27 27 27
1177_0004_0010_0066_0066.jpg 1 4 10 66 66
1178_0011_0024_0057_0057.jpg 1 11 24 57 57
1179_0026_0008_0049_0049.jpg 1 26 8 49 49
1180_0050_0040_0041_0041.jpg 1 50 40 41 41
1181_0055_0013_0034_0034.jpg 1 55 13 34 34
1182_0025_0027_0069_0069.jpg 1 25 27 69 69
1183_0025_0014_0065_0065.jpg 1 25 14 65 65
1184_0037_0029_0048_0048.jpg 1 37 29 48 48
1185_0012_0044_0045_0045.jpg 1 12 44 45 45
1186_0041_0036_0045_0045.jpg 1 41 36 45 45
1187_0047_0010_0035_0035.jpg 1 47 10 35 35
1188_0037_0033_0047_0047.jpg 1 37 33 47 47
1189_0032_0029_0059_0059.jpg 1 32 29 59 59
1190_0028_0016_0038_0038.jpg 1 28 16 38 38
1191_0019_0032_0057_0057.jpg 1 19 32 57 57
1192_0042_0042_0051_0051.jpg 1 42 42 51 51
1193_0017_0010_0062_0062.jpg 1 17 10 62 62
1194_0014_0022_0069_0069.jpg 1 14 22 69 69
1195_0019_0011_0026_0026.jpg 1 19 11 26 26
1196_0037_0035_0040_0040.jpg 1 37 35 40 40
1197_0031_0030_0060_0060.jpg 1 31 30 60 60
1198_0060_0017_0027_0027.jpg 1 60 17 27 27
1199_0017_0043_0037_0037.jpg 1 17 43 37 37
1200_0044_0041_0044_0044.jpg 1 44 41 44 44
1201_0017_0014_0030_0030.jpg 1 17 14 30 30
1202_0047_0037_0036_0036.jpg 1 47 37 36 36
1203_0034_0009_0061_0061.jpg 1 34 9 61 61
1204_0030_0027_0047_0047.jpg 1 30 27 47 47
1205_0038_0024_0049_0049.jpg 1 38 24 49 49
1206_0023_0040_0031_0031.jpg 1 23 40 31 31
1207_0030_0063_0029_0029.jpg 1 30 63 29 29
1208_0024_0038_0027_0027.jpg 1 24 38 27 27
1209_0031_0034_0061_0061.jpg 1 31 34 61 61
1210_0017_0059_0030_0030.jpg 1 17 59 30 30
1211_0022_0040_0055_0055.jpg 1 22 40 55 55
1212_0014_0017_0041_0041.jpg 1 14 17 41 41
1213_0032_0015_0054_0054.jpg 1 32 15 54 54
1214_0018_0023_0037_0037.jpg 1 18 23 37 37
1215_0015_0029_0067_0067.jpg 1 15 29 67 67
1216_0040_0034_0036_0036.jpg 1 40 34 36 36
1217_0011_0029_0051_0051.jpg 1 11 29 51 51
1218_0037_0037_0033_0033.jpg 1 37 37 33 33
1219_0023_0049_0026_0026.jpg 1 23 49 26 26
1220_0047_0049_0028_0028.jpg 1 47 49 28 28
1221_0026_0016_0066_0066.jpg 1 26 16 66 66
1222_0004_0008_0066_0066.jpg 1 4 8 66 66
1223_0033_0023_0062_0062.jpg 1 33 23 62 62
1224_0009_0018_0049_0049.jpg 1 9 18 49 49
1225_0039_0029_0045_0045.jpg 1 39 29 45 45
1226_0023_0015_0060_0060.jpg 1 23 15 60 60
1227_0005_0042_0052_0052.jpg 1 5 42 52 52
1228_0007_0042_0051_0051.jpg 1 7 42 51 51
1229_0026_0034_0046_0046.jpg 1 26 34 46 46
1230_0040_0053_0039_0039.jpg 1 40 53 39 39
1231_0049_0031_0028_0028.jpg 1 49 31 28 28
1232_0024_0023_0036_0036.jpg 1 24 23 36 36
1233_0027_0028_0054_0054.jpg 1 27 28 54 54
1234_0041_0018_0028_0028.jpg 1 41 18 28 28
1235_0034_0008_0038_0038.jpg 1 34 8 38 38
1236_0037_0041_0052_0052.jpg 1 37 41 52 52
1237_0009_0008_0060_0060.jpg 1 9 8 60 60
1238_0037_0028_0050_0050.jpg 1 37 28 50 50
1239_0036_0018_0041_0041.jpg 1 36 18 41 41
1240_0038_0009_0049_0049.jpg 1 38 9 49 49
1241_0031_0019_0060_0060.jpg 1 31 19 60 60
1242_0036_0062_0026_0026.jpg 1 36 62 26 26
1243_0048_0035_0043_0043.jpg 1 48 35 43 43
1244_0015_0029_0055_0055.jpg 1 15 29 55 55
1245_0028_0032_0047_0047.jpg 1 28 32 47 47
1246_0035_0049_0045_0045.jpg 1 35 49 45 45
1247_0038_0035_0048_0048.jpg 1 38 35 48 48
1248_0035_0015_0036_0036.jpg 1 35 15 36 36
1249_0029_0005_0054_0054.jpg 1 29 5 54 54
1250_0048_0031_0039_0039.jpg 1 48 31 39 39
1251_0016_0007_0045_0045.jpg 1 16 7 45 45
1252_0028_0025_0025_0025.jpg 1 28 25 25 25
1253_0022_0021_0052_0052.jpg 1 22 21 52 52
1254_0013_0008_0051_0051.jpg 1 13 8 51 51
1255_0018_0033_0057_0057.jpg 1 18 33 57 57
1256_0026_0014_0028_0028.jpg 1 26 14 28 28
1257_0028_0046_0041_0041.jpg 1 28 46 41 41
1258_0005_0046_0045_0045.jpg 1 5 46 45 45
1259_0049_0010_0036_0036.jpg 1 49 10 36 36
1260_0020_0031_0059_0059.jpg 1 20 31 59 59
1261_0047_0023_0041_0041.jpg 1 47 23 41 41
1262_0006_0047_0040_0040.jpg 1 6 47 40 40
1263_0046_0014_0044_0044.jpg 1 46 14 44 44
1264_0026_0030_0046_0046.jpg 1 26 30 46 46
1265_0045_0007_0041_0041.jpg 1 45 7 41 41
1266_0033_0009_0057_0057.jpg 1 33 9 57 57
1267_0008_0005_0065_0065.jpg 1 8 5 65 65
1268_0038_0019_0056_0056.jpg 1 38 19 56 56
1269_0051_0043_0039_0039.jpg 1 51 43 39 39
1270_0011_0012_0067_0067.jpg 1 11 12 67 67
1271_0043_0045_0042_0042.jpg 1 43 45 42 42
1272_0006_0010_0056_0056.jpg 1 6 10 56 56
1273_0029_0016_0037_0037.jpg 1 29 16 37 37
1274_0057_0017_0031_0031.jpg 1 57 17 31 31
1275_0034_0034_0058_0058.jpg 1 34 34 58 58
1276_0032_0015_0047_0047.jpg 1 32 15 47 47
1277_0051_0033_0037_0037.jpg 1 51 33 37 37
1278_0008_0033_0036_0036.jpg 1 8 33 36 36
1279_0037_0024_0052_0052.jpg 1 37 24 52 52
1280_0029_0023_0058_0058.jpg 1 29 23 58 58
1281_0019_0034_0029_0029.jpg 1 19 34 29 29
1282_0023_0009_0052_0052.jpg 1 23 9 52 52
1283_0038_0047_0045_0045.jpg 1 38 47 45 45
1284_0005_0024_0049_0049.jpg 1 5 24 49 49
1285_0017_0008_0040_0040.jpg 1 17 8 40 40
1286_0050_0039_0027_0027.jpg 1 50 39 27 27
1287_0044_0019_0042_0042.jpg 1 44 19 42 42
1288_0047_0027_0043_0043.jpg 1 47 27 43 43
1289_0013_0038_0028_0028.jpg 1 13 38 28 28
1290_0019_0006_0057_0057.jpg 1 19 6 57 57
1291_0050_0019_0024_0024.jpg 1 50 19 24 24
1292_0023_0025_0027_0027.jpg 1 23 25 27 27
1293_0018_0011_0066_0066.jpg 1 18 11 66 66
1294_0021_0017_0064_0064.jpg 1 21 17 64 64
1295_0048_0052_0037_0037.jpg 1 48 52 37 37
1296_0033_0038_0038_0038.jpg 1 33 38 38 38
1297_0016_0025_0057_0057.jpg 1 16 25 57 57
1298_0012_0005_0063_0063.jpg 1 12 5 63 63
1299_0039_0008_0049_0049.jpg 1 39 8 49 49
1300_0009_0004_0069_0069.jpg 1 9 4 69 69
1301_0028_0031_0053_0053.jpg 1 28 31 53 53
1302_0018_0014_0068_0068.jpg 1 18 14 68 68
1303_0059_0039_0033_0033.jpg 1 59 39 33 33
1304_0014_0030_0060_0060.jpg 1 14 30 60 60
1305_0011_0017_0062_0062.jpg 1 11 17 62 62
1306_0021_0023_0034_0034.jpg 1 21 23 34 34
1307_0020_0027_0053_0053.jpg 1 20 27 53 53
1308_0033_0062_0028_0028.jpg 1 33 62 28 28
1309_0019_0020_0045_0045.jpg 1 19 20 45 45
1310_0011_0033_0043_0043.jpg 1 11 33 43 43
1311_0040_0014_0034_0034.jpg 1 40 14 34 34
1312_0017_0024_0068_0068.jpg 1 17 24 68 68
1313_0020_0018_0046_0046.jpg 1 20 18 46 46
1314_0011_0004_0060_0060.jpg 1 11 4 60 60
1315_0058_0025_0025_0025.jpg 1 58 25 25 25
1316_0003_0012_0066_0066.jpg 1 3 12 66 66
1317_0033_0030_0052_0052.jpg 1 33 30 52 52
1318_0032_0017_0028_0028.jpg 1 32 17 28 28
1319_0012_0029_0061_0061.jpg 1 12 29 61 61
1320_0009_0020_0060_0060.jpg 1 9 20 60 60
1321_0020_0063_0027_0027.jpg 1 20 63 27 27
1322_0040_0024_0037_0037.jpg 1 40 24 37 37
1323_0025_0010_0060_0060.jpg 1 25 10 60 60
1324_0027_0022_0058_0058.jpg 1 27 22 58 58
1325_0009_0036_0051_0051.jpg 1 9 36 51 51
1326_0018_0019_0052_0052.jpg 1 18 19 52 52
1327_0024_0021_0054_0054.jpg 1 24 21 54 54
1328_0024_0019_0069_0069.jpg 1 24 19 69 69
1329_0045_0048_0034_0034.jpg 1 45 48 34 34
1330_0047_0036_0035_0035.jpg 1 47 36 35 35
1331_0037_0055_0036_0036.jpg 1 37 55 36 36
1332_0004_0036_0057_0057.jpg 1 4 36 57 57
1333_0050_0024_0033_0033.jpg 1 50 24 33 33
1334_0024_0028_0042_0042.jpg 1 24 28 42 42
1335_0011_0017_0057_0057.jpg 1 11 17 57 57
1336_0062_0021_0024_0024.jpg 1 62 21 24 24
1337_0027_0021_0064_0064.jpg 1 27 21 64 64
1338_0012_0026_0069_0069.jpg 1 12 26 69 69
1339_0039_0043_0028_0028.jpg 1 39 43 28 28
1340_0006_0039_0055_0055.jpg 1 6 39 55 55
1341_0021_0021_0047_0047.jpg 1 21 21 47 47
1342_0030_0033_0054_0054.jpg 1 30 33 54 54
1343_0018_0032_0039_0039.jpg 1 18 32 39 39
1344_0018_0013_0031_0031.jpg 1 18 13 31 31
1345_0038_0051_0035_0035.jpg 1 38 51 35 35
1346_0040_0036_0051_0051.jpg 1 40 36 51 51
1347_0037_0057_0031_0031.jpg 1 37 57 31 31
1348_0035_0007_0038_0038.jpg 1 35 7 38 38
1349_0018_0021_0064_0064.jpg 1 18 21 64 64
1350_0010_0033_0041_0041.jpg 1 10 33 41 41
1351_0023_0011_0068_0068.jpg 1 23 11 68 68
1352_0023_0018_0044_0044.jpg 1 23 18 44 44
1353_0015_0018_0061_0061.jpg 1 15 18 61 61
1354_0018_0015_0066_0066.jpg 1 18 15 66 66
1355_0032_0040_0054_0054.jpg 1 32 40 54 54
1356_0011_0043_0026_0026.jpg 1 11 43 26 26
1357_0005_0010_0065_0065.jpg 1 5 10 65 65
1358_0006_0018_0037_0037.jpg 1 6 18 37 37
1359_0008_0033_0046_0046.jpg 1 8 33 46 46
1360_0028_0028_0058_0058.jpg 1 28 28 58 58
1361_0031_0047_0040_0040.jpg 1 31 47 40 40
1362_0007_0014_0053_0053.jpg 1 7 14 53 53
1363_0038_0039_0026_0026.jpg 1 38 39 26 26
1364_0037_0018_0029_0029.jpg 1 37 18 29 29
1365_0007_0046_0048_0048.jpg 1 7 46 48 48
1366_0017_0006_0069_0069.jpg 1 17 6 69 69
1367_0038_0011_0024_0024.jpg 1 38 11 24 24
1368_0008_0020_0053_0053.jpg 1 8 20 53 53
1369_0022_0004_0066_0066.jpg 1 22 4 66 66
1370_0060_0043_0031_0031.jpg 1 60 43 31 31
1371_0028_0055_0028_0028.jpg 1 28 55 28 28
1372_0037_0020_0047_0047.jpg 1 37 20 47 47
1373_0019_0005_0067_0067.jpg 1 19 5 67 67
1374_0025_0028_0057_0057.jpg 1 25 28 57 57
1375_0023_0018_0065_0065.jpg 1 23 18 65 65
1376_0007_0025_0048_0048.jpg 1 7 25 48 48
1377_0020_0020_0063_0063.jpg 1 20 20 63 63
1378_0014_0006_0057_0057.jpg 1 14 6 57 57
1379_0032_0025_0061_0061.jpg 1 32 25 61 61
1380_0014_0046_0024_0024.jpg 1 14 46 24 24
1381_0008_0016_0052_0052.jpg 1 8 16 52 52
1382_0022_0018_0055_0055.jpg 1 22 18 55 55
1383_0015_0021_0063_0063.jpg 1 15 21 63 63
1384_0039_0041_0051_0051.jpg 1 39 41 51 51
1385_0006_0017_0059_0059.jpg 1 6 17 59 59
1386_0047_0051_0039_0039.jpg 1 47 51 39 39
1387_0006_0019_0048_0048.jpg 1 6 19 48 48
1388_0042_0040_0033_0033.jpg 1 42 40 33 33
1389_0054_0007_0038_0038.jpg 1 54 7 38 38
1390_0017_0027_0055_0055.jpg 1 17 27 55 55
1391_0019_0016_0060_0060.jpg 1 19 16 60 60
1392_0016_0032_0061_0061.jpg 1 16 32 61 61
1393_0016_0014_0050_0050.jpg 1 16 14 50 50
1394_0004_0030_0057_0057.jpg 1 4 30 57 57
1395_0022_0024_0062_0062.jpg 1 22 24 62 62
1396_0010_0048_0043_0043.jpg 1 10 48 43 43
1397_0058_0009_0027_0027.jpg 1 58 9 27 27
1398_0048_0050_0043_0043.jpg 1 48 50 43 43
1399_0026_0014_0069_0069.jpg 1 26 14 69 69
1400_0008_0019_0064_0064.jpg 1 8 19 64 64
1401_0022_0010_0044_0044.jpg 1 22 10 44 44
1402_0042_0009_0047_0047.jpg 1 42 9 47 47
1403_0038_0008_0052_0052.jpg 1 38 8 52 52
1404_0030_0012_0060_0060.jpg 1 30 12 60 60
1405_0037_0046_0034_0034.jpg 1 37 46 34 34
1406_0035_0052_0040_0040.jpg 1 35 52 40 40
1407_0005_0029_0067_0067.jpg 1 5 29 67 67
1408_0025_0008_0040_0040.jpg 1 25 8 40 40
1409_0027_0025_0061_0061.jpg 1 27 25 61 61
1410_0008_0014_0068_0068.jpg 1 8 14 68 68
1411_0003_0014_0069_0069.jpg 1 3 14 69 69
1412_0050_0021_0034_0034.jpg 1 50 21 34 34
1413_0008_0009_0039_0039.jpg 1 8 9 39 39
1414_0021_0010_0056_0056.jpg 1 21 10 56 56
1415_0013_0032_0044_0044.jpg 1 13 32 44 44
1416_0044_0029_0047_0047.jpg 1 44 29 47 47
1417_0045_0013_0045_0045.jpg 1 45 13 45 45
1418_0023_0028_0036_0036.jpg 1 23 28 36 36
1419_0029_0013_0044_0044.jpg 1 29 13 44 44
1420_0040_0037_0044_0044.jpg 1 40 37 44 44
1421_0024_0027_0039_0039.jpg 1 24 27 39 39
1422_0014_0012_0046_0046.jpg 1 14 12 46 46
1423_0037_0026_0049_0049.jpg 1 37 26 49 49
1424_0015_0023_0043_0043.jpg 1 15 23 43 43
1425_0030_0017_0042_0042.jpg 1 30 17 42 42
1426_0023_0040_0037_0037.jpg 1 23 40 37 37
1427_0041_0015_0053_0053.jpg 1 41 15 53 53
1428_0004_0011_0063_0063.jpg 1 4 11 63 63
1429_0046_0046_0040_0040.jpg 1 46 46 40 40
1430_0015_0032_0046_0046.jpg 1 15 32 46 46
1431_0025_0021_0055_0055.jpg 1 25 21 55 55
1432_0015_0021_0069_0069.jpg 1 15 21 69 69
1433_0016_0007_0066_0066.jpg 1 16 7 66 66
1434_0036_0032_0057_0057.jpg 1 36 32 57 57
1435_0009_0013_0053_0053.jpg 1 9 13 53 53
1436_0023_0030_0059_0059.jpg 1 23 30 59 59
1437_0028_0026_0062_0062.jpg 1 28 26 62 62
1438_0032_0015_0037_0037.jpg 1 32 15 37 37
1439_0023_0039_0043_0043.jpg 1 23 39 43 43
1440_0019_0032_0062_0062.jpg 1 19 32 62 62
1441_0032_0030_0052_0052.jpg 1 32 30 52 52
1442_0032_0040_0025_0025.jpg 1 32 40 25 25
1443_0036_0007_0055_0055.jpg 1 36 7 55 55
1444_0009_0010_0033_0033.jpg 1 9 10 33 33
1445_0042_0015_0048_0048.jpg 1 42 15 48 48
1446_0048_0035_0034_0034.jpg 1 48 35 34 34
1447_0010_0008_0056_0056.jpg 1 10 8 56 56
1448_0044_0021_0041_0041.jpg 1 44 21 41 41
1449_0025_0010_0040_0040.jpg 1 25 10 40 40
1450_0043_0030_0045_0045.jpg 1 43 30 45 45
1451_0020_0023_0039_0039.jpg 1 20 23 39 39
1452_0021_0026_0069_0069.jpg 1 21 26 69 69
1453_0043_0045_0043_0043.jpg 1 43 45 43 43
1454_0021_0025_0045_0045.jpg 1 21 25 45 45
1455_0007_0034_0058_0058.jpg 1 7 34 58 58
1456_0018_0010_0062_0062.jpg 1 18 10 62 62
1457_0048_0019_0037_0037.jpg 1 48 19 37 37
1458_0061_0044_0025_0025.jpg 1 61 44 25 25
1459_0032_0013_0044_0044.jpg 1 32 13 44 44
1460_0027_0015_0055_0055.jpg 1 27 15 55 55
1461_0018_0027_0061_0061.jpg 1 18 27 61 61
1462_0010_0022_0065_0065.jpg 1 10 22 65 65
1463_0034_0064_0025_0025.jpg 1 34 64 25 25
1464_0022_0010_0032_0032.jpg 1 22 10 32 32
1465_0018_0019_0063_0063.jpg 1 18 19 63 63
1466_0039_0024_0050_0050.jpg 1 39 24 50 50
1467_0016_0014_0031_0031.jpg 1 16 14 31 31
1468_0015_0006_0056_0056.jpg 1 15 6 56 56
1469_0050_0030_0036_0036.jpg 1 50 30 36 36
1470_0013_0057_0034_0034.jpg 1 13 57 34 34
1471_0039_0039_0039_0039.jpg 1 39 39 39 39
1472_0045_0020_0033_0033.jpg 1 45 20 33 33
1473_0037_0031_0058_0058.jpg 1 37 31 58 58
1474_0033_0040_0053_0053.jpg 1 33 40 53 53
1475_0019_0016_0063_0063.jpg 1 19 16 63 63
1476_0010_0013_0032_0032.jpg 1 10 13 32 32
1477_0012_0013_0053_0053.jpg 1 12 13 53 53
1478_0009_0007_0068_0068.jpg 1 9 7 68 68
1479_0019_0004_0054_0054.jpg 1 19 4 54 54
1480_0042_0017_0045_0045.jpg 1 42 17 45 45
1481_0006_0017_0067_0067.jpg 1 6 17 67 67
1482_0011_0038_0053_0053.jpg 1 11 38 53 53
1483_0027_0044_0034_0034.jpg 1 27 44 34 34
1484_0054_0035_0028_0028.jpg 1 54 35 28 28
1485_0058_0048_0027_0027.jpg 1 58 48 27 27
1486_0036_0012_0039_0039.jpg 1 36 12 39 39
1487_0025_0023_0041_0041.jpg 1 25 23 41 41
1488_0029_0035_0035_0035.jpg 1 29 35 35 35
1489_0028_0025_0059_0059.jpg 1 28 25 59 59
1490_0020_0010_0056_0056.jpg 1 20 10 56 56
1491_0036_0017_0035_0035.jpg 1 36 17 35 35
1492_0016_0015_0029_0029.jpg 1 16 15 29 29
1493_0011_0006_0068_0068.jpg 1 11 6 68 68
1494_0046_0040_0041_0041.jpg 1 46 40 41 41
1495_0041_0051_0027_0027.jpg 1 41 51 27 27
1496_0035_0027_0056_0056.jpg 1 35 27 56 56
1497_0004_0026_0057_0057.jpg 1 4 26 57 57
1498_0021_0025_0059_0059.jpg 1 21 25 59 59
1499_0011_0043_0031_0031.jpg 1 11 43 31 31
1500_0014_0008_0060_0060.jpg 1 14 8 60 60
1501_0024_0022_0024_0024.jpg 1 24 22 24 24
1502_0009_0027_0067_0067.jpg 1 9 27 67 67
1503_0005_0029_0054_0054.jpg 1 5 29 54 54
1504_0014_0008_0057_0057.jpg 1 14 8 57 57
1505_0010_0023_0054_0054.jpg 1 10 23 54 54
1506_0045_0017_0049_0049.jpg 1 45 17 49 49
1507_0008_0020_0047_0047.jpg 1 8 20 47 47
1508_0014_0030_0041_0041.jpg 1 14 30 41 41
1509_0034_0026_0033_0033.jpg 1 34 26 33 33
1510_0029_0026_0053_0053.jpg 1 29 26 53 53
1511_0055_0014_0036_0036.jpg 1 55 14 36 36
1512_0011_0016_0069_0069.jpg 1 11 16 69 69
1513_0024_0035_0056_0056.jpg 1 24 35 56 56
1514_0010_0008_0049_0049.jpg 1 10 8 49 49
1515_0057_0014_0027_0027.jpg 1 57 14 27 27
1516_0011_0013_0068_0068.jpg 1 11 13 68 68
1517_0005_0013_0059_0059.jpg 1 5 13 59 59
1518_0027_0027_0061_0061.jpg 1 27 27 61 61
1519_0042_0043_0042_0042.jpg 1 42 43 42 42
1520_0015_0016_0066_0066.jpg 1 15 16 66 66
1521_0046_0045_0036_0036.jpg 1 46 45 36 36
1522_0057_0065_0025_0025.jpg 1 57 65 25 25
1523_0026_0009_0069_0069.jpg 1 26 9 69 69
1524_0049_0047_0042_0042.jpg 1 49 47 42 42
1525_0055_0023_0037_0037.jpg 1 55 23 37 37
1526_0032_0019_0055_0055.jpg 1 32 19 55 55
1527_0005_0027_0059_0059.jpg 1 5 27 59 59
1528_0022_0023_0060_0060.jpg 1 22 23 60 60
1529_0041_0055_0024_0024.jpg 1 41 55 24 24
1530_0048_0066_0026_0026.jpg 1 48 66 26 26
1531_0038_0030_0052_0052.jpg 1 38 30 52 52
1532_0051_0014_0037_0037.jpg 1 51 14 37 37
1533_0030_0023_0049_0049.jpg 1 30 23 49 49
1534_0040_0041_0031_0031.jpg 1 40 41 31 31
1535_0027_0031_0041_0041.jpg 1 27 31 41 41
1536_0024_0028_0052_0052.jpg 1 24 28 52 52
1537_0024_0007_0064_0064.jpg 1 24 7 64 64
1538_0045_0014_0046_0046.jpg 1 45 14 46 46
1539_0024_0034_0051_0051.jpg 1 24 34 51 51
1540_0049_0031_0026_0026.jpg 1 49 31 26 26
1541_0018_0041_0054_0054.jpg 1 18 41 54 54
1542_0023_0014_0069_0069.jpg 1 23 14 69 69
1543_0040_0023_0048_0048.jpg 1 40 23 48 48
1544_0037_0017_0032_0032.jpg 1 37 17 32 32
1545_0025_0031_0030_0030.jpg 1 25 31 30 30
1546_0016_0023_0065_0065.jpg 1 16 23 65 65
1547_0024_0015_0065_0065.jpg 1 24 15 65 65
1548_0019_0027_0064_0064.jpg 1 19 27 64 64
1549_0063_0064_0024_0024.jpg 1 63 64 24 24
1550_0026_0039_0055_0055.jpg 1 26 39 55 55
1551_0012_0006_0061_0061.jpg 1 12 6 61 61
1552_0049_0012_0028_0028.jpg 1 49 12 28 28
1553_0032_0053_0038_0038.jpg 1 32 53 38 38
1554_0030_0024_0058_0058.jpg 1 30 24 58 58
1555_0029_0010_0056_0056.jpg 1 29 10 56 56
1556_0013_0027_0058_0058.jpg 1 13 27 58 58
1557_0055_0045_0035_0035.jpg 1 55 45 35 35
1558_0040_0019_0048_0048.jpg 1 40 19 48 48
1559_0058_0050_0028_0028.jpg 1 58 50 28 28
1560_0029_0006_0055_0055.jpg 1 29 6 55 55
1561_0043_0026_0032_0032.jpg 1 43 26 32 32
1562_0015_0010_0032_0032.jpg 1 15 10 32 32
1563_0030_0005_0048_0048.jpg 1 30 5 48 48
1564_0021_0017_0043_0043.jpg 1 21 17 43 43
1565_0025_0026_0040_0040.jpg 1 25 26 40 40
1566_0008_0034_0051_0051.jpg 1 8 34 51 51
1567_0005_0013_0046_0046.jpg 1 5 13 46 46
1568_0048_0057_0029_0029.jpg 1 48 57 29 29
1569_0011_0033_0063_0063.jpg 1 11 33 63 63
1570_0027_0021_0032_0032.jpg 1 27 21 32 32
1571_0056_0030_0031_0031.jpg 1 56 30 31 31
1572_0047_0045_0043_0043.jpg 1 47 45 43 43
1573_0019_0026_0047_0047.jpg 1 19 26 47 47
1574_0020_0015_0058_0058.jpg 1 20 15 58 58
1575_0012_0036_0043_0043.jpg 1 12 36 43 43
1576_0048_0026_0038_0038.jpg 1 48 26 38 38
1577_0037_0026_0056_0056.jpg 1 37 26 56 56
1578_0049_0022_0045_0045.jpg 1 49 22 45 45
1579_0008_0023_0053_0053.jpg 1 8 23 53 53
1580_0054_0058_0026_0026.jpg 1 54 58 26 26
1581_0006_0010_0035_0035.jpg 1 6 10 35 35
1582_0039_0019_0053_0053.jpg 1 39 19 53 53
1583_0040_0006_0052_0052.jpg 1 40 6 52 52
1584_0020_0016_0068_0068.jpg 1 20 16 68 68
1585_0030_0033_0040_0040.jpg 1 30 33 40 40
1586_0011_0033_0051_0051.jpg 1 11 33 51 51
1587_0052_0046_0039_0039.jpg 1 52 46 39 39
1588_0025_0033_0043_0043.jpg 1 25 33 43 43
1589_0043_0039_0040_0040.jpg 1 43 39 40 40
1590_0036_0009_0053_0053.jpg 1 36 9 53 53
1591_0015_0047_0025_0025.jpg 1 15 47 25 25
1592_0023_0007_0051_0051.jpg 1 23 7 51 51
1593_0035_0028_0058_0058.jpg 1 35 28 58 58
1594_0024_0018_0063_0063.jpg 1 24 18 63 63
1595_0013_0018_0064_0064.jpg 1 13 18 64 64
1596_0048_0028_0043_0043.jpg 1 48 28 43 43
1597_0008_0018_0066_0066.jpg 1 8 18 66 66
1598_0035_0059_0024_0024.jpg 1 35 59 24 24
1599_0023_0014_0067_0067.jpg 1 23 14 67 67
1600_0014_0005_0044_0044.jpg 1 14 5 44 44
1601_0025_0035_0028_0028.jpg 1 25 35 28 28
1602_0011_0009_0040_0040.jpg 1 11 9 40 40
1603_0022_0021_0030_0030.jpg 1 22 21 30 30
1604_0008_0005_0056_0056.jpg 1 8 5 56 56
1605_0055_0019_0035_0035.jpg 1 55 19 35 35
1606_0023_0037_0054_0054.jpg 1 23 37 54 54
1607_0027_0023_0066_0066.jpg 1 27 23 66 66
1608_0023_0015_0050_0050.jpg 1 23 15 50 50
1609_0030_0024_0065_0065.jpg 1 30 24 65 65
1610_0016_0022_0068_0068.jpg 1 16 22 68 68
1611_0053_0016_0038_0038.jpg 1 53 16 38 38
1612_0016_0025_0056_0056.jpg 1 16 25 56 56
1613_0061_0008_0024_0024.jpg 1 61 8 24 24
1614_0029_0033_0043_0043.jpg 1 29 33 43 43
1615_0030_0022_0058_0058.jpg 1 30 22 58 58
1616_0019_0030_0061_0061.jpg 1 19 30 61 61
1617_0010_0003_0065_0065.jpg 1 10 3 65 65
1618_0042_0050_0038_0038.jpg 1 42 50 38 38
1619_0024_0005_0065_0065.jpg 1 24 5 65 65
1620_0032_0033_0053_0053.jpg 1 32 33 53 53
1621_0008_0039_0028_0028.jpg 1 8 39 28 28
1622_0023_0015_0060_0060.jpg 1 23 15 60 60
1623_0039_0018_0050_0050.jpg 1 39 18 50 50
1624_0011_0029_0059_0059.jpg 1 11 29 59 59
1625_0052_0019_0032_0032.jpg 1 52 19 32 32
1626_0009_0031_0062_0062.jpg 1 9 31 62 62
1627_0008_0009_0052_0052.jpg 1 8 9 52 52
1628_0005_0006_0048_0048.jpg 1 5 6 48 48
1629_0022_0009_0057_0057.jpg 1 22 9 57 57
1630_0035_0040_0028_0028.jpg 1 35 40 28 28
1631_0027_0008_0059_0059.jpg 1 27 8 59 59
1632_0010_0006_0063_0063.jpg 1 10 6 63 63
1633_0031_0062_0027_0027.jpg 1 31 62 27 27
1634_0035_0012_0059_0059.jpg 1 35 12 59 59
1635_0034_0010_0048_0048.jpg 1 34 10 48 48
1636_0039_0060_0031_0031.jpg 1 39 60 31 31
1637_0040_0033_0040_0040.jpg 1 40 33 40 40
1638_0035_0036_0045_0045.jpg 1 35 36 45 45
1639_0013_0037_0024_0024.jpg 1 13 37 24 24
1640_0043_0052_0034_0034.jpg 1 43 52 34 34
1641_0055_0018_0033_0033.jpg 1 55 18 33 33
1642_0056_0028_0028_0028.jpg 1 56 28 28 28
1643_0014_0014_0065_0065.jpg 1 14 14 65 65
1644_0036_0017_0027_0027.jpg 1 36 17 27 27
1645_0006_0008_0058_0058.jpg 1 6 8 58 58
1646_0011_0011_0059_0059.jpg 1 11 11 59 59
1647_0051_0030_0035_0035.jpg 1 51 30 35 35
1648_0019_0010_0063_0063.jpg 1 19 10 63 63
1649_0021_0032_0044_0044.jpg 1 21 32 44 44
1650_0015_0033_0052_0052.jpg 1 15 33 52 52
1651_0009_0042_0040_0040.jpg 1 9 42 40 40
1652_0022_0015_0053_0053.jpg 1 22 15 53 53
1653_0009_0021_0067_0067.jpg 1 9 21 67 67
1654_0035_0027_0055_0055.jpg 1 35 27 55 55
1655_0007_0026_0057_0057.jpg 1 7 26 57 57
1656_0018_0019_0045_0045.jpg 1 18 19 45 45
1657_0027_0009_0069_0069.jpg 1 27 9 69 69
1658_0013_0031_0062_0062.jpg 1 13 31 62 62
1659_0033_0023_0060_0060.jpg 1 33 23 60 60
1660_0023_0026_0069_0069.jpg 1 23 26 69 69
1661_0057_0039_0035_0035.jpg 1 57 39 35 35
1662_0005_0024_0053_0053.jpg 1 5 24 53 53
1663_0028_0008_0067_0067.jpg 1 28 8 67 67
1664_0009_0016_0050_0050.jpg 1 9 16 50 50
1665_0013_0044_0037_0037.jpg 1 13 44 37 37
1666_0044_0030_0031_0031.jpg 1 44 30 31 31
1667_0017_0048_0038_0038.jpg 1 17 48 38 38
1668_0046_0058_0024_0024.jpg 1 46 58 24 24
1669_0018_0049_0037_0037.jpg 1 18 49 37 37
1670_0025_0014_0064_0064.jpg 1 25 14 64 64
1671_0035_0033_0055_0055.jpg 1 35 33 55 55
1672_0043_0020_0046_0046.jpg 1 43 20 46 46
1673_0027_0027_0028_0028.jpg 1 27 27 28 28
1674_0034_0037_0053_0053.jpg 1 34 37 53 53
1675_0024_0049_0041_0041.jpg 1 24 49 41 41
1676_0031_0037_0043_0043.jpg 1 31 37 43 43
1677_0007_0024_0067_0067.jpg 1 7 24 67 67
1678_0041_0045_0043_0043.jpg 1 41 45 43 43
1679_0022_0043_0027_0027.jpg 1 22 43 27 27
1680_0011_0043_0038_0038.jpg 1 11 43 38 38
1681_0020_0037_0044_0044.jpg 1 20 37 44 44
1682_0039_0051_0035_0035.jpg 1 39 51 35 35
1683_0005_0030_0057_0057.jpg 1 5 30 57 57
1684_0038_0014_0054_0054.jpg 1 38 14 54 54
1685_0051_0028_0040_0040.jpg 1 51 28 40 40
1686_0034_0044_0026_0026.jpg 1 34 44 26 26
1687_0045_0025_0043_0043.jpg 1 45 25 43 43
1688_0029_0025_0064_0064.jpg 1 29 25 64 64
1689_0038_0008_0052_0052.jpg 1 38 8 52 52
1690_0041_0007_0052_0052.jpg 1 41 7 52 52
1691_0049_0049_0039_0039.jpg 1 49 49 39 39
1692_0051_0027_0024_0024.jpg 1 51 27 24 24
1693_0011_0027_0024_0024.jpg 1 11 27 24 24
1694_0046_0019_0039_0039.jpg 1 46 19 39 39
1695_0029_0026_0043_0043.jpg 1 29 26 43 43
1696_0008_0023_0062_0062.jpg 1 8 23 62 62
1697_0060_0021_0033_0033.jpg 1 60 21 33 33
1698_0012_0015_0034_0034.jpg 1 12 15 34 34
1699_0044_0020_0045_0045.jpg 1 44 20 45 45
1700_0030_0035_0047_0047.jpg 1 30 35 47 47
1701_0007_0022_0050_0050.jpg 1 7 22 50 50
1702_0025_0024_0054_0054.jpg 1 25 24 54 54
1703_0008_0016_0067_0067.jpg 1 8 16 67 67
1704_0015_0034_0052_0052.jpg 1 15 34 52 52
1705_0056_0038_0027_0027.jpg 1 56 38 27 27
1706_0010_0048_0039_0039.jpg 1 10 48 39 39
1707_0006_0026_0057_0057.jpg 1 6 26 57 57
1708_0025_0009_0067_0067.jpg 1 25 9 67 67
1709_0044_0028_0028_0028.jpg 1 44 28 28 28
1710_0008_0016_0029_0029.jpg 1 8 16 29 29
1711_0006_0055_0033_0033.jpg 1 6 55 33 33
1712_0026_0028_0043_0043.jpg 1 26 28 43 43
1713_0039_0039_0041_0041.jpg 1 39 39 41 41
1714_0018_0027_0067_0067.jpg 1 18 27 67 67
1715_0020_0027_0067_0067.jpg 1 20 27 67 67
1716_0014_0024_0067_0067.jpg 1 14 24 67 67
1717_0024_0009_0064_0064.jpg 1 24 9 64 64
1718_0011_0037_0053_0053.jpg 1 11 37 53 53
1719_0014_0023_0056_0056.jpg 1 14 23 56 56
1720_0028_0017_0035_0035.jpg 1 28 17 35 35
1721_0008_0012_0049_0049.jpg 1 8 12 49 49
1722_0029_0005_0064_0064.jpg 1 29 5 64 64
1723_0008_0048_0034_0034.jpg 1 8 48 34 34
1724_0031_0013_0063_0063.jpg 1 31 13 63 63
1725_0021_0032_0044_0044.jpg 1 21 32 44 44
1726_0021_0015_0067_0067.jpg 1 21 15 67 67
1727_0031_0047_0033_0033.jpg 1 31 47 33 33
1728_0022_0013_0063_0063.jpg 1 22 13 63 63
1729_0034_0047_0038_0038.jpg 1 34 47 38 38
1730_0004_0008_0057_0057.jpg 1 4 8 57 57
1731_0052_0032_0024_0024.jpg 1 52 32 24 24
1732_0024_0025_0063_0063.jpg 1 24 25 63 63
1733_0029_0029_0055_0055.jpg 1 29 29 55 55
1734_0043_0039_0047_0047.jpg 1 43 39 47 47
1735_0009_0021_0057_0057.jpg 1 9 21 57 57
1736_0010_0013_0061_0061.jpg 1 10 13 61 61
1737_0040_0009_0052_0052.jpg 1 40 9 52 52
1738_0020_0031_0064_0064.jpg 1 20 31 64 64
1739_0014_0014_0067_0067.jpg 1 14 14 67 67
1740_0020_0030_0065_0065.jpg 1 20 30 65 65
1741_0008_0010_0056_0056.jpg 1 8 10 56 56
1742_0034_0032_0050_0050.jpg 1 34 32 50 50
1743_0009_0012_0053_0053.jpg 1 9 12 53 53
1744_0047_0034_0043_0043.jpg 1 47 34 43 43
1745_0007_0035_0059_0059.jpg 1 7 35 59 59
1746_0045_0025_0044_0044.jpg 1 45 25 44 44
1747_0067_0014_0025_0025.jpg 1 67 14 25 25
1748_0012_0006_0055_0055.jpg 1 12 6 55 55
1749_0006_0011_0066_0066.jpg 1 6 11 66 66
1750_0050_0007_0033_0033.jpg 1 50 7 33 33
1751_0019_0041_0047_0047.jpg 1 19 41 47 47
1752_0007_0028_0062_0062.jpg 1 7 28 62 62
1753_0014_0048_0038_0038.jpg 1 14 48 38 38
1754_0048_0026_0041_0041.jpg 1 48 26 41 41
1755_0022_0013_0047_0047.jpg 1 22 13 47 47
1756_0032_0005_0058_0058.jpg 1 32 5 58 58
1757_0028_0054_0027_0027.jpg 1 28 54 27 27
1758_0030_0045_0033_0033.jpg 1 30 45 33 33
1759_0047_0056_0036_0036.jpg 1 47 56 36 36
1760_0028_0015_0065_0065.jpg 1 28 15 65 65
1761_0028_0055_0028_0028.jpg 1 28 55 28 28
1762_0014_0047_0042_0042.jpg 1 14 47 42 42
1763_0027_0030_0064_0064.jpg 1 27 30 64 64
1764_0020_0053_0039_0039.jpg 1 20 53 39 39
1765_0047_0063_0027_0027.jpg 1 47 63 27 27
1766_0036_0047_0032_0032.jpg 1 36 47 32 32
1767_0054_0042_0026_0026.jpg 1 54 42 26 26
1768_0053_0006_0039_0039.jpg 1 53 6 39 39
1769_0013_0030_0034_0034.jpg 1 13 30 34 34
1770_0010_0054_0024_0024.jpg 1 10 54 24 24
1771_0041_0017_0024_0024.jpg 1 41 17 24 24
1772_0012_0045_0047_0047.jpg 1 12 45 47 47
1773_0010_0039_0034_0034.jpg 1 10 39 34 34
1774_0034_0007_0048_0048.jpg 1 34 7 48 48
1775_0040_0021_0039_0039.jpg 1 40 21 39 39
1776_0035_0013_0050_0050.jpg 1 35 13 50 50
1777_0063_0052_0028_0028.jpg 1 63 52 28 28
1778_0022_0009_0045_0045.jpg 1 22 9 45 45
1779_0005_0008_0067_0067.jpg 1 5 8 67 67
1780_0044_0012_0031_0031.jpg 1 44 12 31 31
1781_0045_0013_0025_0025.jpg 1 45 13 25 25
1782_0013_0035_0044_0044.jpg 1 13 35 44 44
1783_0005_0010_0063_0063.jpg 1 5 10 63 63
1784_0011_0023_0063_0063.jpg 1 11 23 63 63
1785_0035_0027_0041_0041.jpg 1 35 27 41 41
1786_0026_0028_0063_0063.jpg 1 26 28 63 63
1787_0008_0061_0028_0028.jpg 1 8 61 28 28
1788_0021_0019_0065_0065.jpg 1 21 19 65 65
1789_0038_0020_0040_0040.jpg 1 38 20 40 40
1790_0030_0023_0061_0061.jpg 1 30 23 61 61
1791_0028_0041_0052_0052.jpg 1 28 41 52 52
1792_0016_0007_0033_0033.jpg 1 16 7 33 33
1793_0064_0042_0026_0026.jpg 1 64 42 26 26
1794_0014_0004_0069_0069.jpg 1 14 4 69 69
1795_0017_0052_0028_0028.jpg 1 17 52 28 28
1796_0044_0039_0029_0029.jpg 1 44 39 29 29
1797_0039_0039_0035_0035.jpg 1 39 39 35 35
1798_0020_0051_0043_0043.jpg 1 20 51 43 43
1799_0008_0022_0065_0065.jpg 1 8 22 65 65
1800_0045_0006_0042_0042.jpg 1 45 6 42 42
1801_0006_0049_0040_0040.jpg 1 6 49 40 40
1802_0018_0044_0046_0046.jpg 1 18 44 46 46
1803_0016_0021_0065_0065.jpg 1 16 21 65 65
1804_0057_0025_0025_0025.jpg 1 57 25 25 25
1805_0013_0008_0030_0030.jpg 1 13 8 30 30
1806_0029_0034_0058_0058.jpg 1 29 34 58 58
1807_0043_0012_0038_0038.jpg 1 43 12 38 38
1808_0025_0028_0027_0027.jpg 1 25 28 27 27
1809_0033_0022_0060_0060.jpg 1 33 22 60 60
1810_0032_0018_0059_0059.jpg 1 32 18 59 59
1811_0038_0005_0056_0056.jpg 1 38 5 56 56
1812_0005_0005_0051_0051.jpg 1 5 5 51 51
1813_0035_0039_0055_0055.jpg 1 35 39 55 55
1814_0010_0032_0028_0028.jpg 1 10 32 28 28
1815_0024_0022_0056_0056.jpg 1 24 22 56 56
1816_0012_0039_0049_0049.jpg 1 12 39 49 49
1817_0010_0025_0033_0033.jpg 1 10 25 33 33
1818_0028_0059_0024_0024.jpg 1 28 59 24 24
1819_0065_0061_0025_0025.jpg 1 65 61 25 25
1820_0034_0006_0050_0050.jpg 1 34 6 50 50
1821_0030_0018_0060_0060.jpg 1 30 18 60 60
1822_0036_0038_0048_0048.jpg 1 36 38 48 48
1823_0055_0036_0034_0034.jpg 1 55 36 34 34
1824_0023_0009_0068_0068.jpg 1 23 9 68 68
1825_0039_0023_0053_0053.jpg 1 39 23 53 53
1826_0039_0022_0032_0032.jpg 1 39 22 32 32
1827_0037_0034_0053_0053.jpg 1 37 34 53 53
1828_0008_0032_0046_0046.jpg 1 8 32 46 46
1829_0005_0005_0056_0056.jpg 1 5 5 56 56
1830_0003_0007_0067_0067.jpg 1 3 7 67 67
1831_0021_0038_0036_0036.jpg 1 21 38 36 36
1832_0013_0028_0036_0036.jpg 1 13 28 36 36
1833_0010_0041_0046_0046.jpg 1 10 41 46 46
1834_0015_0065_0025_0025.jpg 1 15 65 25 25
1835_0012_0035_0051_0051.jpg 1 12 35 51 51
1836_0036_0009_0055_0055.jpg 1 36 9 55 55
1837_0022_0022_0068_0068.jpg 1 22 22 68 68
1838_0021_0024_0066_0066.jpg 1 21 24 66 66
1839_0019_0026_0049_0049.jpg 1 19 26 49 49
1840_0053_0018_0031_0031.jpg 1 53 18 31 31
1841_0028_0037_0042_0042.jpg 1 28 37 42 42
1842_0014_0016_0027_0027.jpg 1 14 16 27 27
1843_0043_0029_0036_0036.jpg 1 43 29 36 36
1844_0038_0057_0034_0034.jpg 1 38 57 34 34
1845_0022_0019_0038_0038.jpg 1 22 19 38 38
1846_0010_0029_0065_0065.jpg 1 10 29 65 65
1847_0058_0040_0026_0026.jpg 1 58 40 26 26
1848_0016_0035_0030_0030.jpg 1 16 35 30 30
1849_0056_0052_0037_0037.jpg 1 56 52 37 37
1850_0019_0008_0052_0052.jpg 1 19 8 52 52
1851_0021_0054_0035_0035.jpg 1 21 54 35 35
1852_0011_0016_0069_0069.jpg 1 11 16 69 69
1853_0013_0022_0063_0063.jpg 1 13 22 63 63
1854_0058_0055_0028_0028.jpg 1 58 55 28 28
1855_0054_0047_0026_0026.jpg 1 54 47 26 26
1856_0008_0016_0044_0044.jpg 1 8 16 44 44
1857_0040_0048_0041_0041.jpg 1 40 48 41 41
1858_0017_0008_0059_0059.jpg 1 17 8 59 59
1859_0046_0043_0045_0045.jpg 1 46 43 45 45
1860_0036_0013_0054_0054.jpg 1 36 13 54 54
1861_0015_0018_0066_0066.jpg 1 15 18 66 66
1862_0022_0042_0046_0046.jpg 1 22 42 46 46
1863_0021_0023_0028_0028.jpg 1 21 23 28 28
1864_0015_0026_0031_0031.jpg 1 15 26 31 31
1865_0007_0040_0030_0030.jpg 1 7 40 30 30
1866_0021_0032_0041_0041.jpg 1 21 32 41 41
1867_0055_0031_0028_0028.jpg 1 55 31 28 28
1868_0026_0025_0055_0055.jpg 1 26 25 55 55
1869_0036_0018_0031_0031.jpg 1 36 18 31 31
1870_0011_0015_0060_0060.jpg 1 11 15 60 60
1871_0038_0026_0024_0024.jpg 1 38 26 24 24
1872_0045_0056_0028_0028.jpg 1 45 56 28 28
1873_0016_0027_0041_0041.jpg 1 16 27 41 41
1874_0060_0052_0029_0029.jpg 1 60 52 29 29
1875_0018_0018_0052_0052.jpg 1 18 18 52 52
1876_0041_0008_0035_0035.jpg 1 41 8 35 35
1877_0031_0020_0045_0045.jpg 1 31 20 45 45
1878_0025_0032_0052_0052.jpg 1 25 32 52 52
1879_0032_0011_0064_0064.jpg 1 32 11 64 64
1880_0018_0024_0064_0064.jpg 1 18 24 64 64
1881_0062_0034_0029_0029.jpg 1 62 34 29 29
1882_0038_0015_0042_0042.jpg 1 38 15 42 42
1883_0036_0033_0059_0059.jpg 1 36 33 59 59
1884_0042_0013_0042_0042.jpg 1 42 13 42 42
1885_0054_0017_0026_0026.jpg 1 54 17 26 26
1886_0010_0024_0035_0035.jpg 1 10 24 35 35
1887_0021_0014_0030_0030.jpg 1 21 14 30 30
1888_0011_0005_0064_0064.jpg 1 11 5 64 64
1889_0004_0009_0057_0057.jpg 1 4 9 57 57
1890_0036_0015_0044_0044.jpg 1 36 15 44 44
1891_0020_0036_0051_0051.jpg 1 20 36 51 51
1892_0012_0018_0064_0064.jpg 1 12 18 64 64
1893_0026_0030_0041_0041.jpg 1 26 30 41 41
1894_0013_0026_0060_0060.jpg 1 13 26 60 60
1895_0009_0028_0043_0043.jpg 1 9 28 43 43
1896_0014_0051_0038_0038.jpg 1 14 51 38 38
1897_0010_0022_0060_0060.jpg 1 10 22 60 60
1898_0042_0023_0036_0036.jpg 1 42 23 36 36
1899_0024_0025_0041_0041.jpg 1 24 25 41 41
1900_0023_0041_0037_0037.jpg 1 23 41 37 37
1901_0008_0044_0033_0033.jpg 1 8 44 33 33
1902_0022_0020_0029_0029.jpg 1 22 20 29 29
1903_0015_0018_0055_0055.jpg 1 15 18 55 55
1904_0011_0029_0028_0028.jpg 1 11 29 28 28
1905_0041_0021_0034_0034.jpg 1 41 21 34 34
1906_0010_0042_0052_0052.jpg 1 10 42 52 52
1907_0035_0023_0058_0058.jpg 1 35 23 58 58
1908_0017_0011_0068_0068.jpg 1 17 11 68 68
1909_0012_0026_0051_0051.jpg 1 12 26 51 51
1910_0022_0015_0067_0067.jpg 1 22 15 67 67
1911_0007_0031_0032_0032.jpg 1 7 31 32 32
1912_0015_0019_0069_0069.jpg 1 15 19 69 69
1913_0036_0030_0032_0032.jpg 1 36 30 32 32
1914_0011_0051_0027_0027.jpg 1 11 51 27 27
1915_0011_0030_0050_0050.jpg 1 11 30 50 50
1916_0029_0011_0024_0024.jpg 1 29 11 24 24
1917_0025_0017_0062_0062.jpg 1 25 17 62 62
1918_0009_0039_0055_0055.jpg 1 9 39 55 55
1919_0023_0042_0043_0043.jpg 1 23 42 43 43
1920_0035_0041_0047_0047.jpg 1 35 41 47 47
1921_0020_0042_0031_0031.jpg 1 20 42 31 31
1922_0009_0007_0068_0068.jpg 1 9 7 68 68
1923_0011_0015_0069_0069.jpg 1 11 15 69 69
1924_0040_0034_0041_0041.jpg 1 40 34 41 41
1925_0027_0018_0049_0049.jpg 1 27 18 49 49
1926_0024_0015_0050_0050.jpg 1 24 15 50 50
1927_0050_0013_0032_0032.jpg 1 50 13 32 32
1928_0016_0008_0067_0067.jpg 1 16 8 67 67
1929_0011_0006_0065_0065.jpg 1 11 6 65 65
1930_0007_0043_0043_0043.jpg 1 7 43 43 43
1931_0047_0034_0044_0044.jpg 1 47 34 44 44
1932_0016_0026_0057_0057.jpg 1 16 26 57 57
1933_0035_0028_0051_0051.jpg 1 35 28 51 51
1934_0025_0043_0052_0052.jpg 1 25 43 52 52
1935_0035_0029_0050_0050.jpg 1 35 29 50 50
1936_0022_0050_0041_0041.jpg 1 22 50 41 41
1937_0021_0029_0042_0042.jpg 1 21 29 42 42
1938_0030_0023_0039_0039.jpg 1 30 23 39 39
1939_0023_0040_0054_0054.jpg 1 23 40 54 54
1940_0028_0044_0049_0049.jpg 1 28 44 49 49
1941_0043_0021_0032_0032.jpg 1 43 21 32 32
1942_0028_0034_0053_0053.jpg 1 28 34 53 53
1943_0029_0030_0066_0066.jpg 1 29 30 66 66
1944_0021_0016_0056_0056.jpg 1 21 16 56 56
1945_0009_0006_0068_0068.jpg 1 9 6 68 68
1946_0020_0023_0042_0042.jpg 1 20 23 42 42
1947_0036_0006_0052_0052.jpg 1 36 6 52 52
1948_0028_0026_0028_0028.jpg 1 28 26 28 28
1949_0027_0033_0056_0056.jpg 1 27 33 56 56
1950_0052_0022_0032_0032.jpg 1 52 22 32 32
